This is pdfTeX, Version 3.1415926-2.5-1.40.14 (TeX Live 2013) (format=pdflatex 2017.8.9)  2 MAR 2019 12:13
entering extended mode
 restricted \write18 enabled.
 %&-line parsing enabled.
**Presenting_Quantitative_Data.tex
(./Presenting_Quantitative_Data.tex
LaTeX2e <2011/06/27>
Babel <v3.8m> and hyphenation patterns for english, dumylang, nohyphenation, uk
rainian, russian, bulgarian, loaded.
(/usr/share/texlive/texmf-dist/tex/latex/base/article.cls
Document Class: article 2007/10/19 v1.4h Standard LaTeX document class
(/usr/share/texlive/texmf-dist/tex/latex/base/size10.clo
File: size10.clo 2007/10/19 v1.4h Standard LaTeX file (size option)
)
\c@part=\count79
\c@section=\count80
\c@subsection=\count81
\c@subsubsection=\count82
\c@paragraph=\count83
\c@subparagraph=\count84
\c@figure=\count85
\c@table=\count86
\abovecaptionskip=\skip41
\belowcaptionskip=\skip42
\bibindent=\dimen102
)
(/usr/share/texlive/texmf-dist/tex/latex/graphics/graphicx.sty
Package: graphicx 1999/02/16 v1.0f Enhanced LaTeX Graphics (DPC,SPQR)

(/usr/share/texlive/texmf-dist/tex/latex/graphics/keyval.sty
Package: keyval 1999/03/16 v1.13 key=value parser (DPC)
\KV@toks@=\toks14
)
(/usr/share/texlive/texmf-dist/tex/latex/graphics/graphics.sty
Package: graphics 2009/02/05 v1.0o Standard LaTeX Graphics (DPC,SPQR)

(/usr/share/texlive/texmf-dist/tex/latex/graphics/trig.sty
Package: trig 1999/03/16 v1.09 sin cos tan (DPC)
)
(/usr/share/texlive/texmf-dist/tex/latex/latexconfig/graphics.cfg
File: graphics.cfg 2010/04/23 v1.9 graphics configuration of TeX Live
)
Package graphics Info: Driver file: pdftex.def on input line 91.

(/usr/share/texlive/texmf-dist/tex/latex/pdftex-def/pdftex.def
File: pdftex.def 2011/05/27 v0.06d Graphics/color for pdfTeX

(/usr/share/texlive/texmf-dist/tex/generic/oberdiek/infwarerr.sty
Package: infwarerr 2010/04/08 v1.3 Providing info/warning/error messages (HO)
)
(/usr/share/texlive/texmf-dist/tex/generic/oberdiek/ltxcmds.sty
Package: ltxcmds 2011/11/09 v1.22 LaTeX kernel commands for general use (HO)
)
\Gread@gobject=\count87
))
\Gin@req@height=\dimen103
\Gin@req@width=\dimen104
)
(/usr/share/texlive/texmf-dist/tex/latex/graphics/color.sty
Package: color 2005/11/14 v1.0j Standard LaTeX Color (DPC)

(/usr/share/texlive/texmf-dist/tex/latex/latexconfig/color.cfg
File: color.cfg 2007/01/18 v1.5 color configuration of teTeX/TeXLive
)
Package color Info: Driver file: pdftex.def on input line 130.
)
(/usr/share/texlive/texmf-dist/tex/latex/framed/framed.sty
Package: framed 2011/10/22 v 0.96: framed or shaded text with page breaks
\OuterFrameSep=\skip43
\fb@frw=\dimen105
\fb@frh=\dimen106
\FrameRule=\dimen107
\FrameSep=\dimen108
)
(/usr/share/texlive/texmf-dist/tex/latex/base/alltt.sty
Package: alltt 1997/06/16 v2.0g defines alltt environment
)
(/usr/share/texlive/texmf-dist/tex/latex/was/gensymb.sty
Package: gensymb 2003/07/02 v1.0 (WaS)
)
(/usr/share/texlive/texmf-dist/tex/latex/upquote/upquote.sty
Package: upquote 2012/04/19 v1.3 upright-quote and grave-accent glyphs in verba
tim
)
(./Presenting_Quantitative_Data.aux

LaTeX Warning: Label `fig:maxtemp' multiply defined.

)
\openout1 = `Presenting_Quantitative_Data.aux'.

LaTeX Font Info:    Checking defaults for OML/cmm/m/it on input line 59.
LaTeX Font Info:    ... okay on input line 59.
LaTeX Font Info:    Checking defaults for T1/cmr/m/n on input line 59.
LaTeX Font Info:    ... okay on input line 59.
LaTeX Font Info:    Checking defaults for OT1/cmr/m/n on input line 59.
LaTeX Font Info:    ... okay on input line 59.
LaTeX Font Info:    Checking defaults for OMS/cmsy/m/n on input line 59.
LaTeX Font Info:    ... okay on input line 59.
LaTeX Font Info:    Checking defaults for OMX/cmex/m/n on input line 59.
LaTeX Font Info:    ... okay on input line 59.
LaTeX Font Info:    Checking defaults for U/cmr/m/n on input line 59.
LaTeX Font Info:    ... okay on input line 59.
 (/usr/share/texlive/texmf-dist/tex/context/base/supp-pdf.mkii
[Loading MPS to PDF converter (version 2006.09.02).]
\scratchcounter=\count88
\scratchdimen=\dimen109
\scratchbox=\box26
\nofMPsegments=\count89
\nofMParguments=\count90
\everyMPshowfont=\toks15
\MPscratchCnt=\count91
\MPscratchDim=\dimen110
\MPnumerator=\count92
\makeMPintoPDFobject=\count93
\everyMPtoPDFconversion=\toks16
) (/usr/share/texlive/texmf-dist/tex/generic/oberdiek/pdftexcmds.sty
Package: pdftexcmds 2011/11/29 v0.20 Utility functions of pdfTeX for LuaTeX (HO
)

(/usr/share/texlive/texmf-dist/tex/generic/oberdiek/ifluatex.sty
Package: ifluatex 2010/03/01 v1.3 Provides the ifluatex switch (HO)
Package ifluatex Info: LuaTeX not detected.
)
(/usr/share/texlive/texmf-dist/tex/generic/oberdiek/ifpdf.sty
Package: ifpdf 2011/01/30 v2.3 Provides the ifpdf switch (HO)
Package ifpdf Info: pdfTeX in PDF mode is detected.
)
Package pdftexcmds Info: LuaTeX not detected.
Package pdftexcmds Info: \pdf@primitive is available.
Package pdftexcmds Info: \pdf@ifprimitive is available.
Package pdftexcmds Info: \pdfdraftmode found.
)
(/usr/share/texlive/texmf-dist/tex/latex/oberdiek/epstopdf-base.sty
Package: epstopdf-base 2010/02/09 v2.5 Base part for package epstopdf

(/usr/share/texlive/texmf-dist/tex/latex/oberdiek/grfext.sty
Package: grfext 2010/08/19 v1.1 Manage graphics extensions (HO)

(/usr/share/texlive/texmf-dist/tex/generic/oberdiek/kvdefinekeys.sty
Package: kvdefinekeys 2011/04/07 v1.3 Define keys (HO)
))
(/usr/share/texlive/texmf-dist/tex/latex/oberdiek/kvoptions.sty
Package: kvoptions 2011/06/30 v3.11 Key value format for package options (HO)

(/usr/share/texlive/texmf-dist/tex/generic/oberdiek/kvsetkeys.sty
Package: kvsetkeys 2012/04/25 v1.16 Key value parser (HO)

(/usr/share/texlive/texmf-dist/tex/generic/oberdiek/etexcmds.sty
Package: etexcmds 2011/02/16 v1.5 Avoid name clashes with e-TeX commands (HO)
Package etexcmds Info: Could not find \expanded.
(etexcmds)             That can mean that you are not using pdfTeX 1.50 or
(etexcmds)             that some package has redefined \expanded.
(etexcmds)             In the latter case, load this package earlier.
)))
Package grfext Info: Graphics extension search list:
(grfext)             [.png,.pdf,.jpg,.mps,.jpeg,.jbig2,.jb2,.PNG,.PDF,.JPG,.JPE
G,.JBIG2,.JB2,.eps]
(grfext)             \AppendGraphicsExtensions on input line 452.

(/usr/share/texlive/texmf-dist/tex/latex/latexconfig/epstopdf-sys.cfg
File: epstopdf-sys.cfg 2010/07/13 v1.3 Configuration of (r)epstopdf for TeX Liv
e
))
LaTeX Info: Redefining \celsius on input line 59.
Package gensymb Info: Faking symbols for \degree and \celsius on input line 59.



Package gensymb Warning: Not defining \perthousand.

LaTeX Info: Redefining \ohm on input line 59.
Package gensymb Info: Using \Omega for \ohm on input line 59.

Package gensymb Warning: Not defining \micro.

LaTeX Font Info:    External font `cmex10' loaded for size
(Font)              <12> on input line 60.
LaTeX Font Info:    External font `cmex10' loaded for size
(Font)              <8> on input line 60.
LaTeX Font Info:    External font `cmex10' loaded for size
(Font)              <6> on input line 60.

LaTeX Warning: No \author given.

LaTeX Font Info:    Try loading font information for OMS+cmr on input line 71.
(/usr/share/texlive/texmf-dist/tex/latex/base/omscmr.fd
File: omscmr.fd 1999/05/25 v2.5h Standard LaTeX font definitions
)
LaTeX Font Info:    Font shape `OMS/cmr/m/n' in size <10> not available
(Font)              Font shape `OMS/cmsy/m/n' tried instead on input line 71.
 [1

{/usr/share/texlive/texmf/fonts/map/pdftex/updmap/pdftex.map}]
Package color Info: Redefining color shadecolor on input line 101.
LaTeX Font Info:    Font shape `OT1/cmtt/bx/n' in size <10> not available
(Font)              Font shape `OT1/cmtt/m/n' tried instead on input line 103.

<figure/unnamed-chunk-2-1.pdf, id=11, 505.89pt x 505.89pt>
File: figure/unnamed-chunk-2-1.pdf Graphic file (type pdf)

<use figure/unnamed-chunk-2-1.pdf>
Package pdftex.def Info: figure/unnamed-chunk-2-1.pdf used on input line 106.
(pdftex.def)             Requested size: 345.0pt x 345.00414pt.

Overfull \hbox (15.0pt too wide) in paragraph at lines 106--107
[][] 
 []

[2]
LaTeX Font Info:    External font `cmex10' loaded for size
(Font)              <7> on input line 116.
LaTeX Font Info:    External font `cmex10' loaded for size
(Font)              <5> on input line 116.
Package color Info: Redefining color shadecolor on input line 119.
Missing character: There is no Â in font cmtt10!
Missing character: There is no ° in font cmtt10!
 <figure/unnamed-chunk-3-1.pdf, id=16, 505.89pt x 505.89pt>
File: figure/unnamed-chunk-3-1.pdf Graphic file (type pdf)

<use figure/unnamed-chunk-3-1.pdf>
Package pdftex.def Info: figure/unnamed-chunk-3-1.pdf used on input line 125.
(pdftex.def)             Requested size: 345.0pt x 345.00414pt.
Missing character: There is no Â in font cmr10!
Missing character: There is no ° in font cmr10!
Missing character: There is no Â in font cmr10!
Missing character: There is no ° in font cmr10!
 [3 <./figure/unnamed-chunk-2-1.pdf>]
[4 <./figure/unnamed-chunk-3-1.pdf>]
Package color Info: Redefining color shadecolor on input line 136.

Overfull \hbox (22.4968pt too wide) in paragraph at lines 139--139
[][]\OT1/cmtt/m/n/10 hist[][](MonthlyTMAXMean[][]$[][]TMAX,[] []main[][]=[][]^^
MMaximum Temperature^^M[][],[] []xlab[][]=TMAXlabel)[][] 
 []

Missing character: There is no Â in font cmtt10!
Missing character: There is no ° in font cmtt10!

Overfull \hbox (22.4968pt too wide) in paragraph at lines 141--141
[][]\OT1/cmtt/m/n/10 hist[][](MonthlyTMINMean[][]$[][]TMIN,[] []main[][]=[][]^^
MMinimum Temperature^^M[][],[] []xlab[][]=TMINlabel)[][] 
 []

<figure/unnamed-chunk-4-1.pdf, id=35, 505.89pt x 505.89pt>
File: figure/unnamed-chunk-4-1.pdf Graphic file (type pdf)

<use figure/unnamed-chunk-4-1.pdf>
Package pdftex.def Info: figure/unnamed-chunk-4-1.pdf used on input line 144.
(pdftex.def)             Requested size: 345.0pt x 345.00414pt.
Package color Info: Redefining color shadecolor on input line 156.

Overfull \hbox (64.49643pt too wide) in paragraph at lines 159--159
[][]\OT1/cmtt/m/n/10 hist[][](MonthlyTMAXMean[][]$[][]TMAX,[] []main[][]=[][]^^
MMonthly Maximum Temperature^^M[][],[] []xlab[][]=TMAXlabel)[][] 
 []

Missing character: There is no Â in font cmtt10!
Missing character: There is no ° in font cmtt10!

Overfull \hbox (64.49643pt too wide) in paragraph at lines 161--161
[][]\OT1/cmtt/m/n/10 hist[][](MonthlyTMINMean[][]$[][]TMIN,[] []main[][]=[][]^^
MMonthly Minimum Temperature^^M[][],[] []xlab[][]=TMINlabel)[][] 
 []

<figure/unnamed-chunk-5-1.pdf, id=36, 433.62pt x 252.945pt>
File: figure/unnamed-chunk-5-1.pdf Graphic file (type pdf)

<use figure/unnamed-chunk-5-1.pdf>
Package pdftex.def Info: figure/unnamed-chunk-5-1.pdf used on input line 164.
(pdftex.def)             Requested size: 345.0pt x 201.26013pt.
Package color Info: Redefining color shadecolor on input line 185.

Overfull \hbox (1.49698pt too wide) in paragraph at lines 187--187
[][]\OT1/cmtt/m/n/10 plot[][](TMAX[] []~[] []YEAR,[] []data[][]=MonthlyTMAXMean
[MonthlyTMAXMean[][]$[][]MONTH[][]==[][]5[][],])[][] 
 []


Overfull \hbox (64.49643pt too wide) in paragraph at lines 188--188
[][]\OT1/cmtt/m/n/10 abline[][]([][]coef[][]([][]lm[][](TMAX[] []~[] []YEAR,[] 
[]data[][]=MonthlyTMAXMean[MonthlyTMAXMean[][]$[][]MONTH[][]==[][]5[][],])),[][
] 
 []

<figure/unnamed-chunk-6-1.pdf, id=37, 505.89pt x 505.89pt>
File: figure/unnamed-chunk-6-1.pdf Graphic file (type pdf)

<use figure/unnamed-chunk-6-1.pdf>
Package pdftex.def Info: figure/unnamed-chunk-6-1.pdf used on input line 192.
(pdftex.def)             Requested size: 345.0pt x 345.00414pt.

Overfull \hbox (15.0pt too wide) in paragraph at lines 192--193
[][] 
 []

[5] [6 <./figure/unnamed-chunk-4-1.pdf>]
Overfull \vbox (48.76427pt too high) has occurred while \output is active []


[7 <./figure/unnamed-chunk-5-1.pdf> <./figure/unnamed-chunk-6-1.pdf>]
Package color Info: Redefining color shadecolor on input line 204.
Missing character: There is no Â in font cmtt10!
Missing character: There is no ° in font cmtt10!

Overfull \hbox (1.49698pt too wide) in paragraph at lines 207--207
[][]\OT1/cmtt/m/n/10 plot[][](TMAX[] []~[] []YEAR,[] []data[][]=MonthlyTMAXMean
[MonthlyTMAXMean[][]$[][]MONTH[][]==[][]5[][],],[][] 
 []


Overfull \hbox (6.74693pt too wide) in paragraph at lines 211--211
[]    []\OT1/cmtt/m/n/10 data[][]=MonthlyTMAXMean[MonthlyTMAXMean[][]$[][]MONTH
[][]==[][]5[][],])),[] []col[][]=[][]^^Mblack^^M[][])[][] 
 []

<figure/unnamed-chunk-7-1.pdf, id=65, 505.89pt x 505.89pt>
File: figure/unnamed-chunk-7-1.pdf Graphic file (type pdf)

<use figure/unnamed-chunk-7-1.pdf>
Package pdftex.def Info: figure/unnamed-chunk-7-1.pdf used on input line 214.
(pdftex.def)             Requested size: 345.0pt x 345.00414pt.


LaTeX Warning: `h' float specifier changed to `ht'.

Package color Info: Redefining color shadecolor on input line 225.
Missing character: There is no Â in font cmtt10!
Missing character: There is no ° in font cmtt10!

Overfull \hbox (1.49698pt too wide) in paragraph at lines 228--228
[][]\OT1/cmtt/m/n/10 plot[][](TMAX[] []~[] []YEAR,[] []data[][]=MonthlyTMAXMean
[MonthlyTMAXMean[][]$[][]MONTH[][]==[][]5[][],],[][] 
 []


Overfull \hbox (6.74693pt too wide) in paragraph at lines 233--233
[]    []\OT1/cmtt/m/n/10 data[][]=MonthlyTMAXMean[MonthlyTMAXMean[][]$[][]MONTH
[][]==[][]5[][],])),[] []col[][]=[][]^^Mblack^^M[][])[][] 
 []

<figure/unnamed-chunk-8-1.pdf, id=66, 505.89pt x 505.89pt>
File: figure/unnamed-chunk-8-1.pdf Graphic file (type pdf)

<use figure/unnamed-chunk-8-1.pdf>
Package pdftex.def Info: figure/unnamed-chunk-8-1.pdf used on input line 236.
(pdftex.def)             Requested size: 345.0pt x 345.00414pt.


LaTeX Warning: `h' float specifier changed to `ht'.

[8] [9 <./figure/unnamed-chunk-7-1.pdf>] [10 <./figure/unnamed-chunk-8-1.pdf>]
(./Presenting_Quantitative_Data.aux)

LaTeX Warning: There were multiply-defined labels.

 ) 
Here is how much of TeX's memory you used:
 1736 strings out of 494820
 25529 string characters out of 3178050
 81971 words of memory out of 3000000
 4905 multiletter control sequences out of 15000+200000
 7755 words of font info for 28 fonts, out of 3000000 for 9000
 198 hyphenation exceptions out of 8191
 38i,6n,23p,662b,295s stack positions out of 5000i,500n,10000p,200000b,50000s
</usr/share/texlive/texmf-dist/fonts/type1/public/amsfonts/cm/cmbx12.pfb></us
r/share/texlive/texmf-dist/fonts/type1/public/amsfonts/cm/cmr10.pfb></usr/share
/texlive/texmf-dist/fonts/type1/public/amsfonts/cm/cmr12.pfb></usr/share/texliv
e/texmf-dist/fonts/type1/public/amsfonts/cm/cmr17.pfb></usr/share/texlive/texmf
-dist/fonts/type1/public/amsfonts/cm/cmsy10.pfb></usr/share/texlive/texmf-dist/
fonts/type1/public/amsfonts/cm/cmsy7.pfb></usr/share/texlive/texmf-dist/fonts/t
ype1/public/amsfonts/cm/cmtt10.pfb>
Output written on Presenting_Quantitative_Data.pdf (10 pages, 139121 bytes).
PDF statistics:
 110 PDF objects out of 1000 (max. 8388607)
 76 compressed objects within 1 object stream
 0 named destinations out of 1000 (max. 500000)
 36 words of extra memory for PDF output out of 10000 (max. 10000000)

