This is pdfTeXk, Version 3.141592-1.40.3 (Web2C 7.5.6) (format=pdflatex 2015.10.2)  30 JUN 2016 21:27
entering extended mode
 %&-line parsing enabled.
**Climate_Narratives_060630.tex
(./Climate_Narratives_060630.tex
LaTeX2e <2005/12/01>
Babel <v3.8h> and hyphenation patterns for english, usenglishmax, dumylang, noh
yphenation, arabic, basque, bulgarian, coptic, welsh, czech, slovak, german, ng
erman, danish, esperanto, spanish, catalan, galician, estonian, farsi, finnish,
 french, greek, monogreek, ancientgreek, croatian, hungarian, interlingua, ibyc
us, indonesian, icelandic, italian, latin, mongolian, dutch, norsk, polish, por
tuguese, pinyin, romanian, russian, slovenian, uppersorbian, serbian, swedish, 
turkish, ukenglish, ukrainian, loaded.
(/usr/share/texmf/tex/latex/base/article.cls
Document Class: article 2005/09/16 v1.4f Standard LaTeX document class
(/usr/share/texmf/tex/latex/base/size10.clo
File: size10.clo 2005/09/16 v1.4f Standard LaTeX file (size option)
)
\c@part=\count79
\c@section=\count80
\c@subsection=\count81
\c@subsubsection=\count82
\c@paragraph=\count83
\c@subparagraph=\count84
\c@figure=\count85
\c@table=\count86
\abovecaptionskip=\skip41
\belowcaptionskip=\skip42
\bibindent=\dimen102
)
(/usr/share/texmf/tex/latex/graphics/graphicx.sty
Package: graphicx 1999/02/16 v1.0f Enhanced LaTeX Graphics (DPC,SPQR)

(/usr/share/texmf/tex/latex/graphics/keyval.sty
Package: keyval 1999/03/16 v1.13 key=value parser (DPC)
\KV@toks@=\toks14
)
(/usr/share/texmf/tex/latex/graphics/graphics.sty
Package: graphics 2006/02/20 v1.0o Standard LaTeX Graphics (DPC,SPQR)

(/usr/share/texmf/tex/latex/graphics/trig.sty
Package: trig 1999/03/16 v1.09 sin cos tan (DPC)
)
(/usr/share/texmf/tex/latex/config/graphics.cfg
File: graphics.cfg 2007/01/18 v1.5 graphics configuration of teTeX/TeXLive
)
Package graphics Info: Driver file: pdftex.def on input line 90.

(/usr/share/texmf/tex/latex/pdftex-def/pdftex.def
File: pdftex.def 2007/01/08 v0.04d Graphics/color for pdfTeX
\Gread@gobject=\count87
))
\Gin@req@height=\dimen103
\Gin@req@width=\dimen104
)
(/usr/share/texmf/tex/latex/graphics/color.sty
Package: color 2005/11/14 v1.0j Standard LaTeX Color (DPC)

(/usr/share/texmf/tex/latex/config/color.cfg
File: color.cfg 2007/01/18 v1.5 color configuration of teTeX/TeXLive
)
Package color Info: Driver file: pdftex.def on input line 130.
) (./framed.sty
Package: framed 2011/10/22 v 0.96: framed or shaded text with page breaks
\OuterFrameSep=\skip43
\fb@frw=\dimen105
\fb@frh=\dimen106
\FrameRule=\dimen107
\FrameSep=\dimen108
)
(/usr/share/texmf/tex/latex/base/alltt.sty
Package: alltt 1997/06/16 v2.0g defines alltt environment
)
(/usr/share/texmf/tex/latex/upquote/upquote.sty
Package: upquote 2003/08/11 v1.1 Covington's upright-quote modification to verb
atim and verb

(/usr/share/texmf/tex/latex/base/textcomp.sty
Package: textcomp 2005/09/27 v1.99g Standard LaTeX package
Package textcomp Info: Sub-encoding information:
(textcomp)               5 = only ISO-Adobe without \textcurrency
(textcomp)               4 = 5 + \texteuro
(textcomp)               3 = 4 + \textohm
(textcomp)               2 = 3 + \textestimated + \textcurrency
(textcomp)               1 = TS1 - \textcircled - \t
(textcomp)               0 = TS1 (full)
(textcomp)             Font families with sub-encoding setting implement
(textcomp)             only a restricted character set as indicated.
(textcomp)             Family '?' is the default used for unknown fonts.
(textcomp)             See the documentation for details.
Package textcomp Info: Setting ? sub-encoding to TS1/1 on input line 71.

(/usr/share/texmf/tex/latex/base/ts1enc.def
File: ts1enc.def 2001/06/05 v3.0e (jk/car/fm) Standard LaTeX file
)
LaTeX Info: Redefining \oldstylenums on input line 266.
Package textcomp Info: Setting cmr sub-encoding to TS1/0 on input line 281.
Package textcomp Info: Setting cmss sub-encoding to TS1/0 on input line 282.
Package textcomp Info: Setting cmtt sub-encoding to TS1/0 on input line 283.
Package textcomp Info: Setting cmvtt sub-encoding to TS1/0 on input line 284.
Package textcomp Info: Setting cmbr sub-encoding to TS1/0 on input line 285.
Package textcomp Info: Setting cmtl sub-encoding to TS1/0 on input line 286.
Package textcomp Info: Setting ccr sub-encoding to TS1/0 on input line 287.
Package textcomp Info: Setting ptm sub-encoding to TS1/4 on input line 288.
Package textcomp Info: Setting pcr sub-encoding to TS1/4 on input line 289.
Package textcomp Info: Setting phv sub-encoding to TS1/4 on input line 290.
Package textcomp Info: Setting ppl sub-encoding to TS1/3 on input line 291.
Package textcomp Info: Setting pag sub-encoding to TS1/4 on input line 292.
Package textcomp Info: Setting pbk sub-encoding to TS1/4 on input line 293.
Package textcomp Info: Setting pnc sub-encoding to TS1/4 on input line 294.
Package textcomp Info: Setting pzc sub-encoding to TS1/4 on input line 295.
Package textcomp Info: Setting bch sub-encoding to TS1/4 on input line 296.
Package textcomp Info: Setting put sub-encoding to TS1/5 on input line 297.
Package textcomp Info: Setting uag sub-encoding to TS1/5 on input line 298.
Package textcomp Info: Setting ugq sub-encoding to TS1/5 on input line 299.
Package textcomp Info: Setting ul8 sub-encoding to TS1/4 on input line 300.
Package textcomp Info: Setting ul9 sub-encoding to TS1/4 on input line 301.
Package textcomp Info: Setting augie sub-encoding to TS1/5 on input line 302.
Package textcomp Info: Setting dayrom sub-encoding to TS1/3 on input line 303.
Package textcomp Info: Setting dayroms sub-encoding to TS1/3 on input line 304.

Package textcomp Info: Setting pxr sub-encoding to TS1/0 on input line 305.
Package textcomp Info: Setting pxss sub-encoding to TS1/0 on input line 306.
Package textcomp Info: Setting pxtt sub-encoding to TS1/0 on input line 307.
Package textcomp Info: Setting txr sub-encoding to TS1/0 on input line 308.
Package textcomp Info: Setting txss sub-encoding to TS1/0 on input line 309.
Package textcomp Info: Setting txtt sub-encoding to TS1/0 on input line 310.
Package textcomp Info: Setting futs sub-encoding to TS1/4 on input line 311.
Package textcomp Info: Setting futx sub-encoding to TS1/4 on input line 312.
Package textcomp Info: Setting futj sub-encoding to TS1/4 on input line 313.
Package textcomp Info: Setting hlh sub-encoding to TS1/3 on input line 314.
Package textcomp Info: Setting hls sub-encoding to TS1/3 on input line 315.
Package textcomp Info: Setting hlst sub-encoding to TS1/3 on input line 316.
Package textcomp Info: Setting hlct sub-encoding to TS1/5 on input line 317.
Package textcomp Info: Setting hlx sub-encoding to TS1/5 on input line 318.
Package textcomp Info: Setting hlce sub-encoding to TS1/5 on input line 319.
Package textcomp Info: Setting hlcn sub-encoding to TS1/5 on input line 320.
Package textcomp Info: Setting hlcw sub-encoding to TS1/5 on input line 321.
Package textcomp Info: Setting hlcf sub-encoding to TS1/5 on input line 322.
Package textcomp Info: Setting pplx sub-encoding to TS1/3 on input line 323.
Package textcomp Info: Setting pplj sub-encoding to TS1/3 on input line 324.
Package textcomp Info: Setting ptmx sub-encoding to TS1/4 on input line 325.
Package textcomp Info: Setting ptmj sub-encoding to TS1/4 on input line 326.
)) (./Climate_Narratives_060630.aux)
\openout1 = `Climate_Narratives_060630.aux'.

LaTeX Font Info:    Checking defaults for OML/cmm/m/it on input line 56.
LaTeX Font Info:    ... okay on input line 56.
LaTeX Font Info:    Checking defaults for T1/cmr/m/n on input line 56.
LaTeX Font Info:    ... okay on input line 56.
LaTeX Font Info:    Checking defaults for OT1/cmr/m/n on input line 56.
LaTeX Font Info:    ... okay on input line 56.
LaTeX Font Info:    Checking defaults for OMS/cmsy/m/n on input line 56.
LaTeX Font Info:    ... okay on input line 56.
LaTeX Font Info:    Checking defaults for OMX/cmex/m/n on input line 56.
LaTeX Font Info:    ... okay on input line 56.
LaTeX Font Info:    Checking defaults for U/cmr/m/n on input line 56.
LaTeX Font Info:    ... okay on input line 56.
LaTeX Font Info:    Checking defaults for TS1/cmr/m/n on input line 56.
LaTeX Font Info:    Try loading font information for TS1+cmr on input line 56.
 (/usr/share/texmf/tex/latex/base/ts1cmr.fd
File: ts1cmr.fd 1999/05/25 v2.5h Standard LaTeX font definitions
)
LaTeX Font Info:    ... okay on input line 56.
LaTeX Font Info:    External font `cmex10' loaded for size
(Font)              <12> on input line 58.
LaTeX Font Info:    External font `cmex10' loaded for size
(Font)              <8> on input line 58.
LaTeX Font Info:    External font `cmex10' loaded for size
(Font)              <6> on input line 58.
Package color Info: Redefining color shadecolor on input line 95.
 [1

{/usr/share/texmf/fonts/map/pdftex/updmap/pdftex.map}]
LaTeX Font Info:    Font shape `OT1/cmtt/bx/n' in size <10> not available
(Font)              Font shape `OT1/cmtt/m/n' tried instead on input line 99.
LaTeX Font Info:    Try loading font information for OMS+cmtt on input line 101
.
 (/usr/share/R/texmf/tex/latex/omscmtt.fd
File: omscmtt.fd 
)
LaTeX Font Info:    Font shape `OMS/cmtt/m/n' in size <10> not available
(Font)              Font shape `OMS/cmsy/m/n' tried instead on input line 101.

Overfull \hbox (124.49661pt too wide) in paragraph at lines 101--101
[][]\OT1/cmtt/m/n/10 tarfile[] []=[] []"C:\OMS/cmsy/m/n/10 nn\OT1/cmtt/m/n/10 w
orkspace\OMS/cmsy/m/n/10 nn\OT1/cmtt/m/n/10 GitHub\OMS/cmsy/m/n/10 nn\OT1/cmtt/
m/n/10 RTricks\OMS/cmsy/m/n/10 nn\OT1/cmtt/m/n/10 300_Global_Warming\OMS/cmsy/m
/n/10 nn\OT1/cmtt/m/n/10 Raw Data\OMS/cmsy/m/n/10 nn\OT1/cmtt/m/n/10 ghcnd_all.
tar.gz"[][] 
 []


Overfull \hbox (87.23236pt too wide) in paragraph at lines 103--103
[][]\OT1/cmtt/m/it/10 #ftpsource = ftp://ftp.ncdc.noaa.gov/pub/data/ghcn/v3/ghc
nm.tmax.latest.qca.tar.gz[][] 
 []


Overfull \hbox (187.49606pt too wide) in paragraph at lines 107--107
[][]\OT1/cmtt/m/n/10 tarfile[] []=[] []"C:\OMS/cmsy/m/n/10 nn\OT1/cmtt/m/n/10 w
orkspace\OMS/cmsy/m/n/10 nn\OT1/cmtt/m/n/10 GitHub\OMS/cmsy/m/n/10 nn\OT1/cmtt/
m/n/10 RTricks\OMS/cmsy/m/n/10 nn\OT1/cmtt/m/n/10 300_Global_Warming\OMS/cmsy/m
/n/10 nn\OT1/cmtt/m/n/10 Raw Data\OMS/cmsy/m/n/10 nn\OT1/cmtt/m/n/10 ghcnm.tmax
.latest.qca.tar.gz"[][] 
 []

Package color Info: Redefining color shadecolor on input line 115.

Overfull \hbox (148.4957pt too wide) in paragraph at lines 117--117
[][]\OT1/cmtt/m/n/10 stationfile[] []=[] []"/home/CAMPUS/mwl04747/github/Climat
e_Change_Narratives/Data/ghcnd-stations.txt"[][] 
 []

Package color Info: Redefining color shadecolor on input line 125.

Overfull \hbox (50.48268pt too wide) in paragraph at lines 127--127
[][]\OT1/cmtt/m/it/10 # read.table(stationfile, header=F, fill=T, row.names=NUL
L); head(stations)[][] 
 []


Overfull \hbox (101.24611pt too wide) in paragraph at lines 128--128
[][]\OT1/cmtt/m/n/10 stations[] []=[] []([][]read.fwf[][](stationfile,[] []fill
[][]=T,[] []widths[][]=[] []c[][]([][]11[][],[] []9[][],[] []10[][],[] []7[][],
[] []3[][],[] []32[][],[] []3[][],[] []4[][],[] []9[][]), ))[][] 
 []


Overfull \hbox (132.74583pt too wide) in paragraph at lines 129--129
[][]\OT1/cmtt/m/n/10 names[][](stations)[][]=[] []c[][]([][]"ID"[][],[] []"LAT"
[][],[] []"LONG"[][],[] []"ELEV"[][],[] []"STATE"[][],[] []"NAME"[][],[] []"GSN
"[][],[] []"HCN_CRN"[][],[] []"WHOID"[][])[][] 
 []

LaTeX Font Info:    Try loading font information for TS1+cmtt on input line 163
.
(/usr/share/texmf/tex/latex/base/ts1cmtt.fd
File: ts1cmtt.fd 1999/05/25 v2.5h Standard LaTeX font definitions
)
Overfull \hbox (80.24629pt too wide) in paragraph at lines 163--163
[]\OT1/cmtt/m/n/10 ##  $ ID     : Factor w/ 100747 levels "ACW00011604",..: 1 2
 3 4 5 6 7 8 9 10 ...[] 
 []


Overfull \hbox (74.99634pt too wide) in paragraph at lines 163--163
[]\OT1/cmtt/m/n/10 ##  $ STATE  : Factor w/ 76 levels "   "," AB"," AK",..: 1 1
 1 1 1 1 1 1 1 1 ...[] 
 []


Overfull \hbox (368.99254pt too wide) in paragraph at lines 163--163
[]\OT1/cmtt/m/n/10 ##  $ NAME   : Factor w/ 93968 levels " \TS1/cmtt/m/n/10 '\O
T1/cmtt/m/n/10 S HEERENHOEK                  ",..: 79235 79234 76245 23599 287 
949 61012 36770 41695 42069 ...[] 
 []


Overfull \hbox (38.24666pt too wide) in paragraph at lines 163--163
[]\OT1/cmtt/m/n/10 ##  $ GSN    : Factor w/ 3 levels "","   ","GSN": 2 2 3 2 2 
2 3 2 2 2 ...[] 
 []


Overfull \hbox (64.49643pt too wide) in paragraph at lines 163--163
[]\OT1/cmtt/m/n/10 ##  $ HCN_CRN: Factor w/ 4 levels "","    "," CRN",..: 2 2 2
 2 2 2 2 2 2 2 ...[] 
 []

[2]
Package color Info: Redefining color shadecolor on input line 198.
Package color Info: Redefining color shadecolor on input line 217.

Overfull \hbox (64.49643pt too wide) in paragraph at lines 220--220
[][]\OT1/cmtt/m/n/10 dlyfile[] []=[] []"/home/CAMPUS/mwl04747/github/Climate_Ch
ange_Narratives/AGM00060515"[][] 
 []


Overfull \hbox (27.74675pt too wide) in paragraph at lines 221--221
[][]\OT1/cmtt/m/n/10 test[] []=[] []read.fwf[][](dlyfile,[][]widths[] []=[] []c
[][]([][]11[][],[] []4[][],[] []2[][],[] []4[][],[] []rep[][]([][]c[][]([][]5[]
[],[] []1[][],[] []1[][],[] []1[][]),[][]31[][])))[][] 
 []


Overfull \hbox (276.80455pt too wide) in paragraph at lines 225--226
[]\OT1/cmtt/m/n/10 ## Warning in file(file, "rt"): cannot open file '/home/CAMP
US/mwl04747/github/Climate[]Change[]Narratives/AGM00060515':
 []

Package color Info: Redefining color shadecolor on input line 236.

Overfull \hbox (22.4968pt too wide) in paragraph at lines 266--266
[][]\OT1/cmtt/m/n/10 tmp[] []=[] []as.vector[][]([][]t[][]([][]matrix[][]([][]d
ata[][]=[][]c[][](VALUE, MFLAG, QFLAG, SFLAG),[] []ncol[][]=[][]4[][])))[][] 
 []

[3]
Package color Info: Redefining color shadecolor on input line 288.

Overfull \hbox (11.99689pt too wide) in paragraph at lines 290--290
[][]\OT1/cmtt/m/n/10 setwd[][]([][]"/home/CAMPUS/mwl04747/github/Climate_Change
_Narratives/Data"[][])[][] 
 []


Overfull \hbox (53.99652pt too wide) in paragraph at lines 300--300
[][]\OT1/cmtt/m/n/10 tmp[] []<-[] []read.fwf[][](dly_list[i],[] []widths[] []=[
] []c[][]([][]11[][],[] []4[][],[] []2[][],[] []4[][],[] []rep[][]([][]c[][]([]
[]5[][],[] []1[][],[] []1[][],[] []1[][]),[][]31[][])))[][] 
 []


Overfull \hbox (153.74565pt too wide) in paragraph at lines 302--302
[][]\OT1/cmtt/m/n/10 assign[][](dly_list[i],[] []subset[][](tmp, ELEMENT[][]==[
][]"TMAX"[][],[] []select[][]=[][]c[][]([][]1[][]:[][]4[][],[] []seq[][]([][]5[
][],[] []by[] []=[] []4[][],[] []length.out[][]=[][]31[][]))))[][] 
 []


Overfull \hbox (11.99689pt too wide) in paragraph at lines 316--316
[][]\OT1/cmtt/m/n/10 tmp1[] []=[] []melt[][](AGM00060515.dly,[] []id[][]=[][]c[
][]([][]"ID"[][],[] []"YEAR"[][],[] []"MONTH"[][],[] []"ELEMENT"[][]))[][] 
 []

[4] [5]
Package color Info: Redefining color shadecolor on input line 367.

Overfull \hbox (53.99652pt too wide) in paragraph at lines 378--378
[]\OT1/cmtt/m/it/10 ## --------------------------------------------------------
----------------- 
 []


Overfull \hbox (27.74675pt too wide) in paragraph at lines 378--378
\OT1/cmtt/m/it/10 ## You have loaded plyr after dplyr - this is likely to cause
 problems. 
 []


Overfull \hbox (6.74693pt too wide) in paragraph at lines 378--378
\OT1/cmtt/m/it/10 ## If you need functions from both plyr and dplyr, please loa
d plyr
 []


Overfull \hbox (53.99652pt too wide) in paragraph at lines 378--378
\OT1/cmtt/m/it/10 ## ----------------------------------------------------------
--------------- 
 []


Overfull \hbox (11.99689pt too wide) in paragraph at lines 378--378
\OT1/cmtt/m/it/10 ##    arrange, count, desc, failwith, id, mutate, rename, sum
marise, 
 []

<figure/unnamed-chunk-6-1.pdf, id=25, 505.89pt x 505.89pt>
File: figure/unnamed-chunk-6-1.pdf Graphic file (type pdf)

<use figure/unnamed-chunk-6-1.pdf>
Overfull \hbox (15.0pt too wide) in paragraph at lines 382--383
[][] 
 []

[6]
Overfull \hbox (515.9925pt too wide) in paragraph at lines 389--389
[][]\OT1/cmtt/m/n/10 ggplot[][](summarydf,[] []aes[][]([][]y[][]=Temperature,[]
 []x[][]=DECADE,[] []color[][]= DECADE))[] []+[] []geom_errorbar[][]([][]aes[][
]([][]ymin[][]=Temperature[][]-[][]se,[] []ymax[][]=Temperature[][]+[][]se),[] 
[]width[][]=[][].2[][])[] []+[] []geom_line[][]()[] []+[] []geom_point[][]()[][
] 
 []

<figure/unnamed-chunk-6-2.pdf, id=29, 505.89pt x 505.89pt>
File: figure/unnamed-chunk-6-2.pdf Graphic file (type pdf)

<use figure/unnamed-chunk-6-2.pdf>
Overfull \hbox (15.0pt too wide) in paragraph at lines 392--393
[][] 
 []

[7 <./figure/unnamed-chunk-6-1.pdf>]
Package color Info: Redefining color shadecolor on input line 405.

Overfull \hbox (374.24373pt too wide) in paragraph at lines 414--414
[][]\OT1/cmtt/m/n/10 coords.fwt[] []<-[] []read.fwf[][]([][]"ftp://ftp.ncdc.noa
a.gov/pub/data/noaa/isd-history.txt"[][],[][]widths[][]=[][]c[][]([][]6[][],[][
]1[][],[][]5[][],[][]1[][],[][]38[][],[][]7[][],[][]1[][],[][]8[][],[][]9[][],[
][]8[][],[][]1[][],[][]8[][]),[][]sep[][]=[][]";"[][],[][]skip[][]=[][]22[][],[
][]fill[][]=T)[][] 
 []


Overfull \hbox (505.49258pt too wide) in paragraph at lines 415--415
[][]\OT1/cmtt/m/n/10 Names[] []=[] []c[][]([][]"USAF"[][],[] []"X1"[][],[] []"W
BAN"[][],[] []"X2"[][],[] []"STATION_NAME"[][],[] []"X3"[][],[] []"CTRY"[][],[]
 []"X4"[][],[] []"ST"[][],[] []"X5"[][],[] []"CALL"[][],[] []"X6"[][],[] []"LAT
"[][],[] []"X7"[][],[] []"LON"[][],[] []"X8"[][],[] []"ELEV"[][],[] []"X9"[][],
[] []"BEGIN"[][],[] []"X10"[][],[] []"END"[][])[][] 
 []


Overfull \hbox (484.49277pt too wide) in paragraph at lines 416--416
[][]\OT1/cmtt/m/n/10 Widths[] []=[] []c[][]([][]6[][],[]       []1[][],[]    []
5[][],[]      []1[][],[]        []29[][],[]         []1[][],[]    []2[][],[]   
   []3[][],[]    []2[][],[]    []1[][],[]    []4[][],[]      []1[][],[]    []8[
][],[]     []1[][],[]     []8[][],[]    []1[][],[]    []7[][],[]     []1[][],[]
     []8[][],[]      []1[][],[]    []8[][])[][] 
 []


Overfull \hbox (557.99213pt too wide) in paragraph at lines 418--418
[][]\OT1/cmtt/m/n/10 coords.fwt[] []<-[] []read.fwf[][]([][]"ftp://ftp.ncdc.noa
a.gov/pub/data/noaa/isd-history.txt"[][],[][]widths[][]=Widths,[][]sep[][]=[][]
";"[][],[][]skip[][]=[][]22[][],[][]fill[][]=T);[] []names[][](coords.fwt)[][]=
[][]Names; coords.fwt[[][]c[][]([][]30[][],[][]4000[][],[][]20000[][]),][][] 
 []


Overfull \hbox (48.74657pt too wide) in paragraph at lines 429--429
[]\OT1/cmtt/m/n/10 ##         USAF X1  WBAN X2                  STATION_NAME X3
 CTRY  X4 ST X5[] 
 []


Overfull \hbox (32.9967pt too wide) in paragraph at lines 429--429
[]\OT1/cmtt/m/n/10 ## 20000 725292 NA 14976 NA GRINNELL REGIONAL AIRPORT       
   US     IA[] 
 []


Overfull \hbox (11.99689pt too wide) in paragraph at lines 429--429
[]\OT1/cmtt/m/n/10 ##       CALL X6    LAT X7     LON X8  ELEV X9    BEGIN X10 
     END[] 
 []


Overfull \hbox (11.99689pt too wide) in paragraph at lines 429--429
[]\OT1/cmtt/m/n/10 ## 30         NA     NA NA      NA NA    NA NA 20091027  NA 
20100104[] 
 []


Overfull \hbox (11.99689pt too wide) in paragraph at lines 429--429
[]\OT1/cmtt/m/n/10 ## 4000       NA 55.467 NA  18.167 NA  46.0 NA 20141127  NA 
20141127[] 
 []


Overfull \hbox (11.99689pt too wide) in paragraph at lines 429--429
[]\OT1/cmtt/m/n/10 ## 20000 KGGI NA 41.717 NA -92.700 NA 307.2 NA 20060831  NA 
20160629[] 
 []


Overfull \hbox (699.74089pt too wide) in paragraph at lines 431--431
[][]\OT1/cmtt/m/n/10 coords[] []<-[] []data.frame[][]([][]ID[][]=[][]paste[][](
[][]as.factor[][](coords.fwt[,[][]1[][]])),[][]WBAN[][]=[][]paste[][]([][]as.fa
ctor[][](coords.fwt[,[][]3[][]])),[][]Lat[][]=[][]as.numeric[][]([][]paste[][](
coords.fwt[][]$[][]LAT)),[][]Lon[][]=[][]as.numeric[][]([][]paste[][](coords.fw
t[][]$[][]LON)));  coords[[][]c[][]([][]30[][],[][]4000[][],[][]20000[][]),][][
] 
 []


Overfull \hbox (17.24684pt too wide) in paragraph at lines 435--436
[]\OT1/cmtt/m/n/10 ## Warning in data.frame(ID = paste(as.factor(coords.fwt[, 1
])), WBAN
 []


Overfull \hbox (17.24684pt too wide) in paragraph at lines 437--437
[]\OT1/cmtt/m/n/10 ## Warning in data.frame(ID = paste(as.factor(coords.fwt[, 1
])), WBAN
 []

[8 <./figure/unnamed-chunk-6-2.pdf>]
Package color Info: Redefining color shadecolor on input line 448.

<figure/NOAApoints-1.pdf, id=49, 505.89pt x 505.89pt>
File: figure/NOAApoints-1.pdf Graphic file (type pdf)

<use figure/NOAApoints-1.pdf>
Overfull \hbox (15.0pt too wide) in paragraph at lines 453--454
[][] 
 []

[9] [10 <./figure/NOAApoints-1.pdf>] (./Climate_Narratives_060630.aux) ) 
Here is how much of TeX's memory you used:
 1219 strings out of 256214
 16890 string characters out of 1917000
 70644 words of memory out of 1500000
 4519 multiletter control sequences out of 10000+200000
 8220 words of font info for 30 fonts, out of 1200000 for 2000
 645 hyphenation exceptions out of 8191
 25i,6n,19p,689b,280s stack positions out of 5000i,500n,6000p,200000b,15000s
 </home
/CAMPUS/mwl04747/.texlive2007/texmf-var/fonts/pk/ljfour/jknappen/ec/tctt1000.60
0pk></usr/share/texmf/fonts/type1/bluesky/cm/cmbx12.pfb></usr/share/texmf/fonts
/type1/bluesky/cm/cmitt10.pfb></usr/share/texmf/fonts/type1/bluesky/cm/cmr10.pf
b></usr/share/texmf/fonts/type1/bluesky/cm/cmr12.pfb></usr/share/texmf/fonts/ty
pe1/bluesky/cm/cmr17.pfb></usr/share/texmf/fonts/type1/bluesky/cm/cmsy10.pfb></
usr/share/texmf/fonts/type1/bluesky/cm/cmtt10.pfb>
Output written on Climate_Narratives_060630.pdf (10 pages, 1534906 bytes).
PDF statistics:
 88 PDF objects out of 1000 (max. 8388607)
 0 named destinations out of 1000 (max. 131072)
 16 words of extra memory for PDF output out of 10000 (max. 10000000)

