This is pdfTeXk, Version 3.141592-1.40.3 (Web2C 7.5.6) (format=pdflatex 2015.10.2)  29 JUN 2016 22:02
entering extended mode
 %&-line parsing enabled.
**Climate_Narratives.tex
(./Climate_Narratives.tex
LaTeX2e <2005/12/01>
Babel <v3.8h> and hyphenation patterns for english, usenglishmax, dumylang, noh
yphenation, arabic, basque, bulgarian, coptic, welsh, czech, slovak, german, ng
erman, danish, esperanto, spanish, catalan, galician, estonian, farsi, finnish,
 french, greek, monogreek, ancientgreek, croatian, hungarian, interlingua, ibyc
us, indonesian, icelandic, italian, latin, mongolian, dutch, norsk, polish, por
tuguese, pinyin, romanian, russian, slovenian, uppersorbian, serbian, swedish, 
turkish, ukenglish, ukrainian, loaded.
(/usr/share/texmf/tex/latex/base/article.cls
Document Class: article 2005/09/16 v1.4f Standard LaTeX document class
(/usr/share/texmf/tex/latex/base/size10.clo
File: size10.clo 2005/09/16 v1.4f Standard LaTeX file (size option)
)
\c@part=\count79
\c@section=\count80
\c@subsection=\count81
\c@subsubsection=\count82
\c@paragraph=\count83
\c@subparagraph=\count84
\c@figure=\count85
\c@table=\count86
\abovecaptionskip=\skip41
\belowcaptionskip=\skip42
\bibindent=\dimen102
)
(/usr/share/texmf/tex/latex/graphics/graphicx.sty
Package: graphicx 1999/02/16 v1.0f Enhanced LaTeX Graphics (DPC,SPQR)

(/usr/share/texmf/tex/latex/graphics/keyval.sty
Package: keyval 1999/03/16 v1.13 key=value parser (DPC)
\KV@toks@=\toks14
)
(/usr/share/texmf/tex/latex/graphics/graphics.sty
Package: graphics 2006/02/20 v1.0o Standard LaTeX Graphics (DPC,SPQR)

(/usr/share/texmf/tex/latex/graphics/trig.sty
Package: trig 1999/03/16 v1.09 sin cos tan (DPC)
)
(/usr/share/texmf/tex/latex/config/graphics.cfg
File: graphics.cfg 2007/01/18 v1.5 graphics configuration of teTeX/TeXLive
)
Package graphics Info: Driver file: pdftex.def on input line 90.

(/usr/share/texmf/tex/latex/pdftex-def/pdftex.def
File: pdftex.def 2007/01/08 v0.04d Graphics/color for pdfTeX
\Gread@gobject=\count87
))
\Gin@req@height=\dimen103
\Gin@req@width=\dimen104
)
(/usr/share/texmf/tex/latex/graphics/color.sty
Package: color 2005/11/14 v1.0j Standard LaTeX Color (DPC)

(/usr/share/texmf/tex/latex/config/color.cfg
File: color.cfg 2007/01/18 v1.5 color configuration of teTeX/TeXLive
)
Package color Info: Driver file: pdftex.def on input line 130.
) (./framed.sty
Package: framed 2011/10/22 v 0.96: framed or shaded text with page breaks
\OuterFrameSep=\skip43
\fb@frw=\dimen105
\fb@frh=\dimen106
\FrameRule=\dimen107
\FrameSep=\dimen108
)
(/usr/share/texmf/tex/latex/base/alltt.sty
Package: alltt 1997/06/16 v2.0g defines alltt environment
)
(/usr/share/texmf/tex/latex/upquote/upquote.sty
Package: upquote 2003/08/11 v1.1 Covington's upright-quote modification to verb
atim and verb

(/usr/share/texmf/tex/latex/base/textcomp.sty
Package: textcomp 2005/09/27 v1.99g Standard LaTeX package
Package textcomp Info: Sub-encoding information:
(textcomp)               5 = only ISO-Adobe without \textcurrency
(textcomp)               4 = 5 + \texteuro
(textcomp)               3 = 4 + \textohm
(textcomp)               2 = 3 + \textestimated + \textcurrency
(textcomp)               1 = TS1 - \textcircled - \t
(textcomp)               0 = TS1 (full)
(textcomp)             Font families with sub-encoding setting implement
(textcomp)             only a restricted character set as indicated.
(textcomp)             Family '?' is the default used for unknown fonts.
(textcomp)             See the documentation for details.
Package textcomp Info: Setting ? sub-encoding to TS1/1 on input line 71.

(/usr/share/texmf/tex/latex/base/ts1enc.def
File: ts1enc.def 2001/06/05 v3.0e (jk/car/fm) Standard LaTeX file
)
LaTeX Info: Redefining \oldstylenums on input line 266.
Package textcomp Info: Setting cmr sub-encoding to TS1/0 on input line 281.
Package textcomp Info: Setting cmss sub-encoding to TS1/0 on input line 282.
Package textcomp Info: Setting cmtt sub-encoding to TS1/0 on input line 283.
Package textcomp Info: Setting cmvtt sub-encoding to TS1/0 on input line 284.
Package textcomp Info: Setting cmbr sub-encoding to TS1/0 on input line 285.
Package textcomp Info: Setting cmtl sub-encoding to TS1/0 on input line 286.
Package textcomp Info: Setting ccr sub-encoding to TS1/0 on input line 287.
Package textcomp Info: Setting ptm sub-encoding to TS1/4 on input line 288.
Package textcomp Info: Setting pcr sub-encoding to TS1/4 on input line 289.
Package textcomp Info: Setting phv sub-encoding to TS1/4 on input line 290.
Package textcomp Info: Setting ppl sub-encoding to TS1/3 on input line 291.
Package textcomp Info: Setting pag sub-encoding to TS1/4 on input line 292.
Package textcomp Info: Setting pbk sub-encoding to TS1/4 on input line 293.
Package textcomp Info: Setting pnc sub-encoding to TS1/4 on input line 294.
Package textcomp Info: Setting pzc sub-encoding to TS1/4 on input line 295.
Package textcomp Info: Setting bch sub-encoding to TS1/4 on input line 296.
Package textcomp Info: Setting put sub-encoding to TS1/5 on input line 297.
Package textcomp Info: Setting uag sub-encoding to TS1/5 on input line 298.
Package textcomp Info: Setting ugq sub-encoding to TS1/5 on input line 299.
Package textcomp Info: Setting ul8 sub-encoding to TS1/4 on input line 300.
Package textcomp Info: Setting ul9 sub-encoding to TS1/4 on input line 301.
Package textcomp Info: Setting augie sub-encoding to TS1/5 on input line 302.
Package textcomp Info: Setting dayrom sub-encoding to TS1/3 on input line 303.
Package textcomp Info: Setting dayroms sub-encoding to TS1/3 on input line 304.

Package textcomp Info: Setting pxr sub-encoding to TS1/0 on input line 305.
Package textcomp Info: Setting pxss sub-encoding to TS1/0 on input line 306.
Package textcomp Info: Setting pxtt sub-encoding to TS1/0 on input line 307.
Package textcomp Info: Setting txr sub-encoding to TS1/0 on input line 308.
Package textcomp Info: Setting txss sub-encoding to TS1/0 on input line 309.
Package textcomp Info: Setting txtt sub-encoding to TS1/0 on input line 310.
Package textcomp Info: Setting futs sub-encoding to TS1/4 on input line 311.
Package textcomp Info: Setting futx sub-encoding to TS1/4 on input line 312.
Package textcomp Info: Setting futj sub-encoding to TS1/4 on input line 313.
Package textcomp Info: Setting hlh sub-encoding to TS1/3 on input line 314.
Package textcomp Info: Setting hls sub-encoding to TS1/3 on input line 315.
Package textcomp Info: Setting hlst sub-encoding to TS1/3 on input line 316.
Package textcomp Info: Setting hlct sub-encoding to TS1/5 on input line 317.
Package textcomp Info: Setting hlx sub-encoding to TS1/5 on input line 318.
Package textcomp Info: Setting hlce sub-encoding to TS1/5 on input line 319.
Package textcomp Info: Setting hlcn sub-encoding to TS1/5 on input line 320.
Package textcomp Info: Setting hlcw sub-encoding to TS1/5 on input line 321.
Package textcomp Info: Setting hlcf sub-encoding to TS1/5 on input line 322.
Package textcomp Info: Setting pplx sub-encoding to TS1/3 on input line 323.
Package textcomp Info: Setting pplj sub-encoding to TS1/3 on input line 324.
Package textcomp Info: Setting ptmx sub-encoding to TS1/4 on input line 325.
Package textcomp Info: Setting ptmj sub-encoding to TS1/4 on input line 326.
)) (./Climate_Narratives.aux)
\openout1 = `Climate_Narratives.aux'.

LaTeX Font Info:    Checking defaults for OML/cmm/m/it on input line 56.
LaTeX Font Info:    ... okay on input line 56.
LaTeX Font Info:    Checking defaults for T1/cmr/m/n on input line 56.
LaTeX Font Info:    ... okay on input line 56.
LaTeX Font Info:    Checking defaults for OT1/cmr/m/n on input line 56.
LaTeX Font Info:    ... okay on input line 56.
LaTeX Font Info:    Checking defaults for OMS/cmsy/m/n on input line 56.
LaTeX Font Info:    ... okay on input line 56.
LaTeX Font Info:    Checking defaults for OMX/cmex/m/n on input line 56.
LaTeX Font Info:    ... okay on input line 56.
LaTeX Font Info:    Checking defaults for U/cmr/m/n on input line 56.
LaTeX Font Info:    ... okay on input line 56.
LaTeX Font Info:    Checking defaults for TS1/cmr/m/n on input line 56.
LaTeX Font Info:    Try loading font information for TS1+cmr on input line 56.

(/usr/share/texmf/tex/latex/base/ts1cmr.fd
File: ts1cmr.fd 1999/05/25 v2.5h Standard LaTeX font definitions
)
LaTeX Font Info:    ... okay on input line 56.
LaTeX Font Info:    External font `cmex10' loaded for size
(Font)              <12> on input line 58.
LaTeX Font Info:    External font `cmex10' loaded for size
(Font)              <8> on input line 58.
LaTeX Font Info:    External font `cmex10' loaded for size
(Font)              <6> on input line 58.
Package color Info: Redefining color shadecolor on input line 96.
LaTeX Font Info:    Try loading font information for OMS+cmtt on input line 101
.

(/usr/share/R/texmf/tex/latex/omscmtt.fd
File: omscmtt.fd 
)
LaTeX Font Info:    Font shape `OMS/cmtt/m/n' in size <10> not available
(Font)              Font shape `OMS/cmsy/m/n' tried instead on input line 101.

Overfull \hbox (124.49661pt too wide) in paragraph at lines 101--101
[][]\OT1/cmtt/m/n/10 tarfile[] []=[] []"C:\OMS/cmsy/m/n/10 nn\OT1/cmtt/m/n/10 w
orkspace\OMS/cmsy/m/n/10 nn\OT1/cmtt/m/n/10 GitHub\OMS/cmsy/m/n/10 nn\OT1/cmtt/
m/n/10 RTricks\OMS/cmsy/m/n/10 nn\OT1/cmtt/m/n/10 300_Global_Warming\OMS/cmsy/m
/n/10 nn\OT1/cmtt/m/n/10 Raw Data\OMS/cmsy/m/n/10 nn\OT1/cmtt/m/n/10 ghcnd_all.
tar.gz"[][] 
 []


Overfull \hbox (87.23236pt too wide) in paragraph at lines 103--103
[][]\OT1/cmtt/m/it/10 #ftpsource = ftp://ftp.ncdc.noaa.gov/pub/data/ghcn/v3/ghc
nm.tmax.latest.qca.tar.gz[][] 
 []


Overfull \hbox (187.49606pt too wide) in paragraph at lines 107--107
[][]\OT1/cmtt/m/n/10 tarfile[] []=[] []"C:\OMS/cmsy/m/n/10 nn\OT1/cmtt/m/n/10 w
orkspace\OMS/cmsy/m/n/10 nn\OT1/cmtt/m/n/10 GitHub\OMS/cmsy/m/n/10 nn\OT1/cmtt/
m/n/10 RTricks\OMS/cmsy/m/n/10 nn\OT1/cmtt/m/n/10 300_Global_Warming\OMS/cmsy/m
/n/10 nn\OT1/cmtt/m/n/10 Raw Data\OMS/cmsy/m/n/10 nn\OT1/cmtt/m/n/10 ghcnm.tmax
.latest.qca.tar.gz"[][] 
 []

[1

{/usr/share/texmf/fonts/map/pdftex/updmap/pdftex.map}]
Package color Info: Redefining color shadecolor on input line 115.

Overfull \hbox (148.4957pt too wide) in paragraph at lines 117--117
[][]\OT1/cmtt/m/n/10 stationfile[] []=[] []"/home/CAMPUS/mwl04747/github/Climat
e_Change_Narratives/Data/ghcnd-stations.txt"[][] 
 []

Package color Info: Redefining color shadecolor on input line 125.

Overfull \hbox (50.48268pt too wide) in paragraph at lines 127--127
[][]\OT1/cmtt/m/it/10 # read.table(stationfile, header=F, fill=T, row.names=NUL
L); head(stations)[][] 
 []

LaTeX Font Info:    Font shape `OT1/cmtt/bx/n' in size <10> not available
(Font)              Font shape `OT1/cmtt/m/n' tried instead on input line 128.

Overfull \hbox (101.24611pt too wide) in paragraph at lines 128--128
[][]\OT1/cmtt/m/n/10 stations[] []=[] []([][]read.fwf[][](stationfile,[] []fill
[][]=T,[] []widths[][]=[] []c[][]([][]11[][],[] []9[][],[] []10[][],[] []7[][],
[] []3[][],[] []32[][],[] []3[][],[] []4[][],[] []9[][]), ))[][] 
 []


Overfull \hbox (132.74583pt too wide) in paragraph at lines 129--129
[][]\OT1/cmtt/m/n/10 names[][](stations)[][]=[] []c[][]([][]"ID"[][],[] []"LAT"
[][],[] []"LONG"[][],[] []"ELEV"[][],[] []"STATE"[][],[] []"NAME"[][],[] []"GSN
"[][],[] []"HCN_CRN"[][],[] []"WHOID"[][])[][] 
 []

LaTeX Font Info:    Try loading font information for TS1+cmtt on input line 163
.
(/usr/share/texmf/tex/latex/base/ts1cmtt.fd
File: ts1cmtt.fd 1999/05/25 v2.5h Standard LaTeX font definitions
)
Overfull \hbox (80.24629pt too wide) in paragraph at lines 163--163
[]\OT1/cmtt/m/n/10 ##  $ ID     : Factor w/ 100747 levels "ACW00011604",..: 1 2
 3 4 5 6 7 8 9 10 ...[] 
 []


Overfull \hbox (74.99634pt too wide) in paragraph at lines 163--163
[]\OT1/cmtt/m/n/10 ##  $ STATE  : Factor w/ 76 levels "   "," AB"," AK",..: 1 1
 1 1 1 1 1 1 1 1 ...[] 
 []


Overfull \hbox (368.99254pt too wide) in paragraph at lines 163--163
[]\OT1/cmtt/m/n/10 ##  $ NAME   : Factor w/ 93968 levels " \TS1/cmtt/m/n/10 '\O
T1/cmtt/m/n/10 S HEERENHOEK                  ",..: 79235 79234 76245 23599 287 
949 61012 36770 41695 42069 ...[] 
 []


Overfull \hbox (38.24666pt too wide) in paragraph at lines 163--163
[]\OT1/cmtt/m/n/10 ##  $ GSN    : Factor w/ 3 levels "","   ","GSN": 2 2 3 2 2 
2 3 2 2 2 ...[] 
 []


Overfull \hbox (64.49643pt too wide) in paragraph at lines 163--163
[]\OT1/cmtt/m/n/10 ##  $ HCN_CRN: Factor w/ 4 levels "","    "," CRN",..: 2 2 2
 2 2 2 2 2 2 2 ...[] 
 []

[2]
Package color Info: Redefining color shadecolor on input line 198.
Package color Info: Redefining color shadecolor on input line 217.

Overfull \hbox (64.49643pt too wide) in paragraph at lines 220--220
[][]\OT1/cmtt/m/n/10 dlyfile[] []=[] []"/home/CAMPUS/mwl04747/github/Climate_Ch
ange_Narratives/AGM00060515"[][] 
 []


Overfull \hbox (27.74675pt too wide) in paragraph at lines 221--221
[][]\OT1/cmtt/m/n/10 test[] []=[] []read.fwf[][](dlyfile,[][]widths[] []=[] []c
[][]([][]11[][],[] []4[][],[] []2[][],[] []4[][],[] []rep[][]([][]c[][]([][]5[]
[],[] []1[][],[] []1[][],[] []1[][]),[][]31[][])))[][] 
 []


Overfull \hbox (276.80455pt too wide) in paragraph at lines 225--226
[]\OT1/cmtt/m/n/10 ## Warning in file(file, "rt"): cannot open file '/home/CAMP
US/mwl04747/github/Climate[]Change[]Narratives/AGM00060515':
 []

Package color Info: Redefining color shadecolor on input line 236.

Overfull \hbox (53.99652pt too wide) in paragraph at lines 269--269
[]\OT1/cmtt/m/n/10 ##  [1] "QFLAG1"  "QFLAG2"  "QFLAG3"  "QFLAG4"  "QFLAG5"  "Q
FLAG6"  "QFLAG7"[] 
 []


Overfull \hbox (59.24648pt too wide) in paragraph at lines 269--269
[]\OT1/cmtt/m/n/10 ##  [8] "QFLAG8"  "QFLAG9"  "QFLAG10" "QFLAG11" "QFLAG12" "Q
FLAG13" "QFLAG14"[] 
 []


Overfull \hbox (59.24648pt too wide) in paragraph at lines 269--269
[]\OT1/cmtt/m/n/10 ## [15] "QFLAG15" "QFLAG16" "QFLAG17" "QFLAG18" "QFLAG19" "Q
FLAG20" "QFLAG21"[] 
 []


Overfull \hbox (59.24648pt too wide) in paragraph at lines 269--269
[]\OT1/cmtt/m/n/10 ## [22] "QFLAG22" "QFLAG23" "QFLAG24" "QFLAG25" "QFLAG26" "Q
FLAG27" "QFLAG28"[] 
 []


Overfull \hbox (22.4968pt too wide) in paragraph at lines 272--272
[][]\OT1/cmtt/m/n/10 tmp[] []=[] []as.vector[][]([][]t[][]([][]matrix[][]([][]d
ata[][]=[][]c[][](VALUE, MFLAG, QFLAG, SFLAG),[] []ncol[][]=[][]4[][])))[][] 
 []

[3]
Package color Info: Redefining color shadecolor on input line 296.

Overfull \hbox (11.99689pt too wide) in paragraph at lines 298--298
[][]\OT1/cmtt/m/n/10 setwd[][]([][]"/home/CAMPUS/mwl04747/github/Climate_Change
_Narratives/Data"[][])[][] 
 []


Overfull \hbox (53.99652pt too wide) in paragraph at lines 308--308
[][]\OT1/cmtt/m/n/10 tmp[] []<-[] []read.fwf[][](dly_list[i],[] []widths[] []=[
] []c[][]([][]11[][],[] []4[][],[] []2[][],[] []4[][],[] []rep[][]([][]c[][]([]
[]5[][],[] []1[][],[] []1[][],[] []1[][]),[][]31[][])))[][] 
 []


Overfull \hbox (153.74565pt too wide) in paragraph at lines 310--310
[][]\OT1/cmtt/m/n/10 assign[][](dly_list[i],[] []subset[][](tmp, ELEMENT[][]==[
][]"TMAX"[][],[] []select[][]=[][]c[][]([][]1[][]:[][]4[][],[] []seq[][]([][]5[
][],[] []by[] []=[] []4[][],[] []length.out[][]=[][]31[][]))))[][] 
 []


Overfull \hbox (27.74675pt too wide) in paragraph at lines 359--359
[]\OT1/cmtt/m/n/10 ##  $ ID     : Factor w/ 1 level "AGM00060515": 1 1 1 1 1 1 
1 1 1 1 ...[] 
 []


Overfull \hbox (38.24666pt too wide) in paragraph at lines 359--359
[]\OT1/cmtt/m/n/10 ##  $ YEAR   : int  1984 1984 1984 1984 1984 1984 1984 1984 
1984 1985 ...[] 
 []


Overfull \hbox (48.74657pt too wide) in paragraph at lines 359--359
[]\OT1/cmtt/m/n/10 ##  $ ELEMENT: Factor w/ 4 levels "PRCP","TAVG",..: 3 3 3 3 
3 3 3 3 3 3 ...[] 
 []


Overfull \hbox (59.24648pt too wide) in paragraph at lines 359--359
[]\OT1/cmtt/m/n/10 ##  $ DATE1  : int  -9999 190 -9999 -9999 430 -9999 -9999 27
4 -9999 -9999 ...[] 
 []


Overfull \hbox (38.24666pt too wide) in paragraph at lines 359--359
[]\OT1/cmtt/m/n/10 ##  $ DATE2  : int  152 200 -9999 -9999 427 370 341 -9999 -9
999 -9999 ...[] 
 []


Overfull \hbox (38.24666pt too wide) in paragraph at lines 359--359
[]\OT1/cmtt/m/n/10 ##  $ DATE3  : int  -9999 -9999 274 -9999 421 378 340 -9999 
-9999 221 ...[] 
 []


Overfull \hbox (38.24666pt too wide) in paragraph at lines 359--359
[]\OT1/cmtt/m/n/10 ##  $ DATE4  : int  195 224 205 -9999 -9999 405 341 -9999 -9
999 -9999 ...[] 
 []


Overfull \hbox (59.24648pt too wide) in paragraph at lines 359--359
[]\OT1/cmtt/m/n/10 ##  $ DATE5  : int  -9999 -9999 250 -9999 360 401 -9999 -999
9 -9999 -9999 ...[] 
 []


Overfull \hbox (38.24666pt too wide) in paragraph at lines 359--359
[]\OT1/cmtt/m/n/10 ##  $ DATE6  : int  -9999 207 320 -9999 -9999 399 350 -9999 
-9999 184 ...[] 
 []


Overfull \hbox (48.74657pt too wide) in paragraph at lines 359--359
[]\OT1/cmtt/m/n/10 ##  $ DATE7  : int  -9999 220 320 261 -9999 -9999 360 -9999 
-9999 -9999 ...[] 
 []


Overfull \hbox (69.74638pt too wide) in paragraph at lines 359--359
[]\OT1/cmtt/m/n/10 ##  $ DATE8  : int  -9999 240 -9999 -9999 -9999 -9999 -9999 
-9999 278 -9999 ...[] 
 []


Overfull \hbox (48.74657pt too wide) in paragraph at lines 359--359
[]\OT1/cmtt/m/n/10 ##  $ DATE9  : int  -9999 263 -9999 292 -9999 351 -9999 -999
9 234 -9999 ...[] 
 []


Overfull \hbox (48.74657pt too wide) in paragraph at lines 359--359
[]\OT1/cmtt/m/n/10 ##  $ DATE10 : int  112 251 180 316 -9999 -9999 -9999 -9999 
-9999 -9999 ...[] 
 []


Overfull \hbox (69.74638pt too wide) in paragraph at lines 359--359
[]\OT1/cmtt/m/n/10 ##  $ DATE11 : int  -9999 262 -9999 329 -9999 -9999 -9999 -9
999 -9999 -9999 ...[] 
 []


Overfull \hbox (59.24648pt too wide) in paragraph at lines 359--359
[]\OT1/cmtt/m/n/10 ##  $ DATE12 : int  -9999 248 -9999 383 -9999 400 -9999 -999
9 -9999 -9999 ...[] 
 []


Overfull \hbox (59.24648pt too wide) in paragraph at lines 359--359
[]\OT1/cmtt/m/n/10 ##  $ DATE13 : int  166 265 -9999 318 -9999 -9999 -9999 -999
9 -9999 -9999 ...[] 
 []


Overfull \hbox (59.24648pt too wide) in paragraph at lines 359--359
[]\OT1/cmtt/m/n/10 ##  $ DATE14 : int  -9999 239 259 -9999 -9999 368 -9999 -999
9 -9999 -9999 ...[] 
 []


Overfull \hbox (38.24666pt too wide) in paragraph at lines 359--359
[]\OT1/cmtt/m/n/10 ##  $ DATE15 : int  146 215 207 337 -9999 360 -9999 -9999 -9
999 -9999 ...[] 
 []


Overfull \hbox (80.24629pt too wide) in paragraph at lines 359--359
[]\OT1/cmtt/m/n/10 ##  $ DATE16 : int  -9999 -9999 207 -9999 -9999 -9999 -9999 
-9999 -9999 -9999 ...[] 
 []


Overfull \hbox (27.74675pt too wide) in paragraph at lines 359--359
[]\OT1/cmtt/m/n/10 ##  $ DATE17 : int  170 205 270 310 377 335 -9999 -9999 -999
9 -9999 ...[] 
 []


Overfull \hbox (27.74675pt too wide) in paragraph at lines 359--359
[]\OT1/cmtt/m/n/10 ##  $ DATE18 : int  226 198 256 -9999 364 371 -9999 -9999 -9
999 200 ...[] 
 []


Overfull \hbox (48.74657pt too wide) in paragraph at lines 359--359
[]\OT1/cmtt/m/n/10 ##  $ DATE19 : int  245 -9999 318 398 370 -9999 -9999 -9999 
-9999 -9999 ...[] 
 []


Overfull \hbox (27.74675pt too wide) in paragraph at lines 359--359
[]\OT1/cmtt/m/n/10 ##  $ DATE20 : int  210 254 190 405 -9999 360 280 -9999 -999
9 -9999 ...[] 
 []


Overfull \hbox (48.74657pt too wide) in paragraph at lines 359--359
[]\OT1/cmtt/m/n/10 ##  $ DATE21 : int  185 -9999 265 -9999 -9999 373 -9999 -999
9 185 -9999 ...[] 
 []


Overfull \hbox (80.24629pt too wide) in paragraph at lines 359--359
[]\OT1/cmtt/m/n/10 ##  $ DATE22 : int  -9999 -9999 253 -9999 -9999 -9999 -9999 
-9999 -9999 -9999 ...[] 
 []


Overfull \hbox (48.74657pt too wide) in paragraph at lines 359--359
[]\OT1/cmtt/m/n/10 ##  $ DATE23 : int  -9999 -9999 252 376 410 -9999 -9999 -999
9 195 -9999 ...[] 
 []


Overfull \hbox (80.24629pt too wide) in paragraph at lines 359--359
[]\OT1/cmtt/m/n/10 ##  $ DATE24 : int  -9999 294 -9999 -9999 -9999 -9999 -9999 
-9999 -9999 -9999 ...[] 
 []


Overfull \hbox (38.24666pt too wide) in paragraph at lines 359--359
[]\OT1/cmtt/m/n/10 ##  $ DATE25 : int  240 -9999 240 394 -9999 382 -9999 -9999 
-9999 149 ...[] 
 []


Overfull \hbox (48.74657pt too wide) in paragraph at lines 359--359
[]\OT1/cmtt/m/n/10 ##  $ DATE26 : int  222 -9999 -9999 389 410 -9999 -9999 -999
9 -9999 160 ...[] 
 []


Overfull \hbox (38.24666pt too wide) in paragraph at lines 359--359
[]\OT1/cmtt/m/n/10 ##  $ DATE27 : int  224 275 -9999 384 -9999 390 -9999 -9999 
-9999 183 ...[] 
 []


Overfull \hbox (38.24666pt too wide) in paragraph at lines 359--359
[]\OT1/cmtt/m/n/10 ##  $ DATE28 : int  250 302 -9999 375 -9999 312 -9999 -9999 
-9999 199 ...[] 
 []


Overfull \hbox (38.24666pt too wide) in paragraph at lines 359--359
[]\OT1/cmtt/m/n/10 ##  $ DATE29 : int  190 325 273 405 335 -9999 -9999 -9999 -9
999 -9999 ...[] 
 []


Overfull \hbox (27.74675pt too wide) in paragraph at lines 359--359
[]\OT1/cmtt/m/n/10 ##  $ DATE30 : int  245 265 297 408 360 335 -9999 -9999 -999
9 -9999 ...[] 
 []


Overfull \hbox (80.24629pt too wide) in paragraph at lines 359--359
[]\OT1/cmtt/m/n/10 ##  $ DATE31 : int  256 -9999 -9999 -9999 -9999 -9999 -9999 
-9999 -9999 -9999 ...[] 
 []


Overfull \hbox (11.99689pt too wide) in paragraph at lines 364--364
[][]\OT1/cmtt/m/n/10 tmp1[] []=[] []melt[][](AGM00060515.dly,[] []id[][]=[][]c[
][]([][]"ID"[][],[] []"YEAR"[][],[] []"MONTH"[][],[] []"ELEMENT"[][]))[][] 
 []

! TeX capacity exceeded, sorry [main memory size=1500000].
<argument> ...   TMAX  NA          NA^^M## 17\ETC.
                                                  
l.12157 \end{verbatim}
                      
If you really absolutely need more capacity,
you can ask a wizard to enlarge me.

 
Here is how much of TeX's memory you used:
 1199 strings out of 256214
 16333 string characters out of 1917000
 1500001 words of memory out of 1500000
 4506 multiletter control sequences out of 10000+200000
 8220 words of font info for 30 fonts, out of 1200000 for 2000
 645 hyphenation exceptions out of 8191
 25i,6n,19p,383b,280s stack positions out of 5000i,500n,6000p,200000b,15000s
!  ==> Fatal error occurred, no output PDF file produced!
