This is pdfTeX, Version 3.1415926-2.5-1.40.14 (TeX Live 2013) (format=pdflatex 2020.5.9)  3 DEC 2020 22:39
entering extended mode
 restricted \write18 enabled.
 %&-line parsing enabled.
**morefloats.sty
(./morefloats.sty
LaTeX2e <2011/06/27>
Babel <v3.8m> and hyphenation patterns for english, dumylang, nohyphenation, uk
rainian, russian, bulgarian, loaded.

LaTeX Warning: You have requested package `',
               but the package provides `morefloats'.

Package: morefloats 2012/01/28 v1.0f Raise limit of unprocessed floats (HMM; DH
)
(/usr/share/texlive/texmf-dist/tex/latex/oberdiek/kvoptions.sty
Package: kvoptions 2011/06/30 v3.11 Key value format for package options (HO)

(/usr/share/texlive/texmf-dist/tex/latex/graphics/keyval.sty
Package: keyval 1999/03/16 v1.13 key=value parser (DPC)
\KV@toks@=\toks14
)
(/usr/share/texlive/texmf-dist/tex/generic/oberdiek/ltxcmds.sty
Package: ltxcmds 2011/11/09 v1.22 LaTeX kernel commands for general use (HO)
)
(/usr/share/texlive/texmf-dist/tex/generic/oberdiek/kvsetkeys.sty
Package: kvsetkeys 2012/04/25 v1.16 Key value parser (HO)

(/usr/share/texlive/texmf-dist/tex/generic/oberdiek/infwarerr.sty
Package: infwarerr 2010/04/08 v1.3 Providing info/warning/error messages (HO)
)
(/usr/share/texlive/texmf-dist/tex/generic/oberdiek/etexcmds.sty
Package: etexcmds 2011/02/16 v1.5 Avoid name clashes with e-TeX commands (HO)

(/usr/share/texlive/texmf-dist/tex/generic/oberdiek/ifluatex.sty
Package: ifluatex 2010/03/01 v1.3 Provides the ifluatex switch (HO)
Package ifluatex Info: LuaTeX not detected.
)
Package etexcmds Info: Could not find \expanded.
(etexcmds)             That can mean that you are not using pdfTeX 1.50 or
(etexcmds)             that some package has redefined \expanded.
(etexcmds)             In the latter case, load this package earlier.
)))
! You can't use `\spacefactor' in vertical mode.
\@->\spacefactor 
                 \@m 
l.82 \@
       tempcnta=\morefloats@maxfloats\relax%
Sorry, but I'm not programmed to handle this case;
I'll just pretend that you didn't ask for it.
If you're in the wrong mode, you might be able to
return to the right one by typing `I}' or `I$' or `I\par'.

! Missing $ inserted.
<inserted text> 
                $
l.82 \@
       tempcnta=\morefloats@maxfloats\relax%
I've inserted a begin-math/end-math symbol since I think
you left one out. Proceed, with fingers crossed.


! LaTeX Error: Missing \begin{document}.

See the LaTeX manual or LaTeX Companion for explanation.
Type  H <return>  for immediate help.
 ...                                              
                                                  
l.82 \@
       tempcnta=\morefloats@maxfloats\relax%
You're in trouble here.  Try typing  <return>  to proceed.
If that doesn't work, type  X <return>  to quit.

LaTeX Font Info:    External font `cmex10' loaded for size
(Font)              <7> on input line 82.
LaTeX Font Info:    External font `cmex10' loaded for size
(Font)              <5> on input line 82.
! Undefined control sequence.
l.82 \@tempcnta=\morefloats
                           @maxfloats\relax%
The control sequence at the end of the top line
of your error message was never \def'ed. If you have
misspelled it (e.g., `\hobx'), type `I' and the correct
spelling (e.g., `I\hbox'). Otherwise just continue,
and I'll forget about whatever was undefined.

! Improper \spacefactor.
\@->\spacefactor 
                 \@m 
l.83 \edef\morefloats@max{\the\@
                                tempcnta}
You can refer to \spacefactor only in horizontal mode;
you can refer to \prevdepth only in vertical mode; and
neither of these is meaningful inside \write. So
I'm forgetting what you said and using zero instead.

! Missing $ inserted.
<inserted text> 
                $
l.84 
     
I've inserted a begin-math/end-math symbol since I think
you left one out. Proceed, with fingers crossed.

Missing character: There is no è in font cmex10!

Overfull \hbox (71.86119pt too wide) in paragraph at lines 82--84
[]$\OML/cmm/m/it/10 tempcnta \OT1/cmr/m/n/10 =
 []


Overfull \hbox (55.14366pt too wide) in paragraph at lines 82--84
\OT1/cmr/m/n/10 @\OML/cmm/m/it/10 maxfloats$ 
 []

! Improper \spacefactor.
\@->\spacefactor 
                 \@m 
l.85 \ifnum \@
              tempcnta<18
You can refer to \spacefactor only in horizontal mode;
you can refer to \prevdepth only in vertical mode; and
neither of these is meaningful inside \write. So
I'm forgetting what you said and using zero instead.

! Missing = inserted for \ifnum.
<to be read again> 
                   \@m 
l.85 \ifnum \@
              tempcnta<18
I was expecting to see `<', `=', or `>'. Didn't.

! You can't use `\spacefactor' in vertical mode.
\@->\spacefactor 
                 \@m 
l.94 \@
       tempcnta=\morefloats@morefloats\relax%
Sorry, but I'm not programmed to handle this case;
I'll just pretend that you didn't ask for it.
If you're in the wrong mode, you might be able to
return to the right one by typing `I}' or `I$' or `I\par'.

! Missing $ inserted.
<inserted text> 
                $
l.94 \@
       tempcnta=\morefloats@morefloats\relax%
I've inserted a begin-math/end-math symbol since I think
you left one out. Proceed, with fingers crossed.


! LaTeX Error: Missing \begin{document}.

See the LaTeX manual or LaTeX Companion for explanation.
Type  H <return>  for immediate help.
 ...                                              
                                                  
l.94 \@
       tempcnta=\morefloats@morefloats\relax%
You're in trouble here.  Try typing  <return>  to proceed.
If that doesn't work, type  X <return>  to quit.

! Undefined control sequence.
l.94 \@tempcnta=\morefloats
                           @morefloats\relax%
The control sequence at the end of the top line
of your error message was never \def'ed. If you have
misspelled it (e.g., `\hobx'), type `I' and the correct
spelling (e.g., `I\hbox'). Otherwise just continue,
and I'll forget about whatever was undefined.

! Missing $ inserted.
<inserted text> 
                $
l.95 
     
I've inserted a begin-math/end-math symbol since I think
you left one out. Proceed, with fingers crossed.

Missing character: There is no è in font cmex10!

Overfull \hbox (71.86119pt too wide) in paragraph at lines 94--95
[]$\OML/cmm/m/it/10 tempcnta \OT1/cmr/m/n/10 =
 []


Overfull \hbox (58.43536pt too wide) in paragraph at lines 94--95
\OT1/cmr/m/n/10 @\OML/cmm/m/it/10 morefloats$ 
 []

! Improper \spacefactor.
\@->\spacefactor 
                 \@m 
l.96 \edef\morefloats@more{\the\@
                                 tempcnta}
You can refer to \spacefactor only in horizontal mode;
you can refer to \prevdepth only in vertical mode; and
neither of these is meaningful inside \write. So
I'm forgetting what you said and using zero instead.

! Improper \spacefactor.
\@->\spacefactor 
                 \@m 
l.98 \ifnum \@
              tempcnta<0
You can refer to \spacefactor only in horizontal mode;
you can refer to \prevdepth only in vertical mode; and
neither of these is meaningful inside \write. So
I'm forgetting what you said and using zero instead.

! Missing = inserted for \ifnum.
<to be read again> 
                   \@m 
l.98 \ifnum \@
              tempcnta<0
I was expecting to see `<', `=', or `>'. Didn't.

! You can't use `\spacefactor' in vertical mode.
\@->\spacefactor 
                 \@m 
l.107 \@
        tempcnta=18\relax%
Sorry, but I'm not programmed to handle this case;
I'll just pretend that you didn't ask for it.
If you're in the wrong mode, you might be able to
return to the right one by typing `I}' or `I$' or `I\par'.

! Missing $ inserted.
<inserted text> 
                $
l.107 \@
        tempcnta=18\relax%
I've inserted a begin-math/end-math symbol since I think
you left one out. Proceed, with fingers crossed.


! LaTeX Error: Missing \begin{document}.

See the LaTeX manual or LaTeX Companion for explanation.
Type  H <return>  for immediate help.
 ...                                              
                                                  
l.107 \@
        tempcnta=18\relax%
You're in trouble here.  Try typing  <return>  to proceed.
If that doesn't work, type  X <return>  to quit.

! You can't use `\spacefactor' after \advance.
\@->\spacefactor 
                 \@m 
l.108 \advance\@
                tempcnta by \morefloats@more%
I'm forgetting what you said and not changing anything.

! You can't use `\spacefactor' after \advance.
\@->\spacefactor 
                 \@m 
l.109 \advance\@
                tempcnta by -\morefloats@max%
I'm forgetting what you said and not changing anything.

! Use of \morefloats doesn't match its definition.
l.109 \advance\@tempcnta by -\morefloats@ma
                                           x%
If you say, e.g., `\def\a1{...}', then you must always
put `1' after `\a', since control sequence names are
made up of letters only. The macro here has not been
followed by the required stuff, so I'm ignoring it.

! Improper \spacefactor.
\@->\spacefactor 
                 \@m 
l.110 \edef\morefloats@mx{\the\@
                                tempcnta}
You can refer to \spacefactor only in horizontal mode;
you can refer to \prevdepth only in vertical mode; and
neither of these is meaningful inside \write. So
I'm forgetting what you said and using zero instead.

! Missing = inserted for \ifnum.
<to be read again> 
                   \@m 
l.111 \ifnum \morefloats@mx
                           =0% OK
I was expecting to see `<', `=', or `>'. Didn't.


! Use of \morefloats doesn't match its definition.
<argument> ... but it is maxfloats=\morefloats @ma
                                                  xfloats \space and moreflo...
l.120     }
           
If you say, e.g., `\def\a1{...}', then you must always
put `1' after `\a', since control sequence names are
made up of letters only. The macro here has not been
followed by the required stuff, so I'm ignoring it.

! Use of \morefloats doesn't match its definition.
<argument> ...space and morefloats=\morefloats @mo
                                                  refloats .\MessageBreak 
l.120     }
           
If you say, e.g., `\def\a1{...}', then you must always
put `1' after `\a', since control sequence names are
made up of letters only. The macro here has not been
followed by the required stuff, so I'm ignoring it.

! Package morefloats Error: Clash between options maxfloats and morefloats.

See the morefloats package documentation for explanation.
Type  H <return>  for immediate help.
 ...                                              
                                                  
l.120     }
           
Option maxfloats must be empty
or the sum of 18 and option value morefloats,
but it is maxfloats=xfloats  and morefloats=refloats .


! Improper \spacefactor.
\@->\spacefactor 
                 \@m 
l.121   \ifnum \@
                 tempcnta<0% \morefloats@max > \morefloats@more
You can refer to \spacefactor only in horizontal mode;
you can refer to \prevdepth only in vertical mode; and
neither of these is meaningful inside \write. So
I'm forgetting what you said and using zero instead.

! Missing = inserted for \ifnum.
<to be read again> 
                   \@m 
l.121   \ifnum \@
                 tempcnta<0% \morefloats@max > \morefloats@more
I was expecting to see `<', `=', or `>'. Didn't.

! You can't use `\spacefactor' in math mode.
\@->\spacefactor 
                 \@m 
l.124     \@
            tempcnta=18\relax%
Sorry, but I'm not programmed to handle this case;
I'll just pretend that you didn't ask for it.
If you're in the wrong mode, you might be able to
return to the right one by typing `I}' or `I$' or `I\par'.

! You can't use `\spacefactor' after \advance.
\@->\spacefactor 
                 \@m 
l.125     \advance\@
                    tempcnta by \morefloats@morefloats%
I'm forgetting what you said and not changing anything.

! Use of \morefloats doesn't match its definition.
l.125     \advance\@tempcnta by \morefloats@mo
                                              refloats%
If you say, e.g., `\def\a1{...}', then you must always
put `1' after `\a', since control sequence names are
made up of letters only. The macro here has not been
followed by the required stuff, so I'm ignoring it.

! Missing $ inserted.
<inserted text> 
                $
l.128 
      
I've inserted a begin-math/end-math symbol since I think
you left one out. Proceed, with fingers crossed.

Missing character: There is no è in font cmex10!
Missing character: There is no è in font cmex10!
Missing character: There is no è in font cmex10!
Missing character: There is no è in font cmex10!
Missing character: There is no è in font cmex10!
Missing character: There is no è in font cmex10!

Overfull \hbox (71.86119pt too wide) in paragraph at lines 107--128
[]$\OML/cmm/m/it/10 tempcnta \OT1/cmr/m/n/10 =
 []


Overfull \hbox (165.80139pt too wide) in paragraph at lines 107--128
\OT1/cmr/m/n/10 18\OML/cmm/m/it/10 tempcntaby\OT1/cmr/m/n/10 0\OML/cmm/m/it/10 
tempcntatempcntaby \OMS/cmsy/m/n/10 ^^@
 []


Overfull \hbox (57.57646pt too wide) in paragraph at lines 107--128
\OML/cmm/m/it/10 xtempcnta \OT1/cmr/m/n/10 =
 []


Overfull \hbox (97.88916pt too wide) in paragraph at lines 107--128
\OT1/cmr/m/n/10 18\OML/cmm/m/it/10 tempcntabyrefloats$ 
 []

! Improper \spacefactor.
\@->\spacefactor 
                 \@m 
l.129 \edef\morefloats@mx{\the\@
                                tempcnta}
You can refer to \spacefactor only in horizontal mode;
you can refer to \prevdepth only in vertical mode; and
neither of these is meaningful inside \write. So
I'm forgetting what you said and using zero instead.

! You can't use `\spacefactor' in vertical mode.
\@->\spacefactor 
                 \@m 
l.132                            \@
                                   tempcnta=\the\count10 \relax \def\maxfloa...
Sorry, but I'm not programmed to handle this case;
I'll just pretend that you didn't ask for it.
If you're in the wrong mode, you might be able to
return to the right one by typing `I}' or `I$' or `I\par'.

! Missing $ inserted.
<inserted text> 
                $
l.132                            \@
                                   tempcnta=\the\count10 \relax \def\maxfloa...
I've inserted a begin-math/end-math symbol since I think
you left one out. Proceed, with fingers crossed.


! LaTeX Error: Missing \begin{document}.

See the LaTeX manual or LaTeX Companion for explanation.
Type  H <return>  for immediate help.
 ...                                              
                                                  
l.132                            \@
                                   tempcnta=\the\count10 \relax \def\maxfloa...

You're in trouble here.  Try typing  <return>  to proceed.
If that doesn't work, type  X <return>  to quit.

! Improper \spacefactor.
\@->\spacefactor 
                 \@m 
l.133 \ifnum \count11>\@
                        tempcnta \@tempcnta=\the\count11 \relax \def\maxfloa...
You can refer to \spacefactor only in horizontal mode;
you can refer to \prevdepth only in vertical mode; and
neither of these is meaningful inside \write. So
I'm forgetting what you said and using zero instead.

! You can't use `\spacefactor' in math mode.
\@->\spacefactor 
                 \@m 
l.133 \ifnum \count11>\@tempcnta \@
                                   tempcnta=\the\count11 \relax \def\maxfloa...
Sorry, but I'm not programmed to handle this case;
I'll just pretend that you didn't ask for it.
If you're in the wrong mode, you might be able to
return to the right one by typing `I}' or `I$' or `I\par'.

! Improper \spacefactor.
\@->\spacefactor 
                 \@m 
l.134 \ifnum \count12>\@
                        tempcnta \@tempcnta=\the\count12 \relax \def\maxfloa...
You can refer to \spacefactor only in horizontal mode;
you can refer to \prevdepth only in vertical mode; and
neither of these is meaningful inside \write. So
I'm forgetting what you said and using zero instead.

! You can't use `\spacefactor' in math mode.
\@->\spacefactor 
                 \@m 
l.134 \ifnum \count12>\@tempcnta \@
                                   tempcnta=\the\count12 \relax \def\maxfloa...
Sorry, but I'm not programmed to handle this case;
I'll just pretend that you didn't ask for it.
If you're in the wrong mode, you might be able to
return to the right one by typing `I}' or `I$' or `I\par'.

! Improper \spacefactor.
\@->\spacefactor 
                 \@m 
l.135 \ifnum \count14>\@
                        tempcnta \@tempcnta=\the\count14 \relax \def\maxfloa...
You can refer to \spacefactor only in horizontal mode;
you can refer to \prevdepth only in vertical mode; and
neither of these is meaningful inside \write. So
I'm forgetting what you said and using zero instead.

! You can't use `\spacefactor' in math mode.
\@->\spacefactor 
                 \@m 
l.135 \ifnum \count14>\@tempcnta \@
                                   tempcnta=\the\count14 \relax \def\maxfloa...
Sorry, but I'm not programmed to handle this case;
I'll just pretend that you didn't ask for it.
If you're in the wrong mode, you might be able to
return to the right one by typing `I}' or `I$' or `I\par'.

! You can't use `\spacefactor' in math mode.
\@->\spacefactor 
                 \@m 
l.137 \@
        ifpackageloaded{etex}{\@tempcntb=\et@xins\relax}{\@tempcntb=234\relax}
Sorry, but I'm not programmed to handle this case;
I'll just pretend that you didn't ask for it.
If you're in the wrong mode, you might be able to
return to the right one by typing `I}' or `I$' or `I\par'.

! You can't use `\spacefactor' in math mode.
\@->\spacefactor 
                 \@m 
l.137 \@ifpackageloaded{etex}{\@
                                tempcntb=\et@xins\relax}{\@tempcntb=234\relax}
Sorry, but I'm not programmed to handle this case;
I'll just pretend that you didn't ask for it.
If you're in the wrong mode, you might be able to
return to the right one by typing `I}' or `I$' or `I\par'.

! Undefined control sequence.
l.137 \@ifpackageloaded{etex}{\@tempcntb=\et
                                            @xins\relax}{\@tempcntb=234\relax}
The control sequence at the end of the top line
of your error message was never \def'ed. If you have
misspelled it (e.g., `\hobx'), type `I' and the correct
spelling (e.g., `I\hbox'). Otherwise just continue,
and I'll forget about whatever was undefined.

! You can't use `\spacefactor' in math mode.
\@->\spacefactor 
                 \@m 
l.137 ...oaded{etex}{\@tempcntb=\et@xins\relax}{\@
                                                  tempcntb=234\relax}
Sorry, but I'm not programmed to handle this case;
I'll just pretend that you didn't ask for it.
If you're in the wrong mode, you might be able to
return to the right one by typing `I}' or `I$' or `I\par'.

! You can't use `\spacefactor' after \advance.
\@->\spacefactor 
                 \@m 
l.138 \advance\@
                tempcntb by -\@tempcnta%
I'm forgetting what you said and not changing anything.

! You can't use `\spacefactor' in math mode.
\@->\spacefactor 
                 \@m 
l.138 \advance\@tempcntb by -\@
                               tempcnta%
Sorry, but I'm not programmed to handle this case;
I'll just pretend that you didn't ask for it.
If you're in the wrong mode, you might be able to
return to the right one by typing `I}' or `I$' or `I\par'.

! You can't use `\spacefactor' in math mode.
\@->\spacefactor 
                 \@m 
l.139 \@
        tempcnta=\@tempcntb\relax
Sorry, but I'm not programmed to handle this case;
I'll just pretend that you didn't ask for it.
If you're in the wrong mode, you might be able to
return to the right one by typing `I}' or `I$' or `I\par'.

! You can't use `\spacefactor' in math mode.
\@->\spacefactor 
                 \@m 
l.139 \@tempcnta=\@
                   tempcntb\relax
Sorry, but I'm not programmed to handle this case;
I'll just pretend that you didn't ask for it.
If you're in the wrong mode, you might be able to
return to the right one by typing `I}' or `I$' or `I\par'.

! You can't use `\spacefactor' after \advance.
\@->\spacefactor 
                 \@m 
l.140 \advance\@
                tempcntb by +18% reserved by default
I'm forgetting what you said and not changing anything.

! Missing $ inserted.
<inserted text> 
                $
l.141 
      
I've inserted a begin-math/end-math symbol since I think
you left one out. Proceed, with fingers crossed.

Missing character: There is no è in font cmex10!
Missing character: There is no è in font cmex10!
Missing character: There is no è in font cmex10!
Missing character: There is no è in font cmex10!
Missing character: There is no è in font cmex10!
Missing character: There is no è in font cmex10!
Missing character: There is no è in font cmex10!
Missing character: There is no è in font cmex10!
Missing character: There is no è in font cmex10!
Missing character: There is no è in font cmex10!
Missing character: There is no è in font cmex10!
Missing character: There is no è in font cmex10!
Missing character: There is no è in font cmex10!
Missing character: There is no è in font cmex10!
Missing character: There is no è in font cmex10!

Overfull \hbox (71.86119pt too wide) in paragraph at lines 132--141
[]$\OML/cmm/m/it/10 tempcnta \OT1/cmr/m/n/10 =
 []


Overfull \hbox (103.1669pt too wide) in paragraph at lines 132--141
\OT1/cmr/m/n/10 78\OML/cmm/m/it/10 tempcntatempcnta \OT1/cmr/m/n/10 =
 []


Overfull \hbox (108.16692pt too wide) in paragraph at lines 132--141
\OT1/cmr/m/n/10 101\OML/cmm/m/it/10 tempcntatempcnta \OT1/cmr/m/n/10 =
 []


Overfull \hbox (103.1669pt too wide) in paragraph at lines 132--141
\OT1/cmr/m/n/10 40\OML/cmm/m/it/10 tempcntatempcnta \OT1/cmr/m/n/10 =
 []


Overfull \hbox (309.23212pt too wide) in paragraph at lines 132--141
\OT1/cmr/m/n/10 25\OML/cmm/m/it/10 ifpackageloaded[][][]tempcntbby \OMS/cmsy/m/
n/10 ^^@
 []


Overfull \hbox (93.16687pt too wide) in paragraph at lines 132--141
\OML/cmm/m/it/10 tempcntatempcnta \OT1/cmr/m/n/10 =
 []


Overfull \hbox (97.95395pt too wide) in paragraph at lines 132--141
\OML/cmm/m/it/10 tempcntbtempcntbby \OT1/cmr/m/n/10 +
 []


Overfull \hbox (10.00003pt too wide) in paragraph at lines 132--141
\OT1/cmr/m/n/10 18$ 
 []

! Missing = inserted for \ifnum.
<to be read again> 
                   \@m 
l.142 \ifnum \morefloats@mx
                           >\@tempcntb \relax
I was expecting to see `<', `=', or `>'. Didn't.

Package morefloats Info: Maximum number of possible floats asked for: 0\@m temp
cnta .
(morefloats)             LaTeX might run out of memory before this
(morefloats)             (in which case it will notify you).
(morefloats)              on input line 171.
! Missing = inserted for \ifnum.
<to be read again> 
                   \@m 
l.177 \ifnum \morefloats@mx
                           > 18 \newinsert\bx@S  \expandafter\gdef\expandaft...
I was expecting to see `<', `=', or `>'. Didn't.

)
! Emergency stop.
<*> morefloats.sty
                  
*** (job aborted, no legal \end found)

 
Here is how much of TeX's memory you used:
 393 strings out of 494820
 6358 string characters out of 3178050
 52117 words of memory out of 3000000
 3658 multiletter control sequences out of 15000+200000
 3640 words of font info for 14 fonts, out of 3000000 for 9000
 198 hyphenation exceptions out of 8191
 29i,2n,19p,267b,56s stack positions out of 5000i,500n,10000p,200000b,50000s
!  ==> Fatal error occurred, no output PDF file produced!
