\BOOKMARK [1][-]{section.1}{Terrestrial Meteorological Data}{}% 1
\BOOKMARK [2][-]{subsection.1.1}{Selected History of Climate Science}{section.1}% 2
\BOOKMARK [1][-]{section.2}{NOAA Data Records}{}% 3
\BOOKMARK [2][-]{subsection.2.1}{rNOAA Package and R}{section.2}% 4
\BOOKMARK [2][-]{subsection.2.2}{Generate Temperature Record For Each State}{section.2}% 5
\BOOKMARK [3][-]{subsubsection.2.2.1}{List of Cities}{subsection.2.2}% 6
\BOOKMARK [3][-]{subsubsection.2.2.2}{Selection Stations}{subsection.2.2}% 7
\BOOKMARK [3][-]{subsubsection.2.2.3}{Select State}{subsection.2.2}% 8
\BOOKMARK [3][-]{subsubsection.2.2.4}{Download GSOM Data using rnoaa}{subsection.2.2}% 9
\BOOKMARK [3][-]{subsubsection.2.2.5}{Functions to Collect and Clean GSOM}{subsection.2.2}% 10
\BOOKMARK [2][-]{subsection.2.3}{Function to Evaluate Months}{section.2}% 11
\BOOKMARK [3][-]{subsubsection.2.3.1}{Determine Months with Biggest Changes}{subsection.2.3}% 12
\BOOKMARK [2][-]{subsection.2.4}{Plot Month with Biggest Changes}{section.2}% 13
\BOOKMARK [3][-]{subsubsection.2.4.1}{Function to report Probabilities}{subsection.2.4}% 14
\BOOKMARK [2][-]{subsection.2.5}{Extreme Temperture Events}{section.2}% 15
\BOOKMARK [3][-]{subsubsection.2.5.1}{Functions to Collect and Clean CHCND}{subsection.2.5}% 16
\BOOKMARK [2][-]{subsection.2.6}{Extreme Temperatures}{section.2}% 17
\BOOKMARK [2][-]{subsection.2.7}{Iterate Boxplots}{section.2}% 18
\BOOKMARK [1][-]{section.3}{Plot Results}{}% 19
\BOOKMARK [2][-]{subsection.3.1}{Static Plots}{section.3}% 20
\BOOKMARK [2][-]{subsection.3.2}{Animation}{section.3}% 21
\BOOKMARK [2][-]{subsection.3.3}{Show Map of Location}{section.3}% 22
\BOOKMARK [2][-]{subsection.3.4}{OLD version}{section.3}% 23
\BOOKMARK [1][-]{section.4}{ Other attempts...}{}% 24
\BOOKMARK [2][-]{subsection.4.1}{Evaluating Records}{section.4}% 25
\BOOKMARK [2][-]{subsection.4.2}{Export Options}{section.4}% 26
\BOOKMARK [1][-]{section.5}{Sea Surface Temperature Data \205 SURP PROJECT WAITING TO HAPPEN}{}% 27
\BOOKMARK [1][-]{section.6}{Satellite Data}{}% 28
\BOOKMARK [1][-]{section.7}{Ice-Core Data}{}% 29
