This is pdfTeX, Version 3.1415926-2.5-1.40.14 (TeX Live 2013) (format=pdflatex 2020.5.9)  18 MAR 2022 10:18
entering extended mode
 restricted \write18 enabled.
 %&-line parsing enabled.
**Climate_Records_Animations.tex
(./Climate_Records_Animations.tex
LaTeX2e <2011/06/27>
Babel <v3.8m> and hyphenation patterns for english, dumylang, nohyphenation, uk
rainian, russian, bulgarian, loaded.
(/usr/share/texlive/texmf-dist/tex/latex/base/article.cls
Document Class: article 2007/10/19 v1.4h Standard LaTeX document class
(/usr/share/texlive/texmf-dist/tex/latex/base/size10.clo
File: size10.clo 2007/10/19 v1.4h Standard LaTeX file (size option)
)
\c@part=\count79
\c@section=\count80
\c@subsection=\count81
\c@subsubsection=\count82
\c@paragraph=\count83
\c@subparagraph=\count84
\c@figure=\count85
\c@table=\count86
\abovecaptionskip=\skip41
\belowcaptionskip=\skip42
\bibindent=\dimen102
)
(/usr/share/texlive/texmf-dist/tex/latex/graphics/graphicx.sty
Package: graphicx 1999/02/16 v1.0f Enhanced LaTeX Graphics (DPC,SPQR)

(/usr/share/texlive/texmf-dist/tex/latex/graphics/keyval.sty
Package: keyval 1999/03/16 v1.13 key=value parser (DPC)
\KV@toks@=\toks14
)
(/usr/share/texlive/texmf-dist/tex/latex/graphics/graphics.sty
Package: graphics 2009/02/05 v1.0o Standard LaTeX Graphics (DPC,SPQR)

(/usr/share/texlive/texmf-dist/tex/latex/graphics/trig.sty
Package: trig 1999/03/16 v1.09 sin cos tan (DPC)
)
(/usr/share/texlive/texmf-dist/tex/latex/latexconfig/graphics.cfg
File: graphics.cfg 2010/04/23 v1.9 graphics configuration of TeX Live
)
Package graphics Info: Driver file: pdftex.def on input line 91.

(/usr/share/texlive/texmf-dist/tex/latex/pdftex-def/pdftex.def
File: pdftex.def 2011/05/27 v0.06d Graphics/color for pdfTeX

(/usr/share/texlive/texmf-dist/tex/generic/oberdiek/infwarerr.sty
Package: infwarerr 2010/04/08 v1.3 Providing info/warning/error messages (HO)
)
(/usr/share/texlive/texmf-dist/tex/generic/oberdiek/ltxcmds.sty
Package: ltxcmds 2011/11/09 v1.22 LaTeX kernel commands for general use (HO)
)
\Gread@gobject=\count87
))
\Gin@req@height=\dimen103
\Gin@req@width=\dimen104
)
(/usr/share/texlive/texmf-dist/tex/latex/graphics/color.sty
Package: color 2005/11/14 v1.0j Standard LaTeX Color (DPC)

(/usr/share/texlive/texmf-dist/tex/latex/latexconfig/color.cfg
File: color.cfg 2007/01/18 v1.5 color configuration of teTeX/TeXLive
)
Package color Info: Driver file: pdftex.def on input line 130.
)
(/usr/share/texlive/texmf-dist/tex/latex/framed/framed.sty
Package: framed 2011/10/22 v 0.96: framed or shaded text with page breaks
\OuterFrameSep=\skip43
\fb@frw=\dimen105
\fb@frh=\dimen106
\FrameRule=\dimen107
\FrameSep=\dimen108
)
(/usr/share/texlive/texmf-dist/tex/latex/base/alltt.sty
Package: alltt 1997/06/16 v2.0g defines alltt environment
)
(/usr/share/texlive/texmf-dist/tex/latex/hyperref/hyperref.sty
Package: hyperref 2012/11/06 v6.83m Hypertext links for LaTeX

(/usr/share/texlive/texmf-dist/tex/generic/oberdiek/hobsub-hyperref.sty
Package: hobsub-hyperref 2012/05/28 v1.13 Bundle oberdiek, subset hyperref (HO)


(/usr/share/texlive/texmf-dist/tex/generic/oberdiek/hobsub-generic.sty
Package: hobsub-generic 2012/05/28 v1.13 Bundle oberdiek, subset generic (HO)
Package: hobsub 2012/05/28 v1.13 Construct package bundles (HO)
Package hobsub Info: Skipping package `infwarerr' (already loaded).
Package hobsub Info: Skipping package `ltxcmds' (already loaded).
Package: ifluatex 2010/03/01 v1.3 Provides the ifluatex switch (HO)
Package ifluatex Info: LuaTeX not detected.
Package: ifvtex 2010/03/01 v1.5 Detect VTeX and its facilities (HO)
Package ifvtex Info: VTeX not detected.
Package: intcalc 2007/09/27 v1.1 Expandable calculations with integers (HO)
Package: ifpdf 2011/01/30 v2.3 Provides the ifpdf switch (HO)
Package ifpdf Info: pdfTeX in PDF mode is detected.
Package: etexcmds 2011/02/16 v1.5 Avoid name clashes with e-TeX commands (HO)
Package etexcmds Info: Could not find \expanded.
(etexcmds)             That can mean that you are not using pdfTeX 1.50 or
(etexcmds)             that some package has redefined \expanded.
(etexcmds)             In the latter case, load this package earlier.
Package: kvsetkeys 2012/04/25 v1.16 Key value parser (HO)
Package: kvdefinekeys 2011/04/07 v1.3 Define keys (HO)
Package: pdftexcmds 2011/11/29 v0.20 Utility functions of pdfTeX for LuaTeX (HO
)
Package pdftexcmds Info: LuaTeX not detected.
Package pdftexcmds Info: \pdf@primitive is available.
Package pdftexcmds Info: \pdf@ifprimitive is available.
Package pdftexcmds Info: \pdfdraftmode found.
Package: pdfescape 2011/11/25 v1.13 Implements pdfTeX's escape features (HO)
Package: bigintcalc 2012/04/08 v1.3 Expandable calculations on big integers (HO
)
Package: bitset 2011/01/30 v1.1 Handle bit-vector datatype (HO)
Package: uniquecounter 2011/01/30 v1.2 Provide unlimited unique counter (HO)
)
Package hobsub Info: Skipping package `hobsub' (already loaded).
Package: letltxmacro 2010/09/02 v1.4 Let assignment for LaTeX macros (HO)
Package: hopatch 2012/05/28 v1.2 Wrapper for package hooks (HO)
Package: xcolor-patch 2011/01/30 xcolor patch
Package: atveryend 2011/06/30 v1.8 Hooks at the very end of document (HO)
Package atveryend Info: \enddocument detected (standard20110627).
Package: atbegshi 2011/10/05 v1.16 At begin shipout hook (HO)
Package: refcount 2011/10/16 v3.4 Data extraction from label references (HO)
Package: hycolor 2011/01/30 v1.7 Color options for hyperref/bookmark (HO)
)
(/usr/share/texlive/texmf-dist/tex/generic/ifxetex/ifxetex.sty
Package: ifxetex 2010/09/12 v0.6 Provides ifxetex conditional
)
(/usr/share/texlive/texmf-dist/tex/latex/oberdiek/auxhook.sty
Package: auxhook 2011/03/04 v1.3 Hooks for auxiliary files (HO)
)
(/usr/share/texlive/texmf-dist/tex/latex/oberdiek/kvoptions.sty
Package: kvoptions 2011/06/30 v3.11 Key value format for package options (HO)
)
\@linkdim=\dimen109
\Hy@linkcounter=\count88
\Hy@pagecounter=\count89

(/usr/share/texlive/texmf-dist/tex/latex/hyperref/pd1enc.def
File: pd1enc.def 2012/11/06 v6.83m Hyperref: PDFDocEncoding definition (HO)
)
\Hy@SavedSpaceFactor=\count90

(/usr/share/texlive/texmf-dist/tex/latex/latexconfig/hyperref.cfg
File: hyperref.cfg 2002/06/06 v1.2 hyperref configuration of TeXLive
)
Package hyperref Info: Hyper figures OFF on input line 4443.
Package hyperref Info: Link nesting OFF on input line 4448.
Package hyperref Info: Hyper index ON on input line 4451.
Package hyperref Info: Plain pages OFF on input line 4458.
Package hyperref Info: Backreferencing OFF on input line 4463.
Package hyperref Info: Implicit mode ON; LaTeX internals redefined.
Package hyperref Info: Bookmarks ON on input line 4688.
\c@Hy@tempcnt=\count91

(/usr/share/texlive/texmf-dist/tex/latex/url/url.sty
\Urlmuskip=\muskip10
Package: url 2006/04/12  ver 3.3  Verb mode for urls, etc.
)
LaTeX Info: Redefining \url on input line 5041.
\XeTeXLinkMargin=\dimen110
\Fld@menulength=\count92
\Field@Width=\dimen111
\Fld@charsize=\dimen112
Package hyperref Info: Hyper figures OFF on input line 6295.
Package hyperref Info: Link nesting OFF on input line 6300.
Package hyperref Info: Hyper index ON on input line 6303.
Package hyperref Info: backreferencing OFF on input line 6310.
Package hyperref Info: Link coloring OFF on input line 6315.
Package hyperref Info: Link coloring with OCG OFF on input line 6320.
Package hyperref Info: PDF/A mode OFF on input line 6325.
LaTeX Info: Redefining \ref on input line 6365.
LaTeX Info: Redefining \pageref on input line 6369.
\Hy@abspage=\count93
\c@Item=\count94
\c@Hfootnote=\count95
)

Package hyperref Message: Driver (autodetected): hpdftex.

(/usr/share/texlive/texmf-dist/tex/latex/hyperref/hpdftex.def
File: hpdftex.def 2012/11/06 v6.83m Hyperref driver for pdfTeX
\Fld@listcount=\count96
\c@bookmark@seq@number=\count97

(/usr/share/texlive/texmf-dist/tex/latex/oberdiek/rerunfilecheck.sty
Package: rerunfilecheck 2011/04/15 v1.7 Rerun checks for auxiliary files (HO)
Package uniquecounter Info: New unique counter `rerunfilecheck' on input line 2
82.
)
\Hy@SectionHShift=\skip44
)
Package color Info: Redefining color shadecolor on input line 65.
LaTeX Font Info:    Font shape `OT1/cmtt/bx/n' in size <10> not available
(Font)              Font shape `OT1/cmtt/m/n' tried instead on input line 67.

Overfull \hbox (6.74693pt too wide) in paragraph at lines 73--73
\OT1/cmtt/m/it/10 ## Geospatial Data Abstraction Library extensions to R succes
sfully
 []


Overfull \hbox (15.77684pt too wide) in paragraph at lines 73--73
\OT1/cmtt/m/it/10 ## Loaded PROJ runtime: Rel. 4.8.0, 6 March 2012, [PJ[]VERSIO
N: 480] 
 []


Overfull \hbox (43.49661pt too wide) in paragraph at lines 78--79
[]\OT1/cmtt/m/it/10 ## -- Attaching packages ----------------------------------
----- tidyverse
 []


Overfull \hbox (73.52634pt too wide) in paragraph at lines 82--82
[]\OT1/cmtt/m/it/10 ## -- Conflicts ------------------------------------------ 
tidyverse[]conflicts()
 []


Overfull \hbox (80.24629pt too wide) in paragraph at lines 87--88
[]\OT1/cmtt/m/it/10 ## --------------------------------------------------------
----------------------[] 
 []


Overfull \hbox (27.74675pt too wide) in paragraph at lines 89--90
[]\OT1/cmtt/m/it/10 ## You have loaded plyr after dplyr - this is likely to cau
se problems. 
 []


Overfull \hbox (6.74693pt too wide) in paragraph at lines 89--90
\OT1/cmtt/m/it/10 ## If you need functions from both plyr and dplyr, please loa
d plyr
 []


Overfull \hbox (80.24629pt too wide) in paragraph at lines 91--92
[]\OT1/cmtt/m/it/10 ## --------------------------------------------------------
----------------------[] 
 []


Overfull \hbox (17.24684pt too wide) in paragraph at lines 95--96
\OT1/cmtt/m/it/10 ##     arrange, count, desc, failwith, id, mutate, rename, su
mmarise, 
 []

(/usr/share/texlive/texmf-dist/tex/latex/upquote/upquote.sty
Package: upquote 2012/04/19 v1.3 upright-quote and grave-accent glyphs in verba
tim
)
(./Climate_Records_Animations.aux)
\openout1 = `Climate_Records_Animations.aux'.

LaTeX Font Info:    Checking defaults for OML/cmm/m/it on input line 113.
LaTeX Font Info:    ... okay on input line 113.
LaTeX Font Info:    Checking defaults for T1/cmr/m/n on input line 113.
LaTeX Font Info:    ... okay on input line 113.
LaTeX Font Info:    Checking defaults for OT1/cmr/m/n on input line 113.
LaTeX Font Info:    ... okay on input line 113.
LaTeX Font Info:    Checking defaults for OMS/cmsy/m/n on input line 113.
LaTeX Font Info:    ... okay on input line 113.
LaTeX Font Info:    Checking defaults for OMX/cmex/m/n on input line 113.
LaTeX Font Info:    ... okay on input line 113.
LaTeX Font Info:    Checking defaults for U/cmr/m/n on input line 113.
LaTeX Font Info:    ... okay on input line 113.
LaTeX Font Info:    Checking defaults for PD1/pdf/m/n on input line 113.
LaTeX Font Info:    ... okay on input line 113.

(/usr/share/texlive/texmf-dist/tex/context/base/supp-pdf.mkii
[Loading MPS to PDF converter (version 2006.09.02).]
\scratchcounter=\count98
\scratchdimen=\dimen113
\scratchbox=\box26
\nofMPsegments=\count99
\nofMParguments=\count100
\everyMPshowfont=\toks15
\MPscratchCnt=\count101
\MPscratchDim=\dimen114
\MPnumerator=\count102
\makeMPintoPDFobject=\count103
\everyMPtoPDFconversion=\toks16
) (/usr/share/texlive/texmf-dist/tex/latex/oberdiek/epstopdf-base.sty
Package: epstopdf-base 2010/02/09 v2.5 Base part for package epstopdf

(/usr/share/texlive/texmf-dist/tex/latex/oberdiek/grfext.sty
Package: grfext 2010/08/19 v1.1 Manage graphics extensions (HO)
)
Package grfext Info: Graphics extension search list:
(grfext)             [.png,.pdf,.jpg,.mps,.jpeg,.jbig2,.jb2,.PNG,.PDF,.JPG,.JPE
G,.JBIG2,.JB2,.eps]
(grfext)             \AppendGraphicsExtensions on input line 452.

(/usr/share/texlive/texmf-dist/tex/latex/latexconfig/epstopdf-sys.cfg
File: epstopdf-sys.cfg 2010/07/13 v1.3 Configuration of (r)epstopdf for TeX Liv
e
))
\AtBeginShipoutBox=\box27
Package hyperref Info: Link coloring OFF on input line 113.

(/usr/share/texlive/texmf-dist/tex/latex/hyperref/nameref.sty
Package: nameref 2012/10/27 v2.43 Cross-referencing by name of section

(/usr/share/texlive/texmf-dist/tex/generic/oberdiek/gettitlestring.sty
Package: gettitlestring 2010/12/03 v1.4 Cleanup title references (HO)
)
\c@section@level=\count104
)
LaTeX Info: Redefining \ref on input line 113.
LaTeX Info: Redefining \pageref on input line 113.
LaTeX Info: Redefining \nameref on input line 113.

(./Climate_Records_Animations.out) (./Climate_Records_Animations.out)
\@outlinefile=\write3
\openout3 = `Climate_Records_Animations.out'.


Overfull \vbox (54.22223pt too high) has occurred while \output is active []


[1

{/usr/share/texlive/texmf/fonts/map/pdftex/updmap/pdftex.map}]
LaTeX Font Info:    External font `cmex10' loaded for size
(Font)              <12> on input line 115.
LaTeX Font Info:    External font `cmex10' loaded for size
(Font)              <8> on input line 115.
LaTeX Font Info:    External font `cmex10' loaded for size
(Font)              <6> on input line 115.
Package color Info: Redefining color shadecolor on input line 128.

Overfull \hbox (32.9967pt too wide) in paragraph at lines 130--130
[][]\OT1/cmtt/m/n/10 ncdc_locs[][]([][]locationcategoryid[][]=[][]^^MCITY^^M[][
],[] []sortfield[][]=[][]^^Mname^^M[][],[] []sortorder[][]=[][]^^Mdesc^^M[][])[
][] 
 []


Overfull \hbox (53.99652pt too wide) in paragraph at lines 174--174
[]\OT1/cmtt/m/n/10 ##       mindate    maxdate                  name datacovera
ge            id[] 
 []


Overfull \hbox (53.99652pt too wide) in paragraph at lines 174--174
[]\OT1/cmtt/m/n/10 ## 1  1892-08-01 2021-12-20            Zwolle, NL       1.00
00 CITY:NL000012[] 
 []


Overfull \hbox (53.99652pt too wide) in paragraph at lines 174--174
[]\OT1/cmtt/m/n/10 ## 2  1901-01-01 2022-03-13            Zurich, SZ       1.00
00 CITY:SZ000007[] 
 []


Overfull \hbox (53.99652pt too wide) in paragraph at lines 174--174
[]\OT1/cmtt/m/n/10 ## 3  1957-07-01 2022-03-13         Zonguldak, TU       1.00
00 CITY:TU000057[] 
 []


Overfull \hbox (53.99652pt too wide) in paragraph at lines 174--174
[]\OT1/cmtt/m/n/10 ## 4  1906-01-01 2022-03-13            Zinder, NG       0.90
25 CITY:NG000004[] 
 []


Overfull \hbox (53.99652pt too wide) in paragraph at lines 174--174
[]\OT1/cmtt/m/n/10 ## 5  1973-01-01 2022-03-13        Ziguinchor, SG       1.00
00 CITY:SG000004[] 
 []


Overfull \hbox (53.99652pt too wide) in paragraph at lines 174--174
[]\OT1/cmtt/m/n/10 ## 6  1938-01-01 2022-03-13         Zhytomyra, UP       0.97
23 CITY:UP000025[] 
 []


Overfull \hbox (53.99652pt too wide) in paragraph at lines 174--174
[]\OT1/cmtt/m/n/10 ## 7  1948-03-01 2022-03-13        Zhezkazgan, KZ       0.93
02 CITY:KZ000017[] 
 []


Overfull \hbox (53.99652pt too wide) in paragraph at lines 174--174
[]\OT1/cmtt/m/n/10 ## 8  1951-01-01 2022-03-13         Zhengzhou, CH       1.00
00 CITY:CH000045[] 
 []


Overfull \hbox (53.99652pt too wide) in paragraph at lines 174--174
[]\OT1/cmtt/m/n/10 ## 9  1941-01-01 2022-03-13          Zaragoza, SP       1.00
00 CITY:SP000021[] 
 []


Overfull \hbox (53.99652pt too wide) in paragraph at lines 174--174
[]\OT1/cmtt/m/n/10 ## 10 1936-01-01 2009-06-17      Zaporiyhzhya, UP       1.00
00 CITY:UP000024[] 
 []


Overfull \hbox (53.99652pt too wide) in paragraph at lines 174--174
[]\OT1/cmtt/m/n/10 ## 11 1957-01-01 2022-03-13          Zanzibar, TZ       0.80
16 CITY:TZ000019[] 
 []


Overfull \hbox (53.99652pt too wide) in paragraph at lines 174--174
[]\OT1/cmtt/m/n/10 ## 12 1973-01-01 2022-03-13            Zanjan, IR       0.91
05 CITY:IR000020[] 
 []


Overfull \hbox (53.99652pt too wide) in paragraph at lines 174--174
[]\OT1/cmtt/m/n/10 ## 13 1893-01-01 2022-03-15     Zanesville, OH US       1.00
00 CITY:US390029[] 
 []


Overfull \hbox (53.99652pt too wide) in paragraph at lines 174--174
[]\OT1/cmtt/m/n/10 ## 14 1912-01-01 2022-03-13             Zahle, LE       0.98
19 CITY:LE000004[] 
 []


Overfull \hbox (53.99652pt too wide) in paragraph at lines 174--174
[]\OT1/cmtt/m/n/10 ## 15 1951-01-01 2022-03-13           Zahedan, IR       0.99
75 CITY:IR000019[] 
 []


Overfull \hbox (53.99652pt too wide) in paragraph at lines 174--174
[]\OT1/cmtt/m/n/10 ## 16 1860-12-01 2022-03-13            Zagreb, HR       1.00
00 CITY:HR000002[] 
 []


Overfull \hbox (53.99652pt too wide) in paragraph at lines 174--174
[]\OT1/cmtt/m/n/10 ## 17 1929-07-01 2022-02-01         Zacatecas, MX       1.00
00 CITY:MX000036[] 
 []


Overfull \hbox (53.99652pt too wide) in paragraph at lines 174--174
[]\OT1/cmtt/m/n/10 ## 18 1947-01-01 2022-03-13 Yuzhno-Sakhalinsk, RS       1.00
00 CITY:RS000081[] 
 []


Overfull \hbox (53.99652pt too wide) in paragraph at lines 174--174
[]\OT1/cmtt/m/n/10 ## 19 1893-01-01 2022-03-15           Yuma, AZ US       1.00
00 CITY:US040015[] 
 []


Overfull \hbox (53.99652pt too wide) in paragraph at lines 174--174
[]\OT1/cmtt/m/n/10 ## 20 1942-02-01 2022-03-14   Yucca Valley, CA US       1.00
00 CITY:US060048[] 
 []


Overfull \hbox (53.99652pt too wide) in paragraph at lines 174--174
[]\OT1/cmtt/m/n/10 ## 21 1885-01-01 2022-03-15      Yuba City, CA US       1.00
00 CITY:US060047[] 
 []


Overfull \hbox (53.99652pt too wide) in paragraph at lines 174--174
[]\OT1/cmtt/m/n/10 ## 22 1998-02-01 2022-03-13            Yozgat, TU       0.99
93 CITY:TU000056[] 
 []


Overfull \hbox (53.99652pt too wide) in paragraph at lines 174--174
[]\OT1/cmtt/m/n/10 ## 23 1893-01-01 2022-03-15     Youngstown, OH US       1.00
00 CITY:US390028[] 
 []


Overfull \hbox (53.99652pt too wide) in paragraph at lines 174--174
[]\OT1/cmtt/m/n/10 ## 24 1894-01-01 2022-03-15           York, PA US       1.00
00 CITY:US420024[] 
 []


Overfull \hbox (53.99652pt too wide) in paragraph at lines 174--174
[]\OT1/cmtt/m/n/10 ## 25 1869-01-01 2022-03-15        Yonkers, NY US       1.00
00 CITY:US360031[] 
 []


Overfull \hbox (17.24684pt too wide) in paragraph at lines 246--246
[]\OT1/cmtt/m/n/10 ##       mindate    maxdate                 name datacoverag
e      id[] 
 []


Overfull \hbox (17.24684pt too wide) in paragraph at lines 246--246
[]\OT1/cmtt/m/n/10 ## 1  1888-02-01 2022-03-15              Alabama            
1 FIPS:01[] 
 []


Overfull \hbox (17.24684pt too wide) in paragraph at lines 246--246
[]\OT1/cmtt/m/n/10 ## 2  1893-09-01 2022-03-15               Alaska            
1 FIPS:02[] 
 []


Overfull \hbox (17.24684pt too wide) in paragraph at lines 246--246
[]\OT1/cmtt/m/n/10 ## 3  1867-08-01 2022-03-15              Arizona            
1 FIPS:04[] 
 []


Overfull \hbox (17.24684pt too wide) in paragraph at lines 246--246
[]\OT1/cmtt/m/n/10 ## 4  1871-07-01 2022-03-15             Arkansas            
1 FIPS:05[] 
 []


Overfull \hbox (17.24684pt too wide) in paragraph at lines 246--246
[]\OT1/cmtt/m/n/10 ## 5  1850-10-01 2022-03-15           California            
1 FIPS:06[] 
 []


Overfull \hbox (17.24684pt too wide) in paragraph at lines 246--246
[]\OT1/cmtt/m/n/10 ## 6  1852-10-01 2022-03-15             Colorado            
1 FIPS:08[] 
 []


Overfull \hbox (17.24684pt too wide) in paragraph at lines 246--246
[]\OT1/cmtt/m/n/10 ## 7  1884-11-01 2022-03-15          Connecticut            
1 FIPS:09[] 
 []


Overfull \hbox (17.24684pt too wide) in paragraph at lines 246--246
[]\OT1/cmtt/m/n/10 ## 8  1893-01-01 2022-03-15             Delaware            
1 FIPS:10[] 
 []


Overfull \hbox (17.24684pt too wide) in paragraph at lines 246--246
[]\OT1/cmtt/m/n/10 ## 9  1870-11-01 2022-03-14 District of Columbia            
1 FIPS:11[] 
 []


Overfull \hbox (17.24684pt too wide) in paragraph at lines 246--246
[]\OT1/cmtt/m/n/10 ## 10 1871-09-12 2022-03-15              Florida            
1 FIPS:12[] 
 []


Overfull \hbox (17.24684pt too wide) in paragraph at lines 246--246
[]\OT1/cmtt/m/n/10 ## 11 1849-01-01 2022-03-15              Georgia            
1 FIPS:13[] 
 []


Overfull \hbox (17.24684pt too wide) in paragraph at lines 246--246
[]\OT1/cmtt/m/n/10 ## 12 1905-01-01 2022-03-15               Hawaii            
1 FIPS:15[] 
 []


Overfull \hbox (17.24684pt too wide) in paragraph at lines 246--246
[]\OT1/cmtt/m/n/10 ## 13 1892-06-01 2022-03-15                Idaho            
1 FIPS:16[] 
 []


Overfull \hbox (17.24684pt too wide) in paragraph at lines 246--246
[]\OT1/cmtt/m/n/10 ## 14 1870-10-15 2022-03-15             Illinois            
1 FIPS:17[] 
 []


Overfull \hbox (17.24684pt too wide) in paragraph at lines 246--246
[]\OT1/cmtt/m/n/10 ## 15 1886-02-01 2022-03-15              Indiana            
1 FIPS:18[] 
 []


Overfull \hbox (17.24684pt too wide) in paragraph at lines 246--246
[]\OT1/cmtt/m/n/10 ## 16 1888-06-01 2022-03-15                 Iowa            
1 FIPS:19[] 
 []


Overfull \hbox (17.24684pt too wide) in paragraph at lines 246--246
[]\OT1/cmtt/m/n/10 ## 17 1857-04-01 2022-03-15               Kansas            
1 FIPS:20[] 
 []


Overfull \hbox (17.24684pt too wide) in paragraph at lines 246--246
[]\OT1/cmtt/m/n/10 ## 18 1872-10-01 2022-03-15             Kentucky            
1 FIPS:21[] 
 []


Overfull \hbox (17.24684pt too wide) in paragraph at lines 246--246
[]\OT1/cmtt/m/n/10 ## 19 1882-07-01 2022-03-15            Louisiana            
1 FIPS:22[] 
 []


Overfull \hbox (17.24684pt too wide) in paragraph at lines 246--246
[]\OT1/cmtt/m/n/10 ## 20 1885-06-01 2022-03-15                Maine            
1 FIPS:23[] 
 []


Overfull \hbox (17.24684pt too wide) in paragraph at lines 246--246
[]\OT1/cmtt/m/n/10 ## 21 1880-01-01 2022-03-15             Maryland            
1 FIPS:24[] 
 []


Overfull \hbox (17.24684pt too wide) in paragraph at lines 246--246
[]\OT1/cmtt/m/n/10 ## 22 1831-02-01 2022-03-15        Massachusetts            
1 FIPS:25[] 
 []


Overfull \hbox (17.24684pt too wide) in paragraph at lines 246--246
[]\OT1/cmtt/m/n/10 ## 23 1887-06-01 2022-03-15             Michigan            
1 FIPS:26[] 
 []


Overfull \hbox (17.24684pt too wide) in paragraph at lines 246--246
[]\OT1/cmtt/m/n/10 ## 24 1886-01-01 2022-03-15            Minnesota            
1 FIPS:27[] 
 []


Overfull \hbox (17.24684pt too wide) in paragraph at lines 246--246
[]\OT1/cmtt/m/n/10 ## 25 1891-01-01 2022-03-15          Mississippi            
1 FIPS:28[] 
 []


Overfull \hbox (17.24684pt too wide) in paragraph at lines 246--246
[]\OT1/cmtt/m/n/10 ## 26 1890-01-01 2022-03-15             Missouri            
1 FIPS:29[] 
 []


Overfull \hbox (17.24684pt too wide) in paragraph at lines 246--246
[]\OT1/cmtt/m/n/10 ## 27 1891-08-01 2022-03-15              Montana            
1 FIPS:30[] 
 []


Overfull \hbox (17.24684pt too wide) in paragraph at lines 246--246
[]\OT1/cmtt/m/n/10 ## 28 1878-01-01 2022-03-15             Nebraska            
1 FIPS:31[] 
 []


Overfull \hbox (17.24684pt too wide) in paragraph at lines 246--246
[]\OT1/cmtt/m/n/10 ## 29 1877-07-01 2022-03-15               Nevada            
1 FIPS:32[] 
 []


Overfull \hbox (17.24684pt too wide) in paragraph at lines 246--246
[]\OT1/cmtt/m/n/10 ## 30 1868-01-01 2022-03-15        New Hampshire            
1 FIPS:33[] 
 []


Overfull \hbox (17.24684pt too wide) in paragraph at lines 246--246
[]\OT1/cmtt/m/n/10 ## 31 1865-06-01 2022-03-15           New Jersey            
1 FIPS:34[] 
 []


Overfull \hbox (17.24684pt too wide) in paragraph at lines 246--246
[]\OT1/cmtt/m/n/10 ## 32 1870-01-01 2022-03-15           New Mexico            
1 FIPS:35[] 
 []


Overfull \hbox (17.24684pt too wide) in paragraph at lines 246--246
[]\OT1/cmtt/m/n/10 ## 33 1869-01-01 2022-03-15             New York            
1 FIPS:36[] 
 []


Overfull \hbox (17.24684pt too wide) in paragraph at lines 246--246
[]\OT1/cmtt/m/n/10 ## 34 1869-03-01 2022-03-15       North Carolina            
1 FIPS:37[] 
 []


Overfull \hbox (17.24684pt too wide) in paragraph at lines 246--246
[]\OT1/cmtt/m/n/10 ## 35 1891-07-01 2022-03-15         North Dakota            
1 FIPS:38[] 
 []


Overfull \hbox (17.24684pt too wide) in paragraph at lines 246--246
[]\OT1/cmtt/m/n/10 ## 36 1871-01-01 2022-03-15                 Ohio            
1 FIPS:39[] 
 []


Overfull \hbox (17.24684pt too wide) in paragraph at lines 246--246
[]\OT1/cmtt/m/n/10 ## 37 1870-04-01 2022-03-15             Oklahoma            
1 FIPS:40[] 
 []


Overfull \hbox (17.24684pt too wide) in paragraph at lines 246--246
[]\OT1/cmtt/m/n/10 ## 38 1871-11-01 2022-03-15               Oregon            
1 FIPS:41[] 
 []


Overfull \hbox (17.24684pt too wide) in paragraph at lines 246--246
[]\OT1/cmtt/m/n/10 ## 39 1849-04-01 2022-03-15         Pennsylvania            
1 FIPS:42[] 
 []


Overfull \hbox (17.24684pt too wide) in paragraph at lines 246--246
[]\OT1/cmtt/m/n/10 ## 40 1893-01-01 2022-03-15         Rhode Island            
1 FIPS:44[] 
 []


Overfull \hbox (17.24684pt too wide) in paragraph at lines 246--246
[]\OT1/cmtt/m/n/10 ## 41 1849-05-01 2022-03-15       South Carolina            
1 FIPS:45[] 
 []


Overfull \hbox (17.24684pt too wide) in paragraph at lines 246--246
[]\OT1/cmtt/m/n/10 ## 42 1893-01-01 2022-03-15         South Dakota            
1 FIPS:46[] 
 []


Overfull \hbox (17.24684pt too wide) in paragraph at lines 246--246
[]\OT1/cmtt/m/n/10 ## 43 1879-01-01 2022-03-15            Tennessee            
1 FIPS:47[] 
 []


Overfull \hbox (17.24684pt too wide) in paragraph at lines 246--246
[]\OT1/cmtt/m/n/10 ## 44 1852-04-01 2022-03-15                Texas            
1 FIPS:48[] 
 []


Overfull \hbox (17.24684pt too wide) in paragraph at lines 246--246
[]\OT1/cmtt/m/n/10 ## 45 1887-12-01 2022-03-15                 Utah            
1 FIPS:49[] 
 []


Overfull \hbox (17.24684pt too wide) in paragraph at lines 246--246
[]\OT1/cmtt/m/n/10 ## 46 1883-12-01 2022-03-15              Vermont            
1 FIPS:50[] 
 []


Overfull \hbox (17.24684pt too wide) in paragraph at lines 246--246
[]\OT1/cmtt/m/n/10 ## 47 1869-01-01 2022-03-15             Virginia            
1 FIPS:51[] 
 []


Overfull \hbox (17.24684pt too wide) in paragraph at lines 246--246
[]\OT1/cmtt/m/n/10 ## 48 1856-01-01 2022-03-15           Washington            
1 FIPS:53[] 
 []


Overfull \hbox (17.24684pt too wide) in paragraph at lines 246--246
[]\OT1/cmtt/m/n/10 ## 49 1854-01-01 2022-03-15        West Virginia            
1 FIPS:54[] 
 []


Overfull \hbox (17.24684pt too wide) in paragraph at lines 246--246
[]\OT1/cmtt/m/n/10 ## 50 1869-01-01 2022-03-15            Wisconsin            
1 FIPS:55[] 
 []


Overfull \hbox (17.24684pt too wide) in paragraph at lines 246--246
[]\OT1/cmtt/m/n/10 ## 51 1889-01-01 2022-03-15              Wyoming            
1 FIPS:56[] 
 []


Overfull \hbox (148.4957pt too wide) in paragraph at lines 262--262
[][]\OT1/cmtt/m/n/10 ncdc_locs[][]([][]locationcategoryid[][]=[][]^^MCITY^^M[][
],[] []locationid[][]=[][]^^MFIPS:01^^M[][],[] []sortfield[][]=[][]^^Mname^^M[]
[],[] []sortorder[][]=[][]^^Mdesc^^M[][])[][] 
 []


Overfull \hbox (169.49551pt too wide) in paragraph at lines 276--276
[][]\OT1/cmtt/m/n/10 ncdc_datasets[][]([][]locationcategoryid[][]=[][]^^MCITY^^
M[][],[] []locationid[][]=[][]^^MFIPS:01^^M[][],[] []sortfield[][]=[][]^^Mname^
^M[][],[] []sortorder[][]=[][]^^Mdesc^^M[][])[][] 
 []


Overfull \hbox (53.99652pt too wide) in paragraph at lines 318--318
[]\OT1/cmtt/m/n/10 ##                     uid    mindate    maxdate            
            name[] 
 []


Overfull \hbox (53.99652pt too wide) in paragraph at lines 318--318
[]\OT1/cmtt/m/n/10 ## 1  gov.noaa.ncdc:C00708 1994-05-20 2022-03-13   Weather R
adar (Level III)[] 
 []


Overfull \hbox (53.99652pt too wide) in paragraph at lines 318--318
[]\OT1/cmtt/m/n/10 ## 2  gov.noaa.ncdc:C00345 1991-06-05 2022-03-14    Weather 
Radar (Level II)[] 
 []


Overfull \hbox (53.99652pt too wide) in paragraph at lines 318--318
[]\OT1/cmtt/m/n/10 ## 3  gov.noaa.ncdc:C00313 1900-01-01 2014-01-01        Prec
ipitation Hourly[] 
 []


Overfull \hbox (53.99652pt too wide) in paragraph at lines 318--318
[]\OT1/cmtt/m/n/10 ## 4  gov.noaa.ncdc:C00505 1970-05-12 2014-01-01     Precipi
tation 15 Minute[] 
 []


Overfull \hbox (53.99652pt too wide) in paragraph at lines 318--318
[]\OT1/cmtt/m/n/10 ## 5  gov.noaa.ncdc:C00822 2010-01-01 2010-12-01            
 Normals Monthly[] 
 []


Overfull \hbox (53.99652pt too wide) in paragraph at lines 318--318
[]\OT1/cmtt/m/n/10 ## 6  gov.noaa.ncdc:C00824 2010-01-01 2010-12-31            
  Normals Hourly[] 
 []


Overfull \hbox (53.99652pt too wide) in paragraph at lines 318--318
[]\OT1/cmtt/m/n/10 ## 7  gov.noaa.ncdc:C00823 2010-01-01 2010-12-31            
   Normals Daily[] 
 []


Overfull \hbox (53.99652pt too wide) in paragraph at lines 318--318
[]\OT1/cmtt/m/n/10 ## 8  gov.noaa.ncdc:C00821 2010-01-01 2010-01-01     Normals
 Annual/Seasonal[] 
 []


Overfull \hbox (53.99652pt too wide) in paragraph at lines 318--318
[]\OT1/cmtt/m/n/10 ## 9  gov.noaa.ncdc:C00947 1763-01-01 2022-01-01  Global Sum
mary of the Year[] 
 []


Overfull \hbox (53.99652pt too wide) in paragraph at lines 318--318
[]\OT1/cmtt/m/n/10 ## 10 gov.noaa.ncdc:C00946 1763-01-01 2022-03-01 Global Summ
ary of the Month[] 
 []


Overfull \hbox (53.99652pt too wide) in paragraph at lines 318--318
[]\OT1/cmtt/m/n/10 ## 11 gov.noaa.ncdc:C00861 1763-01-01 2022-03-14            
 Daily Summaries[] 
 []

[2] [3] [4] [5]
Package color Info: Redefining color shadecolor on input line 334.

Overfull \hbox (116.99597pt too wide) in paragraph at lines 336--336
[][]\OT1/cmtt/m/n/10 ncdc_stations[][]([][]datasetid[][]=[][]^^MGHCND^^M[][],[]
 []locationid[][]=[][]^^MFIPS:12017^^M[][],[] []stationid[][]=[][]^^MGHCND:USC0
0084289^^M[][])[][] 
 []


Overfull \hbox (74.99634pt too wide) in paragraph at lines 350--350
[]\OT1/cmtt/m/n/10 ##   elevation    mindate    maxdate latitude               
   name datacoverage[] 
 []


Overfull \hbox (74.99634pt too wide) in paragraph at lines 350--350
[]\OT1/cmtt/m/n/10 ## 1      17.7 1899-01-01 2022-03-04 28.80286 INVERNESS 3 SE
, FL US            1[] 
 []


Overfull \hbox (258.74474pt too wide) in paragraph at lines 353--353
[][]\OT1/cmtt/m/n/10 test[] []<-[] []ncdc_stations[][]([][]datasetid[][]=[][]^^
MGHCND^^M[][],[] []locationid[][]=[][]^^MFIPS:01^^M[][],[] []limit[][]=[][]1000
[][],[] []sortfield[] []=[] []^^Mmaxdate^^M[][],[] []sortorder[][]=[][]^^Mdesc^
^M[][])[][] 
 []


Overfull \hbox (253.49478pt too wide) in paragraph at lines 354--354
[][]\OT1/cmtt/m/n/10 test[] []<-[] []ncdc_stations[][]([][]datasetid[][]=[][]^^
MGSOM^^M[][],[] []locationid[][]=[][]^^MFIPS:01^^M[][],[] []limit[][]=[][]1000[
][],[] []sortfield[] []=[] []^^Mmaxdate^^M[][],[] []sortorder[][]=[][]^^Mdesc^^
M[][])[][] 
 []


Overfull \hbox (132.74583pt too wide) in paragraph at lines 375--375
[]\OT1/cmtt/m/n/10 ##   ..$ mindate      : chr [1:996] "2006-09-01" "2003-10-01
" "2008-06-01" "2015-01-01" ...[] 
 []


Overfull \hbox (132.74583pt too wide) in paragraph at lines 375--375
[]\OT1/cmtt/m/n/10 ##   ..$ maxdate      : chr [1:996] "2022-03-01" "2022-02-01
" "2022-02-01" "2022-02-01" ...[] 
 []


Overfull \hbox (431.99323pt too wide) in paragraph at lines 375--375
[]\OT1/cmtt/m/n/10 ##   ..$ name         : chr [1:996] "EUFAULA WEEDON FIELD AI
RPORT, AL US" "WADLEY NR 2, AL US" "ALBERTVILLE 5.5 N, AL US" "MADISON 3.2 W, A
L US" ...[] 
 []


Overfull \hbox (17.24684pt too wide) in paragraph at lines 375--375
[]\OT1/cmtt/m/n/10 ##   ..$ datacoverage : num [1:996] 0.882 0.928 0.988 0.838 
0.922 ...[] 
 []


Overfull \hbox (279.74455pt too wide) in paragraph at lines 375--375
[]\OT1/cmtt/m/n/10 ##   ..$ id           : chr [1:996] "GHCND:USW00063872" "GHC
ND:USC00018608" "GHCND:US1ALMS0022" "GHCND:US1ALLS0026" ...[] 
 []


Overfull \hbox (48.74657pt too wide) in paragraph at lines 375--375
[]\OT1/cmtt/m/n/10 ##   ..$ elevationUnit: chr [1:996] "METERS" "METERS" "METER
S" "METERS" ...[] 
 []


Overfull \hbox (17.24684pt too wide) in paragraph at lines 375--375
[]\OT1/cmtt/m/n/10 ##   ..$ longitude    : num [1:996] -85.1 -85.6 -86.2 -86.8 
-85.5 ...[] 
 []


Overfull \hbox (80.24629pt too wide) in paragraph at lines 391--391
[]\OT1/cmtt/m/n/10 ##  $ mindate      : chr  "2003-10-01" "2008-06-01" "2015-01
-01" "2019-01-01" ...[] 
 []


Overfull \hbox (80.24629pt too wide) in paragraph at lines 391--391
[]\OT1/cmtt/m/n/10 ##  $ maxdate      : chr  "2022-02-01" "2022-02-01" "2022-02
-01" "2022-02-01" ...[] 
 []


Overfull \hbox (305.99432pt too wide) in paragraph at lines 391--391
[]\OT1/cmtt/m/n/10 ##  $ name         : chr  "WADLEY NR 2, AL US" "ALBERTVILLE 
5.5 N, AL US" "MADISON 3.2 W, AL US" "AUBURN 1.2 SSW, AL US" ...[] 
 []


Overfull \hbox (227.24501pt too wide) in paragraph at lines 391--391
[]\OT1/cmtt/m/n/10 ##  $ id           : chr  "GHCND:USC00018608" "GHCND:US1ALMS
0022" "GHCND:US1ALLS0026" "GHCND:US1ALLE0015" ...[] 
 []


Overfull \hbox (59.24648pt too wide) in paragraph at lines 400--400
[]\OT1/cmtt/m/n/10 ##    elevation    mindate    maxdate latitude              
name datacoverage[] 
 []


Overfull \hbox (59.24648pt too wide) in paragraph at lines 400--400
[]\OT1/cmtt/m/n/10 ## 15      75.9 1892-03-01 2022-02-01 32.69212 GREENSBORO, A
L US       0.9539[] 
 []


Overfull \hbox (27.74675pt too wide) in paragraph at lines 402--402
[][]\OT1/cmtt/m/n/10 (startyear[][]=[][]as.numeric[][]([][]format[][]([][]as.Da
te[][](longest[][]$[][]mindate),[] []format[] []=[] []"%Y"[][])))[][] 
 []


Overfull \hbox (24.23291pt too wide) in paragraph at lines 408--408
[][]\OT1/cmtt/m/it/10 #(endyear=as.numeric(format(as.Date(longest$maxdate), for
mat = "%Y")))[][] 
 []


Overfull \hbox (248.24483pt too wide) in paragraph at lines 409--409
[][]\OT1/cmtt/m/n/10 ncdc[][]([][]datasetid[][]=[][]^^MGSOM^^M[][],[] []station
id[][]=longest[][]$[][]id,[] []startdate[] []=[] []^^M2021-01-01^^M[][],[] []en
ddate[] []=[] []^^M2022-01-01^^M[][],[] []datatypeid[][]=[][]^^MTMAX^^M[][])[][
] 
 []


Overfull \hbox (80.24629pt too wide) in paragraph at lines 443--443
[]\OT1/cmtt/m/n/10 ##    date                datatype station           value f
l_a  fl_M  fl_Q  fl_S[] 
 []


Overfull \hbox (85.49625pt too wide) in paragraph at lines 443--443
[]\OT1/cmtt/m/n/10 ##    <chr>               <chr>    <chr>             <dbl> <
chr> <chr> <chr> <chr>[] 
 []


Overfull \hbox (64.49643pt too wide) in paragraph at lines 443--443
[]\OT1/cmtt/m/n/10 ##  1 2021-01-01T00:00:00 TMAX     GHCND:USC00013511  13.3 "
"    ""    ""    7[] 
 []


Overfull \hbox (64.49643pt too wide) in paragraph at lines 443--443
[]\OT1/cmtt/m/n/10 ##  2 2021-02-01T00:00:00 TMAX     GHCND:USC00013511  13.9 "
"    ""    ""    7[] 
 []


Overfull \hbox (64.49643pt too wide) in paragraph at lines 443--443
[]\OT1/cmtt/m/n/10 ##  3 2021-03-01T00:00:00 TMAX     GHCND:USC00013511  21.3 "
"    ""    ""    7[] 
 []


Overfull \hbox (64.49643pt too wide) in paragraph at lines 443--443
[]\OT1/cmtt/m/n/10 ##  4 2021-04-01T00:00:00 TMAX     GHCND:USC00013511  23.2 "
"    ""    ""    7[] 
 []


Overfull \hbox (64.49643pt too wide) in paragraph at lines 443--443
[]\OT1/cmtt/m/n/10 ##  5 2021-05-01T00:00:00 TMAX     GHCND:USC00013511  26.7 "
"    ""    ""    7[] 
 []


Overfull \hbox (64.49643pt too wide) in paragraph at lines 443--443
[]\OT1/cmtt/m/n/10 ##  6 2021-06-01T00:00:00 TMAX     GHCND:USC00013511  29.9 "
"    ""    ""    7[] 
 []


Overfull \hbox (64.49643pt too wide) in paragraph at lines 443--443
[]\OT1/cmtt/m/n/10 ##  7 2021-07-01T00:00:00 TMAX     GHCND:USC00013511  30.8 "
"    ""    ""    7[] 
 []


Overfull \hbox (64.49643pt too wide) in paragraph at lines 443--443
[]\OT1/cmtt/m/n/10 ##  8 2021-08-01T00:00:00 TMAX     GHCND:USC00013511  31.6 "
1"   ""    ""    7[] 
 []


Overfull \hbox (64.49643pt too wide) in paragraph at lines 443--443
[]\OT1/cmtt/m/n/10 ##  9 2021-09-01T00:00:00 TMAX     GHCND:USC00013511  28.0 "
"    ""    ""    7[] 
 []


Overfull \hbox (64.49643pt too wide) in paragraph at lines 443--443
[]\OT1/cmtt/m/n/10 ## 10 2021-10-01T00:00:00 TMAX     GHCND:USC00013511  24.6 "
"    ""    ""    7[] 
 []


Overfull \hbox (64.49643pt too wide) in paragraph at lines 443--443
[]\OT1/cmtt/m/n/10 ## 11 2021-11-01T00:00:00 TMAX     GHCND:USC00013511  17.7 "
"    ""    ""    7[] 
 []


Overfull \hbox (64.49643pt too wide) in paragraph at lines 443--443
[]\OT1/cmtt/m/n/10 ## 12 2021-12-01T00:00:00 TMAX     GHCND:USC00013511  19.6 "
"    ""    ""    7[] 
 []


Overfull \hbox (64.49643pt too wide) in paragraph at lines 443--443
[]\OT1/cmtt/m/n/10 ## 13 2022-01-01T00:00:00 TMAX     GHCND:USC00013511  12.8 "
"    ""    ""    7[] 
 []

[6] [7]
Package color Info: Redefining color shadecolor on input line 451.
LaTeX Font Info:    Try loading font information for OMS+cmtt on input line 453
.
 (/usr/share/R/texmf/tex/latex/omscmtt.fd
File: omscmtt.fd 
)
LaTeX Font Info:    Font shape `OMS/cmtt/m/n' in size <10> not available
(Font)              Font shape `OMS/cmsy/m/n' tried instead on input line 453.

Overfull \hbox (447.74309pt too wide) in paragraph at lines 460--460
[]      []\OT1/cmtt/m/n/10 wtr[[[][]as.character[][](i)]][] []<-[] []ncdc[][]([
][]datasetid[][]=[][]^^MGSOM^^M[][],[] []stationid[][]=stid,[] []datatypeid[][]
=datatype,[] []startdate[] []= start_date,[] []enddate[] []= end_date,[] []limi
t[][]=[][]400[][])[][]$[][]data[][] 
 []


Overfull \hbox (3.2331pt too wide) in paragraph at lines 469--469
[][]\OT1/cmtt/m/it/10 #bind the dataframes in the list together into one large 
dataframe[][] 
 []


Overfull \hbox (195.74529pt too wide) in paragraph at lines 503--503
[]\OT1/cmtt/m/n/10 ##  $ station: chr  "GHCND:USC00013511" "GHCND:USC00013511" 
"GHCND:USC00013511" "GHCND:USC00013511" ...[] 
 []


Overfull \hbox (1.49698pt too wide) in paragraph at lines 507--507
[][]\OT1/cmtt/m/n/10 GSOM[][]$[][]Month[] []=[] []as.numeric[][]([][]format[][]
([][]as.Date[][](GSOM[][]$[][]Date),[] []format[] []=[] []"%m"[][]))[][] 
 []

[8]
Package color Info: Redefining color shadecolor on input line 516.

Overfull \hbox (1077.7376pt too wide) in paragraph at lines 524--524
[]\OT1/cmtt/m/n/10 sumstats = []rbind[](sumstats, []data.frame[](Month = m, TMI
N_Slope = []coef[](TMIN.lm)[2], TMIN_r2 = []summary[](TMIN.lm)$r.squared, TMIN_
p_value= []anova[](TMIN.lm)$[]^^M[]Pr[](>F)^^M[][1], TMAX_Slope = []coef[](TMAX
.lm)[2], TMAX_r2 = []summary[](TMAX.lm)$r.squared, TMAX_p_value= []anova[](TMAX
.lm)$[]^^M[]Pr[](>F)^^M[][1]))[] 
 []


Overfull \hbox (101.24611pt too wide) in paragraph at lines 528--528
[]\OT1/cmtt/m/n/10 (maxmonth = sumstats$Month[sumstats$TMIN_Slope == []max[](su
mstats$TMIN_Slope, na.rm=T)])[] 
 []


Overfull \hbox (101.24611pt too wide) in paragraph at lines 529--529
[]\OT1/cmtt/m/n/10 (maxmonth = sumstats$Month[sumstats$TMAX_Slope == []max[](su
mstats$TMAX_Slope, na.rm=T)])[] 
 []


Overfull \hbox (80.24629pt too wide) in paragraph at lines 536--536
[][]\OT1/cmtt/m/n/10 plot[](TMIN~Date, GSOMsub[GSOMsub$Month==maxmonth,], col=[
]^^Mgray50^^M[], pch=20, xlab=[]""[])[] 
 []


Overfull \hbox (80.24629pt too wide) in paragraph at lines 540--540
[][]\OT1/cmtt/m/n/10 plot[](TMAX~Date, GSOMsub[GSOMsub$Month==maxmonth,], col=[
]^^Mgray50^^M[], pch=20, xlab=[]""[])[] 
 []


Overfull \hbox (179.99542pt too wide) in paragraph at lines 544--544
[][]\OT1/cmtt/m/n/10 text[](i, []coef[](GSOM.lm)[2]*i+[]coef[](GSOM.lm)[1], []p
aste[]([]"p-value"[], []round[]([]anova[](GSOM.lm)$[]^^M[]Pr[](>F)^^M[][1], 4))
)[] 
 []

[9]
Package color Info: Redefining color shadecolor on input line 554.

Overfull \hbox (17.24684pt too wide) in paragraph at lines 560--561
\OT1/cmtt/m/it/10 ## Enabled features: cairo, fontconfig, freetype, ghostscript
, lcms,
 []


Overfull \hbox (87.23236pt too wide) in paragraph at lines 563--563
[][]\OT1/cmtt/m/it/10 #setwd("/home/CAMPUS/mwl04747/github/Climate_Change_Narra
tives/docs/Social_Media")[][] 
 []


Overfull \hbox (228.98112pt too wide) in paragraph at lines 568--568
[][]\OT1/cmtt/m/it/10 #png(paste0("png//Rplot_", i, ".png"), width = 480, heigh
t = 480, units = "px", pointsize = 12, bg = "white")[][] 
 []


Overfull \hbox (80.24629pt too wide) in paragraph at lines 571--571
[][]\OT1/cmtt/m/n/10 plot[][](TMIN[][]~[][]Date, GSOMsub[GSOMsub[][]$[][]Month[
][]==[][]maxmonth,],[] []col[][]=[][]^^Mgray50^^M[][],[] []pch[][]=[][]20[][],[
] []xlab[][]=[][]""[][])[][] 
 []


Overfull \hbox (80.24629pt too wide) in paragraph at lines 575--575
[][]\OT1/cmtt/m/n/10 plot[][](TMAX[][]~[][]Date, GSOMsub[GSOMsub[][]$[][]Month[
][]==[][]maxmonth,],[] []col[][]=[][]^^Mgray50^^M[][],[] []pch[][]=[][]20[][],[
] []xlab[][]=[][]""[][])[][] 
 []


Overfull \hbox (179.99542pt too wide) in paragraph at lines 579--579
[][]\OT1/cmtt/m/n/10 text[][](i,[] []coef[][](GSOM.lm)[[][]2[][]][][]*[][]i[][]
+[][]coef[][](GSOM.lm)[[][]1[][]],[] []paste[][]([][]"p-value"[][],[] []round[]
[]([][]anova[][](GSOM.lm)[][]$[][]^^MPr(>F)^^M[][][[][]1[][]],[] []4[][])))[][]
 
 []


Overfull \hbox (38.24666pt too wide) in paragraph at lines 584--584
[]\OT1/cmtt/m/n/10 ## Error in `[.data.frame`(GSOMsub, GSOMsub$Month == maxmont
h, ): object
 []


Overfull \hbox (6.74693pt too wide) in paragraph at lines 599--599
[]\OT1/cmtt/m/n/10 ## # ... with 7 variables: format <chr>, width <int>, height
 <int>,[] 
 []


Overfull \hbox (6.74693pt too wide) in paragraph at lines 599--599
[]\OT1/cmtt/m/n/10 ## #   colorspace <chr>, matte <lgl>, filesize <int>, densit
y <chr>[] 
 []

[10]
! You can't use `macro parameter character #' in vertical mode.
l.604 #
        Other attempts...
Sorry, but I'm not programmed to handle this case;
I'll just pretend that you didn't ask for it.
If you're in the wrong mode, you might be able to
return to the right one by typing `I}' or `I$' or `I\par'.

Package color Info: Redefining color shadecolor on input line 607.

Overfull \hbox (421.49332pt too wide) in paragraph at lines 609--609
[][]\OT1/cmtt/m/n/10 out[] []<-[] []ncdc[][]([][]datasetid[][]=[][]^^MNORMAL_DL
Y^^M[][],[] []stationid[][]=[][]^^MGHCND:USW00014895^^M[][],[] []datatypeid[][]
=[][]^^Mdly-tmax-normal^^M[][],[] []startdate[] []=[] []^^M2010-05-01^^M[][],[]
 []enddate[] []=[] []^^M2010-05-10^^M[][])[][] 
 []

Package color Info: Redefining color shadecolor on input line 615.

Overfull \hbox (526.4924pt too wide) in paragraph at lines 617--617
[][]\OT1/cmtt/m/n/10 with_units[] []<-[] []ncdc[][]([][]datasetid[][]=[][]^^MGH
CND^^M[][],[] []stationid[][]=[][]^^MGHCND:USW00014895^^M[][],[] []datatypeid[]
[]=[][]^^MPRCP^^M[][],[] []startdate[] []=[] []^^M2010-05-01^^M[][],[] []enddat
e[] []=[] []^^M2010-10-31^^M[][],[] []limit[][]=[][]500[][],[] []add_units[] []
=[] []TRUE[][])[][] 
 []


Overfull \hbox (85.49625pt too wide) in paragraph at lines 630--630
[]\OT1/cmtt/m/n/10 ##   date                datatype station      value fl_m  f
l_q  fl_so fl_t  units[] 
 []


Overfull \hbox (85.49625pt too wide) in paragraph at lines 630--630
[]\OT1/cmtt/m/n/10 ##   <chr>               <chr>    <chr>        <int> <chr> <
chr> <chr> <chr> <chr>[] 
 []


Overfull \hbox (90.7462pt too wide) in paragraph at lines 630--630
[]\OT1/cmtt/m/n/10 ## 1 2010-05-01T00:00:00 PRCP     GHCND:USW00~     0 "T"   "
"    0     2400  mm_te~[] 
 []


Overfull \hbox (90.7462pt too wide) in paragraph at lines 630--630
[]\OT1/cmtt/m/n/10 ## 2 2010-05-02T00:00:00 PRCP     GHCND:USW00~    30 ""    "
"    0     2400  mm_te~[] 
 []


Overfull \hbox (90.7462pt too wide) in paragraph at lines 630--630
[]\OT1/cmtt/m/n/10 ## 3 2010-05-03T00:00:00 PRCP     GHCND:USW00~    51 ""    "
"    0     2400  mm_te~[] 
 []


Overfull \hbox (90.7462pt too wide) in paragraph at lines 630--630
[]\OT1/cmtt/m/n/10 ## 4 2010-05-04T00:00:00 PRCP     GHCND:USW00~     0 "T"   "
"    0     2400  mm_te~[] 
 []


Overfull \hbox (90.7462pt too wide) in paragraph at lines 630--630
[]\OT1/cmtt/m/n/10 ## 5 2010-05-05T00:00:00 PRCP     GHCND:USW00~    18 ""    "
"    0     2400  mm_te~[] 
 []


Overfull \hbox (90.7462pt too wide) in paragraph at lines 630--630
[]\OT1/cmtt/m/n/10 ## 6 2010-05-06T00:00:00 PRCP     GHCND:USW00~    30 ""    "
"    0     2400  mm_te~[] 
 []

Package color Info: Redefining color shadecolor on input line 634.

Overfull \hbox (526.4924pt too wide) in paragraph at lines 636--636
[][]\OT1/cmtt/m/n/10 with_units[] []<-[] []ncdc[][]([][]datasetid[][]=[][]^^MGH
CND^^M[][],[] []stationid[][]=[][]^^MGHCND:USW00014895^^M[][],[] []datatypeid[]
[]=[][]^^MTMAX^^M[][],[] []startdate[] []=[] []^^M2010-05-01^^M[][],[] []enddat
e[] []=[] []^^M2010-10-31^^M[][],[] []limit[][]=[][]500[][],[] []add_units[] []
=[] []TRUE[][])[][] 
 []


Overfull \hbox (80.24629pt too wide) in paragraph at lines 649--649
[]\OT1/cmtt/m/n/10 ##   date                datatype station     value fl_m  fl
_q  fl_so fl_t  units[] 
 []


Overfull \hbox (80.24629pt too wide) in paragraph at lines 649--649
[]\OT1/cmtt/m/n/10 ##   <chr>               <chr>    <chr>       <int> <chr> <c
hr> <chr> <chr> <chr>[] 
 []


Overfull \hbox (90.7462pt too wide) in paragraph at lines 649--649
[]\OT1/cmtt/m/n/10 ## 1 2010-05-01T00:00:00 TMAX     GHCND:USW0~   222 ""    ""
    0     2400  celciu~[] 
 []


Overfull \hbox (90.7462pt too wide) in paragraph at lines 649--649
[]\OT1/cmtt/m/n/10 ## 2 2010-05-02T00:00:00 TMAX     GHCND:USW0~   222 ""    ""
    0     2400  celciu~[] 
 []


Overfull \hbox (90.7462pt too wide) in paragraph at lines 649--649
[]\OT1/cmtt/m/n/10 ## 3 2010-05-03T00:00:00 TMAX     GHCND:USW0~   233 ""    ""
    0     2400  celciu~[] 
 []


Overfull \hbox (90.7462pt too wide) in paragraph at lines 649--649
[]\OT1/cmtt/m/n/10 ## 4 2010-05-04T00:00:00 TMAX     GHCND:USW0~   222 ""    ""
    0     2400  celciu~[] 
 []


Overfull \hbox (90.7462pt too wide) in paragraph at lines 649--649
[]\OT1/cmtt/m/n/10 ## 5 2010-05-05T00:00:00 TMAX     GHCND:USW0~   272 ""    ""
    0     2400  celciu~[] 
 []


Overfull \hbox (90.7462pt too wide) in paragraph at lines 649--649
[]\OT1/cmtt/m/n/10 ## 6 2010-05-06T00:00:00 TMAX     GHCND:USW0~   194 ""    ""
    0     2400  celciu~[] 
 []

[11]
Package color Info: Redefining color shadecolor on input line 654.
 <figure/unnamed-chunk-8-1.pdf, id=102, 505.89pt x 505.89pt>
File: figure/unnamed-chunk-8-1.pdf Graphic file (type pdf)

<use figure/unnamed-chunk-8-1.pdf>
Package pdftex.def Info: figure/unnamed-chunk-8-1.pdf used on input line 659.
(pdftex.def)             Requested size: 345.0pt x 345.00414pt.

Overfull \hbox (15.0pt too wide) in paragraph at lines 659--661
[][]
 []

[12 <./figure/unnamed-chunk-8-1.pdf>]
Overfull \hbox (32.6479pt too wide) in paragraph at lines 669--669
[]\OT1/cmr/bx/n/14.4 Sea Sur-face Tem-per-a-ture Data -- SURP PROJECT
 []

LaTeX Font Info:    External font `cmex10' loaded for size
(Font)              <7> on input line 673.
LaTeX Font Info:    External font `cmex10' loaded for size
(Font)              <5> on input line 673.

Overfull \hbox (32.24684pt too wide) in paragraph at lines 673--674
[][]$\OT1/cmtt/m/n/10 https : / / climexp . knmi . nl / select . cgi ? id = som
eone @ somewhere&field = ersstv5$[] 
 []

Package color Info: Redefining color shadecolor on input line 687.

Overfull \hbox (158.9956pt too wide) in paragraph at lines 696--696
[][]\OT1/cmtt/m/n/10 ersst.nc[] []=[] []"/home/CAMPUS/mwl04747/github/Climate_C
hange_Narratives/Data/FA19/ersst.v5.185401.nc"[][] 
 []


Overfull \hbox (85.49625pt too wide) in paragraph at lines 697--697
[][]\OT1/cmtt/m/n/10 Y1854[] []=[] []"https://www1.ncdc.noaa.gov/pub/data/cmb/e
rsst/v5/ascii/ersst.v5.1854.asc"[][] 
 []


Overfull \hbox (85.49625pt too wide) in paragraph at lines 698--698
[][]\OT1/cmtt/m/n/10 Y1864[] []=[] []"https://www1.ncdc.noaa.gov/pub/data/cmb/e
rsst/v5/ascii/ersst.v5.1864.asc"[][] 
 []


Overfull \hbox (85.49625pt too wide) in paragraph at lines 699--699
[][]\OT1/cmtt/m/n/10 Y1874[] []=[] []"https://www1.ncdc.noaa.gov/pub/data/cmb/e
rsst/v5/ascii/ersst.v5.1874.asc"[][] 
 []


Overfull \hbox (85.49625pt too wide) in paragraph at lines 700--700
[][]\OT1/cmtt/m/n/10 Y1884[] []=[] []"https://www1.ncdc.noaa.gov/pub/data/cmb/e
rsst/v5/ascii/ersst.v5.1884.asc"[][] 
 []


Overfull \hbox (85.49625pt too wide) in paragraph at lines 701--701
[][]\OT1/cmtt/m/n/10 Y1894[] []=[] []"https://www1.ncdc.noaa.gov/pub/data/cmb/e
rsst/v5/ascii/ersst.v5.1894.asc"[][] 
 []


Overfull \hbox (85.49625pt too wide) in paragraph at lines 702--702
[][]\OT1/cmtt/m/n/10 Y1904[] []=[] []"https://www1.ncdc.noaa.gov/pub/data/cmb/e
rsst/v5/ascii/ersst.v5.1904.asc"[][] 
 []


Overfull \hbox (85.49625pt too wide) in paragraph at lines 703--703
[][]\OT1/cmtt/m/n/10 Y1914[] []=[] []"https://www1.ncdc.noaa.gov/pub/data/cmb/e
rsst/v5/ascii/ersst.v5.1914.asc"[][] 
 []


Overfull \hbox (85.49625pt too wide) in paragraph at lines 704--704
[][]\OT1/cmtt/m/n/10 Y1924[] []=[] []"https://www1.ncdc.noaa.gov/pub/data/cmb/e
rsst/v5/ascii/ersst.v5.1924.asc"[][] 
 []


Overfull \hbox (85.49625pt too wide) in paragraph at lines 705--705
[][]\OT1/cmtt/m/n/10 Y1934[] []=[] []"https://www1.ncdc.noaa.gov/pub/data/cmb/e
rsst/v5/ascii/ersst.v5.1934.asc"[][] 
 []


Overfull \hbox (85.49625pt too wide) in paragraph at lines 706--706
[][]\OT1/cmtt/m/n/10 Y1944[] []=[] []"https://www1.ncdc.noaa.gov/pub/data/cmb/e
rsst/v5/ascii/ersst.v5.1944.asc"[][] 
 []


Overfull \hbox (85.49625pt too wide) in paragraph at lines 707--707
[][]\OT1/cmtt/m/n/10 Y1954[] []=[] []"https://www1.ncdc.noaa.gov/pub/data/cmb/e
rsst/v5/ascii/ersst.v5.1954.asc"[][] 
 []


Overfull \hbox (85.49625pt too wide) in paragraph at lines 708--708
[][]\OT1/cmtt/m/n/10 Y1964[] []=[] []"https://www1.ncdc.noaa.gov/pub/data/cmb/e
rsst/v5/ascii/ersst.v5.1964.asc"[][] 
 []


Overfull \hbox (85.49625pt too wide) in paragraph at lines 709--709
[][]\OT1/cmtt/m/n/10 Y1974[] []=[] []"https://www1.ncdc.noaa.gov/pub/data/cmb/e
rsst/v5/ascii/ersst.v5.1974.asc"[][] 
 []


Overfull \hbox (85.49625pt too wide) in paragraph at lines 710--710
[][]\OT1/cmtt/m/n/10 Y1984[] []=[] []"https://www1.ncdc.noaa.gov/pub/data/cmb/e
rsst/v5/ascii/ersst.v5.1984.asc"[][] 
 []


Overfull \hbox (85.49625pt too wide) in paragraph at lines 711--711
[][]\OT1/cmtt/m/n/10 Y1994[] []=[] []"https://www1.ncdc.noaa.gov/pub/data/cmb/e
rsst/v5/ascii/ersst.v5.1994.asc"[][] 
 []


Overfull \hbox (85.49625pt too wide) in paragraph at lines 712--712
[][]\OT1/cmtt/m/n/10 Y2004[] []=[] []"https://www1.ncdc.noaa.gov/pub/data/cmb/e
rsst/v5/ascii/ersst.v5.2004.asc"[][] 
 []


Overfull \hbox (85.49625pt too wide) in paragraph at lines 713--713
[][]\OT1/cmtt/m/n/10 Y2014[] []=[] []"https://www1.ncdc.noaa.gov/pub/data/cmb/e
rsst/v5/ascii/ersst.v5.2014.asc"[][] 
 []


Overfull \hbox (127.49588pt too wide) in paragraph at lines 715--715
[][]\OT1/cmtt/m/n/10 temp[] []=[] []rbind[][]([][]read.table[][](Y1854)[[][]75[
][],[][]67[][]],[] []read.table[][](Y1864)[[][]75[][],[][]67[][]],[] []read.tab
le[][](Y1874)[[][]75[][],[][]67[][]],[][] 
 []


Overfull \hbox (59.24648pt too wide) in paragraph at lines 716--716
[][]\OT1/cmtt/m/n/10 read.table[][](Y1884)[[][]75[][],[][]67[][]],[] []read.tab
le[][](Y1894)[[][]75[][],[][]67[][]],[] []read.table[][](Y1904)[[][]75[][],[][]
67[][]],[][] 
 []


Overfull \hbox (59.24648pt too wide) in paragraph at lines 717--717
[][]\OT1/cmtt/m/n/10 read.table[][](Y1914)[[][]75[][],[][]67[][]],[] []read.tab
le[][](Y1924)[[][]75[][],[][]67[][]],[] []read.table[][](Y1934)[[][]75[][],[][]
67[][]],[][] 
 []


Overfull \hbox (59.24648pt too wide) in paragraph at lines 718--718
[][]\OT1/cmtt/m/n/10 read.table[][](Y1944)[[][]75[][],[][]67[][]],[] []read.tab
le[][](Y1954)[[][]75[][],[][]67[][]],[] []read.table[][](Y1964)[[][]75[][],[][]
67[][]],[][] 
 []


Overfull \hbox (59.24648pt too wide) in paragraph at lines 719--719
[][]\OT1/cmtt/m/n/10 read.table[][](Y1974)[[][]75[][],[][]67[][]],[] []read.tab
le[][](Y1984)[[][]75[][],[][]67[][]],[] []read.table[][](Y1994)[[][]75[][],[][]
67[][]],[][] 
 []


Overfull \hbox (18.98296pt too wide) in paragraph at lines 757--757
[][]\OT1/cmtt/m/it/10 #ncvar_get(ncin, var$sst) object of type ^^Mclosure^^M is
 not subsettable[][] 
 []


Overfull \hbox (1709.46822pt too wide) in paragraph at lines 758--758
[][]\OT1/cmtt/m/it/10 #ncvar_get(ncin, var) second argument to ncvar_get must b
e an object of type ncvar or ncdim (both parts of the ncdf object returned by n
c_open()), the character-string name of a variable or dimension or NA to get th
e default variable from the file.  If the file is netcdf version 4 format and u
ses groups, then the fully qualified var name must be given, for example, model
1/run5/Temperature[][] 
 []


Overfull \hbox (81.9824pt too wide) in paragraph at lines 760--760
[][]\OT1/cmtt/m/n/10 ncvar_get[][](ncin,[] []"sst"[][])[] []\OT1/cmtt/m/it/10 #
spits out the temperatures. but why the negative numbers![][] 
 []

[13]
Underfull \vbox (badness 10000) detected at line 802
 []


Underfull \vbox (badness 10000) detected at line 802
 []

[14] [15]
Package atveryend Info: Empty hook `BeforeClearDocument' on input line 815.
 [16]
Package atveryend Info: Empty hook `AfterLastShipout' on input line 815.
 (./Climate_Records_Animations.aux)
Package atveryend Info: Executing hook `AtVeryEndDocument' on input line 815.
Package atveryend Info: Executing hook `AtEndAfterFileList' on input line 815.
Package rerunfilecheck Info: File `Climate_Records_Animations.out' has not chan
ged.
(rerunfilecheck)             Checksum: 74D75CDCE39AFCA7F229885CDFBC4D61;779.
Package atveryend Info: Empty hook `AtVeryVeryEnd' on input line 815.
 ) 
Here is how much of TeX's memory you used:
 5266 strings out of 494820
 78535 string characters out of 3178050
 198091 words of memory out of 3000000
 8390 multiletter control sequences out of 15000+200000
 8231 words of font info for 30 fonts, out of 3000000 for 9000
 198 hyphenation exceptions out of 8191
 29i,6n,31p,546b,369s stack positions out of 5000i,500n,10000p,200000b,50000s
</usr/share/texlive/texmf-dist/fonts/type1/public/amsfonts/cm/cmbx10.pfb></us
r/share/texlive/texmf-dist/fonts/type1/public/amsfonts/cm/cmbx12.pfb></usr/shar
e/texlive/texmf-dist/fonts/type1/public/amsfonts/cm/cmitt10.pfb></usr/share/tex
live/texmf-dist/fonts/type1/public/amsfonts/cm/cmr10.pfb></usr/share/texlive/te
xmf-dist/fonts/type1/public/amsfonts/cm/cmr12.pfb></usr/share/texlive/texmf-dis
t/fonts/type1/public/amsfonts/cm/cmr17.pfb></usr/share/texlive/texmf-dist/fonts
/type1/public/amsfonts/cm/cmsy10.pfb></usr/share/texlive/texmf-dist/fonts/type1
/public/amsfonts/cm/cmtt10.pfb>
Output written on Climate_Records_Animations.pdf (16 pages, 141720 bytes).
PDF statistics:
 169 PDF objects out of 1000 (max. 8388607)
 139 compressed objects within 2 object streams
 28 named destinations out of 1000 (max. 500000)
 94 words of extra memory for PDF output out of 10000 (max. 10000000)

