\BOOKMARK [1][-]{section.1}{Terrestrial Meteorological Data}{}% 1
\BOOKMARK [2][-]{subsection.1.1}{Selected History of Climate Science}{section.1}% 2
\BOOKMARK [1][-]{section.2}{NOAA Data Records}{}% 3
\BOOKMARK [2][-]{subsection.2.1}{rNOAA Package and R}{section.2}% 4
\BOOKMARK [1][-]{section.3}{Temperature Trends by State}{}% 5
\BOOKMARK [2][-]{subsection.3.1}{State Temperature Records}{section.3}% 6
\BOOKMARK [2][-]{subsection.3.2}{Approach}{section.3}% 7
\BOOKMARK [3][-]{subsubsection.3.2.1}{List of Cities}{subsection.3.2}% 8
\BOOKMARK [3][-]{subsubsection.3.2.2}{Selection Stations}{subsection.3.2}% 9
\BOOKMARK [3][-]{subsubsection.3.2.3}{Select State}{subsection.3.2}% 10
\BOOKMARK [3][-]{subsubsection.3.2.4}{Download GSOM Data using rnoaa}{subsection.3.2}% 11
\BOOKMARK [3][-]{subsubsection.3.2.5}{Functions to Collect and Clean GSOM}{subsection.3.2}% 12
\BOOKMARK [2][-]{subsection.3.3}{Function to Evaluate Months}{section.3}% 13
\BOOKMARK [3][-]{subsubsection.3.3.1}{Determine Months with Biggest Changes}{subsection.3.3}% 14
\BOOKMARK [2][-]{subsection.3.4}{Plot Month with Biggest Changes}{section.3}% 15
\BOOKMARK [3][-]{subsubsection.3.4.1}{Function to report Probabilities}{subsection.3.4}% 16
\BOOKMARK [2][-]{subsection.3.5}{Extreme Temperture Events}{section.3}% 17
\BOOKMARK [3][-]{subsubsection.3.5.1}{Functions to Collect and Clean CHCND}{subsection.3.5}% 18
\BOOKMARK [2][-]{subsection.3.6}{Determine Record Setting Temperatures}{section.3}% 19
\BOOKMARK [2][-]{subsection.3.7}{Iterate TMAX Boxplots}{section.3}% 20
\BOOKMARK [1][-]{section.4}{Plot Results}{}% 21
\BOOKMARK [2][-]{subsection.4.1}{Static Plots}{section.4}% 22
\BOOKMARK [2][-]{subsection.4.2}{Animation}{section.4}% 23
\BOOKMARK [2][-]{subsection.4.3}{KISS}{section.4}% 24
\BOOKMARK [2][-]{subsection.4.4}{Show Map of Location}{section.4}% 25
\BOOKMARK [2][-]{subsection.4.5}{OLD version}{section.4}% 26
\BOOKMARK [1][-]{section.5}{ Other attempts...}{}% 27
\BOOKMARK [2][-]{subsection.5.1}{Evaluating Records}{section.5}% 28
\BOOKMARK [2][-]{subsection.5.2}{Export Options}{section.5}% 29
\BOOKMARK [1][-]{section.6}{Sea Surface Temperature Data \205 SURP PROJECT WAITING TO HAPPEN}{}% 30
\BOOKMARK [1][-]{section.7}{Satellite Data}{}% 31
\BOOKMARK [1][-]{section.8}{Ice-Core Data}{}% 32
