This is pdfTeX, Version 3.1415926-2.5-1.40.14 (TeX Live 2013) (format=pdflatex 2020.5.9)  22 MAY 2022 21:59
entering extended mode
 restricted \write18 enabled.
 %&-line parsing enabled.
**Climate_Records_Animations.tex
(./Climate_Records_Animations.tex
LaTeX2e <2011/06/27>
Babel <v3.8m> and hyphenation patterns for english, dumylang, nohyphenation, uk
rainian, russian, bulgarian, loaded.
(/usr/share/texlive/texmf-dist/tex/latex/base/article.cls
Document Class: article 2007/10/19 v1.4h Standard LaTeX document class
(/usr/share/texlive/texmf-dist/tex/latex/base/size10.clo
File: size10.clo 2007/10/19 v1.4h Standard LaTeX file (size option)
)
\c@part=\count79
\c@section=\count80
\c@subsection=\count81
\c@subsubsection=\count82
\c@paragraph=\count83
\c@subparagraph=\count84
\c@figure=\count85
\c@table=\count86
\abovecaptionskip=\skip41
\belowcaptionskip=\skip42
\bibindent=\dimen102
)
(/usr/share/texlive/texmf-dist/tex/latex/graphics/graphicx.sty
Package: graphicx 1999/02/16 v1.0f Enhanced LaTeX Graphics (DPC,SPQR)

(/usr/share/texlive/texmf-dist/tex/latex/graphics/keyval.sty
Package: keyval 1999/03/16 v1.13 key=value parser (DPC)
\KV@toks@=\toks14
)
(/usr/share/texlive/texmf-dist/tex/latex/graphics/graphics.sty
Package: graphics 2009/02/05 v1.0o Standard LaTeX Graphics (DPC,SPQR)

(/usr/share/texlive/texmf-dist/tex/latex/graphics/trig.sty
Package: trig 1999/03/16 v1.09 sin cos tan (DPC)
)
(/usr/share/texlive/texmf-dist/tex/latex/latexconfig/graphics.cfg
File: graphics.cfg 2010/04/23 v1.9 graphics configuration of TeX Live
)
Package graphics Info: Driver file: pdftex.def on input line 91.

(/usr/share/texlive/texmf-dist/tex/latex/pdftex-def/pdftex.def
File: pdftex.def 2011/05/27 v0.06d Graphics/color for pdfTeX

(/usr/share/texlive/texmf-dist/tex/generic/oberdiek/infwarerr.sty
Package: infwarerr 2010/04/08 v1.3 Providing info/warning/error messages (HO)
)
(/usr/share/texlive/texmf-dist/tex/generic/oberdiek/ltxcmds.sty
Package: ltxcmds 2011/11/09 v1.22 LaTeX kernel commands for general use (HO)
)
\Gread@gobject=\count87
))
\Gin@req@height=\dimen103
\Gin@req@width=\dimen104
)
(/usr/share/texlive/texmf-dist/tex/latex/graphics/color.sty
Package: color 2005/11/14 v1.0j Standard LaTeX Color (DPC)

(/usr/share/texlive/texmf-dist/tex/latex/latexconfig/color.cfg
File: color.cfg 2007/01/18 v1.5 color configuration of teTeX/TeXLive
)
Package color Info: Driver file: pdftex.def on input line 130.
)
(/usr/share/texlive/texmf-dist/tex/latex/framed/framed.sty
Package: framed 2011/10/22 v 0.96: framed or shaded text with page breaks
\OuterFrameSep=\skip43
\fb@frw=\dimen105
\fb@frh=\dimen106
\FrameRule=\dimen107
\FrameSep=\dimen108
)
(/usr/share/texlive/texmf-dist/tex/latex/base/alltt.sty
Package: alltt 1997/06/16 v2.0g defines alltt environment
)
(/usr/share/texlive/texmf-dist/tex/latex/hyperref/hyperref.sty
Package: hyperref 2012/11/06 v6.83m Hypertext links for LaTeX

(/usr/share/texlive/texmf-dist/tex/generic/oberdiek/hobsub-hyperref.sty
Package: hobsub-hyperref 2012/05/28 v1.13 Bundle oberdiek, subset hyperref (HO)


(/usr/share/texlive/texmf-dist/tex/generic/oberdiek/hobsub-generic.sty
Package: hobsub-generic 2012/05/28 v1.13 Bundle oberdiek, subset generic (HO)
Package: hobsub 2012/05/28 v1.13 Construct package bundles (HO)
Package hobsub Info: Skipping package `infwarerr' (already loaded).
Package hobsub Info: Skipping package `ltxcmds' (already loaded).
Package: ifluatex 2010/03/01 v1.3 Provides the ifluatex switch (HO)
Package ifluatex Info: LuaTeX not detected.
Package: ifvtex 2010/03/01 v1.5 Detect VTeX and its facilities (HO)
Package ifvtex Info: VTeX not detected.
Package: intcalc 2007/09/27 v1.1 Expandable calculations with integers (HO)
Package: ifpdf 2011/01/30 v2.3 Provides the ifpdf switch (HO)
Package ifpdf Info: pdfTeX in PDF mode is detected.
Package: etexcmds 2011/02/16 v1.5 Avoid name clashes with e-TeX commands (HO)
Package etexcmds Info: Could not find \expanded.
(etexcmds)             That can mean that you are not using pdfTeX 1.50 or
(etexcmds)             that some package has redefined \expanded.
(etexcmds)             In the latter case, load this package earlier.
Package: kvsetkeys 2012/04/25 v1.16 Key value parser (HO)
Package: kvdefinekeys 2011/04/07 v1.3 Define keys (HO)
Package: pdftexcmds 2011/11/29 v0.20 Utility functions of pdfTeX for LuaTeX (HO
)
Package pdftexcmds Info: LuaTeX not detected.
Package pdftexcmds Info: \pdf@primitive is available.
Package pdftexcmds Info: \pdf@ifprimitive is available.
Package pdftexcmds Info: \pdfdraftmode found.
Package: pdfescape 2011/11/25 v1.13 Implements pdfTeX's escape features (HO)
Package: bigintcalc 2012/04/08 v1.3 Expandable calculations on big integers (HO
)
Package: bitset 2011/01/30 v1.1 Handle bit-vector datatype (HO)
Package: uniquecounter 2011/01/30 v1.2 Provide unlimited unique counter (HO)
)
Package hobsub Info: Skipping package `hobsub' (already loaded).
Package: letltxmacro 2010/09/02 v1.4 Let assignment for LaTeX macros (HO)
Package: hopatch 2012/05/28 v1.2 Wrapper for package hooks (HO)
Package: xcolor-patch 2011/01/30 xcolor patch
Package: atveryend 2011/06/30 v1.8 Hooks at the very end of document (HO)
Package atveryend Info: \enddocument detected (standard20110627).
Package: atbegshi 2011/10/05 v1.16 At begin shipout hook (HO)
Package: refcount 2011/10/16 v3.4 Data extraction from label references (HO)
Package: hycolor 2011/01/30 v1.7 Color options for hyperref/bookmark (HO)
)
(/usr/share/texlive/texmf-dist/tex/generic/ifxetex/ifxetex.sty
Package: ifxetex 2010/09/12 v0.6 Provides ifxetex conditional
)
(/usr/share/texlive/texmf-dist/tex/latex/oberdiek/auxhook.sty
Package: auxhook 2011/03/04 v1.3 Hooks for auxiliary files (HO)
)
(/usr/share/texlive/texmf-dist/tex/latex/oberdiek/kvoptions.sty
Package: kvoptions 2011/06/30 v3.11 Key value format for package options (HO)
)
\@linkdim=\dimen109
\Hy@linkcounter=\count88
\Hy@pagecounter=\count89

(/usr/share/texlive/texmf-dist/tex/latex/hyperref/pd1enc.def
File: pd1enc.def 2012/11/06 v6.83m Hyperref: PDFDocEncoding definition (HO)
)
\Hy@SavedSpaceFactor=\count90

(/usr/share/texlive/texmf-dist/tex/latex/latexconfig/hyperref.cfg
File: hyperref.cfg 2002/06/06 v1.2 hyperref configuration of TeXLive
)
Package hyperref Info: Hyper figures OFF on input line 4443.
Package hyperref Info: Link nesting OFF on input line 4448.
Package hyperref Info: Hyper index ON on input line 4451.
Package hyperref Info: Plain pages OFF on input line 4458.
Package hyperref Info: Backreferencing OFF on input line 4463.
Package hyperref Info: Implicit mode ON; LaTeX internals redefined.
Package hyperref Info: Bookmarks ON on input line 4688.
\c@Hy@tempcnt=\count91

(/usr/share/texlive/texmf-dist/tex/latex/url/url.sty
\Urlmuskip=\muskip10
Package: url 2006/04/12  ver 3.3  Verb mode for urls, etc.
)
LaTeX Info: Redefining \url on input line 5041.
\XeTeXLinkMargin=\dimen110
\Fld@menulength=\count92
\Field@Width=\dimen111
\Fld@charsize=\dimen112
Package hyperref Info: Hyper figures OFF on input line 6295.
Package hyperref Info: Link nesting OFF on input line 6300.
Package hyperref Info: Hyper index ON on input line 6303.
Package hyperref Info: backreferencing OFF on input line 6310.
Package hyperref Info: Link coloring OFF on input line 6315.
Package hyperref Info: Link coloring with OCG OFF on input line 6320.
Package hyperref Info: PDF/A mode OFF on input line 6325.
LaTeX Info: Redefining \ref on input line 6365.
LaTeX Info: Redefining \pageref on input line 6369.
\Hy@abspage=\count93
\c@Item=\count94
\c@Hfootnote=\count95
)

Package hyperref Message: Driver (autodetected): hpdftex.

(/usr/share/texlive/texmf-dist/tex/latex/hyperref/hpdftex.def
File: hpdftex.def 2012/11/06 v6.83m Hyperref driver for pdfTeX
\Fld@listcount=\count96
\c@bookmark@seq@number=\count97

(/usr/share/texlive/texmf-dist/tex/latex/oberdiek/rerunfilecheck.sty
Package: rerunfilecheck 2011/04/15 v1.7 Rerun checks for auxiliary files (HO)
Package uniquecounter Info: New unique counter `rerunfilecheck' on input line 2
82.
)
\Hy@SectionHShift=\skip44
)
(/usr/share/texlive/texmf-dist/tex/latex/upquote/upquote.sty
Package: upquote 2012/04/19 v1.3 upright-quote and grave-accent glyphs in verba
tim
)
(./Climate_Records_Animations.aux)
\openout1 = `Climate_Records_Animations.aux'.

LaTeX Font Info:    Checking defaults for OML/cmm/m/it on input line 72.
LaTeX Font Info:    ... okay on input line 72.
LaTeX Font Info:    Checking defaults for T1/cmr/m/n on input line 72.
LaTeX Font Info:    ... okay on input line 72.
LaTeX Font Info:    Checking defaults for OT1/cmr/m/n on input line 72.
LaTeX Font Info:    ... okay on input line 72.
LaTeX Font Info:    Checking defaults for OMS/cmsy/m/n on input line 72.
LaTeX Font Info:    ... okay on input line 72.
LaTeX Font Info:    Checking defaults for OMX/cmex/m/n on input line 72.
LaTeX Font Info:    ... okay on input line 72.
LaTeX Font Info:    Checking defaults for U/cmr/m/n on input line 72.
LaTeX Font Info:    ... okay on input line 72.
LaTeX Font Info:    Checking defaults for PD1/pdf/m/n on input line 72.
LaTeX Font Info:    ... okay on input line 72.

(/usr/share/texlive/texmf-dist/tex/context/base/supp-pdf.mkii
[Loading MPS to PDF converter (version 2006.09.02).]
\scratchcounter=\count98
\scratchdimen=\dimen113
\scratchbox=\box26
\nofMPsegments=\count99
\nofMParguments=\count100
\everyMPshowfont=\toks15
\MPscratchCnt=\count101
\MPscratchDim=\dimen114
\MPnumerator=\count102
\makeMPintoPDFobject=\count103
\everyMPtoPDFconversion=\toks16
) (/usr/share/texlive/texmf-dist/tex/latex/oberdiek/epstopdf-base.sty
Package: epstopdf-base 2010/02/09 v2.5 Base part for package epstopdf

(/usr/share/texlive/texmf-dist/tex/latex/oberdiek/grfext.sty
Package: grfext 2010/08/19 v1.1 Manage graphics extensions (HO)
)
Package grfext Info: Graphics extension search list:
(grfext)             [.png,.pdf,.jpg,.mps,.jpeg,.jbig2,.jb2,.PNG,.PDF,.JPG,.JPE
G,.JBIG2,.JB2,.eps]
(grfext)             \AppendGraphicsExtensions on input line 452.

(/usr/share/texlive/texmf-dist/tex/latex/latexconfig/epstopdf-sys.cfg
File: epstopdf-sys.cfg 2010/07/13 v1.3 Configuration of (r)epstopdf for TeX Liv
e
))
\AtBeginShipoutBox=\box27
Package hyperref Info: Link coloring OFF on input line 72.

(/usr/share/texlive/texmf-dist/tex/latex/hyperref/nameref.sty
Package: nameref 2012/10/27 v2.43 Cross-referencing by name of section

(/usr/share/texlive/texmf-dist/tex/generic/oberdiek/gettitlestring.sty
Package: gettitlestring 2010/12/03 v1.4 Cleanup title references (HO)
)
\c@section@level=\count104
)
LaTeX Info: Redefining \ref on input line 72.
LaTeX Info: Redefining \pageref on input line 72.
LaTeX Info: Redefining \nameref on input line 72.

(./Climate_Records_Animations.out) (./Climate_Records_Animations.out)
\@outlinefile=\write3
\openout3 = `Climate_Records_Animations.out'.

LaTeX Font Info:    External font `cmex10' loaded for size
(Font)              <12> on input line 74.
LaTeX Font Info:    External font `cmex10' loaded for size
(Font)              <8> on input line 74.
LaTeX Font Info:    External font `cmex10' loaded for size
(Font)              <6> on input line 74.
 [1

{/usr/share/texlive/texmf/fonts/map/pdftex/updmap/pdftex.map}]
Overfull \hbox (9.44128pt too wide) in paragraph at lines 109--110
\OT1/cmr/m/n/10 tions in each. We'll use ncdc[]locs() func-tions to se-lect eac
h state and ncdc[]station()
 []

Package color Info: Redefining color shadecolor on input line 112.
LaTeX Font Info:    Font shape `OT1/cmtt/bx/n' in size <10> not available
(Font)              Font shape `OT1/cmtt/m/n' tried instead on input line 115.

Overfull \hbox (5.30496pt too wide) in paragraph at lines 123--124
[]\OT1/cmr/m/n/10 The func-tion queries the NOAA web-site and re-trieves state 
codes, ``FIPS:XX''. 
 []

Package color Info: Redefining color shadecolor on input line 137.
LaTeX Font Info:    Try loading font information for OMS+cmtt on input line 144
.
(/usr/share/R/texmf/tex/latex/omscmtt.fd
File: omscmtt.fd 
)
LaTeX Font Info:    Font shape `OMS/cmtt/m/n' in size <10> not available
(Font)              Font shape `OMS/cmsy/m/n' tried instead on input line 144.
 [2]
Package color Info: Redefining color shadecolor on input line 160.
Package color Info: Redefining color shadecolor on input line 175.

Overfull \hbox (29.48286pt too wide) in paragraph at lines 189--189
[] []\OT1/cmtt/m/it/10 #  GSOM_Coverage[GSOM_Coverage$mindate == min(GSOM_Cover
age$mindate),][][] 
 []

Package color Info: Redefining color shadecolor on input line 201.

Overfull \hbox (59.24648pt too wide) in paragraph at lines 207--207
[]\OT1/cmtt/m/n/10 ##     elevation    mindate    maxdate latitude             
name datacoverage[] 
 []


Overfull \hbox (59.24648pt too wide) in paragraph at lines 207--207
[]\OT1/cmtt/m/n/10 ## 165    1420.1 1893-07-01 2022-03-01  31.7119 TOMBSTONE, A
Z US       0.9301[] 
 []

Package color Info: Redefining color shadecolor on input line 214.
[3]
Package color Info: Redefining color shadecolor on input line 226.

Overfull \hbox (90.7462pt too wide) in paragraph at lines 246--246
[]   []\OT1/cmtt/m/n/10 http.csv[] []<-[] []"https://www.ncei.noaa.gov/data/glo
bal-summary-of-the-month/access/"[][] 
 []

Package color Info: Redefining color shadecolor on input line 260.

Overfull \hbox (1.49698pt too wide) in paragraph at lines 311--311
[][]\OT1/cmtt/m/n/10 GSOM[][]$[][]Month[] []=[] []as.numeric[][]([][]format[][]
([][]as.Date[][](GSOM[][]$[][]Date),[] []format[] []=[] []"%m"[][]))[][] 
 []

[4]
Package color Info: Redefining color shadecolor on input line 325.
 [5]
Overfull \hbox (38.24666pt too wide) in paragraph at lines 336--336
[]   []\OT1/cmtt/m/n/10 r2[] []=[] []summary[][](TMIN.lm)[][]$[][]r.squared,[] 
[]p_value[][]=[] []anova[][](TMIN.lm)[][]$[][]^^MPr(>F)^^M[][][[][]1[][]]),[][]
 
 []


Overfull \hbox (38.24666pt too wide) in paragraph at lines 338--338
[]   []\OT1/cmtt/m/n/10 r2[] []=[] []summary[][](TMAX.lm)[][]$[][]r.squared,[] 
[]p_value[][]=[] []anova[][](TMAX.lm)[][]$[][]^^MPr(>F)^^M[][][[][]1[][]]),[][]
 
 []


Overfull \hbox (27.74675pt too wide) in paragraph at lines 340--340
[]   []\OT1/cmtt/m/n/10 r2[] []=[] []summary[][](PPT.lm)[][]$[][]r.squared,[] [
]p_value[][]=[] []anova[][](PPT.lm)[][]$[][]^^MPr(>F)^^M[][][[][]1[][]]))[][] 
 []


Overfull \hbox (38.24666pt too wide) in paragraph at lines 364--364
[]   []\OT1/cmtt/m/n/10 r2[] []=[] []summary[][](TMIN.lm)[][]$[][]r.squared,[] 
[]p_value[][]=[] []anova[][](TMIN.lm)[][]$[][]^^MPr(>F)^^M[][][[][]1[][]]),[][]
 
 []


Overfull \hbox (38.24666pt too wide) in paragraph at lines 366--366
[]   []\OT1/cmtt/m/n/10 r2[] []=[] []summary[][](TMAX.lm)[][]$[][]r.squared,[] 
[]p_value[][]=[] []anova[][](TMAX.lm)[][]$[][]^^MPr(>F)^^M[][][[][]1[][]]),[][]
 
 []


Overfull \hbox (27.74675pt too wide) in paragraph at lines 368--368
[]   []\OT1/cmtt/m/n/10 r2[] []=[] []summary[][](PPT.lm)[][]$[][]r.squared,[] [
]p_value[][]=[] []anova[][](PPT.lm)[][]$[][]^^MPr(>F)^^M[][][[][]1[][]]))[][] 
 []


Underfull \vbox (badness 7667) detected at line 386
 []

[6]
Package color Info: Redefining color shadecolor on input line 392.

Overfull \hbox (1.49698pt too wide) in paragraph at lines 397--397
[]      []\OT1/cmtt/m/n/10 paste[][]([][]"="[][],[] []round[][](pvalue,[] []3[]
[]),[] []"(Statistically Significant)"[][]))[][] 
 []


Overfull \hbox (1.49698pt too wide) in paragraph at lines 399--399
[]   []\OT1/cmtt/m/n/10 if[][](pvalue[] []<[] []0.001[][])[] []return[][]([][]"
< 0.001 (Statisically Significant)"[][])[][] 
 []


Overfull \hbox (1.49698pt too wide) in paragraph at lines 412--412
[]         []\OT1/cmtt/m/n/10 return[][]([][]paste[][]([][]"Change "[][],[] []r
ound[][]([][]coef[][](lm)[[][]2[][]][][]*[][]356.25[][]*[][]100[][],[] []1[][])
,[][] 
 []


Overfull \hbox (22.4968pt too wide) in paragraph at lines 413--413
[]         []\OT1/cmtt/m/n/10 "/100 years, "[][],[] []"p-value ="[][],[] []roun
d[][]([][]anova[][](lm)[][]$[][]^^MPr(>F)^^M[][][[][]1[][]],[] []3[][]),[][] 
 []


Overfull \hbox (1.49698pt too wide) in paragraph at lines 417--417
[]         []\OT1/cmtt/m/n/10 return[][]([][]paste[][]([][]"Change "[][],[] []r
ound[][]([][]coef[][](lm)[[][]2[][]][][]*[][]325.25[][]*[][]100[][],[] []1[][])
,[][] 
 []


Overfull \hbox (27.74675pt too wide) in paragraph at lines 418--418
[]         []\OT1/cmtt/m/n/10 "/100 years, "[][],[] []"p-value < 0.001 (Statist
ically Significant)"[][],[][] 
 []

Missing character: There is no Â in font cmtt10!
Missing character: There is no ° in font cmtt10!

Overfull \hbox (143.24574pt too wide) in paragraph at lines 434--434
[]      []\OT1/cmtt/m/n/10 temp[,[][]1[][]][] []<-[] []paste[][]([][]"Change: "
[][],[] []round[][]([][]coef[][](lm)[[][]2[][]][][]*[][]356.25[][]*[][]100[][],
[] []1[][]),[] []"F/100 years"[][],[] []sep[][]=[][]""[][]);[][] 
 []


Overfull \hbox (69.74638pt too wide) in paragraph at lines 435--435
[]      []\OT1/cmtt/m/n/10 temp[,[][]2[][]][] []<-[] []paste[][]([][]"p-value =
 "[][],[] []round[][]([][]anova[][](lm)[][]$[][]^^MPr(>F)^^M[][][[][]1[][]],[] 
[]3[][]),[] []sep[][]=[][]""[][]);[][] 
 []

Missing character: There is no Â in font cmtt10!
Missing character: There is no ° in font cmtt10!

Overfull \hbox (143.24574pt too wide) in paragraph at lines 440--440
[]      []\OT1/cmtt/m/n/10 temp[,[][]1[][]][] []<-[] []paste[][]([][]"Change: "
[][],[] []round[][]([][]coef[][](lm)[[][]2[][]][][]*[][]356.25[][]*[][]100[][],
[] []1[][]),[] []"F/100 years"[][],[] []sep[][]=[][]""[][]);[][] 
 []

[7]
Package color Info: Redefining color shadecolor on input line 455.

Overfull \hbox (53.99652pt too wide) in paragraph at lines 457--457
[][]\OT1/cmtt/m/n/10 setwd[][]([][]"/home/CAMPUS/mwl04747/github/Climate_Change
_Narratives/Social_Media"[][])[][] 
 []


Overfull \hbox (358.49387pt too wide) in paragraph at lines 458--458
[][]\OT1/cmtt/m/n/10 png[][]([][]paste0[][]([][]"png//"[][], fips[][]$[][]State
,[] []"-"[][], stid,[] []"-GSOMmonthly.png"[][]),[] []width[] []=[] []480[][],[
] []height[] []=[] []320[][],[] []units[] []=[] []"px"[][],[] []pointsize[] []=
[] []12[][],[] []bg[] []=[] []"white"[][])[][] 
 []

Missing character: There is no Â in font cmtt10!
Missing character: There is no ° in font cmtt10!

Overfull \hbox (6.74693pt too wide) in paragraph at lines 489--489
[][]\OT1/cmtt/m/n/10 location_index[] []=[] []round[][]([][]length[][](GSOM[GSO
M[][]$[][]Year[][]>[][]1975[][],][][]$[][]Date)[] []*[] []0.99[][],[][]0[][])[]
[] 
 []

[8]
Package color Info: Redefining color shadecolor on input line 510.

Overfull \hbox (363.74382pt too wide) in paragraph at lines 523--523
[][]\OT1/cmtt/m/n/10 png[][]([][]paste0[][]([][]"png//"[][], fips[][]$[][]State
,[] []"-"[][], stid,[] []"-GSOM-anomoly.png"[][]),[] []width[] []=[] []480[][],
[] []height[] []=[] []320[][],[] []units[] []=[] []"px"[][],[] []pointsize[] []
=[] []12[][],[] []bg[] []=[] []"white"[][])[][] 
 []

Missing character: There is no Â in font cmtt10!
Missing character: There is no ° in font cmtt10!

Overfull \hbox (106.49606pt too wide) in paragraph at lines 526--526
[][]\OT1/cmtt/m/n/10 plot[][](TMAX.anom[][]~[][]Date, GSOM.2,[] []pch[][]=[][]2
0[][],[] []cex[][]=[][].5[][],[] []col[][]=[][]"grey"[][],[] []ylab[][]=[][]"Ma
x. Temp (anomaly) F"[][])[][] 
 []


Overfull \hbox (59.24648pt too wide) in paragraph at lines 540--540
[][]\OT1/cmtt/m/n/10 ymax[][]=[][]max[][](GSOM.2[][]$[][]TMAX.anom)[] []-[] [](
[][]max[][](GSOM.2[][]$[][]TMAX.anom)[][]-[][]min[][](GSOM.2[][]$[][]TMAX.anom)
)[][]*[][].3[][] 
 []


Overfull \hbox (27.74675pt too wide) in paragraph at lines 543--543
[][]\OT1/cmtt/m/n/10 location_index[] []=[] []round[][]([][]length[][](GSOM.2[G
SOM.2[][]$[][]Year[][]>[][]1975[][],][][]$[][]Date)[] []*[] []0.99[][],[][]3[][
])[][] 
 []


Overfull \hbox (59.24648pt too wide) in paragraph at lines 565--565
[][]\OT1/cmtt/m/n/10 ymax[][]=[][]max[][](GSOM.2[][]$[][]TMAX.anom)[] []-[] [](
[][]max[][](GSOM.2[][]$[][]TMAX.anom)[][]-[][]min[][](GSOM.2[][]$[][]TMAX.anom)
)[][]*[][].7[][] 
 []


Overfull \hbox (27.74675pt too wide) in paragraph at lines 568--568
[][]\OT1/cmtt/m/n/10 location_index[] []=[] []round[][]([][]length[][](GSOM.2[G
SOM.2[][]$[][]Year[][]>[][]1975[][],][][]$[][]Date)[] []*[] []0.99[][],[][]0[][
])[][] 
 []

[9] [10]

! LaTeX Error: Environment graphic undefined.

See the LaTeX manual or LaTeX Companion for explanation.
Type  H <return>  for immediate help.
 ...                                              
                                                  
l.583 \begin{graphic}
                     
Your command was ignored.
Type  I <command> <return>  to replace it with another command,
or  <return>  to continue without it.


</home/CAMPUS/mwl04747/github/Climate_Change_Narratives/Social_Media/png/Arizon
a-USC00028619-GSOM-anomoly.png, id=207, 481.8pt x 321.2pt>
File: /home/CAMPUS/mwl04747/github/Climate_Change_Narratives/Social_Media/png/A
rizona-USC00028619-GSOM-anomoly.png Graphic file (type png)

<use /home/CAMPUS/mwl04747/github/Climate_Change_Narratives/Social_Media/png/Ar
izona-USC00028619-GSOM-anomoly.png>
Package pdftex.def Info: /home/CAMPUS/mwl04747/github/Climate_Change_Narratives
/Social_Media/png/Arizona-USC00028619-GSOM-anomoly.png used on input line 584.
(pdftex.def)             Requested size: 345.0pt x 230.00424pt.


! LaTeX Error: \begin{document} ended by \end{graphic}.

See the LaTeX manual or LaTeX Companion for explanation.
Type  H <return>  for immediate help.
 ...                                              
                                                  
l.585 \end{graphic}
                   
Your command was ignored.
Type  I <command> <return>  to replace it with another command,
or  <return>  to continue without it.


Overfull \hbox (15.0pt too wide) in paragraph at lines 584--586
[][]
 []


Underfull \hbox (badness 10000) in paragraph at lines 584--586

 []

Package color Info: Redefining color shadecolor on input line 590.
Package color Info: Redefining color shadecolor on input line 612.
[11 </home/CAMPUS/mwl04747/github/Climate_Change_Narratives/Social_Media/png/Ar
izona-USC00028619-GSOM-anomoly.png (PNG copy)>]
LaTeX Font Info:    External font `cmex10' loaded for size
(Font)              <7> on input line 637.
LaTeX Font Info:    External font `cmex10' loaded for size
(Font)              <5> on input line 637.
Package color Info: Redefining color shadecolor on input line 718.
 [12]
Overfull \hbox (174.74547pt too wide) in paragraph at lines 728--728
[][]\OT1/cmtt/m/n/10 CHCND.https[] []<-[] []"https://www.ncei.noaa.gov/data/glo
bal-historical-climatology-network-daily/access/"[][] 
 []


Overfull \hbox (22.4968pt too wide) in paragraph at lines 733--733
[]   []\OT1/cmtt/m/n/10 selected[] []=[] []subset[][](import,[] []select[][]=[]
[]c[][]([][]"DATE"[][],[] []"TMAX"[][],[] []"TMIN"[][],[] []"PRCP"[][]))[][] 
 []


Overfull \hbox (11.99689pt too wide) in paragraph at lines 751--751
[][]\OT1/cmtt/m/n/10 CHCND[][]$[][]Month[] []=[] []as.numeric[][]([][]format[][
]([][]as.Date[][](CHCND[][]$[][]Date),[] []format[] []=[] []"%m"[][]))[][] 
 []


Overfull \hbox (17.24684pt too wide) in paragraph at lines 752--752
[][]\OT1/cmtt/m/n/10 CHCND[][]$[][]Month.name[] []=[] []factor[][]([][]format[]
[]([][]as.Date[][](CHCND[][]$[][]Date),[] []format[] []=[] []"%b"[][]),[][] 
 []


Overfull \hbox (11.99689pt too wide) in paragraph at lines 753--753
[]         []\OT1/cmtt/m/n/10 levels[] []=[] []c[][]([][]"Jan"[][],[] []"Feb"[]
[],[] []"Mar"[][],[] []"Apr"[][],[] []"May"[][],[] []"Jun"[][],[] []"Jul"[][],[
][] 
 []


Overfull \hbox (6.74693pt too wide) in paragraph at lines 776--776
[][]\OT1/cmtt/m/n/10 CHCND[][]$[][]Year[] []=[] []as.numeric[][]([][]format[][]
([][]as.Date[][](CHCND[][]$[][]Date),[] []format[] []=[] []"%Y"[][]))[][] 
 []


Overfull \hbox (48.74657pt too wide) in paragraph at lines 788--788
[]\OT1/cmtt/m/n/10 ##         DATE   TMAX  TMIN PRCP       Date Month Month.nam
e Year  YearDay[] 
 []


Overfull \hbox (48.74657pt too wide) in paragraph at lines 788--788
[]\OT1/cmtt/m/n/10 ## 1 1893-07-01 100.04 64.94    0 1893-07-01     7        Ju
l 1893 1893.497[] 
 []


Overfull \hbox (48.74657pt too wide) in paragraph at lines 788--788
[]\OT1/cmtt/m/n/10 ## 2 1893-07-02  98.06 66.02    0 1893-07-02     7        Ju
l 1893 1893.500[] 
 []


Overfull \hbox (48.74657pt too wide) in paragraph at lines 788--788
[]\OT1/cmtt/m/n/10 ## 3 1893-07-03  98.96 64.04    0 1893-07-03     7        Ju
l 1893 1893.503[] 
 []


Overfull \hbox (48.74657pt too wide) in paragraph at lines 788--788
[]\OT1/cmtt/m/n/10 ## 4 1893-07-04 100.94 60.08  269 1893-07-04     7        Ju
l 1893 1893.505[] 
 []


Overfull \hbox (48.74657pt too wide) in paragraph at lines 788--788
[]\OT1/cmtt/m/n/10 ## 5 1893-07-05  89.96 57.92    0 1893-07-05     7        Ju
l 1893 1893.508[] 
 []


Overfull \hbox (48.74657pt too wide) in paragraph at lines 788--788
[]\OT1/cmtt/m/n/10 ## 6 1893-07-06  98.06 66.02    0 1893-07-06     7        Ju
l 1893 1893.511[] 
 []

[13] [14]
Package color Info: Redefining color shadecolor on input line 803.

Overfull \hbox (38.24666pt too wide) in paragraph at lines 806--806
[][]\OT1/cmtt/m/n/10 CHCND[][]$[][]Season[CHCND[][]$[][]Month[][]==[][]4[] []|[
] []CHCND[][]$[][]Month[][]==[][]5[] []|[] []CHCND[][]$[][]Month[][]==[][]6[][]
][] []=[] []"Spring"[][] 
 []


Overfull \hbox (38.24666pt too wide) in paragraph at lines 807--807
[][]\OT1/cmtt/m/n/10 CHCND[][]$[][]Season[CHCND[][]$[][]Month[][]==[][]7[] []|[
] []CHCND[][]$[][]Month[][]==[][]8[] []|[] []CHCND[][]$[][]Month[][]==[][]9[][]
][] []=[] []"Summer"[][] 
 []


Overfull \hbox (43.49661pt too wide) in paragraph at lines 808--808
[][]\OT1/cmtt/m/n/10 CHCND[][]$[][]Season[CHCND[][]$[][]Month[][]==[][]10[] []|
[] []CHCND[][]$[][]Month[][]==[][]11[] []|[] []CHCND[][]$[][]Month[][]==[][]12[
][]][] []=[] []"Fall"[][] 
 []


Overfull \hbox (38.24666pt too wide) in paragraph at lines 812--812
[][]\OT1/cmtt/m/n/10 PRCP.Season.Total[] []=[] []aggregate[][](PRCP[][]~[][]Sea
son[][]+[][]Year,[] []data[][]=CHCND, sum,[] []na.rm[][]=T)[][] 
 []

Package color Info: Redefining color shadecolor on input line 818.

Overfull \hbox (15.77684pt too wide) in paragraph at lines 830--831
[]\OT1/cmtt/m/n/10 ## Warning: Removed 579 rows containing missing values (geom
[]point).[] 
 []

<figure/unnamed-chunk-10-1.pdf, id=228, 505.89pt x 505.89pt>
File: figure/unnamed-chunk-10-1.pdf Graphic file (type pdf)

<use figure/unnamed-chunk-10-1.pdf>
Package pdftex.def Info: figure/unnamed-chunk-10-1.pdf used on input line 833.
(pdftex.def)             Requested size: 345.0pt x 345.00414pt.

Overfull \hbox (15.0pt too wide) in paragraph at lines 833--834
[][] 
 []

[15]
Package color Info: Redefining color shadecolor on input line 841.

Overfull \hbox (26.27675pt too wide) in paragraph at lines 856--857
[]\OT1/cmtt/m/n/10 ## Warning: Removed 1 rows containing non-finite values (sta
t[]smooth).[] 
 []


Overfull \hbox (26.27675pt too wide) in paragraph at lines 858--859
[]\OT1/cmtt/m/n/10 ## Warning: Removed 2 rows containing missing values (positi
on[]stack).[] 
 []

<figure/unnamed-chunk-11-1.pdf, id=233, 505.89pt x 505.89pt>
File: figure/unnamed-chunk-11-1.pdf Graphic file (type pdf)

<use figure/unnamed-chunk-11-1.pdf>
Package pdftex.def Info: figure/unnamed-chunk-11-1.pdf used on input line 861.
(pdftex.def)             Requested size: 345.0pt x 345.00414pt.

Overfull \hbox (15.0pt too wide) in paragraph at lines 861--862
[][] 
 []

[16 <./figure/unnamed-chunk-10-1.pdf>]
Overfull \hbox (176.48158pt too wide) in paragraph at lines 863--863
[][]\OT1/cmtt/m/it/10 # + geom_smooth(data= PRCP.Season.Total, aes(x=Year, y = 
PRCP, color = Season, group=Season), se=F)[][] 
 []

Package color Info: Redefining color shadecolor on input line 871.

Overfull \hbox (27.74675pt too wide) in paragraph at lines 878--878
[]   []\OT1/cmtt/m/n/10 run.length.df[] []=[] []data.frame[][]([][]Year[] []=[]
 []rep[][](i,[] []length[][](run.length[][]$[][]values)),[][] 
 []


Overfull \hbox (38.24666pt too wide) in paragraph at lines 893--893
[]\OT1/cmtt/m/n/10 ##  $ Year   : int  1893 1893 1893 1893 1893 1893 1893 1893 
1893 1893 ...[] 
 []


Overfull \hbox (6.74693pt too wide) in paragraph at lines 915--915
[][]\OT1/cmtt/m/n/10 points[][](lengths[][]~[][]Year, Drought.run.100,[] []pch[
][]=[][]20[][],[] []col[][]=[][]"purple"[][],[] []cex[][]=[][].5[][])[][] 
 []

[17 <./figure/unnamed-chunk-11-1.pdf>]
<figure/unnamed-chunk-12-1.pdf, id=255, 505.89pt x 505.89pt>
File: figure/unnamed-chunk-12-1.pdf Graphic file (type pdf)

<use figure/unnamed-chunk-12-1.pdf>
Package pdftex.def Info: figure/unnamed-chunk-12-1.pdf used on input line 923.
(pdftex.def)             Requested size: 345.0pt x 345.00414pt.

Overfull \hbox (15.0pt too wide) in paragraph at lines 923--924
[][] 
 []

[18]
Overfull \hbox (32.9967pt too wide) in paragraph at lines 950--950
[][]\OT1/cmtt/m/n/10 Drought.run.lm[] []<-[] []lm[][](lengths[][]~[][]Year, Dro
ught.run[Drought.run[][]$[][]lengths[][]>[][]10[][],])[][] 
 []


Overfull \hbox (32.9967pt too wide) in paragraph at lines 972--972
[]\OT1/cmtt/m/n/10 ## lm(formula = lengths ~ Year, data = Drought.run[Drought.r
un$lengths >[] 
 []


Overfull \hbox (27.74675pt too wide) in paragraph at lines 974--974
[][]\OT1/cmtt/m/n/10 text[][]([][]min[][](Drought.run[][]$[][]Year,[] []na.rm[]
[]=T),[] []max[][](Drought.run[][]$[][]lengths,[] []na.rm[][]=T),[][] 
 []


Overfull \hbox (53.99652pt too wide) in paragraph at lines 975--975
[]     []\OT1/cmtt/m/n/10 paste[][]([][]"Slope (x100) = "[][],[] []round[][]([]
[]coef[][](Drought.run.lm)[[][]2[][]][][]*[][]100[][],[] []3[][])),[] []pos[][]
=[][]4[][])[][] 
 []

[19 <./figure/unnamed-chunk-12-1.pdf>]
<figure/unnamed-chunk-12-2.pdf, id=270, 505.89pt x 505.89pt>
File: figure/unnamed-chunk-12-2.pdf Graphic file (type pdf)

<use figure/unnamed-chunk-12-2.pdf>
Package pdftex.def Info: figure/unnamed-chunk-12-2.pdf used on input line 978.
(pdftex.def)             Requested size: 345.0pt x 345.00414pt.

Overfull \hbox (15.0pt too wide) in paragraph at lines 978--979
[][] 
 []

[20]
Package color Info: Redefining color shadecolor on input line 988.

Overfull \hbox (22.4968pt too wide) in paragraph at lines 1019--1019
[]\OT1/cmtt/m/n/10 ## Error in xy.coords(x, y, xlabel, ylabel, log): 'x' and 'y
' lengths
 []


Overfull \hbox (17.24684pt too wide) in paragraph at lines 1025--1025
[]\OT1/cmtt/m/n/10 ## Error in plot.xy(xy.coords(x, y), type = type, ...): plot
.new has
 []

[21 <./figure/unnamed-chunk-12-2.pdf>]
Package color Info: Redefining color shadecolor on input line 1043.

Overfull \hbox (1.49698pt too wide) in paragraph at lines 1051--1051
[]\OT1/cmtt/m/n/10 ##  [1] "DATE"       "TMAX"       "TMIN"       "PRCP"       
"Date"[] 
 []


Overfull \hbox (11.99689pt too wide) in paragraph at lines 1051--1051
[]\OT1/cmtt/m/n/10 ##  [6] "Month"      "Month.name" "Year"       "YearDay"    
"Season"[] 
 []


Overfull \hbox (17.24684pt too wide) in paragraph at lines 1051--1051
[]\OT1/cmtt/m/n/10 ## [11] "PRCP.count" "Decade"     "mmdd"       "minTMIN"    
"maxTMAX"[] 
 []


Overfull \hbox (59.24648pt too wide) in paragraph at lines 1066--1066
[]   []\OT1/cmtt/m/n/10 geom_point[][]([][]data[] []= CHCND,[] []aes[][]([][]y[
][]=TMIN,[] []x[][]=YearDay),[] []size[][]=[][].05[][],[] []color[][]=[][]"gray
"[][])[] []+[][] 
 []


Overfull \hbox (174.74547pt too wide) in paragraph at lines 1067--1067
[]   []\OT1/cmtt/m/n/10 geom_bar[][]([][]data[] []= records,[] []aes[][]([][]x[
][]=Year,[] []y[][]=Num,[] []fill[][]=Group),[] []stat[][]=[][]"identity"[][],[
] []position[][]=[][]"identity"[][])[] []+[][] 
 []


Overfull \hbox (137.99579pt too wide) in paragraph at lines 1070--1070
[]   []\OT1/cmtt/m/n/10 scale_fill_manual[][]([][]"Legend"[][],[] []values[] []
=[] []c[][]([][]"Record Highs"[] []=[] []"red"[][],[] []"Record Lows"[] []=[] [
]"blue"[][]))[] []+[][] 
 []


Overfull \hbox (69.74638pt too wide) in paragraph at lines 1071--1071
[]   []\OT1/cmtt/m/n/10 geom_smooth[][]([][]data[] []= CHCND,[] []aes[][]([][]y
[][]=TMIN,[] []x[][]=YearDay),[] []method[] []=[] []"lm"[][],[] []se[] []=[] []
FALSE[][])[][] 
 []


Overfull \hbox (36.77666pt too wide) in paragraph at lines 1077--1078
[]\OT1/cmtt/m/n/10 ## Warning: Removed 539 rows containing non-finite values (s
tat[]smooth).[] 
 []


Overfull \hbox (15.77684pt too wide) in paragraph at lines 1079--1080
[]\OT1/cmtt/m/n/10 ## Warning: Removed 539 rows containing missing values (geom
[]point).[] 
 []

[22] <figure/unnamed-chunk-14-1.pdf, id=288, 505.89pt x 505.89pt>
File: figure/unnamed-chunk-14-1.pdf Graphic file (type pdf)

<use figure/unnamed-chunk-14-1.pdf>
Package pdftex.def Info: figure/unnamed-chunk-14-1.pdf used on input line 1082.

(pdftex.def)             Requested size: 345.0pt x 345.00414pt.

Overfull \hbox (15.0pt too wide) in paragraph at lines 1082--1083
[][] 
 []

[23 <./figure/unnamed-chunk-14-1.pdf>]
Missing character: There is no Â in font cmitt10!
Missing character: There is no ° in font cmitt10!
Package color Info: Redefining color shadecolor on input line 1106.

Overfull \hbox (6.74693pt too wide) in paragraph at lines 1109--1109
[]\OT1/cmtt/m/n/10 ## Error in `[.data.frame`(GSOM, GSOM$Month == maxmonth & GS
OM$Year
 []

Package color Info: Redefining color shadecolor on input line 1121.

Overfull \hbox (6.74693pt too wide) in paragraph at lines 1195--1195
[]\OT1/cmtt/m/n/10 ## Error in `[.data.frame`(GSOM, GSOM$Month == maxmonth & GS
OM$Year
 []

[24]
Underfull \vbox (badness 10000) detected at line 1199
 []


Underfull \vbox (badness 10000) detected at line 1199
 []

[25]
Package color Info: Redefining color shadecolor on input line 1206.
Package color Info: Redefining color shadecolor on input line 1214.

Overfull \hbox (22.4968pt too wide) in paragraph at lines 1216--1216
[][]\OT1/cmtt/m/n/10 GSOM_animation[] []<-[] []image_animate[][](img,[] []fps[]
 []=[] []1[][],[] []loop[][]=[][]2[][],[] []optimize[] []=[] []TRUE[][])[][] 
 []


Overfull \hbox (17.24684pt too wide) in paragraph at lines 1218--1218
[][]\OT1/cmtt/m/n/10 setwd[][]([][]"/home/CAMPUS/mwl04747/github/Climate_Change
_Narratives/docs/"[][])[][] 
 []


Overfull \hbox (153.74565pt too wide) in paragraph at lines 1219--1219
[][]\OT1/cmtt/m/n/10 image_write[][](GSOM_animation,[] []paste[][]([][]"Climate
_gifs/"[][], fips[][]$[][]State,[] []"-"[][], stid,[] []"_GSOM.gif"[][],[] []se
p[][]=[][]""[][]))[][] 
 []


Overfull \hbox (49.58652pt too wide) in paragraph at lines 1223--1223
[]\OT1/cmtt/m/n/10 ## Warning in image[]write(GSOM[]animation, paste("Climate[]
gifs/", fips$State,
 []

Package color Info: Redefining color shadecolor on input line 1229.

Overfull \hbox (6.74693pt too wide) in paragraph at lines 1232--1232
[]\OT1/cmtt/m/n/10 ## Error in `[.data.frame`(GSOM, GSOM$Month == maxmonth & GS
OM$Year
 []

Package color Info: Redefining color shadecolor on input line 1242.

Overfull \hbox (59.24648pt too wide) in paragraph at lines 1248--1249
[]\OT1/cmtt/m/it/10 ## Google's Terms of Service: https://cloud.google.com/maps
-platform/terms/.[] 
 []


Overfull \hbox (27.74675pt too wide) in paragraph at lines 1250--1250
[]\OT1/cmtt/m/it/10 ## Please cite ggmap if you use it! See citation("ggmap") f
or details.[] 
 []


Overfull \hbox (1.49698pt too wide) in paragraph at lines 1279--1279
[][]\OT1/cmtt/m/n/10 source[][]=[][]"stamen"[][],[] []maptype[][]=[][]"terrain"
[][],[] []messaging[] []=[] []FALSE[][],[] []crop[][]=[][]FALSE[][])[][] 
 []


Overfull \hbox (410.99341pt too wide) in paragraph at lines 1283--1284
[]\OT1/cmtt/m/it/10 ## Source : https://maps.googleapis.com/maps/api/staticmap?
center=31.7119,-110.0686&zoom=7&size=640x640&scale=2&maptype=terrain&key=xxx-5a
itKDI[] 
 []

[26] [27] <figure/unnamed-chunk-15-1.pdf, id=316, 505.89pt x 505.89pt>
File: figure/unnamed-chunk-15-1.pdf Graphic file (type pdf)

<use figure/unnamed-chunk-15-1.pdf>
Package pdftex.def Info: figure/unnamed-chunk-15-1.pdf used on input line 1323.

(pdftex.def)             Requested size: 345.0pt x 345.00414pt.

Overfull \hbox (15.0pt too wide) in paragraph at lines 1323--1324
[][] 
 []

[28 <./figure/unnamed-chunk-15-1.pdf>]
Package color Info: Redefining color shadecolor on input line 1346.

Overfull \hbox (332.2441pt too wide) in paragraph at lines 1350--1350
[][]\OT1/cmtt/m/n/10 incidents[][]=[] []read.csv[][]([][]^^Mhttps://raw.githubu
sercontent.com/lgellis/MiscTutorial/master/ggmap/i2Sample.csv^^M[][],[] []strin
gsAsFactors[] []=[] []FALSE[][])[][] 
 []


Overfull \hbox (60.98259pt too wide) in paragraph at lines 1352--1352
[][]\OT1/cmtt/m/it/10 #B) Download the extra dataset with the most dangerous Se
attle cities as per:[][] 
 []


Overfull \hbox (263.99469pt too wide) in paragraph at lines 1356--1356
[][]\OT1/cmtt/m/n/10 n[] []<-[] []read.csv[][]([][]^^Mhttps://raw.githubusercon
tent.com/lgellis/MiscTutorial/master/ggmap/n.csv^^M[][],[] []stringsAsFactors[]
 []=[] []FALSE[][])[][] 
 []


Overfull \hbox (22.4968pt too wide) in paragraph at lines 1369--1369
[][]\OT1/cmtt/m/n/10 col1[] []=[] []"#011f4b"[][]; col2[] []=[] []"#6497b1"[][]
; col3[] []=[] []"#b3cde0"[][]; col4[] []=[] []"#CC0000"[][] 
 []


Overfull \hbox (24.23291pt too wide) in paragraph at lines 1381--1381
[][]\OT1/cmtt/m/it/10 #create a display label to the n data frame (dangerous ne
ighbourhoods)[][] 
 []


Overfull \hbox (32.9967pt too wide) in paragraph at lines 1386--1386
[][]\OT1/cmtt/m/n/10 p[] []<-[] []ggmap[][]([][]get_googlemap[][]([][]center[] 
[]=[] []c[][]([][]lon[] []=[] []-[][]122.335167[][],[] []lat[] []=[] []47.60801
3[][]),[][] 
 []


Overfull \hbox (363.74382pt too wide) in paragraph at lines 1390--1390
[][]\OT1/cmtt/m/n/10 p[] []+[] []geom_point[][]([][]aes[][]([][]x[] []= Longitu
de,[] []y[] []= Latitude,[]  []colour[] []= Initial.Type.Group),[] []data[] []=
 i2,[] []size[] []=[] []0.5[][])[] []+[] []theme[][]([][]legend.position[][]=[]
[]"bottom"[][])[][] 
 []

[29]
Package color Info: Redefining color shadecolor on input line 1405.

Overfull \hbox (1.49698pt too wide) in paragraph at lines 1417--1417
[][]\OT1/cmtt/m/n/10 out[] []<-[] []ncdc[][]([][]datasetid[][]=[][]^^MNORMAL_DL
Y^^M[][],[] []stationid[][]=[][]^^MGHCND:USW00014895^^M[][],[][] 
 []


Overfull \hbox (6.74693pt too wide) in paragraph at lines 1418--1418
[]            []\OT1/cmtt/m/n/10 datatypeid[][]=[][]^^Mdly-tmax-normal^^M[][],[
] []startdate[] []=[] []^^M2010-05-01^^M[][],[][] 
 []

Package color Info: Redefining color shadecolor on input line 1426.

Overfull \hbox (11.99689pt too wide) in paragraph at lines 1428--1428
[][]\OT1/cmtt/m/n/10 with_units[] []<-[] []ncdc[][]([][]datasetid[][]=[][]^^MGH
CND^^M[][],[] []stationid[][]=[][]^^MGHCND:USW00014895^^M[][],[][] 
 []


Overfull \hbox (27.74675pt too wide) in paragraph at lines 1430--1430
[]                   []\OT1/cmtt/m/n/10 enddate[] []=[] []^^M2010-10-31^^M[][],
[] []limit[][]=[][]500[][],[] []add_units[] []=[] []TRUE[][])[][] 
 []


Overfull \hbox (80.24629pt too wide) in paragraph at lines 1443--1443
[]\OT1/cmtt/m/n/10 ##   date                datatype station     value fl_m  fl
_q  fl_so fl_t  units[] 
 []


Overfull \hbox (80.24629pt too wide) in paragraph at lines 1443--1443
[]\OT1/cmtt/m/n/10 ##   <chr>               <chr>    <chr>       <int> <chr> <c
hr> <chr> <chr> <chr>[] 
 []


Overfull \hbox (90.7462pt too wide) in paragraph at lines 1443--1443
[]\OT1/cmtt/m/n/10 ## 1 2010-05-01T00:00:00 TMAX     GHCND:USW0~   222 ""    ""
    0     2400  celciu~[] 
 []


Overfull \hbox (90.7462pt too wide) in paragraph at lines 1443--1443
[]\OT1/cmtt/m/n/10 ## 2 2010-05-02T00:00:00 TMAX     GHCND:USW0~   222 ""    ""
    0     2400  celciu~[] 
 []


Overfull \hbox (90.7462pt too wide) in paragraph at lines 1443--1443
[]\OT1/cmtt/m/n/10 ## 3 2010-05-03T00:00:00 TMAX     GHCND:USW0~   233 ""    ""
    0     2400  celciu~[] 
 []


Overfull \hbox (90.7462pt too wide) in paragraph at lines 1443--1443
[]\OT1/cmtt/m/n/10 ## 4 2010-05-04T00:00:00 TMAX     GHCND:USW0~   222 ""    ""
    0     2400  celciu~[] 
 []


Overfull \hbox (90.7462pt too wide) in paragraph at lines 1443--1443
[]\OT1/cmtt/m/n/10 ## 5 2010-05-05T00:00:00 TMAX     GHCND:USW0~   272 ""    ""
    0     2400  celciu~[] 
 []


Overfull \hbox (90.7462pt too wide) in paragraph at lines 1443--1443
[]\OT1/cmtt/m/n/10 ## 6 2010-05-06T00:00:00 TMAX     GHCND:USW0~   194 ""    ""
    0     2400  celciu~[] 
 []


Overfull \hbox (32.6479pt too wide) in paragraph at lines 1456--1456
[]\OT1/cmr/bx/n/14.4 Sea Sur-face Tem-per-a-ture Data -- SURP PROJECT
 []

[30]
Overfull \hbox (32.24684pt too wide) in paragraph at lines 1460--1461
[][]$\OT1/cmtt/m/n/10 https : / / climexp . knmi . nl / select . cgi ? id = som
eone @ somewhere&field = ersstv5$[] 
 []

Package color Info: Redefining color shadecolor on input line 1474.

Overfull \hbox (158.9956pt too wide) in paragraph at lines 1483--1483
[][]\OT1/cmtt/m/n/10 ersst.nc[] []=[] []"/home/CAMPUS/mwl04747/github/Climate_C
hange_Narratives/Data/FA19/ersst.v5.185401.nc"[][] 
 []


Overfull \hbox (85.49625pt too wide) in paragraph at lines 1484--1484
[][]\OT1/cmtt/m/n/10 Y1854[] []=[] []"https://www1.ncdc.noaa.gov/pub/data/cmb/e
rsst/v5/ascii/ersst.v5.1854.asc"[][] 
 []


Overfull \hbox (85.49625pt too wide) in paragraph at lines 1485--1485
[][]\OT1/cmtt/m/n/10 Y1864[] []=[] []"https://www1.ncdc.noaa.gov/pub/data/cmb/e
rsst/v5/ascii/ersst.v5.1864.asc"[][] 
 []


Overfull \hbox (85.49625pt too wide) in paragraph at lines 1486--1486
[][]\OT1/cmtt/m/n/10 Y1874[] []=[] []"https://www1.ncdc.noaa.gov/pub/data/cmb/e
rsst/v5/ascii/ersst.v5.1874.asc"[][] 
 []


Overfull \hbox (85.49625pt too wide) in paragraph at lines 1487--1487
[][]\OT1/cmtt/m/n/10 Y1884[] []=[] []"https://www1.ncdc.noaa.gov/pub/data/cmb/e
rsst/v5/ascii/ersst.v5.1884.asc"[][] 
 []


Overfull \hbox (85.49625pt too wide) in paragraph at lines 1488--1488
[][]\OT1/cmtt/m/n/10 Y1894[] []=[] []"https://www1.ncdc.noaa.gov/pub/data/cmb/e
rsst/v5/ascii/ersst.v5.1894.asc"[][] 
 []


Overfull \hbox (85.49625pt too wide) in paragraph at lines 1489--1489
[][]\OT1/cmtt/m/n/10 Y1904[] []=[] []"https://www1.ncdc.noaa.gov/pub/data/cmb/e
rsst/v5/ascii/ersst.v5.1904.asc"[][] 
 []


Overfull \hbox (85.49625pt too wide) in paragraph at lines 1490--1490
[][]\OT1/cmtt/m/n/10 Y1914[] []=[] []"https://www1.ncdc.noaa.gov/pub/data/cmb/e
rsst/v5/ascii/ersst.v5.1914.asc"[][] 
 []


Overfull \hbox (85.49625pt too wide) in paragraph at lines 1491--1491
[][]\OT1/cmtt/m/n/10 Y1924[] []=[] []"https://www1.ncdc.noaa.gov/pub/data/cmb/e
rsst/v5/ascii/ersst.v5.1924.asc"[][] 
 []


Overfull \hbox (85.49625pt too wide) in paragraph at lines 1492--1492
[][]\OT1/cmtt/m/n/10 Y1934[] []=[] []"https://www1.ncdc.noaa.gov/pub/data/cmb/e
rsst/v5/ascii/ersst.v5.1934.asc"[][] 
 []


Overfull \hbox (85.49625pt too wide) in paragraph at lines 1493--1493
[][]\OT1/cmtt/m/n/10 Y1944[] []=[] []"https://www1.ncdc.noaa.gov/pub/data/cmb/e
rsst/v5/ascii/ersst.v5.1944.asc"[][] 
 []


Overfull \hbox (85.49625pt too wide) in paragraph at lines 1494--1494
[][]\OT1/cmtt/m/n/10 Y1954[] []=[] []"https://www1.ncdc.noaa.gov/pub/data/cmb/e
rsst/v5/ascii/ersst.v5.1954.asc"[][] 
 []


Overfull \hbox (85.49625pt too wide) in paragraph at lines 1495--1495
[][]\OT1/cmtt/m/n/10 Y1964[] []=[] []"https://www1.ncdc.noaa.gov/pub/data/cmb/e
rsst/v5/ascii/ersst.v5.1964.asc"[][] 
 []


Overfull \hbox (85.49625pt too wide) in paragraph at lines 1496--1496
[][]\OT1/cmtt/m/n/10 Y1974[] []=[] []"https://www1.ncdc.noaa.gov/pub/data/cmb/e
rsst/v5/ascii/ersst.v5.1974.asc"[][] 
 []


Overfull \hbox (85.49625pt too wide) in paragraph at lines 1497--1497
[][]\OT1/cmtt/m/n/10 Y1984[] []=[] []"https://www1.ncdc.noaa.gov/pub/data/cmb/e
rsst/v5/ascii/ersst.v5.1984.asc"[][] 
 []


Overfull \hbox (85.49625pt too wide) in paragraph at lines 1498--1498
[][]\OT1/cmtt/m/n/10 Y1994[] []=[] []"https://www1.ncdc.noaa.gov/pub/data/cmb/e
rsst/v5/ascii/ersst.v5.1994.asc"[][] 
 []


Overfull \hbox (85.49625pt too wide) in paragraph at lines 1499--1499
[][]\OT1/cmtt/m/n/10 Y2004[] []=[] []"https://www1.ncdc.noaa.gov/pub/data/cmb/e
rsst/v5/ascii/ersst.v5.2004.asc"[][] 
 []


Overfull \hbox (85.49625pt too wide) in paragraph at lines 1500--1500
[][]\OT1/cmtt/m/n/10 Y2014[] []=[] []"https://www1.ncdc.noaa.gov/pub/data/cmb/e
rsst/v5/ascii/ersst.v5.2014.asc"[][] 
 []


Overfull \hbox (127.49588pt too wide) in paragraph at lines 1502--1502
[][]\OT1/cmtt/m/n/10 temp[] []=[] []rbind[][]([][]read.table[][](Y1854)[[][]75[
][],[][]67[][]],[] []read.table[][](Y1864)[[][]75[][],[][]67[][]],[] []read.tab
le[][](Y1874)[[][]75[][],[][]67[][]],[][] 
 []


Overfull \hbox (59.24648pt too wide) in paragraph at lines 1503--1503
[][]\OT1/cmtt/m/n/10 read.table[][](Y1884)[[][]75[][],[][]67[][]],[] []read.tab
le[][](Y1894)[[][]75[][],[][]67[][]],[] []read.table[][](Y1904)[[][]75[][],[][]
67[][]],[][] 
 []


Overfull \hbox (59.24648pt too wide) in paragraph at lines 1504--1504
[][]\OT1/cmtt/m/n/10 read.table[][](Y1914)[[][]75[][],[][]67[][]],[] []read.tab
le[][](Y1924)[[][]75[][],[][]67[][]],[] []read.table[][](Y1934)[[][]75[][],[][]
67[][]],[][] 
 []


Overfull \hbox (59.24648pt too wide) in paragraph at lines 1505--1505
[][]\OT1/cmtt/m/n/10 read.table[][](Y1944)[[][]75[][],[][]67[][]],[] []read.tab
le[][](Y1954)[[][]75[][],[][]67[][]],[] []read.table[][](Y1964)[[][]75[][],[][]
67[][]],[][] 
 []


Overfull \hbox (59.24648pt too wide) in paragraph at lines 1506--1506
[][]\OT1/cmtt/m/n/10 read.table[][](Y1974)[[][]75[][],[][]67[][]],[] []read.tab
le[][](Y1984)[[][]75[][],[][]67[][]],[] []read.table[][](Y1994)[[][]75[][],[][]
67[][]],[][] 
 []


Overfull \hbox (18.98296pt too wide) in paragraph at lines 1544--1544
[][]\OT1/cmtt/m/it/10 #ncvar_get(ncin, var$sst) object of type ^^Mclosure^^M is
 not subsettable[][] 
 []


Overfull \hbox (1709.46822pt too wide) in paragraph at lines 1545--1545
[][]\OT1/cmtt/m/it/10 #ncvar_get(ncin, var) second argument to ncvar_get must b
e an object of type ncvar or ncdim (both parts of the ncdf object returned by n
c_open()), the character-string name of a variable or dimension or NA to get th
e default variable from the file.  If the file is netcdf version 4 format and u
ses groups, then the fully qualified var name must be given, for example, model
1/run5/Temperature[][] 
 []


Overfull \hbox (81.9824pt too wide) in paragraph at lines 1547--1547
[][]\OT1/cmtt/m/n/10 ncvar_get[][](ncin,[] []"sst"[][])[] []\OT1/cmtt/m/it/10 #
spits out the temperatures. but why the negative numbers![][] 
 []

[31]
Underfull \vbox (badness 10000) detected at line 1589
 []


Underfull \vbox (badness 10000) detected at line 1589
 []

[32]
Package atveryend Info: Empty hook `BeforeClearDocument' on input line 1602.
 [33] [34]
Package atveryend Info: Empty hook `AfterLastShipout' on input line 1602.
 (./Climate_Records_Animations.aux)
Package atveryend Info: Executing hook `AtVeryEndDocument' on input line 1602.
Package atveryend Info: Executing hook `AtEndAfterFileList' on input line 1602.

Package rerunfilecheck Info: File `Climate_Records_Animations.out' has not chan
ged.
(rerunfilecheck)             Checksum: 2944D6D6BD6A4AD2795057A3AB5BEBF6;2830.
Package atveryend Info: Empty hook `AtVeryVeryEnd' on input line 1602.
 ) 
Here is how much of TeX's memory you used:
 5375 strings out of 494820
 80930 string characters out of 3178050
 180108 words of memory out of 3000000
 8444 multiletter control sequences out of 15000+200000
 8231 words of font info for 30 fonts, out of 3000000 for 9000
 198 hyphenation exceptions out of 8191
 29i,10n,31p,449b,379s stack positions out of 5000i,500n,10000p,200000b,50000s
</usr/share/texlive/texmf-dist/fonts/type1/public/amsfonts/cm/cmbx10.pfb></us
r/share/texlive/texmf-dist/fonts/type1/public/amsfonts/cm/cmbx12.pfb></usr/shar
e/texlive/texmf-dist/fonts/type1/public/amsfonts/cm/cmitt10.pfb></usr/share/tex
live/texmf-dist/fonts/type1/public/amsfonts/cm/cmr10.pfb></usr/share/texlive/te
xmf-dist/fonts/type1/public/amsfonts/cm/cmr12.pfb></usr/share/texlive/texmf-dis
t/fonts/type1/public/amsfonts/cm/cmr17.pfb></usr/share/texlive/texmf-dist/fonts
/type1/public/amsfonts/cm/cmsy10.pfb></usr/share/texlive/texmf-dist/fonts/type1
/public/amsfonts/cm/cmtt10.pfb>
Output written on Climate_Records_Animations.pdf (34 pages, 4512296 bytes).
PDF statistics:
 407 PDF objects out of 1000 (max. 8388607)
 345 compressed objects within 4 object streams
 76 named destinations out of 1000 (max. 500000)
 340 words of extra memory for PDF output out of 10000 (max. 10000000)

