This is pdfTeX, Version 3.1415926-2.5-1.40.14 (TeX Live 2013) (format=pdflatex 2017.8.9)  18 SEP 2017 10:17
entering extended mode
 restricted \write18 enabled.
 %&-line parsing enabled.
**SOP85_Using_NOAA_Climate_Records.tex
(./SOP85_Using_NOAA_Climate_Records.tex
LaTeX2e <2011/06/27>
Babel <v3.8m> and hyphenation patterns for english, dumylang, nohyphenation, uk
rainian, russian, bulgarian, loaded.
(/usr/share/texlive/texmf-dist/tex/latex/base/article.cls
Document Class: article 2007/10/19 v1.4h Standard LaTeX document class
(/usr/share/texlive/texmf-dist/tex/latex/base/size10.clo
File: size10.clo 2007/10/19 v1.4h Standard LaTeX file (size option)
)
\c@part=\count79
\c@section=\count80
\c@subsection=\count81
\c@subsubsection=\count82
\c@paragraph=\count83
\c@subparagraph=\count84
\c@figure=\count85
\c@table=\count86
\abovecaptionskip=\skip41
\belowcaptionskip=\skip42
\bibindent=\dimen102
)
(/usr/share/texlive/texmf-dist/tex/latex/graphics/graphicx.sty
Package: graphicx 1999/02/16 v1.0f Enhanced LaTeX Graphics (DPC,SPQR)

(/usr/share/texlive/texmf-dist/tex/latex/graphics/keyval.sty
Package: keyval 1999/03/16 v1.13 key=value parser (DPC)
\KV@toks@=\toks14
)
(/usr/share/texlive/texmf-dist/tex/latex/graphics/graphics.sty
Package: graphics 2009/02/05 v1.0o Standard LaTeX Graphics (DPC,SPQR)

(/usr/share/texlive/texmf-dist/tex/latex/graphics/trig.sty
Package: trig 1999/03/16 v1.09 sin cos tan (DPC)
)
(/usr/share/texlive/texmf-dist/tex/latex/latexconfig/graphics.cfg
File: graphics.cfg 2010/04/23 v1.9 graphics configuration of TeX Live
)
Package graphics Info: Driver file: pdftex.def on input line 91.

(/usr/share/texlive/texmf-dist/tex/latex/pdftex-def/pdftex.def
File: pdftex.def 2011/05/27 v0.06d Graphics/color for pdfTeX

(/usr/share/texlive/texmf-dist/tex/generic/oberdiek/infwarerr.sty
Package: infwarerr 2010/04/08 v1.3 Providing info/warning/error messages (HO)
)
(/usr/share/texlive/texmf-dist/tex/generic/oberdiek/ltxcmds.sty
Package: ltxcmds 2011/11/09 v1.22 LaTeX kernel commands for general use (HO)
)
\Gread@gobject=\count87
))
\Gin@req@height=\dimen103
\Gin@req@width=\dimen104
)
(/usr/share/texlive/texmf-dist/tex/latex/graphics/color.sty
Package: color 2005/11/14 v1.0j Standard LaTeX Color (DPC)

(/usr/share/texlive/texmf-dist/tex/latex/latexconfig/color.cfg
File: color.cfg 2007/01/18 v1.5 color configuration of teTeX/TeXLive
)
Package color Info: Driver file: pdftex.def on input line 130.
) (./framed.sty
Package: framed 2011/10/22 v 0.96: framed or shaded text with page breaks
\OuterFrameSep=\skip43
\fb@frw=\dimen105
\fb@frh=\dimen106
\FrameRule=\dimen107
\FrameSep=\dimen108
) (/usr/share/texlive/texmf-dist/tex/latex/base/alltt.sty
Package: alltt 1997/06/16 v2.0g defines alltt environment
)
(/usr/share/texlive/texmf-dist/tex/latex/hyperref/hyperref.sty
Package: hyperref 2012/11/06 v6.83m Hypertext links for LaTeX

(/usr/share/texlive/texmf-dist/tex/generic/oberdiek/hobsub-hyperref.sty
Package: hobsub-hyperref 2012/05/28 v1.13 Bundle oberdiek, subset hyperref (HO)


(/usr/share/texlive/texmf-dist/tex/generic/oberdiek/hobsub-generic.sty
Package: hobsub-generic 2012/05/28 v1.13 Bundle oberdiek, subset generic (HO)
Package: hobsub 2012/05/28 v1.13 Construct package bundles (HO)
Package hobsub Info: Skipping package `infwarerr' (already loaded).
Package hobsub Info: Skipping package `ltxcmds' (already loaded).
Package: ifluatex 2010/03/01 v1.3 Provides the ifluatex switch (HO)
Package ifluatex Info: LuaTeX not detected.
Package: ifvtex 2010/03/01 v1.5 Detect VTeX and its facilities (HO)
Package ifvtex Info: VTeX not detected.
Package: intcalc 2007/09/27 v1.1 Expandable calculations with integers (HO)
Package: ifpdf 2011/01/30 v2.3 Provides the ifpdf switch (HO)
Package ifpdf Info: pdfTeX in PDF mode is detected.
Package: etexcmds 2011/02/16 v1.5 Avoid name clashes with e-TeX commands (HO)
Package etexcmds Info: Could not find \expanded.
(etexcmds)             That can mean that you are not using pdfTeX 1.50 or
(etexcmds)             that some package has redefined \expanded.
(etexcmds)             In the latter case, load this package earlier.
Package: kvsetkeys 2012/04/25 v1.16 Key value parser (HO)
Package: kvdefinekeys 2011/04/07 v1.3 Define keys (HO)
Package: pdftexcmds 2011/11/29 v0.20 Utility functions of pdfTeX for LuaTeX (HO
)
Package pdftexcmds Info: LuaTeX not detected.
Package pdftexcmds Info: \pdf@primitive is available.
Package pdftexcmds Info: \pdf@ifprimitive is available.
Package pdftexcmds Info: \pdfdraftmode found.
Package: pdfescape 2011/11/25 v1.13 Implements pdfTeX's escape features (HO)
Package: bigintcalc 2012/04/08 v1.3 Expandable calculations on big integers (HO
)
Package: bitset 2011/01/30 v1.1 Handle bit-vector datatype (HO)
Package: uniquecounter 2011/01/30 v1.2 Provide unlimited unique counter (HO)
)
Package hobsub Info: Skipping package `hobsub' (already loaded).
Package: letltxmacro 2010/09/02 v1.4 Let assignment for LaTeX macros (HO)
Package: hopatch 2012/05/28 v1.2 Wrapper for package hooks (HO)
Package: xcolor-patch 2011/01/30 xcolor patch
Package: atveryend 2011/06/30 v1.8 Hooks at the very end of document (HO)
Package atveryend Info: \enddocument detected (standard20110627).
Package: atbegshi 2011/10/05 v1.16 At begin shipout hook (HO)
Package: refcount 2011/10/16 v3.4 Data extraction from label references (HO)
Package: hycolor 2011/01/30 v1.7 Color options for hyperref/bookmark (HO)
)
(/usr/share/texlive/texmf-dist/tex/generic/ifxetex/ifxetex.sty
Package: ifxetex 2010/09/12 v0.6 Provides ifxetex conditional
)
(/usr/share/texlive/texmf-dist/tex/latex/oberdiek/auxhook.sty
Package: auxhook 2011/03/04 v1.3 Hooks for auxiliary files (HO)
)
(/usr/share/texlive/texmf-dist/tex/latex/oberdiek/kvoptions.sty
Package: kvoptions 2011/06/30 v3.11 Key value format for package options (HO)
)
\@linkdim=\dimen109
\Hy@linkcounter=\count88
\Hy@pagecounter=\count89

(/usr/share/texlive/texmf-dist/tex/latex/hyperref/pd1enc.def
File: pd1enc.def 2012/11/06 v6.83m Hyperref: PDFDocEncoding definition (HO)
)
\Hy@SavedSpaceFactor=\count90

(/usr/share/texlive/texmf-dist/tex/latex/latexconfig/hyperref.cfg
File: hyperref.cfg 2002/06/06 v1.2 hyperref configuration of TeXLive
)
Package hyperref Info: Hyper figures OFF on input line 4443.
Package hyperref Info: Link nesting OFF on input line 4448.
Package hyperref Info: Hyper index ON on input line 4451.
Package hyperref Info: Plain pages OFF on input line 4458.
Package hyperref Info: Backreferencing OFF on input line 4463.
Package hyperref Info: Implicit mode ON; LaTeX internals redefined.
Package hyperref Info: Bookmarks ON on input line 4688.
\c@Hy@tempcnt=\count91

(/usr/share/texlive/texmf-dist/tex/latex/url/url.sty
\Urlmuskip=\muskip10
Package: url 2006/04/12  ver 3.3  Verb mode for urls, etc.
)
LaTeX Info: Redefining \url on input line 5041.
\XeTeXLinkMargin=\dimen110
\Fld@menulength=\count92
\Field@Width=\dimen111
\Fld@charsize=\dimen112
Package hyperref Info: Hyper figures OFF on input line 6295.
Package hyperref Info: Link nesting OFF on input line 6300.
Package hyperref Info: Hyper index ON on input line 6303.
Package hyperref Info: backreferencing OFF on input line 6310.
Package hyperref Info: Link coloring OFF on input line 6315.
Package hyperref Info: Link coloring with OCG OFF on input line 6320.
Package hyperref Info: PDF/A mode OFF on input line 6325.
LaTeX Info: Redefining \ref on input line 6365.
LaTeX Info: Redefining \pageref on input line 6369.
\Hy@abspage=\count93
\c@Item=\count94
\c@Hfootnote=\count95
)

Package hyperref Message: Driver (autodetected): hpdftex.

(/usr/share/texlive/texmf-dist/tex/latex/hyperref/hpdftex.def
File: hpdftex.def 2012/11/06 v6.83m Hyperref driver for pdfTeX
\Fld@listcount=\count96
\c@bookmark@seq@number=\count97

(/usr/share/texlive/texmf-dist/tex/latex/oberdiek/rerunfilecheck.sty
Package: rerunfilecheck 2011/04/15 v1.7 Rerun checks for auxiliary files (HO)
Package uniquecounter Info: New unique counter `rerunfilecheck' on input line 2
82.
)
\Hy@SectionHShift=\skip44
)
(/usr/share/texlive/texmf-dist/tex/latex/upquote/upquote.sty
Package: upquote 2012/04/19 v1.3 upright-quote and grave-accent glyphs in verba
tim
)
(./SOP85_Using_NOAA_Climate_Records.aux)
\openout1 = `SOP85_Using_NOAA_Climate_Records.aux'.

LaTeX Font Info:    Checking defaults for OML/cmm/m/it on input line 57.
LaTeX Font Info:    ... okay on input line 57.
LaTeX Font Info:    Checking defaults for T1/cmr/m/n on input line 57.
LaTeX Font Info:    ... okay on input line 57.
LaTeX Font Info:    Checking defaults for OT1/cmr/m/n on input line 57.
LaTeX Font Info:    ... okay on input line 57.
LaTeX Font Info:    Checking defaults for OMS/cmsy/m/n on input line 57.
LaTeX Font Info:    ... okay on input line 57.
LaTeX Font Info:    Checking defaults for OMX/cmex/m/n on input line 57.
LaTeX Font Info:    ... okay on input line 57.
LaTeX Font Info:    Checking defaults for U/cmr/m/n on input line 57.
LaTeX Font Info:    ... okay on input line 57.
LaTeX Font Info:    Checking defaults for PD1/pdf/m/n on input line 57.
LaTeX Font Info:    ... okay on input line 57.

(/usr/share/texlive/texmf-dist/tex/context/base/supp-pdf.mkii
[Loading MPS to PDF converter (version 2006.09.02).]
\scratchcounter=\count98
\scratchdimen=\dimen113
\scratchbox=\box26
\nofMPsegments=\count99
\nofMParguments=\count100
\everyMPshowfont=\toks15
\MPscratchCnt=\count101
\MPscratchDim=\dimen114
\MPnumerator=\count102
\makeMPintoPDFobject=\count103
\everyMPtoPDFconversion=\toks16
) (/usr/share/texlive/texmf-dist/tex/latex/oberdiek/epstopdf-base.sty
Package: epstopdf-base 2010/02/09 v2.5 Base part for package epstopdf

(/usr/share/texlive/texmf-dist/tex/latex/oberdiek/grfext.sty
Package: grfext 2010/08/19 v1.1 Manage graphics extensions (HO)
)
Package grfext Info: Graphics extension search list:
(grfext)             [.png,.pdf,.jpg,.mps,.jpeg,.jbig2,.jb2,.PNG,.PDF,.JPG,.JPE
G,.JBIG2,.JB2,.eps]
(grfext)             \AppendGraphicsExtensions on input line 452.

(/usr/share/texlive/texmf-dist/tex/latex/latexconfig/epstopdf-sys.cfg
File: epstopdf-sys.cfg 2010/07/13 v1.3 Configuration of (r)epstopdf for TeX Liv
e
))
\AtBeginShipoutBox=\box27
Package hyperref Info: Link coloring OFF on input line 57.

(/usr/share/texlive/texmf-dist/tex/latex/hyperref/nameref.sty
Package: nameref 2012/10/27 v2.43 Cross-referencing by name of section

(/usr/share/texlive/texmf-dist/tex/generic/oberdiek/gettitlestring.sty
Package: gettitlestring 2010/12/03 v1.4 Cleanup title references (HO)
)
\c@section@level=\count104
)
LaTeX Info: Redefining \ref on input line 57.
LaTeX Info: Redefining \pageref on input line 57.
LaTeX Info: Redefining \nameref on input line 57.

(./SOP85_Using_NOAA_Climate_Records.out)
(./SOP85_Using_NOAA_Climate_Records.out)
\@outlinefile=\write3
\openout3 = `SOP85_Using_NOAA_Climate_Records.out'.

LaTeX Font Info:    External font `cmex10' loaded for size
(Font)              <12> on input line 59.
LaTeX Font Info:    External font `cmex10' loaded for size
(Font)              <8> on input line 59.
LaTeX Font Info:    External font `cmex10' loaded for size
(Font)              <6> on input line 59.
LaTeX Font Info:    Try loading font information for OMS+cmr on input line 66.

(/usr/share/texlive/texmf-dist/tex/latex/base/omscmr.fd
File: omscmr.fd 1999/05/25 v2.5h Standard LaTeX font definitions
)
LaTeX Font Info:    Font shape `OMS/cmr/m/n' in size <10> not available
(Font)              Font shape `OMS/cmsy/m/n' tried instead on input line 66.

Overfull \hbox (2.24994pt too wide) in paragraph at lines 78--79
\OT1/cmr/m/n/10 mate[]Change[]Narratives." You want to make sure that you \OT1/
cmr/bx/n/10 start a new project
 []

[1

{/usr/share/texlive/texmf/fonts/map/pdftex/updmap/pdftex.map}]
Overfull \hbox (33.34215pt too wide) in paragraph at lines 88--88
[]\OT1/cmr/bx/n/12 Create A New Project linked to Cli-mate[]Change[]Narratives 

 []


Underfull \hbox (badness 10000) in paragraph at lines 89--91

 []

LaTeX Font Info:    External font `cmex10' loaded for size
(Font)              <7> on input line 96.
LaTeX Font Info:    External font `cmex10' loaded for size
(Font)              <5> on input line 96.

Underfull \hbox (badness 10000) in paragraph at lines 108--109

 []

[2]
Underfull \hbox (badness 10000) in paragraph at lines 112--113

 []

<"../graphics/Upload_button".jpg, id=119, 590.205pt x 891.33pt>
File: "../graphics/Upload_button".jpg Graphic file (type jpg)

<use "../graphics/Upload_button".jpg>
Package pdftex.def Info: "../graphics/Upload_button".jpg used on input line 122
.
(pdftex.def)             Requested size: 147.55089pt x 222.83195pt.
 [3 <../graphics/Upload_button.jpg>]
Overfull \hbox (132.84555pt too wide) in paragraph at lines 151--152
\OT1/cmr/m/n/10 ``/home/CAMPUS/im022012/Climate[]Change[]Narratives/Data/test[]
data/Singapore[]ClimateData.csv"
 []


Overfull \hbox (125.08058pt too wide) in paragraph at lines 151--152
\OT1/cmr/m/n/10 trun-cate it to the path that af-ter the home di-rec-tory, i.e.
 ''Data/test[]data/Singapore[]ClimateData.csv''. 
 []

[4]
Underfull \hbox (badness 10000) in paragraph at lines 170--171

 []


Underfull \hbox (badness 10000) in paragraph at lines 172--173

 []


Underfull \hbox (badness 10000) in paragraph at lines 179--180

 []


Package hyperref Warning: Difference (2) between bookmark levels is greater 
(hyperref)                than one, level fixed on input line 191.

[5]
Package color Info: Redefining color shadecolor on input line 199.
LaTeX Font Info:    Font shape `OT1/cmtt/bx/n' in size <10> not available
(Font)              Font shape `OT1/cmtt/m/n' tried instead on input line 201.

Overfull \hbox (43.49661pt too wide) in paragraph at lines 218--218
[]\OT1/cmtt/m/n/10 ##             STATION                      STATION_NAME    
 DATE     PRCP[] 
 []


Overfull \hbox (43.49661pt too wide) in paragraph at lines 218--218
[]\OT1/cmtt/m/n/10 ## 1 GHCND:SNM00048698 SINGAPORE CHANGI INTERNATIONAL SN 196
20512     0.16[] 
 []


Overfull \hbox (43.49661pt too wide) in paragraph at lines 218--218
[]\OT1/cmtt/m/n/10 ## 2 GHCND:SNM00048698 SINGAPORE CHANGI INTERNATIONAL SN 196
20516     0.08[] 
 []


Overfull \hbox (43.49661pt too wide) in paragraph at lines 218--218
[]\OT1/cmtt/m/n/10 ## 3 GHCND:SNM00048698 SINGAPORE CHANGI INTERNATIONAL SN 196
20605 -9999.00[] 
 []


Overfull \hbox (43.49661pt too wide) in paragraph at lines 218--218
[]\OT1/cmtt/m/n/10 ## 4 GHCND:SNM00048698 SINGAPORE CHANGI INTERNATIONAL SN 196
21006     0.39[] 
 []


Overfull \hbox (43.49661pt too wide) in paragraph at lines 218--218
[]\OT1/cmtt/m/n/10 ## 5 GHCND:SNM00048698 SINGAPORE CHANGI INTERNATIONAL SN 196
21007     0.02[] 
 []


Overfull \hbox (43.49661pt too wide) in paragraph at lines 218--218
[]\OT1/cmtt/m/n/10 ## 6 GHCND:SNM00048698 SINGAPORE CHANGI INTERNATIONAL SN 196
21012     0.08[] 
 []


Underfull \hbox (badness 10000) in paragraph at lines 225--226

 []

Package color Info: Redefining color shadecolor on input line 231.

Overfull \hbox (85.49625pt too wide) in paragraph at lines 244--244
[]\OT1/cmtt/m/n/10 ##  $ STATION     : Factor w/ 1 level "GHCND:SNM00048698": 1
 1 1 1 1 1 1 1 1 1 ...[] 
 []


Overfull \hbox (169.49551pt too wide) in paragraph at lines 244--244
[]\OT1/cmtt/m/n/10 ##  $ STATION_NAME: Factor w/ 1 level "SINGAPORE CHANGI INTE
RNATIONAL SN": 1 1 1 1 1 1 1 1 1 1 ...[] 
 []


Overfull \hbox (274.4946pt too wide) in paragraph at lines 244--244
[]\OT1/cmtt/m/n/10 ##  $ DATE        : int  19620512 19620516 19620605 19621006
 19621007 19621012 19621022 19621104 19621105 19621121 ...[] 
 []

[6]
Package color Info: Redefining color shadecolor on input line 251.
Package color Info: Redefining color shadecolor on input line 282.
 <figure/unnamed-chunk-5-1.pdf, id=143, 505.89pt x 505.89pt>
File: figure/unnamed-chunk-5-1.pdf Graphic file (type pdf)

<use figure/unnamed-chunk-5-1.pdf>
Package pdftex.def Info: figure/unnamed-chunk-5-1.pdf used on input line 287.
(pdftex.def)             Requested size: 345.0pt x 345.00414pt.
Package color Info: Redefining color shadecolor on input line 297.
Package color Info: Redefining color shadecolor on input line 310.
 [7] [8 <./figure/unnamed-chunk-5-1.pdf>]
Package color Info: Redefining color shadecolor on input line 330.
Package color Info: Redefining color shadecolor on input line 342.

<figure/unnamed-chunk-9-1.pdf, id=160, 505.89pt x 505.89pt>
File: figure/unnamed-chunk-9-1.pdf Graphic file (type pdf)

<use figure/unnamed-chunk-9-1.pdf>
Package pdftex.def Info: figure/unnamed-chunk-9-1.pdf used on input line 347.
(pdftex.def)             Requested size: 345.0pt x 345.00414pt.

Overfull \hbox (15.0pt too wide) in paragraph at lines 347--348
[][] 
 []

[9]
Package color Info: Redefining color shadecolor on input line 356.

Overfull \hbox (85.49625pt too wide) in paragraph at lines 369--369
[]\OT1/cmtt/m/n/10 ##  $ STATION     : Factor w/ 1 level "GHCND:SNM00048698": 1
 1 1 1 1 1 1 1 1 1 ...[] 
 []


Overfull \hbox (169.49551pt too wide) in paragraph at lines 369--369
[]\OT1/cmtt/m/n/10 ##  $ STATION_NAME: Factor w/ 1 level "SINGAPORE CHANGI INTE
RNATIONAL SN": 1 1 1 1 1 1 1 1 1 1 ...[] 
 []


Overfull \hbox (274.4946pt too wide) in paragraph at lines 369--369
[]\OT1/cmtt/m/n/10 ##  $ DATE        : int  19620512 19620516 19620605 19621006
 19621007 19621012 19621022 19621104 19621105 19621121 ...[] 
 []

[10 <./figure/unnamed-chunk-9-1.pdf>]
Package color Info: Redefining color shadecolor on input line 385.

Overfull \hbox (57.99673pt too wide) in paragraph at lines 392--392
[]\OT1/cmtt/m/n/10 ## [1] "19620512" "19620516" "19620605" "19621006" "19621007
" "19621012"[] 
 []

Package color Info: Redefining color shadecolor on input line 402.

Overfull \hbox (57.99673pt too wide) in paragraph at lines 409--409
[]\OT1/cmtt/m/n/10 ## [1] "19620512" "19620516" "19620605" "19621006" "19621007
" "19621012"[] 
 []

Package color Info: Redefining color shadecolor on input line 419.
[11]
Overfull \hbox (57.99673pt too wide) in paragraph at lines 426--426
[]\OT1/cmtt/m/n/10 ## [1] "19620512" "19620516" "19620605" "19621006" "19621007
" "19621012"[] 
 []


Overfull \hbox (252.24504pt too wide) in paragraph at lines 430--430
[][]\OT1/cmtt/m/n/10 climate_data[][]$[][]NewDate[] []<-[] []as.Date[][](strDat
es,[] []"%Y%m%d"[][],[] []tryFormats[] []=[] []c[][]([][]"%Y-%m-%d"[][],[] []"%
Y/%m/%d"[][]),[] []optional[] []=[] []FALSE[][])[][] 
 []

Package color Info: Redefining color shadecolor on input line 441.

Overfull \hbox (57.99673pt too wide) in paragraph at lines 448--448
[]\OT1/cmtt/m/n/10 ## [1] "19620512" "19620516" "19620605" "19621006" "19621007
" "19621012"[] 
 []


Overfull \hbox (252.24504pt too wide) in paragraph at lines 450--450
[][]\OT1/cmtt/m/n/10 climate_data[][]$[][]NewDate[] []<-[] []as.Date[][](strDat
es,[] []"%Y%m%d"[][],[] []tryFormats[] []=[] []c[][]([][]"%Y-%m-%d"[][],[] []"%
Y/%m/%d"[][]),[] []optional[] []=[] []FALSE[][])[][] 
 []

Package color Info: Redefining color shadecolor on input line 462.
<figure/unnamed-chunk-15-1.pdf, id=178, 505.89pt x 505.89pt>
File: figure/unnamed-chunk-15-1.pdf Graphic file (type pdf)

<use figure/unnamed-chunk-15-1.pdf>
Package pdftex.def Info: figure/unnamed-chunk-15-1.pdf used on input line 467.
(pdftex.def)             Requested size: 345.0pt x 345.00414pt.

Overfull \hbox (15.0pt too wide) in paragraph at lines 467--468
[][] 
 []

Package color Info: Redefining color shadecolor on input line 483.
[12] [13 <./figure/unnamed-chunk-15-1.pdf>]
Package atveryend Info: Empty hook `BeforeClearDocument' on input line 518.
 [14]
Package atveryend Info: Empty hook `AfterLastShipout' on input line 518.

(./SOP85_Using_NOAA_Climate_Records.aux)
Package atveryend Info: Executing hook `AtVeryEndDocument' on input line 518.
Package atveryend Info: Executing hook `AtEndAfterFileList' on input line 518.
Package rerunfilecheck Info: File `SOP85_Using_NOAA_Climate_Records.out' has no
t changed.
(rerunfilecheck)             Checksum: A72F245770643BF96A66F41CF825094F;1589.
Package atveryend Info: Empty hook `AtVeryVeryEnd' on input line 518.
 ) 
Here is how much of TeX's memory you used:
 5324 strings out of 494820
 79336 string characters out of 3178050
 160428 words of memory out of 3000000
 8412 multiletter control sequences out of 15000+200000
 8577 words of font info for 31 fonts, out of 3000000 for 9000
 198 hyphenation exceptions out of 8191
 29i,8n,28p,1001b,438s stack positions out of 5000i,500n,10000p,200000b,50000s
</usr/share/texlive/texmf-dist/fonts/type1/public/amsfonts/cm/cmbx10.pfb></us
r/share/texlive/texmf-dist/fonts/type1/public/amsfonts/cm/cmbx12.pfb></usr/shar
e/texlive/texmf-dist/fonts/type1/public/amsfonts/cm/cmitt10.pfb></usr/share/tex
live/texmf-dist/fonts/type1/public/amsfonts/cm/cmr10.pfb></usr/share/texlive/te
xmf-dist/fonts/type1/public/amsfonts/cm/cmr12.pfb></usr/share/texlive/texmf-dis
t/fonts/type1/public/amsfonts/cm/cmr17.pfb></usr/share/texlive/texmf-dist/fonts
/type1/public/amsfonts/cm/cmr7.pfb></usr/share/texlive/texmf-dist/fonts/type1/p
ublic/amsfonts/cm/cmsy10.pfb></usr/share/texlive/texmf-dist/fonts/type1/public/
amsfonts/cm/cmti10.pfb></usr/share/texlive/texmf-dist/fonts/type1/public/amsfon
ts/cm/cmtt10.pfb>
Output written on SOP85_Using_NOAA_Climate_Records.pdf (14 pages, 524157 bytes)
.
PDF statistics:
 255 PDF objects out of 1000 (max. 8388607)
 219 compressed objects within 3 object streams
 60 named destinations out of 1000 (max. 500000)
 189 words of extra memory for PDF output out of 10000 (max. 10000000)

