This is pdfTeXk, Version 3.141592-1.40.3 (Web2C 7.5.6) (format=pdflatex 2015.10.2)  13 JUL 2017 13:19
entering extended mode
 %&-line parsing enabled.
**SOP90_Analyzing_Trends.tex
(./SOP90_Analyzing_Trends.tex
LaTeX2e <2005/12/01>
Babel <v3.8h> and hyphenation patterns for english, usenglishmax, dumylang, noh
yphenation, arabic, basque, bulgarian, coptic, welsh, czech, slovak, german, ng
erman, danish, esperanto, spanish, catalan, galician, estonian, farsi, finnish,
 french, greek, monogreek, ancientgreek, croatian, hungarian, interlingua, ibyc
us, indonesian, icelandic, italian, latin, mongolian, dutch, norsk, polish, por
tuguese, pinyin, romanian, russian, slovenian, uppersorbian, serbian, swedish, 
turkish, ukenglish, ukrainian, loaded.
(/usr/share/texmf/tex/latex/base/article.cls
Document Class: article 2005/09/16 v1.4f Standard LaTeX document class
(/usr/share/texmf/tex/latex/base/size10.clo
File: size10.clo 2005/09/16 v1.4f Standard LaTeX file (size option)
)
\c@part=\count79
\c@section=\count80
\c@subsection=\count81
\c@subsubsection=\count82
\c@paragraph=\count83
\c@subparagraph=\count84
\c@figure=\count85
\c@table=\count86
\abovecaptionskip=\skip41
\belowcaptionskip=\skip42
\bibindent=\dimen102
)
(/usr/share/texmf/tex/latex/graphics/graphicx.sty
Package: graphicx 1999/02/16 v1.0f Enhanced LaTeX Graphics (DPC,SPQR)

(/usr/share/texmf/tex/latex/graphics/keyval.sty
Package: keyval 1999/03/16 v1.13 key=value parser (DPC)
\KV@toks@=\toks14
)
(/usr/share/texmf/tex/latex/graphics/graphics.sty
Package: graphics 2006/02/20 v1.0o Standard LaTeX Graphics (DPC,SPQR)

(/usr/share/texmf/tex/latex/graphics/trig.sty
Package: trig 1999/03/16 v1.09 sin cos tan (DPC)
)
(/usr/share/texmf/tex/latex/config/graphics.cfg
File: graphics.cfg 2007/01/18 v1.5 graphics configuration of teTeX/TeXLive
)
Package graphics Info: Driver file: pdftex.def on input line 90.

(/usr/share/texmf/tex/latex/pdftex-def/pdftex.def
File: pdftex.def 2007/01/08 v0.04d Graphics/color for pdfTeX
\Gread@gobject=\count87
))
\Gin@req@height=\dimen103
\Gin@req@width=\dimen104
)
(/usr/share/texmf/tex/latex/graphics/color.sty
Package: color 2005/11/14 v1.0j Standard LaTeX Color (DPC)

(/usr/share/texmf/tex/latex/config/color.cfg
File: color.cfg 2007/01/18 v1.5 color configuration of teTeX/TeXLive
)
Package color Info: Driver file: pdftex.def on input line 130.
)
(/usr/share/texmf/tex/latex/ltxmisc/framed.sty
Package: framed 2003/07/21 v 0.8a: framed or shaded text with page breaks
\FrameRule=\dimen105
\FrameSep=\dimen106
)
(/usr/share/texmf/tex/latex/base/alltt.sty
Package: alltt 1997/06/16 v2.0g defines alltt environment
)
(/usr/share/texmf/tex/latex/multirow/multirow.sty
\bigstrutjot=\dimen107
)
(/usr/share/texmf/tex/latex/tools/multicol.sty
Package: multicol 2006/05/18 v1.6g multicolumn formatting (FMi)
\c@tracingmulticols=\count88
\mult@box=\box26
\multicol@leftmargin=\dimen108
\c@unbalance=\count89
\c@collectmore=\count90
\doublecol@number=\count91
\multicoltolerance=\count92
\multicolpretolerance=\count93
\full@width=\dimen109
\page@free=\dimen110
\premulticols=\dimen111
\postmulticols=\dimen112
\multicolsep=\skip43
\multicolbaselineskip=\skip44
\partial@page=\box27
\last@line=\box28
\mult@rightbox=\box29
\mult@grightbox=\box30
\mult@gfirstbox=\box31
\mult@firstbox=\box32
\@tempa=\box33
\@tempa=\box34
\@tempa=\box35
\@tempa=\box36
\@tempa=\box37
\@tempa=\box38
\@tempa=\box39
\@tempa=\box40
\@tempa=\box41
\@tempa=\box42
\@tempa=\box43
\@tempa=\box44
\@tempa=\box45
\@tempa=\box46
\@tempa=\box47
\@tempa=\box48
\@tempa=\box49
\c@columnbadness=\count94
\c@finalcolumnbadness=\count95
\last@try=\dimen113
\multicolovershoot=\dimen114
\multicolundershoot=\dimen115
\mult@nat@firstbox=\box50
\colbreak@box=\box51
)
(/usr/share/texmf/tex/latex/hyperref/hyperref.sty
Package: hyperref 2007/02/07 v6.75r Hypertext links for LaTeX
\@linkdim=\dimen116
\Hy@linkcounter=\count96
\Hy@pagecounter=\count97

(/usr/share/texmf/tex/latex/hyperref/pd1enc.def
File: pd1enc.def 2007/02/07 v6.75r Hyperref: PDFDocEncoding definition (HO)
)
(/usr/share/texmf/tex/latex/config/hyperref.cfg
File: hyperref.cfg 2002/06/06 v1.2 hyperref configuration of TeXLive
)
(/usr/share/texmf/tex/latex/oberdiek/kvoptions.sty
Package: kvoptions 2006/08/22 v2.4 Connects package keyval with LaTeX options (
HO)
)
Package hyperref Info: Hyper figures OFF on input line 2288.
Package hyperref Info: Link nesting OFF on input line 2293.
Package hyperref Info: Hyper index ON on input line 2296.
Package hyperref Info: Plain pages OFF on input line 2303.
Package hyperref Info: Backreferencing OFF on input line 2308.

Implicit mode ON; LaTeX internals redefined
Package hyperref Info: Bookmarks ON on input line 2444.
(/usr/share/texmf/tex/latex/ltxmisc/url.sty
\Urlmuskip=\muskip10
Package: url 2005/06/27  ver 3.2  Verb mode for urls, etc.
)
LaTeX Info: Redefining \url on input line 2599.
\Fld@menulength=\count98
\Field@Width=\dimen117
\Fld@charsize=\dimen118
\Choice@toks=\toks15
\Field@toks=\toks16
Package hyperref Info: Hyper figures OFF on input line 3102.
Package hyperref Info: Link nesting OFF on input line 3107.
Package hyperref Info: Hyper index ON on input line 3110.
Package hyperref Info: backreferencing OFF on input line 3117.
Package hyperref Info: Link coloring OFF on input line 3122.
\Hy@abspage=\count99
\c@Item=\count100
\c@Hfootnote=\count101
)
*hyperref using default driver hpdftex*
(/usr/share/texmf/tex/latex/hyperref/hpdftex.def
File: hpdftex.def 2007/02/07 v6.75r Hyperref driver for pdfTeX
\Fld@listcount=\count102
)
Package hyperref Info: Option `colorlinks' set `true' on input line 59.

(/usr/share/texmf/tex/latex/upquote/upquote.sty
Package: upquote 2003/08/11 v1.1 Covington's upright-quote modification to verb
atim and verb

(/usr/share/texmf/tex/latex/base/textcomp.sty
Package: textcomp 2005/09/27 v1.99g Standard LaTeX package
Package textcomp Info: Sub-encoding information:
(textcomp)               5 = only ISO-Adobe without \textcurrency
(textcomp)               4 = 5 + \texteuro
(textcomp)               3 = 4 + \textohm
(textcomp)               2 = 3 + \textestimated + \textcurrency
(textcomp)               1 = TS1 - \textcircled - \t
(textcomp)               0 = TS1 (full)
(textcomp)             Font families with sub-encoding setting implement
(textcomp)             only a restricted character set as indicated.
(textcomp)             Family '?' is the default used for unknown fonts.
(textcomp)             See the documentation for details.
Package textcomp Info: Setting ? sub-encoding to TS1/1 on input line 71.

(/usr/share/texmf/tex/latex/base/ts1enc.def
File: ts1enc.def 2001/06/05 v3.0e (jk/car/fm) Standard LaTeX file
)
LaTeX Info: Redefining \oldstylenums on input line 266.
Package textcomp Info: Setting cmr sub-encoding to TS1/0 on input line 281.
Package textcomp Info: Setting cmss sub-encoding to TS1/0 on input line 282.
Package textcomp Info: Setting cmtt sub-encoding to TS1/0 on input line 283.
Package textcomp Info: Setting cmvtt sub-encoding to TS1/0 on input line 284.
Package textcomp Info: Setting cmbr sub-encoding to TS1/0 on input line 285.
Package textcomp Info: Setting cmtl sub-encoding to TS1/0 on input line 286.
Package textcomp Info: Setting ccr sub-encoding to TS1/0 on input line 287.
Package textcomp Info: Setting ptm sub-encoding to TS1/4 on input line 288.
Package textcomp Info: Setting pcr sub-encoding to TS1/4 on input line 289.
Package textcomp Info: Setting phv sub-encoding to TS1/4 on input line 290.
Package textcomp Info: Setting ppl sub-encoding to TS1/3 on input line 291.
Package textcomp Info: Setting pag sub-encoding to TS1/4 on input line 292.
Package textcomp Info: Setting pbk sub-encoding to TS1/4 on input line 293.
Package textcomp Info: Setting pnc sub-encoding to TS1/4 on input line 294.
Package textcomp Info: Setting pzc sub-encoding to TS1/4 on input line 295.
Package textcomp Info: Setting bch sub-encoding to TS1/4 on input line 296.
Package textcomp Info: Setting put sub-encoding to TS1/5 on input line 297.
Package textcomp Info: Setting uag sub-encoding to TS1/5 on input line 298.
Package textcomp Info: Setting ugq sub-encoding to TS1/5 on input line 299.
Package textcomp Info: Setting ul8 sub-encoding to TS1/4 on input line 300.
Package textcomp Info: Setting ul9 sub-encoding to TS1/4 on input line 301.
Package textcomp Info: Setting augie sub-encoding to TS1/5 on input line 302.
Package textcomp Info: Setting dayrom sub-encoding to TS1/3 on input line 303.
Package textcomp Info: Setting dayroms sub-encoding to TS1/3 on input line 304.

Package textcomp Info: Setting pxr sub-encoding to TS1/0 on input line 305.
Package textcomp Info: Setting pxss sub-encoding to TS1/0 on input line 306.
Package textcomp Info: Setting pxtt sub-encoding to TS1/0 on input line 307.
Package textcomp Info: Setting txr sub-encoding to TS1/0 on input line 308.
Package textcomp Info: Setting txss sub-encoding to TS1/0 on input line 309.
Package textcomp Info: Setting txtt sub-encoding to TS1/0 on input line 310.
Package textcomp Info: Setting futs sub-encoding to TS1/4 on input line 311.
Package textcomp Info: Setting futx sub-encoding to TS1/4 on input line 312.
Package textcomp Info: Setting futj sub-encoding to TS1/4 on input line 313.
Package textcomp Info: Setting hlh sub-encoding to TS1/3 on input line 314.
Package textcomp Info: Setting hls sub-encoding to TS1/3 on input line 315.
Package textcomp Info: Setting hlst sub-encoding to TS1/3 on input line 316.
Package textcomp Info: Setting hlct sub-encoding to TS1/5 on input line 317.
Package textcomp Info: Setting hlx sub-encoding to TS1/5 on input line 318.
Package textcomp Info: Setting hlce sub-encoding to TS1/5 on input line 319.
Package textcomp Info: Setting hlcn sub-encoding to TS1/5 on input line 320.
Package textcomp Info: Setting hlcw sub-encoding to TS1/5 on input line 321.
Package textcomp Info: Setting hlcf sub-encoding to TS1/5 on input line 322.
Package textcomp Info: Setting pplx sub-encoding to TS1/3 on input line 323.
Package textcomp Info: Setting pplj sub-encoding to TS1/3 on input line 324.
Package textcomp Info: Setting ptmx sub-encoding to TS1/4 on input line 325.
Package textcomp Info: Setting ptmj sub-encoding to TS1/4 on input line 326.
)) (./SOP90_Analyzing_Trends.aux)
\openout1 = `SOP90_Analyzing_Trends.aux'.

LaTeX Font Info:    Checking defaults for OML/cmm/m/it on input line 70.
LaTeX Font Info:    ... okay on input line 70.
LaTeX Font Info:    Checking defaults for T1/cmr/m/n on input line 70.
LaTeX Font Info:    ... okay on input line 70.
LaTeX Font Info:    Checking defaults for OT1/cmr/m/n on input line 70.
LaTeX Font Info:    ... okay on input line 70.
LaTeX Font Info:    Checking defaults for OMS/cmsy/m/n on input line 70.
LaTeX Font Info:    ... okay on input line 70.
LaTeX Font Info:    Checking defaults for OMX/cmex/m/n on input line 70.
LaTeX Font Info:    ... okay on input line 70.
LaTeX Font Info:    Checking defaults for U/cmr/m/n on input line 70.
LaTeX Font Info:    ... okay on input line 70.
LaTeX Font Info:    Checking defaults for PD1/pdf/m/n on input line 70.
LaTeX Font Info:    ... okay on input line 70.
LaTeX Font Info:    Checking defaults for TS1/cmr/m/n on input line 70.
LaTeX Font Info:    Try loading font information for TS1+cmr on input line 70.

(/usr/share/texmf/tex/latex/base/ts1cmr.fd
File: ts1cmr.fd 1999/05/25 v2.5h Standard LaTeX font definitions
)
LaTeX Font Info:    ... okay on input line 70.
Package hyperref Info: Link coloring ON on input line 70.

(/usr/share/texmf/tex/latex/hyperref/nameref.sty
Package: nameref 2006/12/27 v2.28 Cross-referencing by name of section

(/usr/share/texmf/tex/latex/oberdiek/refcount.sty
Package: refcount 2006/02/20 v3.0 Data extraction from references (HO)
)
\c@section@level=\count103
)
LaTeX Info: Redefining \ref on input line 70.
LaTeX Info: Redefining \pageref on input line 70.

(./SOP90_Analyzing_Trends.out) (./SOP90_Analyzing_Trends.out)
\@outlinefile=\write3
\openout3 = `SOP90_Analyzing_Trends.out'.

LaTeX Font Info:    External font `cmex10' loaded for size
(Font)              <12> on input line 73.
LaTeX Font Info:    External font `cmex10' loaded for size
(Font)              <8> on input line 73.
LaTeX Font Info:    External font `cmex10' loaded for size
(Font)              <6> on input line 73.

(./SOP90_Analyzing_Trends.toc
LaTeX Font Info:    External font `cmex10' loaded for size
(Font)              <7> on input line 2.
LaTeX Font Info:    External font `cmex10' loaded for size
(Font)              <5> on input line 2.
 [1

{/usr/share/texmf/fonts/map/pdftex/updmap/pdftex.map}])
\tf@toc=\write4
\openout4 = `SOP90_Analyzing_Trends.toc'.

 [2] [3]
Overfull \hbox (72.99652pt too wide) in paragraph at lines 143--144
[][][]$\OT1/cmtt/m/n/10 https : / / www . r-[]bloggers . com / a-[]simple-[]int
ro-[]to-[]bayesian-[]change-[]point-[]analysis/$[][] 
 []


Overfull \hbox (88.24638pt too wide) in paragraph at lines 147--148
[][][]$\OT1/cmtt/m/n/10 https : / / www . r-[]bloggers . com / bayesian-[]linea
r-[]regression-[]analysis-[]without-[]tears-[]r/$[][] 
 []

[4]
Package color Info: Redefining color shadecolor on input line 185.
 <figure/unnamed-chunk-3-1.pdf, id=314, 505.89pt x 505.89pt>
File: figure/unnamed-chunk-3-1.pdf Graphic file (type pdf)

<use figure/unnamed-chunk-3-1.pdf>
Overfull \vbox (16.75008pt too high) detected at line 224
 []


Overfull \hbox (1.2539pt too wide) in paragraph at lines 224--224
[][] 
 []


Underfull \hbox (badness 10000) in paragraph at lines 227--227
[]\OT1/cmtt/m/n/10 glm(y $\OMS/cmsy/m/n/10 ^^X$
 []


Overfull \hbox (25.73476pt too wide) in paragraph at lines 227--227
\OT1/cmtt/m/n/10 x,family=binomial(link='logit'))| 
 []


Overfull \hbox (16.26547pt too wide) in paragraph at lines 220--229
[][] 
 []

[5] [6 <./figure/unnamed-chunk-3-1.pdf>]
Package color Info: Redefining color shadecolor on input line 255.
LaTeX Font Info:    Font shape `OT1/cmtt/bx/n' in size <10> not available
(Font)              Font shape `OT1/cmtt/m/n' tried instead on input line 257.
 [7]
Package color Info: Redefining color shadecolor on input line 293.
Package color Info: Redefining color shadecolor on input line 303.
LaTeX Font Info:    Try loading font information for TS1+cmtt on input line 315
.

(/usr/share/texmf/tex/latex/base/ts1cmtt.fd
File: ts1cmtt.fd 1999/05/25 v2.5h Standard LaTeX font definitions
)
Package color Info: Redefining color shadecolor on input line 321.
 [8]
Package color Info: Redefining color shadecolor on input line 342.

Overfull \hbox (6.74693pt too wide) in paragraph at lines 371--371
[]\OT1/cmtt/m/n/10 ##  GHCND:TH000048456:27026   DON MUANG TH:27026   Min.   :1
9430101[] 
 []


Overfull \hbox (6.74693pt too wide) in paragraph at lines 371--371
[]\OT1/cmtt/m/n/10 ##                                                 1st Qu.:1
9610848[] 
 []


Overfull \hbox (6.74693pt too wide) in paragraph at lines 371--371
[]\OT1/cmtt/m/n/10 ##                                                 Median :1
9800265[] 
 []


Overfull \hbox (6.74693pt too wide) in paragraph at lines 371--371
[]\OT1/cmtt/m/n/10 ##                                                 Mean   :1
9797426[] 
 []


Overfull \hbox (6.74693pt too wide) in paragraph at lines 371--371
[]\OT1/cmtt/m/n/10 ##                                                 3rd Qu.:1
9980830[] 
 []


Overfull \hbox (6.74693pt too wide) in paragraph at lines 371--371
[]\OT1/cmtt/m/n/10 ##                                                 Max.   :2
0170630[] 
 []


Overfull \hbox (17.24684pt too wide) in paragraph at lines 371--371
[]\OT1/cmtt/m/n/10 ##  Min.   :-9999.0   Min.   :-9999.0   Min.   :19.30   Min.
   : 2.40[] 
 []


Overfull \hbox (17.24684pt too wide) in paragraph at lines 371--371
[]\OT1/cmtt/m/n/10 ##  1st Qu.:    0.0   1st Qu.:   27.1   1st Qu.:31.60   1st 
Qu.:23.00[] 
 []


Overfull \hbox (17.24684pt too wide) in paragraph at lines 371--371
[]\OT1/cmtt/m/n/10 ##  Median :    0.0   Median :   28.4   Median :33.00   Medi
an :24.50[] 
 []


Overfull \hbox (17.24684pt too wide) in paragraph at lines 371--371
[]\OT1/cmtt/m/n/10 ##  Mean   :-1532.3   Mean   : -255.2   Mean   :32.95   Mean
   :24.02[] 
 []


Overfull \hbox (17.24684pt too wide) in paragraph at lines 371--371
[]\OT1/cmtt/m/n/10 ##  3rd Qu.:    1.0   3rd Qu.:   29.6   3rd Qu.:34.40   3rd 
Qu.:25.60[] 
 []


Overfull \hbox (17.24684pt too wide) in paragraph at lines 371--371
[]\OT1/cmtt/m/n/10 ##  Max.   :  484.1   Max.   :   34.4   Max.   :40.80   Max.
   :30.10[] 
 []


Overfull \hbox (11.99442pt too wide) in paragraph at lines 371--371
[]\OT1/cmtt/m/n/10 ##                                      NA\TS1/cmtt/m/n/10 '
\OT1/cmtt/m/n/10 s   :5066    NA\TS1/cmtt/m/n/10 '\OT1/cmtt/m/n/10 s   :7760[] 

 []

[9]
Package color Info: Redefining color shadecolor on input line 396.
 <figure/fig:histogram-1.pdf, id=355, 505.89pt x 505.89pt>
File: figure/fig:histogram-1.pdf Graphic file (type pdf)

<use figure/fig:histogram-1.pdf> [10 <./figure/fig:histogram-1.pdf>]
Missing character: There is no ‚ in font cmr10!
Missing character: There is no Ä in font cmr10!
Missing character: There is no ú in font cmr10!
Missing character: There is no ‚ in font cmr10!
Missing character: There is no Ä in font cmr10!
Missing character: There is no ù in font cmr10!
Missing character: There is no ‚ in font cmr10!
Missing character: There is no Ä in font cmr10!
Missing character: There is no ô in font cmr10!
Missing character: There is no ‚ in font cmr10!
Missing character: There is no Ä in font cmr10!
Missing character: There is no ô in font cmr10!
Missing character: There is no ‚ in font cmr10!
Missing character: There is no Ä in font cmr10!
Missing character: There is no ú in font cmr10!
Missing character: There is no ‚ in font cmr10!
Missing character: There is no Ä in font cmr10!
Missing character: There is no ù in font cmr10!
Missing character: There is no ‚ in font cmr10!
Missing character: There is no à in font cmr10!
Missing character: There is no í in font cmr10!

Overfull \vbox (51.25014pt too high) detected at line 435
 []


Overfull \hbox (1.2539pt too wide) in paragraph at lines 435--435
[][] 
 []

<../graphics/smoking-non-sequitur.jpg, id=367, 1007.765pt x 770.88pt>
File: ../graphics/smoking-non-sequitur.jpg Graphic file (type jpg)

<use ../graphics/smoking-non-sequitur.jpg>

LaTeX Warning: `h' float specifier changed to `ht'.

<../graphics/Type_One_and_Two_Error.jpg, id=368, 405.76593pt x 215.30438pt>
File: ../graphics/Type_One_and_Two_Error.jpg Graphic file (type jpg)

<use ../graphics/Type_One_and_Two_Error.jpg> [11] [12 <../graphics/smoking-non-
sequitur.jpg> <../graphics/Type_One_and_Two_Error.jpg>]
Missing character: There is no ‚ in font cmr10!
Missing character: There is no Ä in font cmr10!
Missing character: There is no ú in font cmr10!
Missing character: There is no ‚ in font cmr10!
Missing character: There is no Ä in font cmr10!
Missing character: There is no ù in font cmr10!
 [13]
Package color Info: Redefining color shadecolor on input line 513.
 [14]
Package color Info: Redefining color shadecolor on input line 557.

<figure/Tmaxplot-1.pdf, id=396, 505.89pt x 505.89pt>
File: figure/Tmaxplot-1.pdf Graphic file (type pdf)

<use figure/Tmaxplot-1.pdf> [15 <./figure/Tmaxplot-1.pdf>]
Package color Info: Redefining color shadecolor on input line 566.
Package color Info: Redefining color shadecolor on input line 590.

<figure/unnamed-chunk-12-1.pdf, id=409, 505.89pt x 505.89pt>
File: figure/unnamed-chunk-12-1.pdf Graphic file (type pdf)

<use figure/unnamed-chunk-12-1.pdf>
Package color Info: Redefining color shadecolor on input line 599.
 [16] [17 <./figure/unnamed-chunk-12-1.pdf>]
Package color Info: Redefining color shadecolor on input line 645.
Package color Info: Redefining color shadecolor on input line 656.

Overfull \hbox (38.24666pt too wide) in paragraph at lines 677--677
[][]\OT1/cmtt/m/n/10 MonthlyTMAXSD[][]$[][]NewDate[] []=[] []MonthlyTMAXSD[][]$
[][]YEAR[] []+[] [](MonthlyTMAXSD[][]$[][]MONTH[] []-[] []1[][])[][]/[][]12[][]
 
 []

[18]
Package color Info: Redefining color shadecolor on input line 694.
 <figure/unnamed-chunk-13-1.pdf, id=430, 505.89pt x 505.89pt>
File: figure/unnamed-chunk-13-1.pdf Graphic file (type pdf)

<use figure/unnamed-chunk-13-1.pdf>
Overfull \hbox (15.0pt too wide) in paragraph at lines 699--700
[][] 
 []

Package color Info: Redefining color shadecolor on input line 706.
[19 <./figure/unnamed-chunk-13-1.pdf>]
Package color Info: Redefining color shadecolor on input line 724.

Overfull \hbox (153.74318pt too wide) in paragraph at lines 727--727
[][]\OT1/cmtt/m/n/10 plot[][](TMAX[][]~[][]YEAR,[] []data[][]=MonthlyTMAXMean[M
onthlyTMAXMean[][]$[][]Month[][]==[][]"05"[][],],[] []ty[][]=[][]\TS1/cmtt/m/n/
10 '\OT1/cmtt/m/n/10 l\TS1/cmtt/m/n/10 '[][]\OT1/cmtt/m/n/10 ,[] []xlim[][]=[][
]c[][]([][]1950[][],[] []2020[][]))[][] 
 []


Overfull \hbox (48.74657pt too wide) in paragraph at lines 728--728
[][]\OT1/cmtt/m/n/10 May.lm[] []<-[] []lm[][](TMAX[][]~[][]YEAR,[] []data[][]=M
onthlyTMAXMean[MonthlyTMAXMean[][]$[][]Month[][]==[][]"05"[][],])[][] 
 []


Overfull \hbox (53.99652pt too wide) in paragraph at lines 749--749
[]\OT1/cmtt/m/n/10 ## lm(formula = TMAX ~ YEAR, data = MonthlyTMAXMean[MonthlyT
MAXMean$Month ==[] 
 []

<figure/unnamed-chunk-15-1.pdf, id=443, 505.89pt x 505.89pt>
File: figure/unnamed-chunk-15-1.pdf Graphic file (type pdf)

<use figure/unnamed-chunk-15-1.pdf>
Overfull \hbox (15.0pt too wide) in paragraph at lines 754--755
[][] 
 []

[20]
Package color Info: Redefining color shadecolor on input line 770.
 <figure/12MonthsTMAX-1.pdf, id=449, 505.89pt x 505.89pt>
File: figure/12MonthsTMAX-1.pdf Graphic file (type pdf)

<use figure/12MonthsTMAX-1.pdf> [21 <./figure/unnamed-chunk-15-1.pdf>] [22 <./f
igure/12MonthsTMAX-1.pdf>]
Package color Info: Redefining color shadecolor on input line 791.

<figure/unnamed-chunk-16-1.pdf, id=471, 505.89pt x 505.89pt>
File: figure/unnamed-chunk-16-1.pdf Graphic file (type pdf)

<use figure/unnamed-chunk-16-1.pdf>
Package color Info: Redefining color shadecolor on input line 802.
 [23 <./figure/unnamed-chunk-16-1.pdf>]
Overfull \hbox (15.9971pt too wide) in paragraph at lines 804--804
[][]\OT1/cmtt/m/n/10 MonthlyTMINMean[] []=[] []aggregate[][](TMIN[] []~[] []Mon
th[] []+[] []Year, Thailand, mean)[][] 
 []

Package color Info: Redefining color shadecolor on input line 829.
<figure/unnamed-chunk-17-1.pdf, id=485, 505.89pt x 505.89pt>
File: figure/unnamed-chunk-17-1.pdf Graphic file (type pdf)

<use figure/unnamed-chunk-17-1.pdf> [24]
Package color Info: Redefining color shadecolor on input line 847.

<figure/12MonthsTMIN-1.pdf, id=492, 505.89pt x 505.89pt>
File: figure/12MonthsTMIN-1.pdf Graphic file (type pdf)

<use figure/12MonthsTMIN-1.pdf>

LaTeX Warning: Reference `tab:results' on page 25 undefined on input line 853.


Overfull \hbox (1128.9874pt too wide) in paragraph at lines 858--858
[][]\OT1/cmtt/m/n/10 Results[] []<-[] []data.frame[][]([][]Month[] []= TMINresu
lt[[][]c[][]([][]2[][]:[][]13[][]),[][]1[][]],[] []TMINSlope[] []= TMINresult[[
][]c[][]([][]2[][]:[][]13[][]),[][]2[][]],[] []TMIN_P[] []=[] []as.numeric[][](
TMINresult[[][]c[][]([][]2[][]:[][]13[][]),[][]3[][]]),[] []TMINRsq[] []= TMINr
esult[[][]c[][]([][]2[][]:[][]13[][]),[][]4[][]],[] []TMAXSlope[] []= TMAXresul
t[[][]c[][]([][]2[][]:[][]13[][]),[][]2[][]],[] []TMAX_P[] []=[] []as.numeric[]
[](TMAXresult[[][]c[][]([][]2[][]:[][]13[][]),[][]3[][]]),[] []TMAXRsq[] []= TM
AXresult[[][]c[][]([][]2[][]:[][]13[][]),[][]4[][]])[][] 
 []


Overfull \hbox (220.74532pt too wide) in paragraph at lines 869--869
[][]\OT1/cmtt/m/n/10 colnames[][](Results)[] []<-[] []c[][]([][]"Month"[][],[] 
[]"2"[][],[] []"3"[][],[] []"R^2"[][],[] []"5"[][],[] []"6"[][],[] []"R^2"[][],
[] []"8"[][],[] []"9"[][],[] []"Slope TMIN"[][],[] []"Slope TMAX"[][])[][] 
 []

[25 <./figure/unnamed-chunk-17-1.pdf>] [26 <./figure/12MonthsTMIN-1.pdf>]
[27]
Package color Info: Redefining color shadecolor on input line 922.

Overfull \hbox (95.99615pt too wide) in paragraph at lines 926--926
[][]\OT1/cmtt/m/n/10 Missing[] []<-[] []aggregate[][]([][]is.na[][](Thailand[][
]$[][]PRCP),[] []list[][](Thailand[][]$[][]Month, Thailand[][]$[][]Year), sum)[
][] 
 []


Overfull \hbox (48.74657pt too wide) in paragraph at lines 927--927
[][]\OT1/cmtt/m/n/10 Missing[][]$[][]Date[] []=[] []as.numeric[][](Missing[][]$
[][]Group.1)[] []+[] []as.numeric[][](Missing[][]$[][]Group.2)[][]/[][]12[][] 
 []

<figure/unnamed-chunk-19-1.pdf, id=521, 505.89pt x 505.89pt>
File: figure/unnamed-chunk-19-1.pdf Graphic file (type pdf)

<use figure/unnamed-chunk-19-1.pdf>
Overfull \hbox (15.0pt too wide) in paragraph at lines 931--932
[][] 
 []

Package color Info: Redefining color shadecolor on input line 940.
[28 <./figure/unnamed-chunk-19-1.pdf>]
Overfull \hbox (111.74602pt too wide) in paragraph at lines 942--942
[][]\OT1/cmtt/m/n/10 TotalPPT[] []<-[] []aggregate[][](Thailand[][]$[][]PRCP,[]
 []list[][](Thailand[][]$[][]Month, Thailand[][]$[][]Year), sum,[] []na.rm[][]=
T)[][] 
 []

Package color Info: Redefining color shadecolor on input line 973.
Package color Info: Redefining color shadecolor on input line 981.
<figure/unnamed-chunk-22-1.pdf, id=531, 505.89pt x 505.89pt>
File: figure/unnamed-chunk-22-1.pdf Graphic file (type pdf)

<use figure/unnamed-chunk-22-1.pdf>
Overfull \hbox (15.0pt too wide) in paragraph at lines 987--988
[][] 
 []

[29]
Package color Info: Redefining color shadecolor on input line 995.
 <figure/unnamed-chunk-23-1.pdf, id=536, 505.89pt x 505.89pt>
File: figure/unnamed-chunk-23-1.pdf Graphic file (type pdf)

<use figure/unnamed-chunk-23-1.pdf>
Package color Info: Redefining color shadecolor on input line 1004.
Package color Info: Redefining color shadecolor on input line 1019.
 [30 <./figure/unnamed-chunk-22-1.pdf>]
[31 <./figure/unnamed-chunk-23-1.pdf>]
Package color Info: Redefining color shadecolor on input line 1039.


Package hyperref Warning: Token not allowed in a PDFDocEncoded string,
(hyperref)                removing `math shift' on input line 1059.


Package hyperref Warning: Token not allowed in a PDFDocEncoded string,
(hyperref)                removing `\epsilon' on input line 1059.


Package hyperref Warning: Token not allowed in a PDFDocEncoded string,
(hyperref)                removing `math shift' on input line 1059.

Missing character: There is no ‚ in font cmr10!
Missing character: There is no Ä in font cmr10!
Missing character: There is no ú in font cmr10!
Missing character: There is no ‚ in font cmr10!
Missing character: There is no Ä in font cmr10!
Missing character: There is no ô in font cmr10!
[32]
Package color Info: Redefining color shadecolor on input line 1098.

Overfull \hbox (22.4968pt too wide) in paragraph at lines 1101--1101
[][]\OT1/cmtt/m/n/10 plot[][]([][]lm[][](TMIN[] []~[] []YEAR,[] []data[][]=Mont
hlyTMINMean[MonthlyTMINMean[][]$[][]MONTH[][]==[][]1[][],]))[][] 
 []

<figure/unnamed-chunk-27-1.pdf, id=560, 505.89pt x 505.89pt>
File: figure/unnamed-chunk-27-1.pdf Graphic file (type pdf)

<use figure/unnamed-chunk-27-1.pdf> [33] [34 <./figure/unnamed-chunk-27-1.pdf>]
Package color Info: Redefining color shadecolor on input line 1138.

Overfull \hbox (8.48305pt too wide) in paragraph at lines 1147--1147
[][]\OT1/cmtt/m/it/10 #TMAX.gls = gls(TMAX ~ NewDate, data = Thailand, na.actio
n=na.omit)[][] 
 []


Overfull \hbox (176.48158pt too wide) in paragraph at lines 1149--1149
[][]\OT1/cmtt/m/it/10 #TMAX.gls2 = gls(TMAX ~ NewDate, data = Thailand, correla
tion = corAR1(form=~1), na.action=na.omit)[][] 
 []

[35] [36] (./SOP90_Analyzing_Trends.aux)

LaTeX Warning: There were undefined references.

 ) 
Here is how much of TeX's memory you used:
 3398 strings out of 256214
 49465 string characters out of 1917000
 100753 words of memory out of 1500000
 6516 multiletter control sequences out of 10000+200000
 9768 words of font info for 35 fonts, out of 1200000 for 2000
 645 hyphenation exceptions out of 8191
 25i,13n,39p,1248b,425s stack positions out of 5000i,500n,6000p,200000b,15000s
 </home/CAMPUS/mwl04747/.texlive2007/texmf-var/fonts/pk/ljfour/jknappen/ec/tc
it1000.600pk> </home/CAMPUS/mwl04747/.texlive2007/texmf-var/fonts/pk/ljfour/jkn
appen/ec/tctt1000.600pk> </home/CAMPUS/mwl04747/.texlive2007/texmf-var/fonts/pk
/ljfour/jknappen/ec/tcrm1000.600pk></usr/share/texmf/fonts/type1/bluesky/cm/cmb
x10.pfb></usr/share/texmf/fonts/type1/bluesky/cm/cmbx12.pfb></usr/share/texmf/f
onts/type1/bluesky/cm/cmbx9.pfb></usr/share/texmf/fonts/type1/bluesky/cm/cmitt1
0.pfb></usr/share/texmf/fonts/type1/bluesky/cm/cmmi10.pfb></usr/share/texmf/fon
ts/type1/bluesky/cm/cmmi7.pfb></usr/share/texmf/fonts/type1/bluesky/cm/cmr10.pf
b></usr/share/texmf/fonts/type1/bluesky/cm/cmr12.pfb></usr/share/texmf/fonts/ty
pe1/bluesky/cm/cmr17.pfb></usr/share/texmf/fonts/type1/bluesky/cm/cmr6.pfb></us
r/share/texmf/fonts/type1/bluesky/cm/cmr7.pfb></usr/share/texmf/fonts/type1/blu
esky/cm/cmr8.pfb></usr/share/texmf/fonts/type1/bluesky/cm/cmr9.pfb></usr/share/
texmf/fonts/type1/bluesky/cm/cmsy10.pfb></usr/share/texmf/fonts/type1/bluesky/c
m/cmsy7.pfb></usr/share/texmf/fonts/type1/bluesky/cm/cmtt10.pfb>
Output written on SOP90_Analyzing_Trends.pdf (36 pages, 1931162 bytes).
PDF statistics:
 675 PDF objects out of 1000 (max. 8388607)
 124 named destinations out of 1000 (max. 131072)
 529 words of extra memory for PDF output out of 10000 (max. 10000000)

