This is pdfTeX, Version 3.1415926-2.5-1.40.14 (TeX Live 2013) (format=pdflatex 2019.11.11)  10 DEC 2019 13:43
entering extended mode
 restricted \write18 enabled.
 %&-line parsing enabled.
**Onset_Processing.tex
(./Onset_Processing.tex
LaTeX2e <2011/06/27>
Babel <v3.8m> and hyphenation patterns for english, dumylang, nohyphenation, uk
rainian, russian, bulgarian, loaded.
(/usr/share/texlive/texmf-dist/tex/latex/base/article.cls
Document Class: article 2007/10/19 v1.4h Standard LaTeX document class
(/usr/share/texlive/texmf-dist/tex/latex/base/size10.clo
File: size10.clo 2007/10/19 v1.4h Standard LaTeX file (size option)
)
\c@part=\count79
\c@section=\count80
\c@subsection=\count81
\c@subsubsection=\count82
\c@paragraph=\count83
\c@subparagraph=\count84
\c@figure=\count85
\c@table=\count86
\abovecaptionskip=\skip41
\belowcaptionskip=\skip42
\bibindent=\dimen102
)
(/usr/share/texlive/texmf-dist/tex/latex/graphics/graphicx.sty
Package: graphicx 1999/02/16 v1.0f Enhanced LaTeX Graphics (DPC,SPQR)

(/usr/share/texlive/texmf-dist/tex/latex/graphics/keyval.sty
Package: keyval 1999/03/16 v1.13 key=value parser (DPC)
\KV@toks@=\toks14
)
(/usr/share/texlive/texmf-dist/tex/latex/graphics/graphics.sty
Package: graphics 2009/02/05 v1.0o Standard LaTeX Graphics (DPC,SPQR)

(/usr/share/texlive/texmf-dist/tex/latex/graphics/trig.sty
Package: trig 1999/03/16 v1.09 sin cos tan (DPC)
)
(/usr/share/texlive/texmf-dist/tex/latex/latexconfig/graphics.cfg
File: graphics.cfg 2010/04/23 v1.9 graphics configuration of TeX Live
)
Package graphics Info: Driver file: pdftex.def on input line 91.

(/usr/share/texlive/texmf-dist/tex/latex/pdftex-def/pdftex.def
File: pdftex.def 2011/05/27 v0.06d Graphics/color for pdfTeX

(/usr/share/texlive/texmf-dist/tex/generic/oberdiek/infwarerr.sty
Package: infwarerr 2010/04/08 v1.3 Providing info/warning/error messages (HO)
)
(/usr/share/texlive/texmf-dist/tex/generic/oberdiek/ltxcmds.sty
Package: ltxcmds 2011/11/09 v1.22 LaTeX kernel commands for general use (HO)
)
\Gread@gobject=\count87
))
\Gin@req@height=\dimen103
\Gin@req@width=\dimen104
)
(/usr/share/texlive/texmf-dist/tex/latex/graphics/color.sty
Package: color 2005/11/14 v1.0j Standard LaTeX Color (DPC)

(/usr/share/texlive/texmf-dist/tex/latex/latexconfig/color.cfg
File: color.cfg 2007/01/18 v1.5 color configuration of teTeX/TeXLive
)
Package color Info: Driver file: pdftex.def on input line 130.
)
(/usr/share/texlive/texmf-dist/tex/latex/framed/framed.sty
Package: framed 2011/10/22 v 0.96: framed or shaded text with page breaks
\OuterFrameSep=\skip43
\fb@frw=\dimen105
\fb@frh=\dimen106
\FrameRule=\dimen107
\FrameSep=\dimen108
)
(/usr/share/texlive/texmf-dist/tex/latex/base/alltt.sty
Package: alltt 1997/06/16 v2.0g defines alltt environment
)
(/usr/share/texlive/texmf-dist/tex/latex/upquote/upquote.sty
Package: upquote 2012/04/19 v1.3 upright-quote and grave-accent glyphs in verba
tim
)
(./Onset_Processing.aux)
\openout1 = `Onset_Processing.aux'.

LaTeX Font Info:    Checking defaults for OML/cmm/m/it on input line 53.
LaTeX Font Info:    ... okay on input line 53.
LaTeX Font Info:    Checking defaults for T1/cmr/m/n on input line 53.
LaTeX Font Info:    ... okay on input line 53.
LaTeX Font Info:    Checking defaults for OT1/cmr/m/n on input line 53.
LaTeX Font Info:    ... okay on input line 53.
LaTeX Font Info:    Checking defaults for OMS/cmsy/m/n on input line 53.
LaTeX Font Info:    ... okay on input line 53.
LaTeX Font Info:    Checking defaults for OMX/cmex/m/n on input line 53.
LaTeX Font Info:    ... okay on input line 53.
LaTeX Font Info:    Checking defaults for U/cmr/m/n on input line 53.
LaTeX Font Info:    ... okay on input line 53.

(/usr/share/texlive/texmf-dist/tex/context/base/supp-pdf.mkii
[Loading MPS to PDF converter (version 2006.09.02).]
\scratchcounter=\count88
\scratchdimen=\dimen109
\scratchbox=\box26
\nofMPsegments=\count89
\nofMParguments=\count90
\everyMPshowfont=\toks15
\MPscratchCnt=\count91
\MPscratchDim=\dimen110
\MPnumerator=\count92
\makeMPintoPDFobject=\count93
\everyMPtoPDFconversion=\toks16
) (/usr/share/texlive/texmf-dist/tex/generic/oberdiek/pdftexcmds.sty
Package: pdftexcmds 2011/11/29 v0.20 Utility functions of pdfTeX for LuaTeX (HO
)

(/usr/share/texlive/texmf-dist/tex/generic/oberdiek/ifluatex.sty
Package: ifluatex 2010/03/01 v1.3 Provides the ifluatex switch (HO)
Package ifluatex Info: LuaTeX not detected.
)
(/usr/share/texlive/texmf-dist/tex/generic/oberdiek/ifpdf.sty
Package: ifpdf 2011/01/30 v2.3 Provides the ifpdf switch (HO)
Package ifpdf Info: pdfTeX in PDF mode is detected.
)
Package pdftexcmds Info: LuaTeX not detected.
Package pdftexcmds Info: \pdf@primitive is available.
Package pdftexcmds Info: \pdf@ifprimitive is available.
Package pdftexcmds Info: \pdfdraftmode found.
)
(/usr/share/texlive/texmf-dist/tex/latex/oberdiek/epstopdf-base.sty
Package: epstopdf-base 2010/02/09 v2.5 Base part for package epstopdf

(/usr/share/texlive/texmf-dist/tex/latex/oberdiek/grfext.sty
Package: grfext 2010/08/19 v1.1 Manage graphics extensions (HO)

(/usr/share/texlive/texmf-dist/tex/generic/oberdiek/kvdefinekeys.sty
Package: kvdefinekeys 2011/04/07 v1.3 Define keys (HO)
))
(/usr/share/texlive/texmf-dist/tex/latex/oberdiek/kvoptions.sty
Package: kvoptions 2011/06/30 v3.11 Key value format for package options (HO)

(/usr/share/texlive/texmf-dist/tex/generic/oberdiek/kvsetkeys.sty
Package: kvsetkeys 2012/04/25 v1.16 Key value parser (HO)

(/usr/share/texlive/texmf-dist/tex/generic/oberdiek/etexcmds.sty
Package: etexcmds 2011/02/16 v1.5 Avoid name clashes with e-TeX commands (HO)
Package etexcmds Info: Could not find \expanded.
(etexcmds)             That can mean that you are not using pdfTeX 1.50 or
(etexcmds)             that some package has redefined \expanded.
(etexcmds)             In the latter case, load this package earlier.
)))
Package grfext Info: Graphics extension search list:
(grfext)             [.png,.pdf,.jpg,.mps,.jpeg,.jbig2,.jb2,.PNG,.PDF,.JPG,.JPE
G,.JBIG2,.JB2,.eps]
(grfext)             \AppendGraphicsExtensions on input line 452.

(/usr/share/texlive/texmf-dist/tex/latex/latexconfig/epstopdf-sys.cfg
File: epstopdf-sys.cfg 2010/07/13 v1.3 Configuration of (r)epstopdf for TeX Liv
e
))
Package color Info: Redefining color shadecolor on input line 61.

Overfull \hbox (200.99524pt too wide) in paragraph at lines 63--63
[][]\OT1/cmtt/m/n/10 filepath106[] []=[] []"/home/CAMPUS/mwl04747/github/Climat
e_Change_Narratives/Data/FA19/Onset_Data/20724106.csv"[][] 
 []


Overfull \hbox (200.99524pt too wide) in paragraph at lines 65--65
[][]\OT1/cmtt/m/n/10 filepath107[] []=[] []"/home/CAMPUS/mwl04747/github/Climat
e_Change_Narratives/Data/FA19/Onset_Data/20724107.csv"[][] 
 []


Overfull \hbox (200.99524pt too wide) in paragraph at lines 67--67
[][]\OT1/cmtt/m/n/10 filepath109[] []=[] []"/home/CAMPUS/mwl04747/github/Climat
e_Change_Narratives/Data/FA19/Onset_Data/20724109.csv"[][] 
 []


Overfull \hbox (200.99524pt too wide) in paragraph at lines 69--69
[][]\OT1/cmtt/m/n/10 filepath110[] []=[] []"/home/CAMPUS/mwl04747/github/Climat
e_Change_Narratives/Data/FA19/Onset_Data/20724110.csv"[][] 
 []


Overfull \hbox (200.99524pt too wide) in paragraph at lines 71--71
[][]\OT1/cmtt/m/n/10 filepath543[] []=[] []"/home/CAMPUS/mwl04747/github/Climat
e_Change_Narratives/Data/FA19/Onset_Data/10998543.csv"[][] 
 []


Overfull \hbox (200.99524pt too wide) in paragraph at lines 73--73
[][]\OT1/cmtt/m/n/10 filepath544[] []=[] []"/home/CAMPUS/mwl04747/github/Climat
e_Change_Narratives/Data/FA19/Onset_Data/10998544.csv"[][] 
 []

Package color Info: Redefining color shadecolor on input line 83.
LaTeX Font Info:    Font shape `OT1/cmtt/bx/n' in size <10> not available
(Font)              Font shape `OT1/cmtt/m/n' tried instead on input line 85.

Overfull \hbox (248.24483pt too wide) in paragraph at lines 96--96
[]\OT1/cmtt/m/n/10 ##  $ X.                                                    
                      : int  1 2 3 4 5 6 7 8 9 10 ...[] 
 []


Overfull \hbox (500.24263pt too wide) in paragraph at lines 96--96
[]\OT1/cmtt/m/n/10 ##  $ Date.Time..GMT.08.00                                  
                      : Factor w/ 1881 levels "11/20/19 01:00:00 AM",..: 89 91 
93 95 1 3 5 7 9 11 ...[] 
 []


Overfull \hbox (258.74474pt too wide) in paragraph at lines 96--96
[]\OT1/cmtt/m/n/10 ##  $ Temp...F..LGR.S.N..20724106..SEN.S.N..20724106..LBL..G
andalf..Walker.Beach..: num  59.7 59.9 59.9 60 59.9 ...[] 
 []


Overfull \hbox (384.74364pt too wide) in paragraph at lines 96--96
[]\OT1/cmtt/m/n/10 ##  $ Coupler.Attached..LGR.S.N..20724106..SEN.S.N..20724106
.                     : Factor w/ 2 levels "","Logged": 1 1 1 1 1 1 1 1 1 1 ...
[] 
 []


Overfull \hbox (384.74364pt too wide) in paragraph at lines 96--96
[]\OT1/cmtt/m/n/10 ##  $ Host.Connected..LGR.S.N..20724106..SEN.S.N..20724106. 
                      : Factor w/ 2 levels "","Logged": 1 1 1 1 1 1 1 1 1 1 ...
[] 
 []


Overfull \hbox (384.74364pt too wide) in paragraph at lines 96--96
[]\OT1/cmtt/m/n/10 ##  $ Stopped..LGR.S.N..20724106..SEN.S.N..20724106.        
                      : Factor w/ 2 levels "","Logged": 1 1 1 1 1 1 1 1 1 1 ...
[] 
 []


Overfull \hbox (384.74364pt too wide) in paragraph at lines 96--96
[]\OT1/cmtt/m/n/10 ##  $ End.Of.File..LGR.S.N..20724106..SEN.S.N..20724106.    
                      : Factor w/ 2 levels "","Logged": 1 1 1 1 1 1 1 1 1 1 ...
[] 
 []


Overfull \hbox (274.4946pt too wide) in paragraph at lines 99--99
[][]\OT1/cmtt/m/n/10 onset106[][]$[][]Location[] []=[] []"Walker Beach"[][]; on
set106[][]$[][]Exposure[] []=[] []"Shade"[][]; onset106[] []<-[] []onset106[,[]
[]c[][]([][]1[][],[][]8[][],[] []9[][],[] []2[][],[][]3[][])];[] []head[][](ons
et106)[][] 
 []


Overfull \hbox (258.74474pt too wide) in paragraph at lines 122--122
[]\OT1/cmtt/m/n/10 ##  $ X.                                                    
                        : int  1 2 3 4 5 6 7 8 9 10 ...[] 
 []


Overfull \hbox (510.74254pt too wide) in paragraph at lines 122--122
[]\OT1/cmtt/m/n/10 ##  $ Date.Time..GMT.08.00                                  
                        : Factor w/ 1881 levels "11/20/19 01:00:00 AM",..: 89 9
1 93 95 1 3 5 7 9 11 ...[] 
 []


Overfull \hbox (269.24464pt too wide) in paragraph at lines 122--122
[]\OT1/cmtt/m/n/10 ##  $ Temp...F..LGR.S.N..20724107..SEN.S.N..20724107..LBL..G
ertrude..Tranquada.Lot..: num  58.6 59 59.2 59.3 59.2 ...[] 
 []


Overfull \hbox (395.24355pt too wide) in paragraph at lines 122--122
[]\OT1/cmtt/m/n/10 ##  $ Coupler.Attached..LGR.S.N..20724107..SEN.S.N..20724107
.                       : Factor w/ 2 levels "","Logged": 1 1 1 1 1 1 1 1 1 1 .
..[] 
 []


Overfull \hbox (395.24355pt too wide) in paragraph at lines 122--122
[]\OT1/cmtt/m/n/10 ##  $ Host.Connected..LGR.S.N..20724107..SEN.S.N..20724107. 
                        : Factor w/ 2 levels "","Logged": 1 1 1 1 1 1 1 1 1 1 .
..[] 
 []


Overfull \hbox (395.24355pt too wide) in paragraph at lines 122--122
[]\OT1/cmtt/m/n/10 ##  $ Stopped..LGR.S.N..20724107..SEN.S.N..20724107.        
                        : Factor w/ 2 levels "","Logged": 1 1 1 1 1 1 1 1 1 1 .
..[] 
 []


Overfull \hbox (395.24355pt too wide) in paragraph at lines 122--122
[]\OT1/cmtt/m/n/10 ##  $ End.Of.File..LGR.S.N..20724107..SEN.S.N..20724107.    
                        : Factor w/ 2 levels "","Logged": 1 1 1 1 1 1 1 1 1 1 .
..[] 
 []


Overfull \hbox (269.24464pt too wide) in paragraph at lines 125--125
[][]\OT1/cmtt/m/n/10 onset107[][]$[][]Location[] []=[] []"Tranquada Lot"[][]; o
nset107[][]$[][]Exposure[] []=[] []"Sun"[][]; onset107[] []<-[] []onset107[,[][
]c[][]([][]1[][],[][]8[][],[] []9[][],[] []2[][],[][]3[][])];[] []head[][](onse
t107)[][] 
 []


Overfull \hbox (179.99542pt too wide) in paragraph at lines 145--145
[]\OT1/cmtt/m/n/10 ##  $ X.                                                    
         : int  1 2 3 4 5 6 7 8 9 10 ...[] 
 []


Overfull \hbox (426.74327pt too wide) in paragraph at lines 145--145
[]\OT1/cmtt/m/n/10 ##  $ Date.Time..GMT.08.00                                  
         : Factor w/ 848 levels "11/19/19 01:00:00 AM",..: 45 47 1 3 5 7 9 11 1
3 15 ...[] 
 []


Overfull \hbox (200.99524pt too wide) in paragraph at lines 145--145
[]\OT1/cmtt/m/n/10 ##  $ Temp...F..LGR.S.N..20724109..SEN.S.N..20724109..LBL..K
ravisSun.: num  58.6 57.8 56.9 55.9 55.4 ...[] 
 []


Overfull \hbox (316.49423pt too wide) in paragraph at lines 145--145
[]\OT1/cmtt/m/n/10 ##  $ End.Of.File..LGR.S.N..20724109..SEN.S.N..20724109.    
         : Factor w/ 2 levels "","Logged": 1 1 1 1 1 1 1 1 1 1 ...[] 
 []


Overfull \hbox (216.7451pt too wide) in paragraph at lines 148--148
[][]\OT1/cmtt/m/n/10 onset109[][]$[][]Location[] []=[] []"Kravis"[][]; onset109
[][]$[][]Exposure[][]=[][]"Sun"[][]; onset109[] []<-[] []onset109[,[][]c[][]([]
[]1[][],[][]5[][],[][]6[][],[] []2[][],[][]3[][])];[] []head[][](onset109)[][] 

 []


Overfull \hbox (248.24483pt too wide) in paragraph at lines 171--171
[]\OT1/cmtt/m/n/10 ##  $ X.                                                    
                      : int  1 2 3 4 5 6 7 8 9 10 ...[] 
 []


Overfull \hbox (500.24263pt too wide) in paragraph at lines 171--171
[]\OT1/cmtt/m/n/10 ##  $ Date.Time..GMT.08.00                                  
                      : Factor w/ 1864 levels "11/20/19 01:00:00 AM",..: 89 91 
93 95 1 3 5 7 9 11 ...[] 
 []


Overfull \hbox (269.24464pt too wide) in paragraph at lines 171--171
[]\OT1/cmtt/m/n/10 ##  $ Temp...F..LGR.S.N..20724110..SEN.S.N..20724110..LBL..G
wen..SCC.Parking.Lot..: num  59.9 59.9 59.9 59.9 59.9 ...[] 
 []


Overfull \hbox (384.74364pt too wide) in paragraph at lines 171--171
[]\OT1/cmtt/m/n/10 ##  $ Host.Connected..LGR.S.N..20724110..SEN.S.N..20724110. 
                      : Factor w/ 2 levels "","Logged": 1 1 1 1 1 1 1 1 1 1 ...
[] 
 []


Overfull \hbox (384.74364pt too wide) in paragraph at lines 171--171
[]\OT1/cmtt/m/n/10 ##  $ Coupler.Attached..LGR.S.N..20724110..SEN.S.N..20724110
.                     : Factor w/ 2 levels "","Logged": 1 1 1 1 1 1 1 1 1 1 ...
[] 
 []


Overfull \hbox (384.74364pt too wide) in paragraph at lines 171--171
[]\OT1/cmtt/m/n/10 ##  $ Stopped..LGR.S.N..20724110..SEN.S.N..20724110.        
                      : Factor w/ 2 levels "","Logged": 1 1 1 1 1 1 1 1 1 1 ...
[] 
 []


Overfull \hbox (384.74364pt too wide) in paragraph at lines 171--171
[]\OT1/cmtt/m/n/10 ##  $ End.Of.File..LGR.S.N..20724110..SEN.S.N..20724110.    
                      : Factor w/ 2 levels "","Logged": 1 1 1 1 1 1 1 1 1 1 ...
[] 
 []


Overfull \hbox (290.24446pt too wide) in paragraph at lines 174--174
[][]\OT1/cmtt/m/n/10 onset110[][]$[][]Location[] []=[] []"SCC Parking Lot"[][];
 onset110[][]$[][]Exposure[] []=[] []"Shade"[][]; onset110[] []<-[] []onset110[
,[][]c[][]([][]1[][],[][]8[][],[] []9[][],[] []2[][],[][]3[][])];[] []head[][](
onset110)[][] 
 []


Overfull \hbox (195.74529pt too wide) in paragraph at lines 197--197
[]\OT1/cmtt/m/n/10 ##  $ X.                                                    
            : int  1 2 3 4 5 6 7 8 9 10 ...[] 
 []


Overfull \hbox (442.49313pt too wide) in paragraph at lines 197--197
[]\OT1/cmtt/m/n/10 ##  $ Date.Time..GMT.08.00                                  
            : Factor w/ 981 levels "11/19/19 01:00:00 AM",..: 45 47 1 3 5 7 9 1
1 13 15 ...[] 
 []


Overfull \hbox (216.7451pt too wide) in paragraph at lines 197--197
[]\OT1/cmtt/m/n/10 ##  $ Temp...F..LGR.S.N..10998543..SEN.S.N..10998543..LBL..S
ontag.Shade.: num  64.1 63.3 62.1 60.9 60.2 ...[] 
 []


Overfull \hbox (332.2441pt too wide) in paragraph at lines 197--197
[]\OT1/cmtt/m/n/10 ##  $ Coupler.Attached..LGR.S.N..10998543..SEN.S.N..10998543
.           : Factor w/ 2 levels "","Logged": 1 1 1 1 1 1 1 1 1 1 ...[] 
 []


Overfull \hbox (332.2441pt too wide) in paragraph at lines 197--197
[]\OT1/cmtt/m/n/10 ##  $ Host.Connected..LGR.S.N..10998543..SEN.S.N..10998543. 
            : Factor w/ 2 levels "","Logged": 1 1 1 1 1 1 1 1 1 1 ...[] 
 []


Overfull \hbox (332.2441pt too wide) in paragraph at lines 197--197
[]\OT1/cmtt/m/n/10 ##  $ Stopped..LGR.S.N..10998543..SEN.S.N..10998543.        
            : Factor w/ 2 levels "","Logged": 1 1 1 1 1 1 1 1 1 1 ...[] 
 []


Overfull \hbox (332.2441pt too wide) in paragraph at lines 197--197
[]\OT1/cmtt/m/n/10 ##  $ End.Of.File..LGR.S.N..10998543..SEN.S.N..10998543.    
            : Factor w/ 2 levels "","Logged": 1 1 1 1 1 1 1 1 1 1 ...[] 
 []


Overfull \hbox (232.49496pt too wide) in paragraph at lines 200--200
[][]\OT1/cmtt/m/n/10 onset543[][]$[][]Location[] []=[] []"Sontag 1"[][]; onset5
43[][]$[][]Exposure[] []=[] []"Sun"[][]; onset543[] []<-[] []onset543[,[][]c[][
]([][]1[][],[][]8[][],[][]9[][],[][]2[][],[][]3[][])];[] []head[][](onset543)[]
[] 
 []


Overfull \hbox (185.24538pt too wide) in paragraph at lines 224--224
[]\OT1/cmtt/m/n/10 ##  $ X.                                                    
          : int  1 2 3 4 5 6 7 8 9 10 ...[] 
 []


Overfull \hbox (431.99323pt too wide) in paragraph at lines 224--224
[]\OT1/cmtt/m/n/10 ##  $ Date.Time..GMT.08.00                                  
          : Factor w/ 983 levels "11/19/19 01:00:00 AM",..: 45 47 1 3 5 7 9 11 
13 15 ...[] 
 []


Overfull \hbox (206.2452pt too wide) in paragraph at lines 224--224
[]\OT1/cmtt/m/n/10 ##  $ Temp...F..LGR.S.N..10998544..SEN.S.N..10998544..LBL..S
ontag.Sun.: num  64.1 62.9 61.7 61.6 60.5 ...[] 
 []


Overfull \hbox (321.74419pt too wide) in paragraph at lines 224--224
[]\OT1/cmtt/m/n/10 ##  $ Coupler.Attached..LGR.S.N..10998544..SEN.S.N..10998544
.         : Factor w/ 2 levels "","Logged": 1 1 1 1 1 1 1 1 1 1 ...[] 
 []


Overfull \hbox (321.74419pt too wide) in paragraph at lines 224--224
[]\OT1/cmtt/m/n/10 ##  $ Host.Connected..LGR.S.N..10998544..SEN.S.N..10998544. 
          : Factor w/ 2 levels "","Logged": 1 1 1 1 1 1 1 1 1 1 ...[] 
 []


Overfull \hbox (321.74419pt too wide) in paragraph at lines 224--224
[]\OT1/cmtt/m/n/10 ##  $ Coupler.Detached..LGR.S.N..10998544..SEN.S.N..10998544
.         : Factor w/ 2 levels "","Logged": 1 1 1 1 1 1 1 1 1 1 ...[] 
 []


Overfull \hbox (321.74419pt too wide) in paragraph at lines 224--224
[]\OT1/cmtt/m/n/10 ##  $ Stopped..LGR.S.N..10998544..SEN.S.N..10998544.        
          : Factor w/ 2 levels "","Logged": 1 1 1 1 1 1 1 1 1 1 ...[] 
 []


Overfull \hbox (321.74419pt too wide) in paragraph at lines 224--224
[]\OT1/cmtt/m/n/10 ##  $ End.Of.File..LGR.S.N..10998544..SEN.S.N..10998544.    
          : Factor w/ 2 levels "","Logged": 1 1 1 1 1 1 1 1 1 1 ...[] 
 []


Overfull \hbox (242.99487pt too wide) in paragraph at lines 227--227
[][]\OT1/cmtt/m/n/10 onset544[][]$[][]Location[] []=[] []"Sontag 2"[][]; onset5
44[][]$[][]Exposure[][]=[][]"Shade"[][]; onset544[] []<-[] []onset544[,[][]c[][
]([][]1[][],[][]9[][],[][]10[][],[] []2[][],[][]3[][])];[] []head[][](onset544)
[][] 
 []


Overfull \hbox (38.24666pt too wide) in paragraph at lines 239--239
[][]\OT1/cmtt/m/n/10 onset[] []=[] []rbind[][](onset106, onset107, onset109, on
set110, onset543, onset544)[][] 
 []

[1

{/usr/share/texlive/texmf/fonts/map/pdftex/updmap/pdftex.map}] [2] [3]
Package color Info: Redefining color shadecolor on input line 249.
Package color Info: Redefining color shadecolor on input line 272.

Overfull \hbox (311.24428pt too wide) in paragraph at lines 277--277
[][]\OT1/cmtt/m/n/10 onset2[] []=[] []subset[][](onset,[] []subset[][]=Location
[] []==[] []levels[][](onset[][]$[][]Location)[[][]6[][]][] []&[] []DateTime[] 
[]<[] []as.POSIXct[][]([][]"2019-11-30 09:45:00"[][],[] []tz[][]=[][]"UTC"[][])
)[][] 
 []


Overfull \hbox (311.24428pt too wide) in paragraph at lines 278--278
[][]\OT1/cmtt/m/n/10 onset2[] []=[] []subset[][](onset,[] []subset[][]=Location
[] []==[] []levels[][](onset[][]$[][]Location)[[][]6[][]][] []&[] []DateTime[] 
[]<[] []as.POSIXct[][]([][]"2019-12-04 12:30:00"[][],[] []tz[][]=[][]"UTC"[][])
)[][] 
 []


Overfull \hbox (389.99359pt too wide) in paragraph at lines 280--280
[][]\OT1/cmtt/m/n/10 onset2[] []=[] []rbind[][](onset2,[] []subset[][](onset,[]
 []subset[][]=Location[] []==[] []levels[][](onset[][]$[][]Location)[[][]5[][]]
[] []&[] []DateTime[] []<[] []as.POSIXct[][]([][]"2019-12-09 10:30:00"[][],[] [
]tz[][]=[][]"UTC"[][])))[][] 
 []


Overfull \hbox (389.99359pt too wide) in paragraph at lines 283--283
[][]\OT1/cmtt/m/n/10 onset2[] []=[] []rbind[][](onset2,[] []subset[][](onset,[]
 []subset[][]=Location[] []==[] []levels[][](onset[][]$[][]Location)[[][]4[][]]
[] []&[] []DateTime[] []<[] []as.POSIXct[][]([][]"2019-12-06 12:30:00"[][],[] [
]tz[][]=[][]"UTC"[][])))[][] 
 []


Overfull \hbox (389.99359pt too wide) in paragraph at lines 286--286
[][]\OT1/cmtt/m/n/10 onset2[] []=[] []rbind[][](onset2,[] []subset[][](onset,[]
 []subset[][]=Location[] []==[] []levels[][](onset[][]$[][]Location)[[][]3[][]]
[] []&[] []DateTime[] []<[] []as.POSIXct[][]([][]"2019-12-06 12:30:00"[][],[] [
]tz[][]=[][]"UTC"[][])))[][] 
 []


Overfull \hbox (389.99359pt too wide) in paragraph at lines 288--288
[][]\OT1/cmtt/m/n/10 onset2[] []=[] []rbind[][](onset2,[] []subset[][](onset,[]
 []subset[][]=Location[] []==[] []levels[][](onset[][]$[][]Location)[[][]2[][]]
[] []&[] []DateTime[] []<[] []as.POSIXct[][]([][]"2019-12-07 14:30:00"[][],[] [
]tz[][]=[][]"UTC"[][])))[][] 
 []


Overfull \hbox (389.99359pt too wide) in paragraph at lines 290--290
[][]\OT1/cmtt/m/n/10 onset2[] []=[] []rbind[][](onset2,[] []subset[][](onset,[]
 []subset[][]=Location[] []==[] []levels[][](onset[][]$[][]Location)[[][]1[][]]
[] []&[] []DateTime[] []<[] []as.POSIXct[][]([][]"2019-12-06 14:00:00"[][],[] [
]tz[][]=[][]"UTC"[][])))[][] 
 []

[4]
Package color Info: Redefining color shadecolor on input line 303.
 <figure/unnamed-chunk-5-1.pdf, id=19, 505.89pt x 505.89pt>
File: figure/unnamed-chunk-5-1.pdf Graphic file (type pdf)

<use figure/unnamed-chunk-5-1.pdf>
Package pdftex.def Info: figure/unnamed-chunk-5-1.pdf used on input line 304.
(pdftex.def)             Requested size: 345.0pt x 345.00414pt.
Package color Info: Redefining color shadecolor on input line 317.

Overfull \hbox (221.99506pt too wide) in paragraph at lines 322--322
[][]\OT1/cmtt/m/n/10 lines[][](Temp[] []~[] []DateTime,[] []data[][]=[][]subset
[][](onset2,[] []subset[][]=Location[] []==[] []levels[][](onset[][]$[][]Locati
on)[[][]4[][]]),[] []col[][]=col.plot[[][]4[][],[][]2[][]])[][] 
 []


Overfull \hbox (221.99506pt too wide) in paragraph at lines 324--324
[][]\OT1/cmtt/m/n/10 lines[][](Temp[] []~[] []DateTime,[] []data[][]=[][]subset
[][](onset2,[] []subset[][]=Location[] []==[] []levels[][](onset[][]$[][]Locati
on)[[][]3[][]]),[] []col[][]=col.plot[[][]3[][],[][]2[][]])[][] 
 []


Overfull \hbox (452.99304pt too wide) in paragraph at lines 326--326
[][]\OT1/cmtt/m/n/10 legend[][]([][]x[][]=[][]as.POSIXct[][]([][]"2019-11-18"[]
[],[] []tz[][]=[][]"UTC"[][]),[] []y[][]=[][]43[][],[] []legend[][]=[][]levels[
][](onset[][]$[][]Location)[[][]c[][]([][]3[][],[][]4[][])],[] []lty[][]=[][]1[
][],[] []lwd[][]=[][]2[][],[] []col[][]=col.plot[[][]c[][]([][]4[][],[][]3[][])
,[][]2[][]],[] []ncol[][]=[][]3[][],[] []cex[][]=[][].9[][],[] []bty[][]=[][]"n
"[][])[][] 
 []


Overfull \hbox (221.99506pt too wide) in paragraph at lines 330--330
[][]\OT1/cmtt/m/n/10 lines[][](Temp[] []~[] []DateTime,[] []data[][]=[][]subset
[][](onset2,[] []subset[][]=Location[] []==[] []levels[][](onset[][]$[][]Locati
on)[[][]6[][]]),[] []col[][]=col.plot[[][]6[][],[][]2[][]])[][] 
 []


Overfull \hbox (221.99506pt too wide) in paragraph at lines 331--331
[][]\OT1/cmtt/m/n/10 lines[][](Temp[] []~[] []DateTime,[] []data[][]=[][]subset
[][](onset2,[] []subset[][]=Location[] []==[] []levels[][](onset[][]$[][]Locati
on)[[][]2[][]]),[] []col[][]=col.plot[[][]2[][],[][]2[][]])[][] 
 []


Overfull \hbox (452.99304pt too wide) in paragraph at lines 333--333
[][]\OT1/cmtt/m/n/10 legend[][]([][]x[][]=[][]as.POSIXct[][]([][]"2019-11-18"[]
[],[] []tz[][]=[][]"UTC"[][]),[] []y[][]=[][]43[][],[] []legend[][]=[][]levels[
][](onset[][]$[][]Location)[[][]c[][]([][]6[][],[][]2[][])],[] []lty[][]=[][]1[
][],[] []lwd[][]=[][]2[][],[] []col[][]=col.plot[[][]c[][]([][]6[][],[][]2[][])
,[][]2[][]],[] []ncol[][]=[][]2[][],[] []cex[][]=[][].9[][],[] []bty[][]=[][]"n
"[][])[][] 
 []

<figure/unnamed-chunk-6-1.pdf, id=20, 505.89pt x 505.89pt>
File: figure/unnamed-chunk-6-1.pdf Graphic file (type pdf)

<use figure/unnamed-chunk-6-1.pdf>
Package pdftex.def Info: figure/unnamed-chunk-6-1.pdf used on input line 336.
(pdftex.def)             Requested size: 345.0pt x 345.00414pt.


LaTeX Warning: Float too large for page by 23.11525pt on input line 341.

[5] [6 <./figure/unnamed-chunk-5-1.pdf>] [7 <./figure/unnamed-chunk-6-1.pdf>]
(./Onset_Processing.aux) ) 
Here is how much of TeX's memory you used:
 1624 strings out of 494820
 23475 string characters out of 3178048
 118672 words of memory out of 3000000
 4812 multiletter control sequences out of 15000+200000
 5186 words of font info for 20 fonts, out of 3000000 for 9000
 198 hyphenation exceptions out of 8191
 38i,6n,23p,656b,295s stack positions out of 5000i,500n,10000p,200000b,50000s
</usr/share/texlive/texmf-dist/fonts/type1/public/ams
fonts/cm/cmbx12.pfb></usr/share/texlive/texmf-dist/fonts/type1/public/amsfonts/
cm/cmitt10.pfb></usr/share/texlive/texmf-dist/fonts/type1/public/amsfonts/cm/cm
r10.pfb></usr/share/texlive/texmf-dist/fonts/type1/public/amsfonts/cm/cmtt10.pf
b>
Output written on Onset_Processing.pdf (7 pages, 136100 bytes).
PDF statistics:
 56 PDF objects out of 1000 (max. 8388607)
 38 compressed objects within 1 object stream
 0 named destinations out of 1000 (max. 500000)
 11 words of extra memory for PDF output out of 10000 (max. 10000000)

