This is pdfTeX, Version 3.1415926-2.5-1.40.14 (TeX Live 2013) (format=pdflatex 2020.5.9)  27 MAY 2022 13:05
entering extended mode
 restricted \write18 enabled.
 %&-line parsing enabled.
**Climate_Records_Animations.tex
(./Climate_Records_Animations.tex
LaTeX2e <2011/06/27>
Babel <v3.8m> and hyphenation patterns for english, dumylang, nohyphenation, uk
rainian, russian, bulgarian, loaded.
(/usr/share/texlive/texmf-dist/tex/latex/base/article.cls
Document Class: article 2007/10/19 v1.4h Standard LaTeX document class
(/usr/share/texlive/texmf-dist/tex/latex/base/size10.clo
File: size10.clo 2007/10/19 v1.4h Standard LaTeX file (size option)
)
\c@part=\count79
\c@section=\count80
\c@subsection=\count81
\c@subsubsection=\count82
\c@paragraph=\count83
\c@subparagraph=\count84
\c@figure=\count85
\c@table=\count86
\abovecaptionskip=\skip41
\belowcaptionskip=\skip42
\bibindent=\dimen102
)
(/usr/share/texlive/texmf-dist/tex/latex/graphics/graphicx.sty
Package: graphicx 1999/02/16 v1.0f Enhanced LaTeX Graphics (DPC,SPQR)

(/usr/share/texlive/texmf-dist/tex/latex/graphics/keyval.sty
Package: keyval 1999/03/16 v1.13 key=value parser (DPC)
\KV@toks@=\toks14
)
(/usr/share/texlive/texmf-dist/tex/latex/graphics/graphics.sty
Package: graphics 2009/02/05 v1.0o Standard LaTeX Graphics (DPC,SPQR)

(/usr/share/texlive/texmf-dist/tex/latex/graphics/trig.sty
Package: trig 1999/03/16 v1.09 sin cos tan (DPC)
)
(/usr/share/texlive/texmf-dist/tex/latex/latexconfig/graphics.cfg
File: graphics.cfg 2010/04/23 v1.9 graphics configuration of TeX Live
)
Package graphics Info: Driver file: pdftex.def on input line 91.

(/usr/share/texlive/texmf-dist/tex/latex/pdftex-def/pdftex.def
File: pdftex.def 2011/05/27 v0.06d Graphics/color for pdfTeX

(/usr/share/texlive/texmf-dist/tex/generic/oberdiek/infwarerr.sty
Package: infwarerr 2010/04/08 v1.3 Providing info/warning/error messages (HO)
)
(/usr/share/texlive/texmf-dist/tex/generic/oberdiek/ltxcmds.sty
Package: ltxcmds 2011/11/09 v1.22 LaTeX kernel commands for general use (HO)
)
\Gread@gobject=\count87
))
\Gin@req@height=\dimen103
\Gin@req@width=\dimen104
)
(/usr/share/texlive/texmf-dist/tex/latex/graphics/color.sty
Package: color 2005/11/14 v1.0j Standard LaTeX Color (DPC)

(/usr/share/texlive/texmf-dist/tex/latex/latexconfig/color.cfg
File: color.cfg 2007/01/18 v1.5 color configuration of teTeX/TeXLive
)
Package color Info: Driver file: pdftex.def on input line 130.
)
(/usr/share/texlive/texmf-dist/tex/latex/framed/framed.sty
Package: framed 2011/10/22 v 0.96: framed or shaded text with page breaks
\OuterFrameSep=\skip43
\fb@frw=\dimen105
\fb@frh=\dimen106
\FrameRule=\dimen107
\FrameSep=\dimen108
)
(/usr/share/texlive/texmf-dist/tex/latex/base/alltt.sty
Package: alltt 1997/06/16 v2.0g defines alltt environment
)
(/usr/share/texlive/texmf-dist/tex/latex/hyperref/hyperref.sty
Package: hyperref 2012/11/06 v6.83m Hypertext links for LaTeX

(/usr/share/texlive/texmf-dist/tex/generic/oberdiek/hobsub-hyperref.sty
Package: hobsub-hyperref 2012/05/28 v1.13 Bundle oberdiek, subset hyperref (HO)


(/usr/share/texlive/texmf-dist/tex/generic/oberdiek/hobsub-generic.sty
Package: hobsub-generic 2012/05/28 v1.13 Bundle oberdiek, subset generic (HO)
Package: hobsub 2012/05/28 v1.13 Construct package bundles (HO)
Package hobsub Info: Skipping package `infwarerr' (already loaded).
Package hobsub Info: Skipping package `ltxcmds' (already loaded).
Package: ifluatex 2010/03/01 v1.3 Provides the ifluatex switch (HO)
Package ifluatex Info: LuaTeX not detected.
Package: ifvtex 2010/03/01 v1.5 Detect VTeX and its facilities (HO)
Package ifvtex Info: VTeX not detected.
Package: intcalc 2007/09/27 v1.1 Expandable calculations with integers (HO)
Package: ifpdf 2011/01/30 v2.3 Provides the ifpdf switch (HO)
Package ifpdf Info: pdfTeX in PDF mode is detected.
Package: etexcmds 2011/02/16 v1.5 Avoid name clashes with e-TeX commands (HO)
Package etexcmds Info: Could not find \expanded.
(etexcmds)             That can mean that you are not using pdfTeX 1.50 or
(etexcmds)             that some package has redefined \expanded.
(etexcmds)             In the latter case, load this package earlier.
Package: kvsetkeys 2012/04/25 v1.16 Key value parser (HO)
Package: kvdefinekeys 2011/04/07 v1.3 Define keys (HO)
Package: pdftexcmds 2011/11/29 v0.20 Utility functions of pdfTeX for LuaTeX (HO
)
Package pdftexcmds Info: LuaTeX not detected.
Package pdftexcmds Info: \pdf@primitive is available.
Package pdftexcmds Info: \pdf@ifprimitive is available.
Package pdftexcmds Info: \pdfdraftmode found.
Package: pdfescape 2011/11/25 v1.13 Implements pdfTeX's escape features (HO)
Package: bigintcalc 2012/04/08 v1.3 Expandable calculations on big integers (HO
)
Package: bitset 2011/01/30 v1.1 Handle bit-vector datatype (HO)
Package: uniquecounter 2011/01/30 v1.2 Provide unlimited unique counter (HO)
)
Package hobsub Info: Skipping package `hobsub' (already loaded).
Package: letltxmacro 2010/09/02 v1.4 Let assignment for LaTeX macros (HO)
Package: hopatch 2012/05/28 v1.2 Wrapper for package hooks (HO)
Package: xcolor-patch 2011/01/30 xcolor patch
Package: atveryend 2011/06/30 v1.8 Hooks at the very end of document (HO)
Package atveryend Info: \enddocument detected (standard20110627).
Package: atbegshi 2011/10/05 v1.16 At begin shipout hook (HO)
Package: refcount 2011/10/16 v3.4 Data extraction from label references (HO)
Package: hycolor 2011/01/30 v1.7 Color options for hyperref/bookmark (HO)
)
(/usr/share/texlive/texmf-dist/tex/generic/ifxetex/ifxetex.sty
Package: ifxetex 2010/09/12 v0.6 Provides ifxetex conditional
)
(/usr/share/texlive/texmf-dist/tex/latex/oberdiek/auxhook.sty
Package: auxhook 2011/03/04 v1.3 Hooks for auxiliary files (HO)
)
(/usr/share/texlive/texmf-dist/tex/latex/oberdiek/kvoptions.sty
Package: kvoptions 2011/06/30 v3.11 Key value format for package options (HO)
)
\@linkdim=\dimen109
\Hy@linkcounter=\count88
\Hy@pagecounter=\count89

(/usr/share/texlive/texmf-dist/tex/latex/hyperref/pd1enc.def
File: pd1enc.def 2012/11/06 v6.83m Hyperref: PDFDocEncoding definition (HO)
)
\Hy@SavedSpaceFactor=\count90

(/usr/share/texlive/texmf-dist/tex/latex/latexconfig/hyperref.cfg
File: hyperref.cfg 2002/06/06 v1.2 hyperref configuration of TeXLive
)
Package hyperref Info: Hyper figures OFF on input line 4443.
Package hyperref Info: Link nesting OFF on input line 4448.
Package hyperref Info: Hyper index ON on input line 4451.
Package hyperref Info: Plain pages OFF on input line 4458.
Package hyperref Info: Backreferencing OFF on input line 4463.
Package hyperref Info: Implicit mode ON; LaTeX internals redefined.
Package hyperref Info: Bookmarks ON on input line 4688.
\c@Hy@tempcnt=\count91

(/usr/share/texlive/texmf-dist/tex/latex/url/url.sty
\Urlmuskip=\muskip10
Package: url 2006/04/12  ver 3.3  Verb mode for urls, etc.
)
LaTeX Info: Redefining \url on input line 5041.
\XeTeXLinkMargin=\dimen110
\Fld@menulength=\count92
\Field@Width=\dimen111
\Fld@charsize=\dimen112
Package hyperref Info: Hyper figures OFF on input line 6295.
Package hyperref Info: Link nesting OFF on input line 6300.
Package hyperref Info: Hyper index ON on input line 6303.
Package hyperref Info: backreferencing OFF on input line 6310.
Package hyperref Info: Link coloring OFF on input line 6315.
Package hyperref Info: Link coloring with OCG OFF on input line 6320.
Package hyperref Info: PDF/A mode OFF on input line 6325.
LaTeX Info: Redefining \ref on input line 6365.
LaTeX Info: Redefining \pageref on input line 6369.
\Hy@abspage=\count93
\c@Item=\count94
\c@Hfootnote=\count95
)

Package hyperref Message: Driver (autodetected): hpdftex.

(/usr/share/texlive/texmf-dist/tex/latex/hyperref/hpdftex.def
File: hpdftex.def 2012/11/06 v6.83m Hyperref driver for pdfTeX
\Fld@listcount=\count96
\c@bookmark@seq@number=\count97

(/usr/share/texlive/texmf-dist/tex/latex/oberdiek/rerunfilecheck.sty
Package: rerunfilecheck 2011/04/15 v1.7 Rerun checks for auxiliary files (HO)
Package uniquecounter Info: New unique counter `rerunfilecheck' on input line 2
82.
)
\Hy@SectionHShift=\skip44
)
! Undefined control sequence.
l.66 \SweaveOpts
                {echo=FALSE, results='hide'}
The control sequence at the end of the top line
of your error message was never \def'ed. If you have
misspelled it (e.g., `\hobx'), type `I' and the correct
spelling (e.g., `I\hbox'). Otherwise just continue,
and I'll forget about whatever was undefined.


! LaTeX Error: Missing \begin{document}.

See the LaTeX manual or LaTeX Companion for explanation.
Type  H <return>  for immediate help.
 ...                                              
                                                  
l.66 \SweaveOpts{e
                  cho=FALSE, results='hide'}
You're in trouble here.  Try typing  <return>  to proceed.
If that doesn't work, type  X <return>  to quit.

Package color Info: Redefining color shadecolor on input line 68.
LaTeX Font Info:    Font shape `OT1/cmtt/bx/n' in size <10> not available
(Font)              Font shape `OT1/cmtt/m/n' tried instead on input line 70.
Package color Info: Redefining color shadecolor on input line 80.
LaTeX Font Info:    Try loading font information for OMS+cmtt on input line 82.

(/usr/share/R/texmf/tex/latex/omscmtt.fd
File: omscmtt.fd 
)
LaTeX Font Info:    Font shape `OMS/cmtt/m/n' in size <10> not available
(Font)              Font shape `OMS/cmsy/m/n' tried instead on input line 82.
Package color Info: Redefining color shadecolor on input line 95.

(/usr/share/texlive/texmf-dist/tex/latex/upquote/upquote.sty
Package: upquote 2012/04/19 v1.3 upright-quote and grave-accent glyphs in verba
tim
)
(./Climate_Records_Animations.aux)
\openout1 = `Climate_Records_Animations.aux'.

LaTeX Font Info:    Checking defaults for OML/cmm/m/it on input line 107.
LaTeX Font Info:    ... okay on input line 107.
LaTeX Font Info:    Checking defaults for T1/cmr/m/n on input line 107.
LaTeX Font Info:    ... okay on input line 107.
LaTeX Font Info:    Checking defaults for OT1/cmr/m/n on input line 107.
LaTeX Font Info:    ... okay on input line 107.
LaTeX Font Info:    Checking defaults for OMS/cmsy/m/n on input line 107.
LaTeX Font Info:    ... okay on input line 107.
LaTeX Font Info:    Checking defaults for OMX/cmex/m/n on input line 107.
LaTeX Font Info:    ... okay on input line 107.
LaTeX Font Info:    Checking defaults for U/cmr/m/n on input line 107.
LaTeX Font Info:    ... okay on input line 107.
LaTeX Font Info:    Checking defaults for PD1/pdf/m/n on input line 107.
LaTeX Font Info:    ... okay on input line 107.

(/usr/share/texlive/texmf-dist/tex/context/base/supp-pdf.mkii
[Loading MPS to PDF converter (version 2006.09.02).]
\scratchcounter=\count98
\scratchdimen=\dimen113
\scratchbox=\box26
\nofMPsegments=\count99
\nofMParguments=\count100
\everyMPshowfont=\toks15
\MPscratchCnt=\count101
\MPscratchDim=\dimen114
\MPnumerator=\count102
\makeMPintoPDFobject=\count103
\everyMPtoPDFconversion=\toks16
) (/usr/share/texlive/texmf-dist/tex/latex/oberdiek/epstopdf-base.sty
Package: epstopdf-base 2010/02/09 v2.5 Base part for package epstopdf

(/usr/share/texlive/texmf-dist/tex/latex/oberdiek/grfext.sty
Package: grfext 2010/08/19 v1.1 Manage graphics extensions (HO)
)
Package grfext Info: Graphics extension search list:
(grfext)             [.png,.pdf,.jpg,.mps,.jpeg,.jbig2,.jb2,.PNG,.PDF,.JPG,.JPE
G,.JBIG2,.JB2,.eps]
(grfext)             \AppendGraphicsExtensions on input line 452.

(/usr/share/texlive/texmf-dist/tex/latex/latexconfig/epstopdf-sys.cfg
File: epstopdf-sys.cfg 2010/07/13 v1.3 Configuration of (r)epstopdf for TeX Liv
e
))
\AtBeginShipoutBox=\box27
Package hyperref Info: Link coloring OFF on input line 107.

(/usr/share/texlive/texmf-dist/tex/latex/hyperref/nameref.sty
Package: nameref 2012/10/27 v2.43 Cross-referencing by name of section

(/usr/share/texlive/texmf-dist/tex/generic/oberdiek/gettitlestring.sty
Package: gettitlestring 2010/12/03 v1.4 Cleanup title references (HO)
)
\c@section@level=\count104
)
LaTeX Info: Redefining \ref on input line 107.
LaTeX Info: Redefining \pageref on input line 107.
LaTeX Info: Redefining \nameref on input line 107.

(./Climate_Records_Animations.out) (./Climate_Records_Animations.out)
\@outlinefile=\write3
\openout3 = `Climate_Records_Animations.out'.

 [1

{/usr/share/texlive/texmf/fonts/map/pdftex/updmap/pdftex.map}]
LaTeX Font Info:    External font `cmex10' loaded for size
(Font)              <12> on input line 109.
LaTeX Font Info:    External font `cmex10' loaded for size
(Font)              <8> on input line 109.
LaTeX Font Info:    External font `cmex10' loaded for size
(Font)              <6> on input line 109.
 [2]
Overfull \hbox (9.44128pt too wide) in paragraph at lines 158--159
\OT1/cmr/m/n/10 tions in each. We'll use ncdc[]locs() func-tions to se-lect eac
h state and ncdc[]station()
 []

[3]
Package color Info: Redefining color shadecolor on input line 161.

Overfull \hbox (5.30496pt too wide) in paragraph at lines 169--170
[]\OT1/cmr/m/n/10 The func-tion queries the NOAA web-site and re-trieves state 
codes, ``FIPS:XX''. 
 []

Package color Info: Redefining color shadecolor on input line 192.

Overfull \hbox (29.48286pt too wide) in paragraph at lines 206--206
[] []\OT1/cmtt/m/it/10 #  GSOM_Coverage[GSOM_Coverage$mindate == min(GSOM_Cover
age$mindate),][][] 
 []

Package color Info: Redefining color shadecolor on input line 218.
[4]
Package color Info: Redefining color shadecolor on input line 233.
Package color Info: Redefining color shadecolor on input line 243.

Overfull \hbox (1.49698pt too wide) in paragraph at lines 267--267
[][]\OT1/cmtt/m/n/10 source[][]=[][]"stamen"[][],[] []maptype[][]=[][]"terrain"
[][],[] []messaging[] []=[] []FALSE[][],[] []crop[][]=[][]FALSE[][])[][] 
 []


Overfull \hbox (400.4935pt too wide) in paragraph at lines 271--272
[]\OT1/cmtt/m/it/10 ## Source : https://maps.googleapis.com/maps/api/staticmap?
center=33.4163,-86.135&zoom=7&size=640x640&scale=2&maptype=terrain&key=xxx-5ait
KDI[] 
 []

[5] <figure/unnamed-chunk-4-1.pdf, id=214, 505.89pt x 505.89pt>
File: figure/unnamed-chunk-4-1.pdf Graphic file (type pdf)

<use figure/unnamed-chunk-4-1.pdf>
Package pdftex.def Info: figure/unnamed-chunk-4-1.pdf used on input line 297.
(pdftex.def)             Requested size: 345.0pt x 345.00414pt.

Overfull \hbox (15.0pt too wide) in paragraph at lines 297--298
[][] 
 []


Overfull \hbox (27.74675pt too wide) in paragraph at lines 307--307
[]\OT1/cmtt/m/n/10 ## Error in paste0("png//", fips$State, "-", stid, "-MAP.png
"): object
 []

[6 <./figure/unnamed-chunk-4-1.pdf>]
<figure/unnamed-chunk-4-2.pdf, id=229, 505.89pt x 505.89pt>
File: figure/unnamed-chunk-4-2.pdf Graphic file (type pdf)

<use figure/unnamed-chunk-4-2.pdf>
Package pdftex.def Info: figure/unnamed-chunk-4-2.pdf used on input line 316.
(pdftex.def)             Requested size: 345.0pt x 345.00414pt.

Overfull \hbox (15.0pt too wide) in paragraph at lines 316--317
[][] 
 []

Package color Info: Redefining color shadecolor on input line 328.
[7 <./figure/unnamed-chunk-4-2.pdf>]
Overfull \hbox (332.2441pt too wide) in paragraph at lines 332--332
[][]\OT1/cmtt/m/n/10 incidents[][]=[] []read.csv[][]([][]^^Mhttps://raw.githubu
sercontent.com/lgellis/MiscTutorial/master/ggmap/i2Sample.csv^^M[][],[] []strin
gsAsFactors[] []=[] []FALSE[][])[][] 
 []


Overfull \hbox (60.98259pt too wide) in paragraph at lines 334--334
[][]\OT1/cmtt/m/it/10 #B) Download the extra dataset with the most dangerous Se
attle cities as per:[][] 
 []


Overfull \hbox (263.99469pt too wide) in paragraph at lines 338--338
[][]\OT1/cmtt/m/n/10 n[] []<-[] []read.csv[][]([][]^^Mhttps://raw.githubusercon
tent.com/lgellis/MiscTutorial/master/ggmap/n.csv^^M[][],[] []stringsAsFactors[]
 []=[] []FALSE[][])[][] 
 []


Overfull \hbox (22.4968pt too wide) in paragraph at lines 351--351
[][]\OT1/cmtt/m/n/10 col1[] []=[] []"#011f4b"[][]; col2[] []=[] []"#6497b1"[][]
; col3[] []=[] []"#b3cde0"[][]; col4[] []=[] []"#CC0000"[][] 
 []


Overfull \hbox (24.23291pt too wide) in paragraph at lines 363--363
[][]\OT1/cmtt/m/it/10 #create a display label to the n data frame (dangerous ne
ighbourhoods)[][] 
 []


Overfull \hbox (32.9967pt too wide) in paragraph at lines 368--368
[][]\OT1/cmtt/m/n/10 p[] []<-[] []ggmap[][]([][]get_googlemap[][]([][]center[] 
[]=[] []c[][]([][]lon[] []=[] []-[][]122.335167[][],[] []lat[] []=[] []47.60801
3[][]),[][] 
 []


Overfull \hbox (363.74382pt too wide) in paragraph at lines 372--372
[][]\OT1/cmtt/m/n/10 p[] []+[] []geom_point[][]([][]aes[][]([][]x[] []= Longitu
de,[] []y[] []= Latitude,[]  []colour[] []= Initial.Type.Group),[] []data[] []=
 i2,[] []size[] []=[] []0.5[][])[] []+[] []theme[][]([][]legend.position[][]=[]
[]"bottom"[][])[][] 
 []

[8]
Package color Info: Redefining color shadecolor on input line 382.

Overfull \hbox (90.7462pt too wide) in paragraph at lines 402--402
[]   []\OT1/cmtt/m/n/10 http.csv[] []<-[] []"https://www.ncei.noaa.gov/data/glo
bal-summary-of-the-month/access/"[][] 
 []

Package color Info: Redefining color shadecolor on input line 414.
[9]
Package color Info: Redefining color shadecolor on input line 442.

Overfull \hbox (1.49698pt too wide) in paragraph at lines 493--493
[][]\OT1/cmtt/m/n/10 GSOM[][]$[][]Month[] []=[] []as.numeric[][]([][]format[][]
([][]as.Date[][](GSOM[][]$[][]Date),[] []format[] []=[] []"%m"[][]))[][] 
 []


Overfull \hbox (195.74529pt too wide) in paragraph at lines 513--513
[]\OT1/cmtt/m/n/10 ##  $ station: chr  "GHCND:USC00018024" "GHCND:USC00018024" 
"GHCND:USC00018024" "GHCND:USC00018024" ...[] 
 []


Overfull \hbox (38.24666pt too wide) in paragraph at lines 513--513
[]\OT1/cmtt/m/n/10 ##  $ Decade : num  1890 1890 1890 1890 1890 1890 1890 1890 
1890 1890 ...[] 
 []


Overfull \hbox (38.24666pt too wide) in paragraph at lines 513--513
[]\OT1/cmtt/m/n/10 ##  $ Score  : num  1880 1880 1880 1880 1880 1880 1880 1880 
1880 1880 ...[] 
 []

[10]
Package color Info: Redefining color shadecolor on input line 525.

Overfull \hbox (38.24666pt too wide) in paragraph at lines 536--536
[]   []\OT1/cmtt/m/n/10 r2[] []=[] []summary[][](TMIN.lm)[][]$[][]r.squared,[] 
[]p_value[][]=[] []anova[][](TMIN.lm)[][]$[][]^^MPr(>F)^^M[][][[][]1[][]]),[][]
 
 []


Overfull \hbox (38.24666pt too wide) in paragraph at lines 538--538
[]   []\OT1/cmtt/m/n/10 r2[] []=[] []summary[][](TMAX.lm)[][]$[][]r.squared,[] 
[]p_value[][]=[] []anova[][](TMAX.lm)[][]$[][]^^MPr(>F)^^M[][][[][]1[][]]),[][]
 
 []


Overfull \hbox (27.74675pt too wide) in paragraph at lines 540--540
[]   []\OT1/cmtt/m/n/10 r2[] []=[] []summary[][](PPT.lm)[][]$[][]r.squared,[] [
]p_value[][]=[] []anova[][](PPT.lm)[][]$[][]^^MPr(>F)^^M[][][[][]1[][]]))[][] 
 []


Overfull \hbox (38.24666pt too wide) in paragraph at lines 564--564
[]   []\OT1/cmtt/m/n/10 r2[] []=[] []summary[][](TMIN.lm)[][]$[][]r.squared,[] 
[]p_value[][]=[] []anova[][](TMIN.lm)[][]$[][]^^MPr(>F)^^M[][][[][]1[][]]),[][]
 
 []


Overfull \hbox (38.24666pt too wide) in paragraph at lines 566--566
[]   []\OT1/cmtt/m/n/10 r2[] []=[] []summary[][](TMAX.lm)[][]$[][]r.squared,[] 
[]p_value[][]=[] []anova[][](TMAX.lm)[][]$[][]^^MPr(>F)^^M[][][[][]1[][]]),[][]
 
 []


Overfull \hbox (27.74675pt too wide) in paragraph at lines 568--568
[]   []\OT1/cmtt/m/n/10 r2[] []=[] []summary[][](PPT.lm)[][]$[][]r.squared,[] [
]p_value[][]=[] []anova[][](PPT.lm)[][]$[][]^^MPr(>F)^^M[][][[][]1[][]]))[][] 
 []

[11]
Package color Info: Redefining color shadecolor on input line 592.
 [12]
Overfull \hbox (1.49698pt too wide) in paragraph at lines 597--597
[]      []\OT1/cmtt/m/n/10 paste[][]([][]"="[][],[] []round[][](pvalue,[] []3[]
[]),[] []"(Statistically Significant)"[][]))[][] 
 []


Overfull \hbox (1.49698pt too wide) in paragraph at lines 599--599
[]   []\OT1/cmtt/m/n/10 if[][](pvalue[] []<[] []0.001[][])[] []return[][]([][]"
< 0.001 (Statisically Significant)"[][])[][] 
 []


Overfull \hbox (1.49698pt too wide) in paragraph at lines 612--612
[]         []\OT1/cmtt/m/n/10 return[][]([][]paste[][]([][]"Change "[][],[] []r
ound[][]([][]coef[][](lm)[[][]2[][]][][]*[][]356.25[][]*[][]100[][],[] []1[][])
,[][] 
 []


Overfull \hbox (22.4968pt too wide) in paragraph at lines 613--613
[]         []\OT1/cmtt/m/n/10 "/100 years, "[][],[] []"p-value ="[][],[] []roun
d[][]([][]anova[][](lm)[][]$[][]^^MPr(>F)^^M[][][[][]1[][]],[] []3[][]),[][] 
 []


Overfull \hbox (1.49698pt too wide) in paragraph at lines 617--617
[]         []\OT1/cmtt/m/n/10 return[][]([][]paste[][]([][]"Change "[][],[] []r
ound[][]([][]coef[][](lm)[[][]2[][]][][]*[][]325.25[][]*[][]100[][],[] []1[][])
,[][] 
 []


Overfull \hbox (27.74675pt too wide) in paragraph at lines 618--618
[]         []\OT1/cmtt/m/n/10 "/100 years, "[][],[] []"p-value < 0.001 (Statist
ically Significant)"[][],[][] 
 []

Missing character: There is no Â in font cmtt10!
Missing character: There is no ° in font cmtt10!

Overfull \hbox (1.49698pt too wide) in paragraph at lines 635--635
[]         []\OT1/cmtt/m/n/10 round[][]([][]coef[][](lm)[[][]2[][]][][]*[][]356
.25[][]*[][]100[][],[] []1[][]),[] []"F/100 years"[][],[] []sep[][]=[][]""[][])
;[][] 
 []

Missing character: There is no Â in font cmtt10!
Missing character: There is no ° in font cmtt10!

Overfull \hbox (143.24574pt too wide) in paragraph at lines 642--642
[]      []\OT1/cmtt/m/n/10 temp[,[][]1[][]][] []<-[] []paste[][]([][]"Change: "
[][],[] []round[][]([][]coef[][](lm)[[][]2[][]][][]*[][]356.25[][]*[][]100[][],
[] []1[][]),[] []"F/100 years"[][],[] []sep[][]=[][]""[][]);[][] 
 []


Underfull \vbox (badness 10000) detected at line 649
 []


Underfull \vbox (badness 10000) detected at line 649
 []

[13]
Package color Info: Redefining color shadecolor on input line 657.

Overfull \hbox (53.99652pt too wide) in paragraph at lines 659--659
[][]\OT1/cmtt/m/n/10 setwd[][]([][]"/home/CAMPUS/mwl04747/github/Climate_Change
_Narratives/Social_Media"[][])[][] 
 []


Overfull \hbox (358.49387pt too wide) in paragraph at lines 660--660
[][]\OT1/cmtt/m/n/10 png[][]([][]paste0[][]([][]"png//"[][], fips[][]$[][]State
,[] []"-"[][], stid,[] []"-GSOMmonthly.png"[][]),[] []width[] []=[] []480[][],[
] []height[] []=[] []320[][],[] []units[] []=[] []"px"[][],[] []pointsize[] []=
[] []12[][],[] []bg[] []=[] []"white"[][])[][] 
 []

Missing character: There is no Â in font cmtt10!
Missing character: There is no ° in font cmtt10!

Overfull \hbox (153.74565pt too wide) in paragraph at lines 662--662
[][]\OT1/cmtt/m/n/10 plot[][](TMAX[][]~[][]Date, GSOM,[] []pch[][]=[][]20[][],[
] []cex[][]=[][].5[][],[] []col[][]=[][]"grey"[][],[] []ylab[][]=[][]"F"[][],[]
 []main[][]=[][]paste0[][](fips[][]$[][]State,[] []"-"[][], stid))[][] 
 []


Overfull \hbox (6.74693pt too wide) in paragraph at lines 691--691
[][]\OT1/cmtt/m/n/10 location_index[] []=[] []round[][]([][]length[][](GSOM[GSO
M[][]$[][]Year[][]>[][]1975[][],][][]$[][]Date)[] []*[] []0.99[][],[][]0[][])[]
[] 
 []

[14]
</home/CAMPUS/mwl04747/github/Climate_Change_Narratives/Social_Media/png/Alabam
a-USC00018024-GSOMmonthly.png, id=274, 481.8pt x 321.2pt>
File: /home/CAMPUS/mwl04747/github/Climate_Change_Narratives/Social_Media/png/A
labama-USC00018024-GSOMmonthly.png Graphic file (type png)

<use /home/CAMPUS/mwl04747/github/Climate_Change_Narratives/Social_Media/png/Al
abama-USC00018024-GSOMmonthly.png>
Package pdftex.def Info: /home/CAMPUS/mwl04747/github/Climate_Change_Narratives
/Social_Media/png/Alabama-USC00018024-GSOMmonthly.png used on input line 706.
(pdftex.def)             Requested size: 345.0pt x 230.00424pt.
Package color Info: Redefining color shadecolor on input line 720.
 [15 </home/CAMPUS/mwl04747/github/Climate_Change_Narratives/Social_Media/png/A
labama-USC00018024-GSOMmonthly.png (PNG copy)>]
Package color Info: Redefining color shadecolor on input line 744.
Missing character: There is no Â in font cmtt10!
Missing character: There is no ° in font cmtt10!

Overfull \hbox (11.99689pt too wide) in paragraph at lines 753--753
[]     []\OT1/cmtt/m/n/10 main[][]=[][]paste0[][]([][]"Seasonally Filtered"[][]
, fips[][]$[][]State,[] []" ("[][], stid,[] []")"[][],[][] 
 []


Overfull \hbox (43.49661pt too wide) in paragraph at lines 768--768
[][]\OT1/cmtt/m/n/10 ymax[][]=[][]max[][](GSOM2[][]$[][]TMAX.anom)[] []-[] []([
][]max[][](GSOM2[][]$[][]TMAX.anom)[][]-[][]min[][](GSOM2[][]$[][]TMAX.anom))[]
[]*[][].3[][] 
 []


Overfull \hbox (17.24684pt too wide) in paragraph at lines 771--771
[][]\OT1/cmtt/m/n/10 location_index[] []=[] []round[][]([][]length[][](GSOM2[GS
OM2[][]$[][]Year[][]>[][]1975[][],][][]$[][]Date)[] []*[] []0.99[][],[][]3[][])
[][] 
 []


Overfull \hbox (43.49661pt too wide) in paragraph at lines 793--793
[][]\OT1/cmtt/m/n/10 ymax[][]=[][]max[][](GSOM2[][]$[][]TMAX.anom)[] []-[] []([
][]max[][](GSOM2[][]$[][]TMAX.anom)[][]-[][]min[][](GSOM2[][]$[][]TMAX.anom))[]
[]*[][].7[][] 
 []


Overfull \hbox (17.24684pt too wide) in paragraph at lines 796--796
[][]\OT1/cmtt/m/n/10 location_index[] []=[] []round[][]([][]length[][](GSOM2[GS
OM2[][]$[][]Year[][]>[][]1975[][],][][]$[][]Date)[] []*[] []0.99[][],[][]0[][])
[][] 
 []

[16]
</home/CAMPUS/mwl04747/github/Climate_Change_Narratives/Social_Media/png/Alabam
a-USC00018024-GSOM-anomaly.png, id=285, 481.8pt x 321.2pt>
File: /home/CAMPUS/mwl04747/github/Climate_Change_Narratives/Social_Media/png/A
labama-USC00018024-GSOM-anomaly.png Graphic file (type png)

<use /home/CAMPUS/mwl04747/github/Climate_Change_Narratives/Social_Media/png/Al
abama-USC00018024-GSOM-anomaly.png>
Package pdftex.def Info: /home/CAMPUS/mwl04747/github/Climate_Change_Narratives
/Social_Media/png/Alabama-USC00018024-GSOM-anomaly.png used on input line 815.
(pdftex.def)             Requested size: 345.0pt x 230.00424pt.
Package color Info: Redefining color shadecolor on input line 823.
 [17]
Package color Info: Redefining color shadecolor on input line 845.
 [18 </home/CAMPUS/mwl04747/github/Climate_Change_Narratives/Social_Media/png/A
labama-USC00018024-GSOM-anomaly.png (PNG copy)>]

LaTeX Warning: Reference `tab:TMINtrends' on page 19 undefined on input line 86
9.

LaTeX Font Info:    External font `cmex10' loaded for size
(Font)              <7> on input line 873.
LaTeX Font Info:    External font `cmex10' loaded for size
(Font)              <5> on input line 873.

LaTeX Warning: Reference `tab:TMAXtrends' on page 19 undefined on input line 89
5.


LaTeX Warning: Reference `tab:PPTtrends' on page 19 undefined on input line 920
.

Package color Info: Redefining color shadecolor on input line 949.
[19]
Overfull \hbox (127.49588pt too wide) in paragraph at lines 954--954
[][]\OT1/cmtt/m/n/10 TMINmonthMax[] []=[] []as.numeric[][]([][]subset[][](sumst
ats,[] []select[][]=Month,[] []subset[][]=[][]abs[][](Slope)[][]==[][]TMINSlope
Max))[][] 
 []


Overfull \hbox (127.49588pt too wide) in paragraph at lines 956--956
[][]\OT1/cmtt/m/n/10 TMAXmonthMax[] []=[] []as.numeric[][]([][]subset[][](sumst
ats,[] []select[][]=Month,[] []subset[][]=[][]abs[][](Slope)[][]==[][]TMAXSlope
Max))[][] 
 []

Package color Info: Redefining color shadecolor on input line 968.

Overfull \hbox (174.74547pt too wide) in paragraph at lines 978--978
[][]\OT1/cmtt/m/n/10 CHCND.https[] []<-[] []"https://www.ncei.noaa.gov/data/glo
bal-historical-climatology-network-daily/access/"[][] 
 []


Overfull \hbox (22.4968pt too wide) in paragraph at lines 983--983
[]   []\OT1/cmtt/m/n/10 selected[] []=[] []subset[][](import,[] []select[][]=[]
[]c[][]([][]"DATE"[][],[] []"TMAX"[][],[] []"TMIN"[][],[] []"PRCP"[][]))[][] 
 []


Overfull \hbox (11.99689pt too wide) in paragraph at lines 1001--1001
[][]\OT1/cmtt/m/n/10 CHCND[][]$[][]Month[] []=[] []as.numeric[][]([][]format[][
]([][]as.Date[][](CHCND[][]$[][]Date),[] []format[] []=[] []"%m"[][]))[][] 
 []


Overfull \hbox (17.24684pt too wide) in paragraph at lines 1002--1002
[][]\OT1/cmtt/m/n/10 CHCND[][]$[][]Month.name[] []=[] []factor[][]([][]format[]
[]([][]as.Date[][](CHCND[][]$[][]Date),[] []format[] []=[] []"%b"[][]),[][] 
 []


Overfull \hbox (11.99689pt too wide) in paragraph at lines 1003--1003
[]         []\OT1/cmtt/m/n/10 levels[] []=[] []c[][]([][]"Jan"[][],[] []"Feb"[]
[],[] []"Mar"[][],[] []"Apr"[][],[] []"May"[][],[] []"Jun"[][],[] []"Jul"[][],[
][] 
 []


Overfull \hbox (6.74693pt too wide) in paragraph at lines 1026--1026
[][]\OT1/cmtt/m/n/10 CHCND[][]$[][]Year[] []=[] []as.numeric[][]([][]format[][]
([][]as.Date[][](CHCND[][]$[][]Date),[] []format[] []=[] []"%Y"[][]))[][] 
 []

[20] [21]
Package color Info: Redefining color shadecolor on input line 1060.

Overfull \hbox (38.24666pt too wide) in paragraph at lines 1063--1063
[][]\OT1/cmtt/m/n/10 CHCND[][]$[][]Season[CHCND[][]$[][]Month[][]==[][]4[] []|[
] []CHCND[][]$[][]Month[][]==[][]5[] []|[] []CHCND[][]$[][]Month[][]==[][]6[][]
][] []=[] []"Spring"[][] 
 []


Overfull \hbox (38.24666pt too wide) in paragraph at lines 1064--1064
[][]\OT1/cmtt/m/n/10 CHCND[][]$[][]Season[CHCND[][]$[][]Month[][]==[][]7[] []|[
] []CHCND[][]$[][]Month[][]==[][]8[] []|[] []CHCND[][]$[][]Month[][]==[][]9[][]
][] []=[] []"Summer"[][] 
 []


Overfull \hbox (43.49661pt too wide) in paragraph at lines 1065--1065
[][]\OT1/cmtt/m/n/10 CHCND[][]$[][]Season[CHCND[][]$[][]Month[][]==[][]10[] []|
[] []CHCND[][]$[][]Month[][]==[][]11[] []|[] []CHCND[][]$[][]Month[][]==[][]12[
][]][] []=[] []"Fall"[][] 
 []


Overfull \hbox (38.24666pt too wide) in paragraph at lines 1069--1069
[][]\OT1/cmtt/m/n/10 PRCP.Season.Total[] []=[] []aggregate[][](PRCP[][]~[][]Sea
son[][]+[][]Year,[] []data[][]=CHCND, sum,[] []na.rm[][]=T)[][] 
 []

Package color Info: Redefining color shadecolor on input line 1076.
<figure/unnamed-chunk-13-1.pdf, id=312, 505.89pt x 505.89pt>
File: figure/unnamed-chunk-13-1.pdf Graphic file (type pdf)

<use figure/unnamed-chunk-13-1.pdf>
Package pdftex.def Info: figure/unnamed-chunk-13-1.pdf used on input line 1087.

(pdftex.def)             Requested size: 345.0pt x 345.00414pt.

Overfull \hbox (15.0pt too wide) in paragraph at lines 1087--1088
[][] 
 []

[22]
Package color Info: Redefining color shadecolor on input line 1097.
 <figure/unnamed-chunk-14-1.pdf, id=317, 505.89pt x 505.89pt>
File: figure/unnamed-chunk-14-1.pdf Graphic file (type pdf)

<use figure/unnamed-chunk-14-1.pdf>
Package pdftex.def Info: figure/unnamed-chunk-14-1.pdf used on input line 1111.

(pdftex.def)             Requested size: 345.0pt x 345.00414pt.

Overfull \hbox (15.0pt too wide) in paragraph at lines 1111--1112
[][] 
 []

[23 <./figure/unnamed-chunk-13-1.pdf>]
Overfull \hbox (176.48158pt too wide) in paragraph at lines 1113--1113
[][]\OT1/cmtt/m/it/10 # + geom_smooth(data= PRCP.Season.Total, aes(x=Year, y = 
PRCP, color = Season, group=Season), se=F)[][] 
 []

Package color Info: Redefining color shadecolor on input line 1121.

Overfull \hbox (27.74675pt too wide) in paragraph at lines 1128--1128
[]   []\OT1/cmtt/m/n/10 run.length.df[] []=[] []data.frame[][]([][]Year[] []=[]
 []rep[][](i,[] []length[][](run.length[][]$[][]values)),[][] 
 []


Overfull \hbox (1.49698pt too wide) in paragraph at lines 1164--1164
[]\OT1/cmtt/m/n/10 ## Error in aggregate.data.frame(mf[1L], mf[-1L], FUN = FUN,
 ...):
 []


Overfull \hbox (6.74693pt too wide) in paragraph at lines 1168--1168
[][]\OT1/cmtt/m/n/10 points[][](lengths[][]~[][]Year, Drought.run.100,[] []pch[
][]=[][]20[][],[] []col[][]=[][]"purple"[][],[] []cex[][]=[][].5[][])[][] 
 []


Overfull \hbox (17.24684pt too wide) in paragraph at lines 1172--1172
[]\OT1/cmtt/m/n/10 ## Error in eval(m$data, eframe): object 'Drought.run.100' n
ot found[] 
 []

[24 <./figure/unnamed-chunk-14-1.pdf>]
<figure/unnamed-chunk-15-1.pdf, id=339, 505.89pt x 505.89pt>
File: figure/unnamed-chunk-15-1.pdf Graphic file (type pdf)

<use figure/unnamed-chunk-15-1.pdf>
Package pdftex.def Info: figure/unnamed-chunk-15-1.pdf used on input line 1178.

(pdftex.def)             Requested size: 345.0pt x 345.00414pt.

Overfull \hbox (15.0pt too wide) in paragraph at lines 1178--1179
[][] 
 []

[25]
Overfull \hbox (11.99689pt too wide) in paragraph at lines 1184--1184
[]\OT1/cmtt/m/n/10 ## Error in is.data.frame(data): object 'Drought.run.100' no
t found[] 
 []


Overfull \hbox (11.99689pt too wide) in paragraph at lines 1189--1189
[]\OT1/cmtt/m/n/10 ## Error in is.data.frame(data): object 'Drought.run.100' no
t found[] 
 []


Overfull \hbox (32.9967pt too wide) in paragraph at lines 1194--1194
[][]\OT1/cmtt/m/n/10 Drought.run.lm[] []<-[] []lm[][](lengths[][]~[][]Year, Dro
ught.run[Drought.run[][]$[][]lengths[][]>[][]10[][],])[][] 
 []


Overfull \hbox (32.9967pt too wide) in paragraph at lines 1219--1219
[]\OT1/cmtt/m/n/10 ## lm(formula = lengths ~ Year, data = Drought.run[Drought.r
un$lengths >[] 
 []


Overfull \hbox (27.74675pt too wide) in paragraph at lines 1221--1221
[][]\OT1/cmtt/m/n/10 text[][]([][]min[][](Drought.run[][]$[][]Year,[] []na.rm[]
[]=T),[] []max[][](Drought.run[][]$[][]lengths,[] []na.rm[][]=T),[][] 
 []


Overfull \hbox (53.99652pt too wide) in paragraph at lines 1222--1222
[]     []\OT1/cmtt/m/n/10 paste[][]([][]"Slope (x100) = "[][],[] []round[][]([]
[]coef[][](Drought.run.lm)[[][]2[][]][][]*[][]100[][],[] []3[][])),[] []pos[][]
=[][]4[][])[][] 
 []

[26 <./figure/unnamed-chunk-15-1.pdf>]
<figure/unnamed-chunk-15-2.pdf, id=354, 505.89pt x 505.89pt>
File: figure/unnamed-chunk-15-2.pdf Graphic file (type pdf)

<use figure/unnamed-chunk-15-2.pdf>
Package pdftex.def Info: figure/unnamed-chunk-15-2.pdf used on input line 1225.

(pdftex.def)             Requested size: 345.0pt x 345.00414pt.

Overfull \hbox (15.0pt too wide) in paragraph at lines 1225--1226
[][] 
 []

[27]
Package color Info: Redefining color shadecolor on input line 1235.

Overfull \hbox (22.4968pt too wide) in paragraph at lines 1258--1258
[]\OT1/cmtt/m/n/10 ## Error in xy.coords(x, y, xlabel, ylabel, log): 'x' and 'y
' lengths
 []


Overfull \hbox (17.24684pt too wide) in paragraph at lines 1264--1264
[]\OT1/cmtt/m/n/10 ## Error in plot.xy(xy.coords(x, y), type = type, ...): plot
.new has
 []

[28 <./figure/unnamed-chunk-15-2.pdf>]
Package color Info: Redefining color shadecolor on input line 1268.
Package color Info: Redefining color shadecolor on input line 1289.

Overfull \hbox (6.74693pt too wide) in paragraph at lines 1320--1320
[]      []\OT1/cmtt/m/n/10 values[] []=[] []c[][]([][]"Record Highs"[] []=[] []
"red"[][],[] []"Record Lows"[] []=[] []"blue"[][]))[] []+[][] 
 []


Overfull \hbox (69.74638pt too wide) in paragraph at lines 1321--1321
[]   []\OT1/cmtt/m/n/10 geom_smooth[][]([][]data[] []= CHCND,[] []aes[][]([][]y
[][]=TMIN,[] []x[][]=YearDay),[] []method[] []=[] []"lm"[][],[] []se[] []=[] []
FALSE[][])[][] 
 []


Overfull \hbox (15.77684pt too wide) in paragraph at lines 1329--1330
[]\OT1/cmtt/m/n/10 ## Warning: Removed 878 rows containing missing values (geom
[]point).[] 
 []

[29] <figure/unnamed-chunk-18-1.pdf, id=372, 505.89pt x 505.89pt>
File: figure/unnamed-chunk-18-1.pdf Graphic file (type pdf)

<use figure/unnamed-chunk-18-1.pdf>
Package pdftex.def Info: figure/unnamed-chunk-18-1.pdf used on input line 1332.

(pdftex.def)             Requested size: 345.0pt x 345.00414pt.

Overfull \hbox (15.0pt too wide) in paragraph at lines 1332--1333
[][] 
 []

[30]
Missing character: There is no Â in font cmitt10!
Missing character: There is no ° in font cmitt10!
Package color Info: Redefining color shadecolor on input line 1355.
 [31 <./figure/unnamed-chunk-18-1.pdf>]
</home/CAMPUS/mwl04747/github/Climate_Change_Narratives/Social_Media/png/Alabam
a-USC00018024-GSOM.png, id=387, 481.8pt x 481.8pt>
File: /home/CAMPUS/mwl04747/github/Climate_Change_Narratives/Social_Media/png/A
labama-USC00018024-GSOM.png Graphic file (type png)

<use /home/CAMPUS/mwl04747/github/Climate_Change_Narratives/Social_Media/png/Al
abama-USC00018024-GSOM.png>
Package pdftex.def Info: /home/CAMPUS/mwl04747/github/Climate_Change_Narratives
/Social_Media/png/Alabama-USC00018024-GSOM.png used on input line 1364.
(pdftex.def)             Requested size: 345.0pt x 345.00635pt.
Package color Info: Redefining color shadecolor on input line 1378.

Overfull \hbox (90.7462pt too wide) in paragraph at lines 1400--1400
[][]\OT1/cmtt/m/n/10 plot[][](fit_mcp)[] []+[] []plot_pars[][](fit_mcp,[] []par
s[] []=[] []c[][]([][]"cp_1"[][],[] []"cp_2"[][]),[] []type[] []=[] []"dens_ove
rlay"[][])[][] 
 []

Package color Info: Redefining color shadecolor on input line 1416.
[32] [33 </home/CAMPUS/mwl04747/github/Climate_Change_Narratives/Social_Media/p
ng/Alabama-USC00018024-GSOM.png (PNG copy)>]
</home/CAMPUS/mwl04747/github/Climate_Change_Narratives/Social_Media/png/Alabam
a-USC00018024-KISS.png, id=397, 481.8pt x 481.8pt>
File: /home/CAMPUS/mwl04747/github/Climate_Change_Narratives/Social_Media/png/A
labama-USC00018024-KISS.png Graphic file (type png)

<use /home/CAMPUS/mwl04747/github/Climate_Change_Narratives/Social_Media/png/Al
abama-USC00018024-KISS.png>
Package pdftex.def Info: /home/CAMPUS/mwl04747/github/Climate_Change_Narratives
/Social_Media/png/Alabama-USC00018024-KISS.png used on input line 1425.
(pdftex.def)             Requested size: 345.0pt x 345.00635pt.
Package color Info: Redefining color shadecolor on input line 1439.
 [34 </home/CAMPUS/mwl04747/github/Climate_Change_Narratives/Social_Media/png/A
labama-USC00018024-KISS.png (PNG copy)>]
Overfull \hbox (53.99652pt too wide) in paragraph at lines 1459--1459
[][]\OT1/cmtt/m/n/10 setwd[][]([][]"/home/CAMPUS/mwl04747/github/Climate_Change
_Narratives/Social_Media"[][])[][] 
 []


Overfull \hbox (1.49698pt too wide) in paragraph at lines 1460--1460
[][]\OT1/cmtt/m/n/10 png[][]([][]paste0[][]([][]"png//"[][], fips[][]$[][]State
,[] []"-"[][], stid,[] []"-GSOM-normalPDF.png"[][]),[][] 
 []


Overfull \hbox (43.49661pt too wide) in paragraph at lines 1461--1461
[]    []\OT1/cmtt/m/n/10 width[] []=[] []480[][],[] []height[] []=[] []480[][],
[] []units[] []=[] []"px"[][],[] []pointsize[] []=[] []12[][],[] []bg[] []=[] [
]"white"[][])[][] 
 []

Missing character: There is no Â in font cmtt10!
Missing character: There is no ° in font cmtt10!

Overfull \hbox (48.74657pt too wide) in paragraph at lines 1482--1482
[][]\OT1/cmtt/m/n/10 Delta[] []=[] []TMIN.anomaly.list[][]$[][]TMIN.anom[i,[][]
1[][]][] []-[] []TMIN.anomaly.list[][]$[][]TMIN.anom[[][]1[][],[][]1[][]][][] 
 []

Missing character: There is no Â in font cmtt10!
Missing character: There is no ° in font cmtt10!

Overfull \hbox (27.74675pt too wide) in paragraph at lines 1487--1487
[][]\OT1/cmtt/m/n/10 mtext[][]([][]paste0[][](fips[][]$[][]State,[] []" ("[][],
 GSOM_Longest[][]$[][]name,[] []")"[][]),[] []side[][]=[][]3[][],[] []line[][]=
[][]2[][])[][] 
 []

Missing character: There is no Â in font cmtt10!
Missing character: There is no ° in font cmtt10!

Overfull \hbox (48.74657pt too wide) in paragraph at lines 1508--1508
[][]\OT1/cmtt/m/n/10 Delta[] []=[] []TMAX.anomaly.list[][]$[][]TMAX.anom[i,[][]
1[][]][] []-[] []TMAX.anomaly.list[][]$[][]TMAX.anom[[][]1[][],[][]1[][]][][] 
 []

Missing character: There is no Â in font cmtt10!
Missing character: There is no ° in font cmtt10!

Overfull \hbox (27.74675pt too wide) in paragraph at lines 1532--1532
[][]\OT1/cmtt/m/n/10 Delta[] []=[] []PPT.anomaly.list[][]$[][]PPT.anom[i,[][]1[
][]][] []-[] []PPT.anomaly.list[][]$[][]PPT.anom[[][]1[][],[][]1[][]][][] 
 []


Underfull \vbox (badness 10000) detected at line 1543
 []


Underfull \vbox (badness 10000) detected at line 1543
 []

[35]
Overfull \vbox (2.22223pt too high) detected at line 1543
 []

[36]
</home/CAMPUS/mwl04747/github/Climate_Change_Narratives/Social_Media/png/Alabam
a-USC00018024-GSOM-normalPDF.png, id=411, 481.8pt x 481.8pt>
File: /home/CAMPUS/mwl04747/github/Climate_Change_Narratives/Social_Media/png/A
labama-USC00018024-GSOM-normalPDF.png Graphic file (type png)

<use /home/CAMPUS/mwl04747/github/Climate_Change_Narratives/Social_Media/png/Al
abama-USC00018024-GSOM-normalPDF.png>
Package pdftex.def Info: /home/CAMPUS/mwl04747/github/Climate_Change_Narratives
/Social_Media/png/Alabama-USC00018024-GSOM-normalPDF.png used on input line 154
9.
(pdftex.def)             Requested size: 345.0pt x 345.00635pt.
Package color Info: Redefining color shadecolor on input line 1559.
 [37 </home/CAMPUS/mwl04747/github/Climate_Change_Narratives/Social_Media/png/A
labama-USC00018024-GSOM-normalPDF.png (PNG copy)>]
Missing character: There is no Â in font cmtt10!
Missing character: There is no ° in font cmtt10!
 <figure/unnamed-chunk-20-1.pdf, id=418, 505.89pt x 505.89pt>
File: figure/unnamed-chunk-20-1.pdf Graphic file (type pdf)

<use figure/unnamed-chunk-20-1.pdf>
Package pdftex.def Info: figure/unnamed-chunk-20-1.pdf used on input line 1567.

(pdftex.def)             Requested size: 345.0pt x 345.00414pt.

Overfull \hbox (15.0pt too wide) in paragraph at lines 1567--1569
[][]
 []

Package color Info: Redefining color shadecolor on input line 1575.
[38 <./figure/unnamed-chunk-20-1.pdf>]
Overfull \hbox (74.99634pt too wide) in paragraph at lines 1579--1579
[]   []\OT1/cmtt/m/n/10 shapiro.test[][](GSOM2[][]$[][]PPT.anom)[][]$[][]p.valu
e[][]<[][].05[][]) text[][]=[][]"to avoid "[] []else[] []text[][]=[][]"to use"[
][] 
 []

Package color Info: Redefining color shadecolor on input line 1589.

Overfull \hbox (53.99652pt too wide) in paragraph at lines 1591--1591
[][]\OT1/cmtt/m/n/10 setwd[][]([][]"/home/CAMPUS/mwl04747/github/Climate_Change
_Narratives/Social_Media"[][])[][] 
 []


Overfull \hbox (79.99635pt too wide) in paragraph at lines 1593--1593
[][]\OT1/cmtt/m/n/10 if[][]([][]![][]file.exists[][]([][]paste0[][]([][]"png//"
[][], fips[][]$[][]State,[] []"-"[][], stid,[] []"-GSOM-estDensity.png"[][])))\
OMS/cmsy/m/n/10 f[][] 
 []


Overfull \hbox (6.74693pt too wide) in paragraph at lines 1596--1596
[][]\OT1/cmtt/m/n/10 png[][]([][]paste0[][]([][]"png//"[][], fips[][]$[][]State
,[] []"-"[][], stid,[] []"-GSOM-estDensity.png"[][]),[][] 
 []


Overfull \hbox (43.49661pt too wide) in paragraph at lines 1597--1597
[]    []\OT1/cmtt/m/n/10 width[] []=[] []480[][],[] []height[] []=[] []320[][],
[] []units[] []=[] []"px"[][],[] []pointsize[] []=[] []12[][],[] []bg[] []=[] [
]"white"[][])[][] 
 []


Overfull \hbox (74.99634pt too wide) in paragraph at lines 1608--1608
[][]\OT1/cmtt/m/n/10 plot[][]([][]NA[][],[] []xaxt[][]=[][]^^Mn^^M[][],[][]yaxt
[][]=[][]^^Mn^^M[][],[][]bty[][]=[][]^^Mn^^M[][],[][]ylab[][]=[][]^^M^^M[][],[]
[]xlab[][]=[][]^^M^^M[][],[] []xlim[][]=[][]c[][]([][]0[][],[][]10[][]),[] []yl
im[][]=[][]c[][]([][]0[][],[] []10[][]))[][] 
 []


Overfull \hbox (80.24629pt too wide) in paragraph at lines 1609--1609
[][]\OT1/cmtt/m/n/10 mtext[][]([][]paste0[][](fips[][]$[][]State,[] []" ("[][],
 GSOM_Longest[][]$[][]name,[] []")"[][]),[] []side[][]=[][]3[][],[] []line[][]=
[][]-[][]1[][],[] []cex[][]=[][]1.4[][])[][] 
 []


Overfull \hbox (11.99689pt too wide) in paragraph at lines 1614--1614
[][]\OT1/cmtt/m/n/10 dest[] []<-[] []densEstBayes[][](GSOM2[][]$[][]TMIN.anom,[
] []method[] []=[] []"NUTS"[][]); dest[][]$[][]range.x[][] 
 []


Overfull \hbox (76.73245pt too wide) in paragraph at lines 1622--1622
[][]\OT1/cmtt/m/it/10 #destSMFVB <- densEstBayes(GSOM2$TMIN.anom, method = "SMF
VB", control = control)[][] 
 []


Overfull \hbox (24.23291pt too wide) in paragraph at lines 1623--1623
[][]\OT1/cmtt/m/it/10 #plot(destSMFVB, plotIt=T, xlab = "TMIN", main = "", setC
ol=h.ramp[i])[][] 
 []


Overfull \hbox (69.74638pt too wide) in paragraph at lines 1628--1628
[]   []\OT1/cmtt/m/n/10 dest[] []<-[] []densEstBayes[][](GSOM2sub[][]$[][]TMIN.
anom,[] []method[] []=[] []"NUTS"[][],[] []control[] []= control)[][] 
 []

Missing character: There is no Â in font cmtt10!
Missing character: There is no ° in font cmtt10!

Overfull \hbox (64.49643pt too wide) in paragraph at lines 1641--1641
[][]\OT1/cmtt/m/n/10 plot[][]([][]NA[][],[][]xaxt[][]=[][]^^Mn^^M[][],[][]yaxt[
][]=[][]^^Mn^^M[][],[][]bty[][]=[][]^^Mn^^M[][],[][]ylab[][]=[][]^^M^^M[][],[][
]xlab[][]=[][]^^M^^M[][],[] []xlim[][]=[][]c[][]([][]0[][],[][]10[][]),[] []yli
m[][]=[][]c[][]([][]0[][],[][]10[][]))[][] 
 []


Overfull \hbox (11.99689pt too wide) in paragraph at lines 1650--1650
[][]\OT1/cmtt/m/n/10 dest[] []<-[] []densEstBayes[][](GSOM2[][]$[][]TMAX.anom,[
] []method[] []=[] []"NUTS"[][]); dest[][]$[][]range.x[][] 
 []


Overfull \hbox (69.74638pt too wide) in paragraph at lines 1661--1661
[]   []\OT1/cmtt/m/n/10 dest[] []<-[] []densEstBayes[][](GSOM2sub[][]$[][]TMAX.
anom,[] []method[] []=[] []"NUTS"[][],[] []control[] []= control)[][] 
 []

Missing character: There is no Â in font cmtt10!
Missing character: There is no ° in font cmtt10!
[39]
Underfull \vbox (badness 10000) detected at line 1678
 []


Underfull \vbox (badness 10000) detected at line 1678
 []

[40]
</home/CAMPUS/mwl04747/github/Climate_Change_Narratives/Social_Media/png/Alabam
a-USC00018024-GSOM-estDensity.png, id=436, 481.8pt x 321.2pt>
File: /home/CAMPUS/mwl04747/github/Climate_Change_Narratives/Social_Media/png/A
labama-USC00018024-GSOM-estDensity.png Graphic file (type png)

<use /home/CAMPUS/mwl04747/github/Climate_Change_Narratives/Social_Media/png/Al
abama-USC00018024-GSOM-estDensity.png>
Package pdftex.def Info: /home/CAMPUS/mwl04747/github/Climate_Change_Narratives
/Social_Media/png/Alabama-USC00018024-GSOM-estDensity.png used on input line 16
84.
(pdftex.def)             Requested size: 345.0pt x 230.00424pt.
Package color Info: Redefining color shadecolor on input line 1696.
 [41 </home/CAMPUS/mwl04747/github/Climate_Change_Narratives/Social_Media/png/A
labama-USC00018024-GSOM-estDensity.png (PNG copy)>]
Overfull \hbox (17.24684pt too wide) in paragraph at lines 1698--1698
[][]\OT1/cmtt/m/n/10 setwd[][]([][]"/home/CAMPUS/mwl04747/github/Climate_Change
_Narratives/docs/"[][])[][] 
 []


Overfull \hbox (32.9967pt too wide) in paragraph at lines 1718--1718
[][]\OT1/cmtt/m/n/10 TMAX.mean.anomaly.decade[] []=[] []aggregate[][](TMAX.anom
[] []~[] []Decade, GSOM2sub, mean)[][] 
 []


Overfull \hbox (11.99689pt too wide) in paragraph at lines 1719--1719
[][]\OT1/cmtt/m/n/10 TMAX.sd.anomaly.decade[] []=[] []aggregate[][](TMAX.anom[]
 []~[] []Decade, GSOM2sub, sd)[][] 
 []


Overfull \hbox (32.9967pt too wide) in paragraph at lines 1721--1721
[][]\OT1/cmtt/m/n/10 TMIN.mean.anomaly.decade[] []=[] []aggregate[][](TMIN.anom
[] []~[] []Decade, GSOM2sub, mean)[][] 
 []


Overfull \hbox (11.99689pt too wide) in paragraph at lines 1722--1722
[][]\OT1/cmtt/m/n/10 TMIN.sd.anomaly.decade[] []=[] []aggregate[][](TMIN.anom[]
 []~[] []Decade, GSOM2sub, sd)[][] 
 []


Overfull \hbox (74.99634pt too wide) in paragraph at lines 1725--1725
[][]\OT1/cmtt/m/n/10 TMAX.temp[] []=[] []merge[][](TMAX.mean.anomaly.decade, TM
AX.sd.anomaly.decade,[] []by[][]=[][]"Decade"[][])[][] 
 []


Overfull \hbox (74.99634pt too wide) in paragraph at lines 1727--1727
[][]\OT1/cmtt/m/n/10 TMIN.temp[] []=[] []merge[][](TMIN.mean.anomaly.decade, TM
IN.sd.anomaly.decade,[] []by[][]=[][]"Decade"[][])[][] 
 []


Overfull \hbox (11.99689pt too wide) in paragraph at lines 1729--1729
[][]\OT1/cmtt/m/n/10 GSOM.Monthly.Anom.mean.sd[] []=[] []merge[][](TMAX.temp, T
MIN.temp,[] []by[][]=[][]"Decade"[][])[][] 
 []


Overfull \hbox (27.74675pt too wide) in paragraph at lines 1734--1734
[][]\OT1/cmtt/m/n/10 plot[][](Anom.x,[] []dnorm[][](Anom.x,[] []mean[][]=GSOM.M
onthly.Anom.mean.sd[][]$[][]TMAX.anom[[][]1[][]],[][] 
 []


Overfull \hbox (227.24501pt too wide) in paragraph at lines 1735--1735
[]   []\OT1/cmtt/m/n/10 sd[][]=GSOM.Monthly.Anom.mean.sd[][]$[][]TMAX.sd.anom[[
][]1[][]]),[] []ty[][]=[][]"l"[][],[] []col[][]=h.ramp[i],[] []ylab[][]=[][]"De
nsity"[][],[] []xlab[][]=[][]"TMAX Anomaly"[][])[][] 
 []


Overfull \hbox (27.74675pt too wide) in paragraph at lines 1740--1740
[][]\OT1/cmtt/m/n/10 plot[][](Anom.x,[] []dnorm[][](Anom.x,[] []mean[][]=GSOM.M
onthly.Anom.mean.sd[][]$[][]TMIN.anom[[][]1[][]],[][] 
 []


Overfull \hbox (227.24501pt too wide) in paragraph at lines 1741--1741
[]   []\OT1/cmtt/m/n/10 sd[][]=GSOM.Monthly.Anom.mean.sd[][]$[][]TMIN.sd.anom[[
][]1[][]]),[] []ty[][]=[][]"l"[][],[] []col[][]=h.ramp[i],[] []ylab[][]=[][]"De
nsity"[][],[] []xlab[][]=[][]"TMIN Anomaly"[][])[][] 
 []


Overfull \hbox (17.24684pt too wide) in paragraph at lines 1755--1755
[][]\OT1/cmtt/m/n/10 plot[][](Anom.x,[] []dnorm[][](Anom.x,[] []mean[][]=TMIN.a
nomaly.decade[][]$[][]TMIN.anom[[[][]1[][],[][]1[][]]],[][] 
 []


Overfull \hbox (200.99524pt too wide) in paragraph at lines 1756--1756
[]   []\OT1/cmtt/m/n/10 sd[][]=TMIN.anomaly.decade[][]$[][]TMIN.anom[[[][]1[][]
,[][]2[][]]]),[] []ty[][]=[][]"l"[][],[] []col[][]=h.ramp[[][]1[][]],[] []ylab[
][]=[][]"Density"[][],[] []xlab[][]=[][]"TMIN Anomaly"[][])[][] 
 []


Overfull \hbox (321.74419pt too wide) in paragraph at lines 1759--1759
[][]\OT1/cmtt/m/n/10 lines[][](Anom.x,[] []dnorm[][](Anom.x,[] []mean[][]=TMIN.
anomaly.decade[][]$[][]TMIN.anom[[i,[][]1[][]]],[] []sd[][]=TMIN.anomaly.decade
[][]$[][]TMIN.anom[[i,[][]2[][]]]),[] []col[][]=h.ramp[i])[][] 
 []


Overfull \hbox (48.74657pt too wide) in paragraph at lines 1761--1761
[][]\OT1/cmtt/m/n/10 abline[][]([][]v[][]=[][]mean[][](GSOM2[][]$[][]TMIN.anom[
GSOM2[][]$[][]Decade[][]==[][]min[][](GSOM[][]$[][]Decade)]),[] []col[][]=[][]"
blue"[][])[][] 
 []


Overfull \hbox (43.49661pt too wide) in paragraph at lines 1762--1762
[][]\OT1/cmtt/m/n/10 abline[][]([][]v[][]=[][]mean[][](GSOM2[][]$[][]TMIN.anom[
GSOM2[][]$[][]Decade[][]==[][]max[][](GSOM[][]$[][]Decade)]),[] []col[][]=[][]"
red"[][])[][] 
 []


Overfull \hbox (17.24684pt too wide) in paragraph at lines 1765--1765
[][]\OT1/cmtt/m/n/10 plot[][](Anom.x,[] []dnorm[][](Anom.x,[] []mean[][]=TMAX.a
nomaly.decade[][]$[][]TMAX.anom[[[][]1[][],[][]1[][]]],[][] 
 []


Overfull \hbox (200.99524pt too wide) in paragraph at lines 1766--1766
[]   []\OT1/cmtt/m/n/10 sd[][]=TMAX.anomaly.decade[][]$[][]TMAX.anom[[[][]1[][]
,[][]2[][]]]),[] []ty[][]=[][]"l"[][],[] []col[][]=h.ramp[[][]1[][]],[] []ylab[
][]=[][]"Density"[][],[] []xlab[][]=[][]"TMAX Anomaly"[][])[][] 
 []


Overfull \hbox (321.74419pt too wide) in paragraph at lines 1769--1769
[][]\OT1/cmtt/m/n/10 lines[][](Anom.x,[] []dnorm[][](Anom.x,[] []mean[][]=TMAX.
anomaly.decade[][]$[][]TMAX.anom[[i,[][]1[][]]],[] []sd[][]=TMAX.anomaly.decade
[][]$[][]TMAX.anom[[i,[][]2[][]]]),[] []col[][]=h.ramp[i])[][] 
 []


Overfull \hbox (48.74657pt too wide) in paragraph at lines 1771--1771
[][]\OT1/cmtt/m/n/10 abline[][]([][]v[][]=[][]mean[][](GSOM2[][]$[][]TMAX.anom[
GSOM2[][]$[][]Decade[][]==[][]min[][](GSOM[][]$[][]Decade)]),[] []col[][]=[][]"
blue"[][])[][] 
 []


Overfull \hbox (43.49661pt too wide) in paragraph at lines 1772--1772
[][]\OT1/cmtt/m/n/10 abline[][]([][]v[][]=[][]mean[][](GSOM2[][]$[][]TMAX.anom[
GSOM2[][]$[][]Decade[][]==[][]max[][](GSOM[][]$[][]Decade)]),[] []col[][]=[][]"
red"[][])[][] 
 []


Overfull \hbox (22.4968pt too wide) in paragraph at lines 1778--1778
[][]\OT1/cmtt/m/n/10 GSOM_animation[] []<-[] []image_animate[][](img,[] []fps[]
 []=[] []1[][],[] []loop[][]=[][]2[][],[] []optimize[] []=[] []TRUE[][])[][] 
 []


Overfull \hbox (17.24684pt too wide) in paragraph at lines 1780--1780
[][]\OT1/cmtt/m/n/10 setwd[][]([][]"/home/CAMPUS/mwl04747/github/Climate_Change
_Narratives/docs/"[][])[][] 
 []


Underfull \vbox (badness 10000) detected at line 1787
 []


Underfull \vbox (badness 10000) detected at line 1787
 []

[42]
Package color Info: Redefining color shadecolor on input line 1797.
 [43]
Overfull \hbox (17.24684pt too wide) in paragraph at lines 1799--1799
[][]\OT1/cmtt/m/n/10 setwd[][]([][]"/home/CAMPUS/mwl04747/github/Climate_Change
_Narratives/docs/"[][])[][] 
 []


Overfull \hbox (100.99617pt too wide) in paragraph at lines 1801--1801
[][]\OT1/cmtt/m/n/10 if[][]([][]![][]file.exists[][]([][]paste0[][]([][]"Climat
e_gifs/"[][], fips[][]$[][]State,[] []"-"[][], stid,[] []"_GSOM-4plots.gif"[][]
)))\OMS/cmsy/m/n/10 f[][] 
 []


Overfull \hbox (22.4968pt too wide) in paragraph at lines 1872--1872
[][]\OT1/cmtt/m/n/10 GSOM_animation[] []<-[] []image_animate[][](img,[] []fps[]
 []=[] []1[][],[] []loop[][]=[][]2[][],[] []optimize[] []=[] []TRUE[][])[][] 
 []


Overfull \hbox (153.74565pt too wide) in paragraph at lines 1873--1873
[][]\OT1/cmtt/m/n/10 image_write[][](GSOM_animation,[] []paste0[][]([][]"Climat
e_gifs/"[][], fips[][]$[][]State,[] []"-"[][], stid,[] []"_GSOM-4plots.gif"[][]
))[][] 
 []

[44]
Package color Info: Redefining color shadecolor on input line 1893.

Overfull \hbox (1.49698pt too wide) in paragraph at lines 1905--1905
[][]\OT1/cmtt/m/n/10 out[] []<-[] []ncdc[][]([][]datasetid[][]=[][]^^MNORMAL_DL
Y^^M[][],[] []stationid[][]=[][]^^MGHCND:USW00014895^^M[][],[][] 
 []


Overfull \hbox (6.74693pt too wide) in paragraph at lines 1906--1906
[]            []\OT1/cmtt/m/n/10 datatypeid[][]=[][]^^Mdly-tmax-normal^^M[][],[
] []startdate[] []=[] []^^M2010-05-01^^M[][],[][] 
 []

[45]
Package color Info: Redefining color shadecolor on input line 1914.

Overfull \hbox (11.99689pt too wide) in paragraph at lines 1916--1916
[][]\OT1/cmtt/m/n/10 with_units[] []<-[] []ncdc[][]([][]datasetid[][]=[][]^^MGH
CND^^M[][],[] []stationid[][]=[][]^^MGHCND:USW00014895^^M[][],[][] 
 []


Overfull \hbox (27.74675pt too wide) in paragraph at lines 1918--1918
[]                   []\OT1/cmtt/m/n/10 enddate[] []=[] []^^M2010-10-31^^M[][],
[] []limit[][]=[][]500[][],[] []add_units[] []=[] []TRUE[][])[][] 
 []


Overfull \hbox (32.6479pt too wide) in paragraph at lines 1944--1944
[]\OT1/cmr/bx/n/14.4 Sea Sur-face Tem-per-a-ture Data -- SURP PROJECT
 []


Overfull \hbox (32.24684pt too wide) in paragraph at lines 1948--1949
[][]$\OT1/cmtt/m/n/10 https : / / climexp . knmi . nl / select . cgi ? id = som
eone @ somewhere&field = ersstv5$[] 
 []

[46]
Package color Info: Redefining color shadecolor on input line 1962.

Overfull \hbox (158.9956pt too wide) in paragraph at lines 1971--1971
[][]\OT1/cmtt/m/n/10 ersst.nc[] []=[] []"/home/CAMPUS/mwl04747/github/Climate_C
hange_Narratives/Data/FA19/ersst.v5.185401.nc"[][] 
 []


Overfull \hbox (85.49625pt too wide) in paragraph at lines 1972--1972
[][]\OT1/cmtt/m/n/10 Y1854[] []=[] []"https://www1.ncdc.noaa.gov/pub/data/cmb/e
rsst/v5/ascii/ersst.v5.1854.asc"[][] 
 []


Overfull \hbox (85.49625pt too wide) in paragraph at lines 1973--1973
[][]\OT1/cmtt/m/n/10 Y1864[] []=[] []"https://www1.ncdc.noaa.gov/pub/data/cmb/e
rsst/v5/ascii/ersst.v5.1864.asc"[][] 
 []


Overfull \hbox (85.49625pt too wide) in paragraph at lines 1974--1974
[][]\OT1/cmtt/m/n/10 Y1874[] []=[] []"https://www1.ncdc.noaa.gov/pub/data/cmb/e
rsst/v5/ascii/ersst.v5.1874.asc"[][] 
 []


Overfull \hbox (85.49625pt too wide) in paragraph at lines 1975--1975
[][]\OT1/cmtt/m/n/10 Y1884[] []=[] []"https://www1.ncdc.noaa.gov/pub/data/cmb/e
rsst/v5/ascii/ersst.v5.1884.asc"[][] 
 []


Overfull \hbox (85.49625pt too wide) in paragraph at lines 1976--1976
[][]\OT1/cmtt/m/n/10 Y1894[] []=[] []"https://www1.ncdc.noaa.gov/pub/data/cmb/e
rsst/v5/ascii/ersst.v5.1894.asc"[][] 
 []


Overfull \hbox (85.49625pt too wide) in paragraph at lines 1977--1977
[][]\OT1/cmtt/m/n/10 Y1904[] []=[] []"https://www1.ncdc.noaa.gov/pub/data/cmb/e
rsst/v5/ascii/ersst.v5.1904.asc"[][] 
 []


Overfull \hbox (85.49625pt too wide) in paragraph at lines 1978--1978
[][]\OT1/cmtt/m/n/10 Y1914[] []=[] []"https://www1.ncdc.noaa.gov/pub/data/cmb/e
rsst/v5/ascii/ersst.v5.1914.asc"[][] 
 []


Overfull \hbox (85.49625pt too wide) in paragraph at lines 1979--1979
[][]\OT1/cmtt/m/n/10 Y1924[] []=[] []"https://www1.ncdc.noaa.gov/pub/data/cmb/e
rsst/v5/ascii/ersst.v5.1924.asc"[][] 
 []


Overfull \hbox (85.49625pt too wide) in paragraph at lines 1980--1980
[][]\OT1/cmtt/m/n/10 Y1934[] []=[] []"https://www1.ncdc.noaa.gov/pub/data/cmb/e
rsst/v5/ascii/ersst.v5.1934.asc"[][] 
 []


Overfull \hbox (85.49625pt too wide) in paragraph at lines 1981--1981
[][]\OT1/cmtt/m/n/10 Y1944[] []=[] []"https://www1.ncdc.noaa.gov/pub/data/cmb/e
rsst/v5/ascii/ersst.v5.1944.asc"[][] 
 []


Overfull \hbox (85.49625pt too wide) in paragraph at lines 1982--1982
[][]\OT1/cmtt/m/n/10 Y1954[] []=[] []"https://www1.ncdc.noaa.gov/pub/data/cmb/e
rsst/v5/ascii/ersst.v5.1954.asc"[][] 
 []


Overfull \hbox (85.49625pt too wide) in paragraph at lines 1983--1983
[][]\OT1/cmtt/m/n/10 Y1964[] []=[] []"https://www1.ncdc.noaa.gov/pub/data/cmb/e
rsst/v5/ascii/ersst.v5.1964.asc"[][] 
 []


Overfull \hbox (85.49625pt too wide) in paragraph at lines 1984--1984
[][]\OT1/cmtt/m/n/10 Y1974[] []=[] []"https://www1.ncdc.noaa.gov/pub/data/cmb/e
rsst/v5/ascii/ersst.v5.1974.asc"[][] 
 []


Overfull \hbox (85.49625pt too wide) in paragraph at lines 1985--1985
[][]\OT1/cmtt/m/n/10 Y1984[] []=[] []"https://www1.ncdc.noaa.gov/pub/data/cmb/e
rsst/v5/ascii/ersst.v5.1984.asc"[][] 
 []


Overfull \hbox (85.49625pt too wide) in paragraph at lines 1986--1986
[][]\OT1/cmtt/m/n/10 Y1994[] []=[] []"https://www1.ncdc.noaa.gov/pub/data/cmb/e
rsst/v5/ascii/ersst.v5.1994.asc"[][] 
 []


Overfull \hbox (85.49625pt too wide) in paragraph at lines 1987--1987
[][]\OT1/cmtt/m/n/10 Y2004[] []=[] []"https://www1.ncdc.noaa.gov/pub/data/cmb/e
rsst/v5/ascii/ersst.v5.2004.asc"[][] 
 []


Overfull \hbox (85.49625pt too wide) in paragraph at lines 1988--1988
[][]\OT1/cmtt/m/n/10 Y2014[] []=[] []"https://www1.ncdc.noaa.gov/pub/data/cmb/e
rsst/v5/ascii/ersst.v5.2014.asc"[][] 
 []


Overfull \hbox (127.49588pt too wide) in paragraph at lines 1990--1990
[][]\OT1/cmtt/m/n/10 temp[] []=[] []rbind[][]([][]read.table[][](Y1854)[[][]75[
][],[][]67[][]],[] []read.table[][](Y1864)[[][]75[][],[][]67[][]],[] []read.tab
le[][](Y1874)[[][]75[][],[][]67[][]],[][] 
 []


Overfull \hbox (59.24648pt too wide) in paragraph at lines 1991--1991
[][]\OT1/cmtt/m/n/10 read.table[][](Y1884)[[][]75[][],[][]67[][]],[] []read.tab
le[][](Y1894)[[][]75[][],[][]67[][]],[] []read.table[][](Y1904)[[][]75[][],[][]
67[][]],[][] 
 []


Overfull \hbox (59.24648pt too wide) in paragraph at lines 1992--1992
[][]\OT1/cmtt/m/n/10 read.table[][](Y1914)[[][]75[][],[][]67[][]],[] []read.tab
le[][](Y1924)[[][]75[][],[][]67[][]],[] []read.table[][](Y1934)[[][]75[][],[][]
67[][]],[][] 
 []


Overfull \hbox (59.24648pt too wide) in paragraph at lines 1993--1993
[][]\OT1/cmtt/m/n/10 read.table[][](Y1944)[[][]75[][],[][]67[][]],[] []read.tab
le[][](Y1954)[[][]75[][],[][]67[][]],[] []read.table[][](Y1964)[[][]75[][],[][]
67[][]],[][] 
 []


Overfull \hbox (59.24648pt too wide) in paragraph at lines 1994--1994
[][]\OT1/cmtt/m/n/10 read.table[][](Y1974)[[][]75[][],[][]67[][]],[] []read.tab
le[][](Y1984)[[][]75[][],[][]67[][]],[] []read.table[][](Y1994)[[][]75[][],[][]
67[][]],[][] 
 []


Overfull \hbox (18.98296pt too wide) in paragraph at lines 2032--2032
[][]\OT1/cmtt/m/it/10 #ncvar_get(ncin, var$sst) object of type ^^Mclosure^^M is
 not subsettable[][] 
 []


Overfull \hbox (1709.46822pt too wide) in paragraph at lines 2033--2033
[][]\OT1/cmtt/m/it/10 #ncvar_get(ncin, var) second argument to ncvar_get must b
e an object of type ncvar or ncdim (both parts of the ncdf object returned by n
c_open()), the character-string name of a variable or dimension or NA to get th
e default variable from the file.  If the file is netcdf version 4 format and u
ses groups, then the fully qualified var name must be given, for example, model
1/run5/Temperature[][] 
 []


Overfull \hbox (81.9824pt too wide) in paragraph at lines 2035--2035
[][]\OT1/cmtt/m/n/10 ncvar_get[][](ncin,[] []"sst"[][])[] []\OT1/cmtt/m/it/10 #
spits out the temperatures. but why the negative numbers![][] 
 []

[47]
Underfull \vbox (badness 10000) detected at line 2077
 []


Underfull \vbox (badness 10000) detected at line 2077
 []

[48] [49]
Package atveryend Info: Empty hook `BeforeClearDocument' on input line 2096.
 [50]
Package atveryend Info: Empty hook `AfterLastShipout' on input line 2096.
 (./Climate_Records_Animations.aux)
Package atveryend Info: Executing hook `AtVeryEndDocument' on input line 2096.
Package atveryend Info: Executing hook `AtEndAfterFileList' on input line 2096.

Package rerunfilecheck Info: File `Climate_Records_Animations.out' has not chan
ged.
(rerunfilecheck)             Checksum: FC339D38B0637EC3FC5447FB928BF604;3327.


LaTeX Warning: There were undefined references.

Package atveryend Info: Empty hook `AtVeryVeryEnd' on input line 2096.
 ) 
Here is how much of TeX's memory you used:
 5454 strings out of 494820
 84093 string characters out of 3178050
 188462 words of memory out of 3000000
 8487 multiletter control sequences out of 15000+200000
 8231 words of font info for 30 fonts, out of 3000000 for 9000
 198 hyphenation exceptions out of 8191
 29i,10n,31p,788b,379s stack positions out of 5000i,500n,10000p,200000b,50000s
</usr/share/texlive/texmf-dist/fonts/type1/public/amsfonts/cm/cmbx10.pfb></us
r/share/texlive/texmf-dist/fonts/type1/public/amsfonts/cm/cmbx12.pfb></usr/shar
e/texlive/texmf-dist/fonts/type1/public/amsfonts/cm/cmitt10.pfb></usr/share/tex
live/texmf-dist/fonts/type1/public/amsfonts/cm/cmr10.pfb></usr/share/texlive/te
xmf-dist/fonts/type1/public/amsfonts/cm/cmr12.pfb></usr/share/texlive/texmf-dis
t/fonts/type1/public/amsfonts/cm/cmr17.pfb></usr/share/texlive/texmf-dist/fonts
/type1/public/amsfonts/cm/cmsy10.pfb></usr/share/texlive/texmf-dist/fonts/type1
/public/amsfonts/cm/cmtt10.pfb>
Output written on Climate_Records_Animations.pdf (50 pages, 4980419 bytes).
PDF statistics:
 539 PDF objects out of 1000 (max. 8388607)
 450 compressed objects within 5 object streams
 105 named destinations out of 1000 (max. 500000)
 431 words of extra memory for PDF output out of 10000 (max. 10000000)

