This is pdfTeX, Version 3.1415926-2.5-1.40.14 (TeX Live 2013) (format=pdflatex 2020.5.9)  5 SEP 2020 12:14
entering extended mode
 restricted \write18 enabled.
 %&-line parsing enabled.
**1_Obtaining_Climate_Records.tex
(./1_Obtaining_Climate_Records.tex
LaTeX2e <2011/06/27>
Babel <v3.8m> and hyphenation patterns for english, dumylang, nohyphenation, uk
rainian, russian, bulgarian, loaded.
(/usr/share/texlive/texmf-dist/tex/latex/base/article.cls
Document Class: article 2007/10/19 v1.4h Standard LaTeX document class
(/usr/share/texlive/texmf-dist/tex/latex/base/size10.clo
File: size10.clo 2007/10/19 v1.4h Standard LaTeX file (size option)
)
\c@part=\count79
\c@section=\count80
\c@subsection=\count81
\c@subsubsection=\count82
\c@paragraph=\count83
\c@subparagraph=\count84
\c@figure=\count85
\c@table=\count86
\abovecaptionskip=\skip41
\belowcaptionskip=\skip42
\bibindent=\dimen102
)
(/usr/share/texlive/texmf-dist/tex/latex/graphics/graphicx.sty
Package: graphicx 1999/02/16 v1.0f Enhanced LaTeX Graphics (DPC,SPQR)

(/usr/share/texlive/texmf-dist/tex/latex/graphics/keyval.sty
Package: keyval 1999/03/16 v1.13 key=value parser (DPC)
\KV@toks@=\toks14
)
(/usr/share/texlive/texmf-dist/tex/latex/graphics/graphics.sty
Package: graphics 2009/02/05 v1.0o Standard LaTeX Graphics (DPC,SPQR)

(/usr/share/texlive/texmf-dist/tex/latex/graphics/trig.sty
Package: trig 1999/03/16 v1.09 sin cos tan (DPC)
)
(/usr/share/texlive/texmf-dist/tex/latex/latexconfig/graphics.cfg
File: graphics.cfg 2010/04/23 v1.9 graphics configuration of TeX Live
)
Package graphics Info: Driver file: pdftex.def on input line 91.

(/usr/share/texlive/texmf-dist/tex/latex/pdftex-def/pdftex.def
File: pdftex.def 2011/05/27 v0.06d Graphics/color for pdfTeX

(/usr/share/texlive/texmf-dist/tex/generic/oberdiek/infwarerr.sty
Package: infwarerr 2010/04/08 v1.3 Providing info/warning/error messages (HO)
)
(/usr/share/texlive/texmf-dist/tex/generic/oberdiek/ltxcmds.sty
Package: ltxcmds 2011/11/09 v1.22 LaTeX kernel commands for general use (HO)
)
\Gread@gobject=\count87
))
\Gin@req@height=\dimen103
\Gin@req@width=\dimen104
)
(/usr/share/texlive/texmf-dist/tex/latex/graphics/color.sty
Package: color 2005/11/14 v1.0j Standard LaTeX Color (DPC)

(/usr/share/texlive/texmf-dist/tex/latex/latexconfig/color.cfg
File: color.cfg 2007/01/18 v1.5 color configuration of teTeX/TeXLive
)
Package color Info: Driver file: pdftex.def on input line 130.
) (./framed.sty
Package: framed 2011/10/22 v 0.96: framed or shaded text with page breaks
\OuterFrameSep=\skip43
\fb@frw=\dimen105
\fb@frh=\dimen106
\FrameRule=\dimen107
\FrameSep=\dimen108
) (/usr/share/texlive/texmf-dist/tex/latex/base/alltt.sty
Package: alltt 1997/06/16 v2.0g defines alltt environment
)
(/usr/share/texlive/texmf-dist/tex/latex/hyperref/hyperref.sty
Package: hyperref 2012/11/06 v6.83m Hypertext links for LaTeX

(/usr/share/texlive/texmf-dist/tex/generic/oberdiek/hobsub-hyperref.sty
Package: hobsub-hyperref 2012/05/28 v1.13 Bundle oberdiek, subset hyperref (HO)


(/usr/share/texlive/texmf-dist/tex/generic/oberdiek/hobsub-generic.sty
Package: hobsub-generic 2012/05/28 v1.13 Bundle oberdiek, subset generic (HO)
Package: hobsub 2012/05/28 v1.13 Construct package bundles (HO)
Package hobsub Info: Skipping package `infwarerr' (already loaded).
Package hobsub Info: Skipping package `ltxcmds' (already loaded).
Package: ifluatex 2010/03/01 v1.3 Provides the ifluatex switch (HO)
Package ifluatex Info: LuaTeX not detected.
Package: ifvtex 2010/03/01 v1.5 Detect VTeX and its facilities (HO)
Package ifvtex Info: VTeX not detected.
Package: intcalc 2007/09/27 v1.1 Expandable calculations with integers (HO)
Package: ifpdf 2011/01/30 v2.3 Provides the ifpdf switch (HO)
Package ifpdf Info: pdfTeX in PDF mode is detected.
Package: etexcmds 2011/02/16 v1.5 Avoid name clashes with e-TeX commands (HO)
Package etexcmds Info: Could not find \expanded.
(etexcmds)             That can mean that you are not using pdfTeX 1.50 or
(etexcmds)             that some package has redefined \expanded.
(etexcmds)             In the latter case, load this package earlier.
Package: kvsetkeys 2012/04/25 v1.16 Key value parser (HO)
Package: kvdefinekeys 2011/04/07 v1.3 Define keys (HO)
Package: pdftexcmds 2011/11/29 v0.20 Utility functions of pdfTeX for LuaTeX (HO
)
Package pdftexcmds Info: LuaTeX not detected.
Package pdftexcmds Info: \pdf@primitive is available.
Package pdftexcmds Info: \pdf@ifprimitive is available.
Package pdftexcmds Info: \pdfdraftmode found.
Package: pdfescape 2011/11/25 v1.13 Implements pdfTeX's escape features (HO)
Package: bigintcalc 2012/04/08 v1.3 Expandable calculations on big integers (HO
)
Package: bitset 2011/01/30 v1.1 Handle bit-vector datatype (HO)
Package: uniquecounter 2011/01/30 v1.2 Provide unlimited unique counter (HO)
)
Package hobsub Info: Skipping package `hobsub' (already loaded).
Package: letltxmacro 2010/09/02 v1.4 Let assignment for LaTeX macros (HO)
Package: hopatch 2012/05/28 v1.2 Wrapper for package hooks (HO)
Package: xcolor-patch 2011/01/30 xcolor patch
Package: atveryend 2011/06/30 v1.8 Hooks at the very end of document (HO)
Package atveryend Info: \enddocument detected (standard20110627).
Package: atbegshi 2011/10/05 v1.16 At begin shipout hook (HO)
Package: refcount 2011/10/16 v3.4 Data extraction from label references (HO)
Package: hycolor 2011/01/30 v1.7 Color options for hyperref/bookmark (HO)
)
(/usr/share/texlive/texmf-dist/tex/generic/ifxetex/ifxetex.sty
Package: ifxetex 2010/09/12 v0.6 Provides ifxetex conditional
)
(/usr/share/texlive/texmf-dist/tex/latex/oberdiek/auxhook.sty
Package: auxhook 2011/03/04 v1.3 Hooks for auxiliary files (HO)
)
(/usr/share/texlive/texmf-dist/tex/latex/oberdiek/kvoptions.sty
Package: kvoptions 2011/06/30 v3.11 Key value format for package options (HO)
)
\@linkdim=\dimen109
\Hy@linkcounter=\count88
\Hy@pagecounter=\count89

(/usr/share/texlive/texmf-dist/tex/latex/hyperref/pd1enc.def
File: pd1enc.def 2012/11/06 v6.83m Hyperref: PDFDocEncoding definition (HO)
)
\Hy@SavedSpaceFactor=\count90

(/usr/share/texlive/texmf-dist/tex/latex/latexconfig/hyperref.cfg
File: hyperref.cfg 2002/06/06 v1.2 hyperref configuration of TeXLive
)
Package hyperref Info: Hyper figures OFF on input line 4443.
Package hyperref Info: Link nesting OFF on input line 4448.
Package hyperref Info: Hyper index ON on input line 4451.
Package hyperref Info: Plain pages OFF on input line 4458.
Package hyperref Info: Backreferencing OFF on input line 4463.
Package hyperref Info: Implicit mode ON; LaTeX internals redefined.
Package hyperref Info: Bookmarks ON on input line 4688.
\c@Hy@tempcnt=\count91

(/usr/share/texlive/texmf-dist/tex/latex/url/url.sty
\Urlmuskip=\muskip10
Package: url 2006/04/12  ver 3.3  Verb mode for urls, etc.
)
LaTeX Info: Redefining \url on input line 5041.
\XeTeXLinkMargin=\dimen110
\Fld@menulength=\count92
\Field@Width=\dimen111
\Fld@charsize=\dimen112
Package hyperref Info: Hyper figures OFF on input line 6295.
Package hyperref Info: Link nesting OFF on input line 6300.
Package hyperref Info: Hyper index ON on input line 6303.
Package hyperref Info: backreferencing OFF on input line 6310.
Package hyperref Info: Link coloring OFF on input line 6315.
Package hyperref Info: Link coloring with OCG OFF on input line 6320.
Package hyperref Info: PDF/A mode OFF on input line 6325.
LaTeX Info: Redefining \ref on input line 6365.
LaTeX Info: Redefining \pageref on input line 6369.
\Hy@abspage=\count93
\c@Item=\count94
\c@Hfootnote=\count95
)

Package hyperref Message: Driver (autodetected): hpdftex.

(/usr/share/texlive/texmf-dist/tex/latex/hyperref/hpdftex.def
File: hpdftex.def 2012/11/06 v6.83m Hyperref driver for pdfTeX
\Fld@listcount=\count96
\c@bookmark@seq@number=\count97

(/usr/share/texlive/texmf-dist/tex/latex/oberdiek/rerunfilecheck.sty
Package: rerunfilecheck 2011/04/15 v1.7 Rerun checks for auxiliary files (HO)
Package uniquecounter Info: New unique counter `rerunfilecheck' on input line 2
82.
)
\Hy@SectionHShift=\skip44
)
(/usr/share/texlive/texmf-dist/tex/latex/upquote/upquote.sty
Package: upquote 2012/04/19 v1.3 upright-quote and grave-accent glyphs in verba
tim
)
(./1_Obtaining_Climate_Records.aux)
\openout1 = `1_Obtaining_Climate_Records.aux'.

LaTeX Font Info:    Checking defaults for OML/cmm/m/it on input line 58.
LaTeX Font Info:    ... okay on input line 58.
LaTeX Font Info:    Checking defaults for T1/cmr/m/n on input line 58.
LaTeX Font Info:    ... okay on input line 58.
LaTeX Font Info:    Checking defaults for OT1/cmr/m/n on input line 58.
LaTeX Font Info:    ... okay on input line 58.
LaTeX Font Info:    Checking defaults for OMS/cmsy/m/n on input line 58.
LaTeX Font Info:    ... okay on input line 58.
LaTeX Font Info:    Checking defaults for OMX/cmex/m/n on input line 58.
LaTeX Font Info:    ... okay on input line 58.
LaTeX Font Info:    Checking defaults for U/cmr/m/n on input line 58.
LaTeX Font Info:    ... okay on input line 58.
LaTeX Font Info:    Checking defaults for PD1/pdf/m/n on input line 58.
LaTeX Font Info:    ... okay on input line 58.

(/usr/share/texlive/texmf-dist/tex/context/base/supp-pdf.mkii
[Loading MPS to PDF converter (version 2006.09.02).]
\scratchcounter=\count98
\scratchdimen=\dimen113
\scratchbox=\box26
\nofMPsegments=\count99
\nofMParguments=\count100
\everyMPshowfont=\toks15
\MPscratchCnt=\count101
\MPscratchDim=\dimen114
\MPnumerator=\count102
\makeMPintoPDFobject=\count103
\everyMPtoPDFconversion=\toks16
) (/usr/share/texlive/texmf-dist/tex/latex/oberdiek/epstopdf-base.sty
Package: epstopdf-base 2010/02/09 v2.5 Base part for package epstopdf

(/usr/share/texlive/texmf-dist/tex/latex/oberdiek/grfext.sty
Package: grfext 2010/08/19 v1.1 Manage graphics extensions (HO)
)
Package grfext Info: Graphics extension search list:
(grfext)             [.png,.pdf,.jpg,.mps,.jpeg,.jbig2,.jb2,.PNG,.PDF,.JPG,.JPE
G,.JBIG2,.JB2,.eps]
(grfext)             \AppendGraphicsExtensions on input line 452.

(/usr/share/texlive/texmf-dist/tex/latex/latexconfig/epstopdf-sys.cfg
File: epstopdf-sys.cfg 2010/07/13 v1.3 Configuration of (r)epstopdf for TeX Liv
e
))
\AtBeginShipoutBox=\box27
Package hyperref Info: Link coloring OFF on input line 58.

(/usr/share/texlive/texmf-dist/tex/latex/hyperref/nameref.sty
Package: nameref 2012/10/27 v2.43 Cross-referencing by name of section

(/usr/share/texlive/texmf-dist/tex/generic/oberdiek/gettitlestring.sty
Package: gettitlestring 2010/12/03 v1.4 Cleanup title references (HO)
)
\c@section@level=\count104
)
LaTeX Info: Redefining \ref on input line 58.
LaTeX Info: Redefining \pageref on input line 58.
LaTeX Info: Redefining \nameref on input line 58.

(./1_Obtaining_Climate_Records.out) (./1_Obtaining_Climate_Records.out)
\@outlinefile=\write3
\openout3 = `1_Obtaining_Climate_Records.out'.

LaTeX Font Info:    External font `cmex10' loaded for size
(Font)              <12> on input line 60.
LaTeX Font Info:    External font `cmex10' loaded for size
(Font)              <8> on input line 60.
LaTeX Font Info:    External font `cmex10' loaded for size
(Font)              <6> on input line 60.
Missing character: There is no √ in font cmr10!
Missing character: There is no º in font cmr10!

Overfull \hbox (12.41743pt too wide) in paragraph at lines 67--68
\OT1/cmr/m/n/10 con-sist-ing of me-te-o-ro-log-i-cal sta-tions in Flo-rence, Cu
tigliano, Val-lom-brosa, Bologna,
 []

LaTeX Font Info:    Try loading font information for OMS+cmr on input line 76.
(/usr/share/texlive/texmf-dist/tex/latex/base/omscmr.fd
File: omscmr.fd 1999/05/25 v2.5h Standard LaTeX font definitions
)
LaTeX Font Info:    Font shape `OMS/cmr/m/n' in size <10> not available
(Font)              Font shape `OMS/cmsy/m/n' tried instead on input line 76.
 [1

{/usr/share/texlive/texmf/fonts/map/pdftex/updmap/pdftex.map}]
LaTeX Font Info:    External font `cmex10' loaded for size
(Font)              <7> on input line 83.
LaTeX Font Info:    External font `cmex10' loaded for size
(Font)              <5> on input line 83.
 [2]
Overfull \hbox (11.99689pt too wide) in paragraph at lines 122--123
\OT1/cmtt/m/n/10 / / www1 . ncdc . noaa . gov / pub / data / cdo / documentatio
n / GHCND _ documentation .
 []

Missing character: There is no ‚ in font cmbx12!
Missing character: There is no Ä in font cmbx12!
Missing character: There is no ê in font cmbx12!

Overfull \hbox (0.97638pt too wide) in paragraph at lines 128--128
[]\OT1/cmr/bx/n/12 Historical Cli-ma-tol-ogy Network-Daily (GHCND) data 
 []

[3]
LaTeX Font Info:    Font shape `OT1/cmtt/bx/n' in size <12> not available
(Font)              Font shape `OT1/cmtt/m/n' tried instead on input line 134.
Package color Info: Redefining color shadecolor on input line 144.
LaTeX Font Info:    Font shape `OT1/cmtt/bx/n' in size <10> not available
(Font)              Font shape `OT1/cmtt/m/n' tried instead on input line 146.
Package color Info: Redefining color shadecolor on input line 160.

Overfull \hbox (39.98277pt too wide) in paragraph at lines 162--162
[][]\OT1/cmtt/m/it/10 #ncdc_locs(locationcategoryid=^^MCITY^^M, sortfield=^^Mna
me^^M, sortorder=^^Mdesc^^M)[][] 
 []

Package color Info: Redefining color shadecolor on input line 177.

Overfull \hbox (123.98204pt too wide) in paragraph at lines 179--179
[][]\OT1/cmtt/m/it/10 #ncdc_stations(datasetid=^^MGHCND^^M, locationid=^^MFIPS:
12017^^M, stationid=^^MGHCND:USC00084289^^M)[][] 
 []

[4]
Overfull \hbox (32.6479pt too wide) in paragraph at lines 192--192
[]\OT1/cmr/bx/n/14.4 Sea Sur-face Tem-per-a-ture Data -- SURP PROJECT
 []


Overfull \hbox (32.24684pt too wide) in paragraph at lines 196--197
[][]$\OT1/cmtt/m/n/10 https : / / climexp . knmi . nl / select . cgi ? id = som
eone @ somewhere&field = ersstv5$[] 
 []

Package color Info: Redefining color shadecolor on input line 210.

Overfull \hbox (158.9956pt too wide) in paragraph at lines 219--219
[][]\OT1/cmtt/m/n/10 ersst.nc[] []=[] []"/home/CAMPUS/mwl04747/github/Climate_C
hange_Narratives/Data/FA19/ersst.v5.185401.nc"[][] 
 []


Overfull \hbox (85.49625pt too wide) in paragraph at lines 220--220
[][]\OT1/cmtt/m/n/10 Y1854[] []=[] []"https://www1.ncdc.noaa.gov/pub/data/cmb/e
rsst/v5/ascii/ersst.v5.1854.asc"[][] 
 []


Overfull \hbox (85.49625pt too wide) in paragraph at lines 221--221
[][]\OT1/cmtt/m/n/10 Y1864[] []=[] []"https://www1.ncdc.noaa.gov/pub/data/cmb/e
rsst/v5/ascii/ersst.v5.1864.asc"[][] 
 []


Overfull \hbox (85.49625pt too wide) in paragraph at lines 222--222
[][]\OT1/cmtt/m/n/10 Y1874[] []=[] []"https://www1.ncdc.noaa.gov/pub/data/cmb/e
rsst/v5/ascii/ersst.v5.1874.asc"[][] 
 []


Overfull \hbox (85.49625pt too wide) in paragraph at lines 223--223
[][]\OT1/cmtt/m/n/10 Y1884[] []=[] []"https://www1.ncdc.noaa.gov/pub/data/cmb/e
rsst/v5/ascii/ersst.v5.1884.asc"[][] 
 []


Overfull \hbox (85.49625pt too wide) in paragraph at lines 224--224
[][]\OT1/cmtt/m/n/10 Y1894[] []=[] []"https://www1.ncdc.noaa.gov/pub/data/cmb/e
rsst/v5/ascii/ersst.v5.1894.asc"[][] 
 []


Overfull \hbox (85.49625pt too wide) in paragraph at lines 225--225
[][]\OT1/cmtt/m/n/10 Y1904[] []=[] []"https://www1.ncdc.noaa.gov/pub/data/cmb/e
rsst/v5/ascii/ersst.v5.1904.asc"[][] 
 []


Overfull \hbox (85.49625pt too wide) in paragraph at lines 226--226
[][]\OT1/cmtt/m/n/10 Y1914[] []=[] []"https://www1.ncdc.noaa.gov/pub/data/cmb/e
rsst/v5/ascii/ersst.v5.1914.asc"[][] 
 []


Overfull \hbox (85.49625pt too wide) in paragraph at lines 227--227
[][]\OT1/cmtt/m/n/10 Y1924[] []=[] []"https://www1.ncdc.noaa.gov/pub/data/cmb/e
rsst/v5/ascii/ersst.v5.1924.asc"[][] 
 []


Overfull \hbox (85.49625pt too wide) in paragraph at lines 228--228
[][]\OT1/cmtt/m/n/10 Y1934[] []=[] []"https://www1.ncdc.noaa.gov/pub/data/cmb/e
rsst/v5/ascii/ersst.v5.1934.asc"[][] 
 []


Overfull \hbox (85.49625pt too wide) in paragraph at lines 229--229
[][]\OT1/cmtt/m/n/10 Y1944[] []=[] []"https://www1.ncdc.noaa.gov/pub/data/cmb/e
rsst/v5/ascii/ersst.v5.1944.asc"[][] 
 []


Overfull \hbox (85.49625pt too wide) in paragraph at lines 230--230
[][]\OT1/cmtt/m/n/10 Y1954[] []=[] []"https://www1.ncdc.noaa.gov/pub/data/cmb/e
rsst/v5/ascii/ersst.v5.1954.asc"[][] 
 []


Overfull \hbox (85.49625pt too wide) in paragraph at lines 231--231
[][]\OT1/cmtt/m/n/10 Y1964[] []=[] []"https://www1.ncdc.noaa.gov/pub/data/cmb/e
rsst/v5/ascii/ersst.v5.1964.asc"[][] 
 []


Overfull \hbox (85.49625pt too wide) in paragraph at lines 232--232
[][]\OT1/cmtt/m/n/10 Y1974[] []=[] []"https://www1.ncdc.noaa.gov/pub/data/cmb/e
rsst/v5/ascii/ersst.v5.1974.asc"[][] 
 []


Overfull \hbox (85.49625pt too wide) in paragraph at lines 233--233
[][]\OT1/cmtt/m/n/10 Y1984[] []=[] []"https://www1.ncdc.noaa.gov/pub/data/cmb/e
rsst/v5/ascii/ersst.v5.1984.asc"[][] 
 []


Overfull \hbox (85.49625pt too wide) in paragraph at lines 234--234
[][]\OT1/cmtt/m/n/10 Y1994[] []=[] []"https://www1.ncdc.noaa.gov/pub/data/cmb/e
rsst/v5/ascii/ersst.v5.1994.asc"[][] 
 []


Overfull \hbox (85.49625pt too wide) in paragraph at lines 235--235
[][]\OT1/cmtt/m/n/10 Y2004[] []=[] []"https://www1.ncdc.noaa.gov/pub/data/cmb/e
rsst/v5/ascii/ersst.v5.2004.asc"[][] 
 []


Overfull \hbox (85.49625pt too wide) in paragraph at lines 236--236
[][]\OT1/cmtt/m/n/10 Y2014[] []=[] []"https://www1.ncdc.noaa.gov/pub/data/cmb/e
rsst/v5/ascii/ersst.v5.2014.asc"[][] 
 []


Overfull \hbox (127.49588pt too wide) in paragraph at lines 238--238
[][]\OT1/cmtt/m/n/10 temp[] []=[] []rbind[][]([][]read.table[][](Y1854)[[][]75[
][],[][]67[][]],[] []read.table[][](Y1864)[[][]75[][],[][]67[][]],[] []read.tab
le[][](Y1874)[[][]75[][],[][]67[][]],[][] 
 []


Overfull \hbox (59.24648pt too wide) in paragraph at lines 239--239
[][]\OT1/cmtt/m/n/10 read.table[][](Y1884)[[][]75[][],[][]67[][]],[] []read.tab
le[][](Y1894)[[][]75[][],[][]67[][]],[] []read.table[][](Y1904)[[][]75[][],[][]
67[][]],[][] 
 []


Overfull \hbox (59.24648pt too wide) in paragraph at lines 240--240
[][]\OT1/cmtt/m/n/10 read.table[][](Y1914)[[][]75[][],[][]67[][]],[] []read.tab
le[][](Y1924)[[][]75[][],[][]67[][]],[] []read.table[][](Y1934)[[][]75[][],[][]
67[][]],[][] 
 []


Overfull \hbox (59.24648pt too wide) in paragraph at lines 241--241
[][]\OT1/cmtt/m/n/10 read.table[][](Y1944)[[][]75[][],[][]67[][]],[] []read.tab
le[][](Y1954)[[][]75[][],[][]67[][]],[] []read.table[][](Y1964)[[][]75[][],[][]
67[][]],[][] 
 []


Overfull \hbox (59.24648pt too wide) in paragraph at lines 242--242
[][]\OT1/cmtt/m/n/10 read.table[][](Y1974)[[][]75[][],[][]67[][]],[] []read.tab
le[][](Y1984)[[][]75[][],[][]67[][]],[] []read.table[][](Y1994)[[][]75[][],[][]
67[][]],[][] 
 []


Overfull \hbox (18.98296pt too wide) in paragraph at lines 280--280
[][]\OT1/cmtt/m/it/10 #ncvar_get(ncin, var$sst) object of type ^^Mclosure^^M is
 not subsettable[][] 
 []


Overfull \hbox (1709.46822pt too wide) in paragraph at lines 281--281
[][]\OT1/cmtt/m/it/10 #ncvar_get(ncin, var) second argument to ncvar_get must b
e an object of type ncvar or ncdim (both parts of the ncdf object returned by n
c_open()), the character-string name of a variable or dimension or NA to get th
e default variable from the file.  If the file is netcdf version 4 format and u
ses groups, then the fully qualified var name must be given, for example, model
1/run5/Temperature[][] 
 []


Overfull \hbox (81.9824pt too wide) in paragraph at lines 283--283
[][]\OT1/cmtt/m/n/10 ncvar_get[][](ncin,[] []"sst"[][])[] []\OT1/cmtt/m/it/10 #
spits out the temperatures. but why the negative numbers![][] 
 []

[5]
Underfull \vbox (badness 10000) detected at line 325
 []


Underfull \vbox (badness 10000) detected at line 325
 []

[6] [7]
Package atveryend Info: Empty hook `BeforeClearDocument' on input line 338.
 [8]
Package atveryend Info: Empty hook `AfterLastShipout' on input line 338.
 (./1_Obtaining_Climate_Records.aux)
Package atveryend Info: Executing hook `AtVeryEndDocument' on input line 338.
Package atveryend Info: Executing hook `AtEndAfterFileList' on input line 338.
Package rerunfilecheck Info: File `1_Obtaining_Climate_Records.out' has not cha
nged.
(rerunfilecheck)             Checksum: B1A7A2F0AB687A397D08D280FE14E943;1094.
Package atveryend Info: Empty hook `AtVeryVeryEnd' on input line 338.
 ) 
Here is how much of TeX's memory you used:
 5256 strings out of 494820
 78262 string characters out of 3178050
 178424 words of memory out of 3000000
 8388 multiletter control sequences out of 15000+200000
 8400 words of font info for 31 fonts, out of 3000000 for 9000
 198 hyphenation exceptions out of 8191
 29i,6n,31p,648b,446s stack positions out of 5000i,500n,10000p,200000b,50000s
</usr/share/texlive/texmf-dist/fonts/type1/public/amsfonts/cm/cmbx10.pfb></us
r/share/texlive/texmf-dist/fonts/type1/public/amsfonts/cm/cmbx12.pfb></usr/shar
e/texlive/texmf-dist/fonts/type1/public/amsfonts/cm/cmitt10.pfb></usr/share/tex
live/texmf-dist/fonts/type1/public/amsfonts/cm/cmr10.pfb></usr/share/texlive/te
xmf-dist/fonts/type1/public/amsfonts/cm/cmr12.pfb></usr/share/texlive/texmf-dis
t/fonts/type1/public/amsfonts/cm/cmr17.pfb></usr/share/texlive/texmf-dist/fonts
/type1/public/amsfonts/cm/cmsy10.pfb></usr/share/texlive/texmf-dist/fonts/type1
/public/amsfonts/cm/cmtt10.pfb></usr/share/texlive/texmf-dist/fonts/type1/publi
c/amsfonts/cm/cmtt12.pfb>
Output written on 1_Obtaining_Climate_Records.pdf (8 pages, 140413 bytes).
PDF statistics:
 163 PDF objects out of 1000 (max. 8388607)
 142 compressed objects within 2 object streams
 24 named destinations out of 1000 (max. 500000)
 121 words of extra memory for PDF output out of 10000 (max. 10000000)

