This is pdfTeX, Version 3.1415926-2.5-1.40.14 (TeX Live 2013) (format=pdflatex 2020.5.9)  10 FEB 2021 09:51
entering extended mode
 restricted \write18 enabled.
 %&-line parsing enabled.
**3_Evaluating_Monthly_Trends_CHCNDaily.tex
(./3_Evaluating_Monthly_Trends_CHCNDaily.tex
LaTeX2e <2011/06/27>
Babel <v3.8m> and hyphenation patterns for english, dumylang, nohyphenation, uk
rainian, russian, bulgarian, loaded.
(/usr/share/texlive/texmf-dist/tex/latex/base/article.cls
Document Class: article 2007/10/19 v1.4h Standard LaTeX document class
(/usr/share/texlive/texmf-dist/tex/latex/base/size10.clo
File: size10.clo 2007/10/19 v1.4h Standard LaTeX file (size option)
)
\c@part=\count79
\c@section=\count80
\c@subsection=\count81
\c@subsubsection=\count82
\c@paragraph=\count83
\c@subparagraph=\count84
\c@figure=\count85
\c@table=\count86
\abovecaptionskip=\skip41
\belowcaptionskip=\skip42
\bibindent=\dimen102
)
(/usr/share/texlive/texmf-dist/tex/latex/graphics/graphicx.sty
Package: graphicx 1999/02/16 v1.0f Enhanced LaTeX Graphics (DPC,SPQR)

(/usr/share/texlive/texmf-dist/tex/latex/graphics/keyval.sty
Package: keyval 1999/03/16 v1.13 key=value parser (DPC)
\KV@toks@=\toks14
)
(/usr/share/texlive/texmf-dist/tex/latex/graphics/graphics.sty
Package: graphics 2009/02/05 v1.0o Standard LaTeX Graphics (DPC,SPQR)

(/usr/share/texlive/texmf-dist/tex/latex/graphics/trig.sty
Package: trig 1999/03/16 v1.09 sin cos tan (DPC)
)
(/usr/share/texlive/texmf-dist/tex/latex/latexconfig/graphics.cfg
File: graphics.cfg 2010/04/23 v1.9 graphics configuration of TeX Live
)
Package graphics Info: Driver file: pdftex.def on input line 91.

(/usr/share/texlive/texmf-dist/tex/latex/pdftex-def/pdftex.def
File: pdftex.def 2011/05/27 v0.06d Graphics/color for pdfTeX

(/usr/share/texlive/texmf-dist/tex/generic/oberdiek/infwarerr.sty
Package: infwarerr 2010/04/08 v1.3 Providing info/warning/error messages (HO)
)
(/usr/share/texlive/texmf-dist/tex/generic/oberdiek/ltxcmds.sty
Package: ltxcmds 2011/11/09 v1.22 LaTeX kernel commands for general use (HO)
)
\Gread@gobject=\count87
))
\Gin@req@height=\dimen103
\Gin@req@width=\dimen104
)
(/usr/share/texlive/texmf-dist/tex/latex/graphics/color.sty
Package: color 2005/11/14 v1.0j Standard LaTeX Color (DPC)

(/usr/share/texlive/texmf-dist/tex/latex/latexconfig/color.cfg
File: color.cfg 2007/01/18 v1.5 color configuration of teTeX/TeXLive
)
Package color Info: Driver file: pdftex.def on input line 130.
) (./framed.sty
Package: framed 2011/10/22 v 0.96: framed or shaded text with page breaks
\OuterFrameSep=\skip43
\fb@frw=\dimen105
\fb@frh=\dimen106
\FrameRule=\dimen107
\FrameSep=\dimen108
) (/usr/share/texlive/texmf-dist/tex/latex/base/alltt.sty
Package: alltt 1997/06/16 v2.0g defines alltt environment
)
(/usr/share/texlive/texmf-dist/tex/latex/multirow/multirow.sty
\bigstrutjot=\dimen109
)
(/usr/share/texlive/texmf-dist/tex/latex/tools/multicol.sty
Package: multicol 2011/06/27 v1.7a multicolumn formatting (FMi)
\c@tracingmulticols=\count88
\mult@box=\box26
\multicol@leftmargin=\dimen110
\c@unbalance=\count89
\c@collectmore=\count90
\doublecol@number=\count91
\multicoltolerance=\count92
\multicolpretolerance=\count93
\full@width=\dimen111
\page@free=\dimen112
\premulticols=\dimen113
\postmulticols=\dimen114
\multicolsep=\skip44
\multicolbaselineskip=\skip45
\partial@page=\box27
\last@line=\box28
\mult@rightbox=\box29
\mult@grightbox=\box30
\mult@gfirstbox=\box31
\mult@firstbox=\box32
\@tempa=\box33
\@tempa=\box34
\@tempa=\box35
\@tempa=\box36
\@tempa=\box37
\@tempa=\box38
\@tempa=\box39
\@tempa=\box40
\@tempa=\box41
\@tempa=\box42
\@tempa=\box43
\@tempa=\box44
\@tempa=\box45
\@tempa=\box46
\@tempa=\box47
\@tempa=\box48
\@tempa=\box49
\c@columnbadness=\count94
\c@finalcolumnbadness=\count95
\last@try=\dimen115
\multicolovershoot=\dimen116
\multicolundershoot=\dimen117
\mult@nat@firstbox=\box50
\colbreak@box=\box51
\multicol@sort@counter=\count96
)
(/usr/share/texlive/texmf-dist/tex/latex/was/gensymb.sty
Package: gensymb 2003/07/02 v1.0 (WaS)
)
(/usr/share/texlive/texmf-dist/tex/latex/hyperref/hyperref.sty
Package: hyperref 2012/11/06 v6.83m Hypertext links for LaTeX

(/usr/share/texlive/texmf-dist/tex/generic/oberdiek/hobsub-hyperref.sty
Package: hobsub-hyperref 2012/05/28 v1.13 Bundle oberdiek, subset hyperref (HO)


(/usr/share/texlive/texmf-dist/tex/generic/oberdiek/hobsub-generic.sty
Package: hobsub-generic 2012/05/28 v1.13 Bundle oberdiek, subset generic (HO)
Package: hobsub 2012/05/28 v1.13 Construct package bundles (HO)
Package hobsub Info: Skipping package `infwarerr' (already loaded).
Package hobsub Info: Skipping package `ltxcmds' (already loaded).
Package: ifluatex 2010/03/01 v1.3 Provides the ifluatex switch (HO)
Package ifluatex Info: LuaTeX not detected.
Package: ifvtex 2010/03/01 v1.5 Detect VTeX and its facilities (HO)
Package ifvtex Info: VTeX not detected.
Package: intcalc 2007/09/27 v1.1 Expandable calculations with integers (HO)
Package: ifpdf 2011/01/30 v2.3 Provides the ifpdf switch (HO)
Package ifpdf Info: pdfTeX in PDF mode is detected.
Package: etexcmds 2011/02/16 v1.5 Avoid name clashes with e-TeX commands (HO)
Package etexcmds Info: Could not find \expanded.
(etexcmds)             That can mean that you are not using pdfTeX 1.50 or
(etexcmds)             that some package has redefined \expanded.
(etexcmds)             In the latter case, load this package earlier.
Package: kvsetkeys 2012/04/25 v1.16 Key value parser (HO)
Package: kvdefinekeys 2011/04/07 v1.3 Define keys (HO)
Package: pdftexcmds 2011/11/29 v0.20 Utility functions of pdfTeX for LuaTeX (HO
)
Package pdftexcmds Info: LuaTeX not detected.
Package pdftexcmds Info: \pdf@primitive is available.
Package pdftexcmds Info: \pdf@ifprimitive is available.
Package pdftexcmds Info: \pdfdraftmode found.
Package: pdfescape 2011/11/25 v1.13 Implements pdfTeX's escape features (HO)
Package: bigintcalc 2012/04/08 v1.3 Expandable calculations on big integers (HO
)
Package: bitset 2011/01/30 v1.1 Handle bit-vector datatype (HO)
Package: uniquecounter 2011/01/30 v1.2 Provide unlimited unique counter (HO)
)
Package hobsub Info: Skipping package `hobsub' (already loaded).
Package: letltxmacro 2010/09/02 v1.4 Let assignment for LaTeX macros (HO)
Package: hopatch 2012/05/28 v1.2 Wrapper for package hooks (HO)
Package: xcolor-patch 2011/01/30 xcolor patch
Package: atveryend 2011/06/30 v1.8 Hooks at the very end of document (HO)
Package atveryend Info: \enddocument detected (standard20110627).
Package: atbegshi 2011/10/05 v1.16 At begin shipout hook (HO)
Package: refcount 2011/10/16 v3.4 Data extraction from label references (HO)
Package: hycolor 2011/01/30 v1.7 Color options for hyperref/bookmark (HO)
)
(/usr/share/texlive/texmf-dist/tex/generic/ifxetex/ifxetex.sty
Package: ifxetex 2010/09/12 v0.6 Provides ifxetex conditional
)
(/usr/share/texlive/texmf-dist/tex/latex/oberdiek/auxhook.sty
Package: auxhook 2011/03/04 v1.3 Hooks for auxiliary files (HO)
)
(/usr/share/texlive/texmf-dist/tex/latex/oberdiek/kvoptions.sty
Package: kvoptions 2011/06/30 v3.11 Key value format for package options (HO)
)
\@linkdim=\dimen118
\Hy@linkcounter=\count97
\Hy@pagecounter=\count98

(/usr/share/texlive/texmf-dist/tex/latex/hyperref/pd1enc.def
File: pd1enc.def 2012/11/06 v6.83m Hyperref: PDFDocEncoding definition (HO)
)
\Hy@SavedSpaceFactor=\count99

(/usr/share/texlive/texmf-dist/tex/latex/latexconfig/hyperref.cfg
File: hyperref.cfg 2002/06/06 v1.2 hyperref configuration of TeXLive
)
Package hyperref Info: Hyper figures OFF on input line 4443.
Package hyperref Info: Link nesting OFF on input line 4448.
Package hyperref Info: Hyper index ON on input line 4451.
Package hyperref Info: Plain pages OFF on input line 4458.
Package hyperref Info: Backreferencing OFF on input line 4463.
Package hyperref Info: Implicit mode ON; LaTeX internals redefined.
Package hyperref Info: Bookmarks ON on input line 4688.
\c@Hy@tempcnt=\count100

(/usr/share/texlive/texmf-dist/tex/latex/url/url.sty
\Urlmuskip=\muskip10
Package: url 2006/04/12  ver 3.3  Verb mode for urls, etc.
)
LaTeX Info: Redefining \url on input line 5041.
\XeTeXLinkMargin=\dimen119
\Fld@menulength=\count101
\Field@Width=\dimen120
\Fld@charsize=\dimen121
Package hyperref Info: Hyper figures OFF on input line 6295.
Package hyperref Info: Link nesting OFF on input line 6300.
Package hyperref Info: Hyper index ON on input line 6303.
Package hyperref Info: backreferencing OFF on input line 6310.
Package hyperref Info: Link coloring OFF on input line 6315.
Package hyperref Info: Link coloring with OCG OFF on input line 6320.
Package hyperref Info: PDF/A mode OFF on input line 6325.
LaTeX Info: Redefining \ref on input line 6365.
LaTeX Info: Redefining \pageref on input line 6369.
\Hy@abspage=\count102
\c@Item=\count103
\c@Hfootnote=\count104
)

Package hyperref Message: Driver (autodetected): hpdftex.

(/usr/share/texlive/texmf-dist/tex/latex/hyperref/hpdftex.def
File: hpdftex.def 2012/11/06 v6.83m Hyperref driver for pdfTeX
\Fld@listcount=\count105
\c@bookmark@seq@number=\count106

(/usr/share/texlive/texmf-dist/tex/latex/oberdiek/rerunfilecheck.sty
Package: rerunfilecheck 2011/04/15 v1.7 Rerun checks for auxiliary files (HO)
Package uniquecounter Info: New unique counter `rerunfilecheck' on input line 2
82.
)
\Hy@SectionHShift=\skip46
)
Package hyperref Info: Option `colorlinks' set `true' on input line 60.

(/usr/share/texlive/texmf-dist/tex/latex/upquote/upquote.sty
Package: upquote 2012/04/19 v1.3 upright-quote and grave-accent glyphs in verba
tim
)
(./3_Evaluating_Monthly_Trends_CHCNDaily.aux)
\openout1 = `3_Evaluating_Monthly_Trends_CHCNDaily.aux'.

LaTeX Font Info:    Checking defaults for OML/cmm/m/it on input line 71.
LaTeX Font Info:    ... okay on input line 71.
LaTeX Font Info:    Checking defaults for T1/cmr/m/n on input line 71.
LaTeX Font Info:    ... okay on input line 71.
LaTeX Font Info:    Checking defaults for OT1/cmr/m/n on input line 71.
LaTeX Font Info:    ... okay on input line 71.
LaTeX Font Info:    Checking defaults for OMS/cmsy/m/n on input line 71.
LaTeX Font Info:    ... okay on input line 71.
LaTeX Font Info:    Checking defaults for OMX/cmex/m/n on input line 71.
LaTeX Font Info:    ... okay on input line 71.
LaTeX Font Info:    Checking defaults for U/cmr/m/n on input line 71.
LaTeX Font Info:    ... okay on input line 71.
LaTeX Font Info:    Checking defaults for PD1/pdf/m/n on input line 71.
LaTeX Font Info:    ... okay on input line 71.

(/usr/share/texlive/texmf-dist/tex/context/base/supp-pdf.mkii
[Loading MPS to PDF converter (version 2006.09.02).]
\scratchcounter=\count107
\scratchdimen=\dimen122
\scratchbox=\box52
\nofMPsegments=\count108
\nofMParguments=\count109
\everyMPshowfont=\toks15
\MPscratchCnt=\count110
\MPscratchDim=\dimen123
\MPnumerator=\count111
\makeMPintoPDFobject=\count112
\everyMPtoPDFconversion=\toks16
) (/usr/share/texlive/texmf-dist/tex/latex/oberdiek/epstopdf-base.sty
Package: epstopdf-base 2010/02/09 v2.5 Base part for package epstopdf

(/usr/share/texlive/texmf-dist/tex/latex/oberdiek/grfext.sty
Package: grfext 2010/08/19 v1.1 Manage graphics extensions (HO)
)
Package grfext Info: Graphics extension search list:
(grfext)             [.png,.pdf,.jpg,.mps,.jpeg,.jbig2,.jb2,.PNG,.PDF,.JPG,.JPE
G,.JBIG2,.JB2,.eps]
(grfext)             \AppendGraphicsExtensions on input line 452.

(/usr/share/texlive/texmf-dist/tex/latex/latexconfig/epstopdf-sys.cfg
File: epstopdf-sys.cfg 2010/07/13 v1.3 Configuration of (r)epstopdf for TeX Liv
e
))
LaTeX Info: Redefining \celsius on input line 71.
Package gensymb Info: Faking symbols for \degree and \celsius on input line 71.



Package gensymb Warning: Not defining \perthousand.

LaTeX Info: Redefining \ohm on input line 71.
Package gensymb Info: Using \Omega for \ohm on input line 71.

Package gensymb Warning: Not defining \micro.

\AtBeginShipoutBox=\box53
Package hyperref Info: Link coloring ON on input line 71.
(/usr/share/texlive/texmf-dist/tex/latex/hyperref/nameref.sty
Package: nameref 2012/10/27 v2.43 Cross-referencing by name of section

(/usr/share/texlive/texmf-dist/tex/generic/oberdiek/gettitlestring.sty
Package: gettitlestring 2010/12/03 v1.4 Cleanup title references (HO)
)
\c@section@level=\count113
)
LaTeX Info: Redefining \ref on input line 71.
LaTeX Info: Redefining \pageref on input line 71.
LaTeX Info: Redefining \nameref on input line 71.

(./3_Evaluating_Monthly_Trends_CHCNDaily.out)
(./3_Evaluating_Monthly_Trends_CHCNDaily.out)
\@outlinefile=\write3
\openout3 = `3_Evaluating_Monthly_Trends_CHCNDaily.out'.

LaTeX Font Info:    External font `cmex10' loaded for size
(Font)              <12> on input line 74.
LaTeX Font Info:    External font `cmex10' loaded for size
(Font)              <8> on input line 74.
LaTeX Font Info:    External font `cmex10' loaded for size
(Font)              <6> on input line 74.

(./3_Evaluating_Monthly_Trends_CHCNDaily.toc
LaTeX Font Info:    External font `cmex10' loaded for size
(Font)              <7> on input line 2.
LaTeX Font Info:    External font `cmex10' loaded for size
(Font)              <5> on input line 2.
)
\tf@toc=\write4
\openout4 = `3_Evaluating_Monthly_Trends_CHCNDaily.toc'.

 [1

{/usr/share/texlive/texmf/fonts/map/pdftex/updmap/pdftex.map}] [2]
Package color Info: Redefining color shadecolor on input line 141.

<figure/Tmaxplot-1.pdf, id=127, 505.89pt x 505.89pt>
File: figure/Tmaxplot-1.pdf Graphic file (type pdf)

<use figure/Tmaxplot-1.pdf>
Package pdftex.def Info: figure/Tmaxplot-1.pdf used on input line 142.
(pdftex.def)             Requested size: 345.0pt x 345.00414pt.
Package color Info: Redefining color shadecolor on input line 150.
 [3 <./figure/Tmaxplot-1.pdf>]
LaTeX Font Info:    Font shape `OT1/cmtt/bx/n' in size <10> not available
(Font)              Font shape `OT1/cmtt/m/n' tried instead on input line 152.
Package color Info: Redefining color shadecolor on input line 176.
Package color Info: Redefining color shadecolor on input line 187.
Package color Info: Redefining color shadecolor on input line 202.

<figure/unnamed-chunk-5-1.pdf, id=142, 505.89pt x 505.89pt>
File: figure/unnamed-chunk-5-1.pdf Graphic file (type pdf)

<use figure/unnamed-chunk-5-1.pdf>
Package pdftex.def Info: figure/unnamed-chunk-5-1.pdf used on input line 203.
(pdftex.def)             Requested size: 345.0pt x 345.00414pt.
Package color Info: Redefining color shadecolor on input line 213.
 [4] [5 <./figure/unnamed-chunk-5-1.pdf>]
[6]
Package color Info: Redefining color shadecolor on input line 268.

Overfull \hbox (38.24666pt too wide) in paragraph at lines 270--270
[][]\OT1/cmtt/m/n/10 climate_data[][]$[][]Month[] []=[] []format[][]([][]as.Dat
e[][](climate_data[][]$[][]NewDate),[] []format[] []=[] []"%m"[][])[][] 
 []

Missing character: There is no ‚ in font cmr10!
Missing character: There is no Ä in font cmr10!
Missing character: There is no ú in font cmr10!
Missing character: There is no ‚ in font cmr10!
Missing character: There is no Ä in font cmr10!
Missing character: There is no ù in font cmr10!
Missing character: There is no ‚ in font cmr10!
Missing character: There is no Ä in font cmr10!
Missing character: There is no ù in font cmr10!
Missing character: There is no ‚ in font cmr10!
Missing character: There is no Ä in font cmr10!
Missing character: There is no ù in font cmr10!
Missing character: There is no ‚ in font cmr10!
Missing character: There is no Ä in font cmr10!
Missing character: There is no ù in font cmr10!
Missing character: There is no ‚ in font cmr10!
Missing character: There is no Ä in font cmr10!
Missing character: There is no ù in font cmr10!
Missing character: There is no ‚ in font cmr10!
Missing character: There is no Ä in font cmr10!
Missing character: There is no ú in font cmr10!
Missing character: There is no ‚ in font cmr10!
Missing character: There is no Ä in font cmr10!
Missing character: There is no ù in font cmr10!
Missing character: There is no ‚ in font cmr10!
Missing character: There is no Ä in font cmr10!
Missing character: There is no ú in font cmr10!
Missing character: There is no ‚ in font cmr10!
Missing character: There is no Ä in font cmr10!
Missing character: There is no ù in font cmr10!
Package color Info: Redefining color shadecolor on input line 288.

Overfull \hbox (137.99579pt too wide) in paragraph at lines 290--290
[][]\OT1/cmtt/m/n/10 climate_data[][]$[][]NewDate[[][]1[][]:[][]23344[][]][] []
=[] []format[][]([][]as.Date[][](strDates[[][]1[][]:[][]23344[][]],[] []"%m/%d/
%y"[][]),[] []"19%y-%m-%d"[][])[][] 
 []


Overfull \hbox (22.4968pt too wide) in paragraph at lines 294--294
[]\OT1/cmtt/m/n/10 ## Error in as.Date(strDates[1:23344], "%m/%d/%y"): object '
strDates'
 []


Overfull \hbox (174.74547pt too wide) in paragraph at lines 295--295
[][]\OT1/cmtt/m/n/10 climate_data[][]$[][]NewDate[[][]23345[][]:[][]45332[][]][
] []=[] []format[][]([][]as.Date[][](strDates[[][]23345[][]:[][]45332[][]],[] [
]"%m/%d/%y"[][]),[][]"20%y-%m-%d"[][])[][] 
 []


Overfull \hbox (43.49661pt too wide) in paragraph at lines 299--299
[]\OT1/cmtt/m/n/10 ## Error in as.Date(strDates[23345:45332], "%m/%d/%y"): obje
ct 'strDates'
 []

Package color Info: Redefining color shadecolor on input line 306.

Overfull \hbox (11.99689pt too wide) in paragraph at lines 308--308
[][]\OT1/cmtt/m/n/10 MonthlyTMAXMean[] []=[] []aggregate[][](TMAX[] []~[] []Mon
th[] []+[] []Year, climate_data, mean)[][] 
 []

[7]
Package color Info: Redefining color shadecolor on input line 318.
Package color Info: Redefining color shadecolor on input line 334.
Package color Info: Redefining color shadecolor on input line 344.
Package color Info: Redefining color shadecolor on input line 362.
 <figure/unnamed-chunk-9-1.pdf, id=170, 505.89pt x 505.89pt>
File: figure/unnamed-chunk-9-1.pdf Graphic file (type pdf)

<use figure/unnamed-chunk-9-1.pdf>
Package pdftex.def Info: figure/unnamed-chunk-9-1.pdf used on input line 367.
(pdftex.def)             Requested size: 345.0pt x 345.00414pt.

Overfull \hbox (15.0pt too wide) in paragraph at lines 367--368
[][] 
 []

[8]
Package color Info: Redefining color shadecolor on input line 382.

Overfull \hbox (27.74675pt too wide) in paragraph at lines 384--384
[][]\OT1/cmtt/m/n/10 plot[][](TMAX[][]~[][]Year.num,[] []data[][]=MonthlyTMAXMe
an[MonthlyTMAXMean[][]$[][]Month[][]==[][]"05"[][],],[][] 
 []


Overfull \hbox (69.74638pt too wide) in paragraph at lines 386--386
[][]\OT1/cmtt/m/n/10 May.lm[] []<-[] []lm[][](TMAX[][]~[][]Year.num,[] []data[]
[]=MonthlyTMAXMean[MonthlyTMAXMean[][]$[][]Month[][]==[][]"05"[][],])[][] 
 []


Overfull \hbox (74.99634pt too wide) in paragraph at lines 407--407
[]\OT1/cmtt/m/n/10 ## lm(formula = TMAX ~ Year.num, data = MonthlyTMAXMean[Mont
hlyTMAXMean$Month ==[] 
 []

[9 <./figure/unnamed-chunk-9-1.pdf>]
<figure/unnamed-chunk-10-1.pdf, id=184, 505.89pt x 505.89pt>
File: figure/unnamed-chunk-10-1.pdf Graphic file (type pdf)

<use figure/unnamed-chunk-10-1.pdf>
Package pdftex.def Info: figure/unnamed-chunk-10-1.pdf used on input line 412.
(pdftex.def)             Requested size: 345.0pt x 345.00414pt.

Overfull \hbox (15.0pt too wide) in paragraph at lines 412--413
[][] 
 []

[10] [11 <./figure/unnamed-chunk-10-1.pdf>]
Package color Info: Redefining color shadecolor on input line 432.
LaTeX Font Info:    Try loading font information for OMS+cmtt on input line 443
.

(/usr/share/R/texmf/tex/latex/omscmtt.fd
File: omscmtt.fd 
)
LaTeX Font Info:    Font shape `OMS/cmtt/m/n' in size <10> not available
(Font)              Font shape `OMS/cmsy/m/n' tried instead on input line 443.

Overfull \hbox (59.24648pt too wide) in paragraph at lines 444--444
[]    []\OT1/cmtt/m/n/10 plot[][](TMAX[] []~[] []Year.num,[] []data[] []= Month
lyTMAXMean[MonthlyTMAXMean[][]$[][]Month.num[] []==[][] 
 []


Overfull \hbox (111.74602pt too wide) in paragraph at lines 447--447
[]    []\OT1/cmtt/m/n/10 Month.lm[] []<-[] []lm[][](TMAX[] []~[] []Year.num,[] 
[]data[] []= MonthlyTMAXMean[MonthlyTMAXMean[][]$[][]Month.num[] []==[][] 
 []


Overfull \hbox (53.99652pt too wide) in paragraph at lines 453--453
[]        []\OT1/cmtt/m/n/10 round[][]([][]coef[][](Month.lm)[[][]2[][]],[] []4
[][]),[] []round[][]([][]summary[][](Month.lm)[][]$[][]coefficients[[][]2[][],[
][] 
 []

<figure/12MonthsTMAX-1.pdf, id=202, 505.89pt x 505.89pt>
File: figure/12MonthsTMAX-1.pdf Graphic file (type pdf)

<use figure/12MonthsTMAX-1.pdf>
Package pdftex.def Info: figure/12MonthsTMAX-1.pdf used on input line 459.
(pdftex.def)             Requested size: 345.0pt x 345.00414pt.


LaTeX Warning: Float too large for page by 82.61525pt on input line 462.

Package color Info: Redefining color shadecolor on input line 479.
<figure/unnamed-chunk-11-1.pdf, id=204, 505.89pt x 505.89pt>
File: figure/unnamed-chunk-11-1.pdf Graphic file (type pdf)

<use figure/unnamed-chunk-11-1.pdf>
Package pdftex.def Info: figure/unnamed-chunk-11-1.pdf used on input line 480.
(pdftex.def)             Requested size: 345.0pt x 345.00414pt.
Package color Info: Redefining color shadecolor on input line 490.

Overfull \hbox (36.99692pt too wide) in paragraph at lines 492--492
[][]\OT1/cmtt/m/n/10 MonthlyTMINMean[] []=[] []aggregate[][](TMIN[] []~[] []Mon
th[] []+[] []Year, climate_data, mean)[][] 
 []


Overfull \hbox (0.24724pt too wide) in paragraph at lines 496--496
[][]\OT1/cmtt/m/n/10 MonthlyTMINMean[][]$[][]Month.num[] []=[] []as.numeric[][]
(MonthlyTMINMean[][]$[][]Month)[][] 
 []

Package color Info: Redefining color shadecolor on input line 515.
<figure/unnamed-chunk-12-1.pdf, id=205, 505.89pt x 505.89pt>
File: figure/unnamed-chunk-12-1.pdf Graphic file (type pdf)

<use figure/unnamed-chunk-12-1.pdf>
Package pdftex.def Info: figure/unnamed-chunk-12-1.pdf used on input line 520.
(pdftex.def)             Requested size: 319.99997pt x 320.0015pt.
 [12] [13 <./figure/12MonthsTMAX-1.pdf>]
[14 <./figure/unnamed-chunk-11-1.pdf>]
Package color Info: Redefining color shadecolor on input line 533.

<figure/12MonthsTMIN-1.pdf, id=237, 505.89pt x 505.89pt>
File: figure/12MonthsTMIN-1.pdf Graphic file (type pdf)

<use figure/12MonthsTMIN-1.pdf>
Package pdftex.def Info: figure/12MonthsTMIN-1.pdf used on input line 534.
(pdftex.def)             Requested size: 345.0pt x 345.00414pt.
 [15 <./figure/unnamed-chunk-12-1.pdf>] [16 <./figure/12MonthsTMIN-1.pdf>]

LaTeX Warning: Reference `tab:results' on page 17 undefined on input line 540.


Overfull \hbox (31.74696pt too wide) in paragraph at lines 563--563
[]                       []\OT1/cmtt/m/n/10 "R^2"[][],[] []"8"[][],[] []"9"[][]
,[] []"Slope TMIN"[][],[] []"Slope TMAX"[][])[][] 
 []

[17

]
Package color Info: Redefining color shadecolor on input line 620.

Overfull \hbox (55.73264pt too wide) in paragraph at lines 627--627
[][]\OT1/cmtt/m/it/10 # The aggregate command is used to create a simplified da
taset. In this case[][] 
 []


Overfull \hbox (48.74657pt too wide) in paragraph at lines 630--630
[][]\OT1/cmtt/m/n/10 Missing[][]$[][]Date[] []=[] []as.numeric[][](Missing[][]$
[][]Group.1)[] []+[] []as.numeric[][](Missing[][]$[][]Group.2)[][]/[][]12[][] 
 []

[18] <figure/unnamed-chunk-14-1.pdf, id=269, 505.89pt x 505.89pt>
File: figure/unnamed-chunk-14-1.pdf Graphic file (type pdf)

<use figure/unnamed-chunk-14-1.pdf>
Package pdftex.def Info: figure/unnamed-chunk-14-1.pdf used on input line 635.
(pdftex.def)             Requested size: 345.0pt x 345.00414pt.

Overfull \hbox (15.0pt too wide) in paragraph at lines 635--636
[][] 
 []

Package color Info: Redefining color shadecolor on input line 644.

Overfull \hbox (22.4968pt too wide) in paragraph at lines 647--647
[]            []\OT1/cmtt/m/n/10 list[][](climate_data[][]$[][]Month, climate_d
ata[][]$[][]Year), sum,[] []na.rm[][]=T)[][] 
 []

[19 <./figure/unnamed-chunk-14-1.pdf>]
Package color Info: Redefining color shadecolor on input line 682.
Package color Info: Redefining color shadecolor on input line 690.

<figure/unnamed-chunk-17-1.pdf, id=280, 505.89pt x 505.89pt>
File: figure/unnamed-chunk-17-1.pdf Graphic file (type pdf)

<use figure/unnamed-chunk-17-1.pdf>
Package pdftex.def Info: figure/unnamed-chunk-17-1.pdf used on input line 696.
(pdftex.def)             Requested size: 345.0pt x 345.00414pt.

Overfull \hbox (15.0pt too wide) in paragraph at lines 696--697
[][] 
 []

[20]
Package color Info: Redefining color shadecolor on input line 704.
 <figure/unnamed-chunk-18-1.pdf, id=286, 505.89pt x 505.89pt>
File: figure/unnamed-chunk-18-1.pdf Graphic file (type pdf)

<use figure/unnamed-chunk-18-1.pdf>
Package pdftex.def Info: figure/unnamed-chunk-18-1.pdf used on input line 705.
(pdftex.def)             Requested size: 345.0pt x 345.00414pt.
Package color Info: Redefining color shadecolor on input line 713.
Package color Info: Redefining color shadecolor on input line 728.
 [21 <./figure/unnamed-chunk-17-1.pdf>]
[22 <./figure/unnamed-chunk-18-1.pdf>]
Package color Info: Redefining color shadecolor on input line 748.


Package hyperref Warning: Token not allowed in a PDF string (PDFDocEncoding):
(hyperref)                removing `math shift' on input line 768.


Package hyperref Warning: Token not allowed in a PDF string (PDFDocEncoding):
(hyperref)                removing `\epsilon' on input line 768.


Package hyperref Warning: Token not allowed in a PDF string (PDFDocEncoding):
(hyperref)                removing `math shift' on input line 768.

Missing character: There is no ‚ in font cmr10!
Missing character: There is no Ä in font cmr10!
Missing character: There is no ú in font cmr10!
Missing character: There is no ‚ in font cmr10!
Missing character: There is no Ä in font cmr10!
Missing character: There is no ô in font cmr10!
[23]
Package color Info: Redefining color shadecolor on input line 807.

Overfull \hbox (22.4968pt too wide) in paragraph at lines 810--810
[][]\OT1/cmtt/m/n/10 plot[][]([][]lm[][](TMIN[] []~[] []YEAR,[] []data[][]=Mont
hlyTMINMean[MonthlyTMINMean[][]$[][]MONTH[][]==[][]1[][],]))[][] 
 []

Package atveryend Info: Empty hook `BeforeClearDocument' on input line 824.
[24]
Package atveryend Info: Empty hook `AfterLastShipout' on input line 824.
 (./3_Evaluating_Monthly_Trends_CHCNDaily.aux)
Package atveryend Info: Executing hook `AtVeryEndDocument' on input line 824.
Package atveryend Info: Executing hook `AtEndAfterFileList' on input line 824.
Package rerunfilecheck Info: File `3_Evaluating_Monthly_Trends_CHCNDaily.out' h
as not changed.
(rerunfilecheck)             Checksum: AEC662C7CB020E6DD9EE2BDD395FC7AB;1431.


LaTeX Warning: There were undefined references.

Package atveryend Info: Empty hook `AtVeryVeryEnd' on input line 824.
 ) 
Here is how much of TeX's memory you used:
 5523 strings out of 494820
 83004 string characters out of 3178050
 168037 words of memory out of 3000000
 8584 multiletter control sequences out of 15000+200000
 8838 words of font info for 32 fonts, out of 3000000 for 9000
 198 hyphenation exceptions out of 8191
 29i,9n,31p,1089b,413s stack positions out of 5000i,500n,10000p,200000b,50000s
</usr/share/texlive/texmf-dist/fonts/type1/public/amsfonts/cm/cmbx10.pfb></us
r/share/texlive/texmf-dist/fonts/type1/public/amsfonts/cm/cmbx12.pfb></usr/shar
e/texlive/texmf-dist/fonts/type1/public/amsfonts/cm/cmbx9.pfb></usr/share/texli
ve/texmf-dist/fonts/type1/public/amsfonts/cm/cmitt10.pfb></usr/share/texlive/te
xmf-dist/fonts/type1/public/amsfonts/cm/cmmi10.pfb></usr/share/texlive/texmf-di
st/fonts/type1/public/amsfonts/cm/cmr10.pfb></usr/share/texlive/texmf-dist/font
s/type1/public/amsfonts/cm/cmr12.pfb></usr/share/texlive/texmf-dist/fonts/type1
/public/amsfonts/cm/cmr17.pfb></usr/share/texlive/texmf-dist/fonts/type1/public
/amsfonts/cm/cmr6.pfb></usr/share/texlive/texmf-dist/fonts/type1/public/amsfont
s/cm/cmr7.pfb></usr/share/texlive/texmf-dist/fonts/type1/public/amsfonts/cm/cmr
8.pfb></usr/share/texlive/texmf-dist/fonts/type1/public/amsfonts/cm/cmr9.pfb></
usr/share/texlive/texmf-dist/fonts/type1/public/amsfonts/cm/cmsy10.pfb></usr/sh
are/texlive/texmf-dist/fonts/type1/public/amsfonts/cm/cmsy7.pfb></usr/share/tex
live/texmf-dist/fonts/type1/public/amsfonts/cm/cmtt10.pfb>
Output written on 3_Evaluating_Monthly_Trends_CHCNDaily.pdf (24 pages, 1584533 
bytes).
PDF statistics:
 380 PDF objects out of 1000 (max. 8388607)
 313 compressed objects within 4 object streams
 65 named destinations out of 1000 (max. 500000)
 208 words of extra memory for PDF output out of 10000 (max. 10000000)

